2016-11-14 15:56:55#二八第791725期押尾号-标识1975#-1500#1071012
2016-11-14 15:58:27#二八第792081期押双-标识2012#-300#1070712
2016-11-14 15:59:48#二八第792081期押尾号-标识2026#-900#1069812
2016-11-14 16:01:39#二八第792082期押尾号-标识2045#-1500#1068312
2016-11-14 16:03:25#二八第792082期押双-标识2062#-300#1068012
2016-11-14 16:06:20#二八第792083期押自选3,5,8,15,24-标识2085#-1500#1066512
2016-11-14 16:09:46#二八第792083期押二段-标识2112#-300#1066212
2016-11-14 16:14:06#二八第792084期押尾号-标识2151#-1500#1064712
2016-11-14 16:16:03#二八第792085期押双-标识2166#-300#1064412
2016-11-14 16:17:33#二八第792085期押自选8,11,15,21-标识2182#-1200#1063212
2016-11-14 16:17:43#二八第792085期押双-标识2184#-300#1062912
2016-11-14 16:24:26#二八第792086期押尾号-标识2240#-1500#1061412
2016-11-14 16:25:50#二八第792087期押尾号-标识2252#-1500#1059912
2016-11-14 16:27:42#二八第792087期押二段-标识2271#-300#1059612
2016-11-14 16:30:58#二八第792088期押尾号-标识2297#-900#1058712
2016-11-14 16:32:44#二八第792088期押双-标识2313#-300#1058412
2016-11-14 16:35:39#二八第792089期押双-标识2338#-300#1058112
2016-11-14 16:37:30#二八第792089期押自选8,14,25,26-标识2358#-1200#1056912
2016-11-14 16:48:22#二八第792091期押尾号-标识2456#-1500#1055412
2016-11-14 16:49:36#二八第792091期押双-标识2466#-300#1055112
2016-11-14 16:52:57#二八第792092期押自选18,19,21,23-标识2500#-1200#1053912
2016-11-14 16:56:55#二八第792093期押尾号-标识2531#-1500#1052412
2016-11-14 17:01:41#二八第792094期押三段-标识2572#-300#1052112
2016-11-14 17:06:22#二八第792095期押尾号-标识2608#-1500#1050612
2016-11-14 17:12:01#二八第792096期押尾号-标识2659#-1500#1049112
2016-11-14 17:15:49#二八第792097期押尾号-标识2689#-1500#1047612
2016-11-14 17:17:30#二八第792097期押二段-标识2707#-300#1047312
2016-11-14 17:23:35#二八第792098期押自选3,6,10,17-标识2761#-1200#1046112
2016-11-14 17:26:09#二八第792099期押尾号-标识2779#-900#1045212
2016-11-14 17:31:16#二八第792100期押自选3,14,18,22-标识2823#-1200#1044012
2016-11-14 17:36:23#二八第792101期押尾号-标识2866#-1200#1042812
2016-11-14 17:41:41#二八第792102期押大双-标识2914#-300#1042512
2016-11-14 17:42:23#二八第792102期押双-标识2922#-300#1042212
2016-11-14 17:46:48#二八第792103期押自选2,3,6,7,8,18-标识2961#-1800#1040412
2016-11-14 17:50:36#二八第792104期押双-标识2988#-300#1040112
2016-11-14 17:50:57#二八第792104期押自选13,18,19,22,24-标识2992#-1500#1038612
2016-11-14 17:57:13#二八第792105期押尾号-标识3049#-900#1037712
2016-11-14 17:57:34#二八第792105期押小-标识3053#-300#1037412
2016-11-14 17:57:56#二八第792105期押双-标识3057#-300#1037112
2016-11-14 18:00:45#二八第792106期押尾号-标识3075#-1500#1035612
2016-11-14 18:05:31#二八第792107期押尾号-标识3114#-1500#1034112
2016-11-14 18:11:47#二八第792108期押二段-标识3162#-300#1033812
2016-11-14 18:12:40#二八第792108期押自选11,14,17,24-标识3171#-1200#1032612
2016-11-14 18:15:08#二八第792109期押双-标识3185#-300#1032312
2016-11-14 18:17:21#二八第792109期押尾号-标识3209#-1500#1030812
2016-11-14 18:20:10#二八第792110期押尾号-标识3230#-1500#1029312
2016-11-14 18:25:22#二八第792111期押自选5,12,23,26-标识3271#-1200#1028112
2016-11-14 18:35:31#二八第792113期押自选10,14,21,25-标识3358#-1200#1026912
2016-11-14 18:42:14#二八第792114期押尾号-标识3415#-1500#1025412
2016-11-14 18:47:58#二八第792115期押双-标识3462#-300#1025112
2016-11-14 18:53:58#二八第792116期押尾号-标识3507#-1200#1023912
2016-11-14 18:55:23#二八第792117期押自选5,14,21,22-标识3517#-1200#1022712
2016-11-14 19:02:21#二八第792118期押双-标识3574#-300#1022412
2016-11-14 19:02:58#二八第792118期押自选2,4,10,19-标识3580#-1200#1021212
2016-11-14 19:06:04#二八第792119期押尾号-标识3606#-900#1020312
2016-11-14 19:06:57#二八第792119期押尾号-标识3614#-900#1019412
2016-11-14 19:10:07#二八第792120期押双-标识3640#-300#1019112
2016-11-14 19:12:09#二八第792120期押尾号-标识3663#-1500#1017612
2016-11-14 19:15:25#二八第792121期押自选8,16,23,24-标识3690#-1200#1016412
2016-11-14 19:21:09#二八第792122期押双-标识3740#-300#1016112
2016-11-14 19:22:39#二八第792122期押自选4,15,16,21-标识3756#-1200#1014912
2016-11-14 19:26:16#二八第792123期押尾号-标识3784#-900#1014012
2016-11-14 19:27:09#二八第792123期押尾号-标识3792#-900#1013112
2016-11-14 19:35:48#二八第792125期押自选0,8,16,19,22-标识3867#-1500#1011612
2016-11-14 19:44:22#二八第792126期押自选0,1,11-标识3932#-900#1010712
2016-11-14 19:45:31#二八第792127期押自选13,20,22,23-标识3940#-1200#1009512
2016-11-14 19:53:33#二八第792128期押自选9,14,20,26-标识4010#-1200#1008312
2016-11-14 19:55:50#二八第792129期押自选1,9,18,25-标识4030#-1200#1007112
2016-11-14 19:59:06#二八第792129期押双-标识4060#-300#1006812
2016-11-14 20:01:19#二八第792130期押尾号-标识4075#-1500#1005312
2016-11-14 20:05:27#二八第792131期押二段-标识4112#-300#1005012
2016-11-14 20:08:01#二八第792131期押尾号-标识4139#-1500#1003512
2016-11-14 20:12:10#二八第792132期押自选4,8,20,23-标识4173#-1200#1002312
2016-11-14 20:15:15#二八第792133期押尾号-标识4194#-900#1001412
2016-11-14 20:21:47#二八第792134期押自选0,1,2,15,22-标识4255#-1500#999912
2016-11-14 20:25:45#二八第792135期押尾号-标识4287#-900#999012
2016-11-14 20:32:28#二八第792136期押尾号-标识4344#-900#998112
2016-11-14 20:36:47#二八第792137期押尾号-标识4382#-1500#996612
2016-11-14 20:40:25#二八第792138期押自选7,18,23,24-标识4412#-1200#995412
2016-11-14 20:45:11#二八第792139期押尾号-标识4453#-1200#994212
2016-11-14 20:47:34#二八第792139期押尾号-标识4476#-600#993612
2016-11-14 20:54:27#二八第792140期押双-标识4536#-300#993312
2016-11-14 20:56:29#二八第792141期押尾号-标识4555#-1500#991812
2016-11-14 21:01:15#二八第792142期押尾号-标识4594#-1500#990312
2016-11-14 21:06:01#二八第792143期押尾号-标识4636#-900#989412
2016-11-14 21:12:59#二八第792144期押二段-标识4697#-300#989112
2016-11-14 21:13:52#二八第792144期押自选5,8,13,17,26-标识4703#-1500#987612
2016-11-14 21:16:15#二八第792145期押尾号-标识4722#-1500#986112
2016-11-14 21:20:08#二八第792146期押尾号-标识4751#-900#985212
2016-11-14 21:26:40#二八第792147期押双-标识4814#-300#984912
2016-11-14 21:27:38#二八第792147期押尾号-标识4824#-900#984012
2016-11-14 21:33:01#二八第792148期押双-标识4870#-300#983712
2016-11-14 21:34:10#二八第792148期押尾号-标识4880#-600#983112
2016-11-14 21:44:09#二八第792150期押尾号-标识4967#-1500#981612
2016-11-14 21:46:11#二八第792151期押尾号-标识4982#-900#980712
2016-11-14 21:51:12#二八第792152期押自选6,15,20-标识5019#-900#979812
2016-11-14 21:54:44#二八第792152期押尾号-标识5046#-900#978912
2016-11-14 21:55:59#二八第792153期押双-标识5058#-300#978612
2016-11-14 21:58:22#二八第792153期押尾号-标识5083#-1500#977112
2016-11-14 22:01:43#二八第792154期押尾号-标识5110#-900#976212
2016-11-14 22:05:31#二八第792155期押尾号-标识5140#-1500#974712
2016-11-14 22:08:15#二八第792155期押双-标识5167#-300#974412
2016-11-14 22:16:43#二八第792157期押尾号-标识5239#-1200#973212
2016-11-14 22:21:51#二八第792158期押双-标识5287#-300#972912
2016-11-14 22:22:49#二八第792158期押尾号-标识5298#-1200#971712
2016-11-14 22:23:42#二八第792158期押二段-标识5305#-300#971412
2016-11-14 22:26:05#二八第792159期押尾号-标识5324#-1200#970212
2016-11-14 22:27:19#二八第792159期押双-标识5338#-300#969912
2016-11-14 22:30:19#二八第792160期押尾号-标识5358#-900#969012
2016-11-14 22:36:19#二八第792161期押尾号-标识5412#-600#968412
2016-11-14 22:37:18#二八第792161期押小-标识5423#-300#968112
2016-11-14 22:44:11#二八第792162期押自选4,23,24-标识5484#-900#967212
2016-11-14 22:44:48#二八第792162期押尾号-标识5488#-900#966312
2016-11-14 22:46:02#二八第792163期押自选5,16,17,24-标识5500#-1200#965112
2016-11-14 22:52:13#二八第792164期押双-标识5558#-300#964812
2016-11-14 22:52:50#二八第792164期押尾号-标识5565#-900#963912
2016-11-14 22:59:22#二八第792165期押尾号-标识5618#-1500#962412
2016-11-14 23:02:43#二八第792166期押尾号-标识5652#-900#961512
2016-11-14 23:07:45#二八第792167期押自选12,15,17-标识5696#-900#960612
2016-11-14 23:14:01#二八第792168期押尾号-标识5749#-1500#959112
2016-11-14 23:15:15#二八第792169期押自选5,12,26-标识5756#-900#958212
2016-11-14 23:22:24#二八第792170期押双-标识5820#-300#957912
2016-11-14 23:24:16#二八第792170期押小-标识5833#-300#957612
2016-11-14 23:26:39#二八第792171期押尾号-标识5854#-1200#956412
2016-11-14 23:35:23#二八第792173期押双-标识5928#-300#956112
2016-11-14 23:37:25#二八第792173期押尾号-标识5949#-1500#954612
2016-11-14 23:40:09#二八第792174期押自选21,22,23,24-标识5973#-1200#953412
2016-11-14 23:46:52#二八第792175期押自选6,10,25-标识6032#-900#952512
2016-11-14 23:54:54#二八第792176期押自选0,4,11,24-标识6095#-1200#951312
2016-11-14 23:55:31#二八第792177期押尾号-标识6102#-1200#950112
2016-11-14 23:57:54#二八第792177期押三段-标识6128#-300#949812
2016-11-15 09:10:50#二八第792179期押尾号-标识6198#-900#948912
2016-11-15 09:15:31#二八第792180期押尾号-标识6234#-1200#947712
2016-11-15 09:20:44#二八第792181期押尾号-标识6277#-1200#946512
2016-11-15 09:24:21#二八第792181期押尾号-标识6309#-600#945912
2016-11-15 09:25:19#二八第792182期押尾号-标识6317#-1200#944712
2016-11-15 09:30:58#二八第792183期押尾号-标识6373#-600#944112
2016-11-15 09:36:21#二八第792184期押尾号-标识6420#-600#943512
2016-11-15 09:41:02#二八第792185期押尾号-标识6460#-1200#942312
2016-11-15 09:41:45#二八第792185期押双-标识6468#-300#942012
2016-11-15 09:46:20#二八第792186期押尾号-标识6508#-1200#940812
2016-11-15 09:52:15#二八第792187期押尾号-标识6557#-1500#939312
2016-11-15 10:01:00#二八第792189期押自选11,12,13-标识6631#-900#938412
2016-11-15 10:03:07#二八第792189期押尾号-标识6650#-900#937512
2016-11-15 10:06:23#二八第792190期押尾号-标识6677#-1500#936012
2016-11-15 10:10:05#二八第792191期押尾号-标识6710#-900#935112
2016-11-15 10:15:44#二八第792192期押尾号-标识6761#-600#934512
2016-11-15 10:21:34#二八第792193期押自选4,5,12-标识6812#-900#933612
2016-11-15 10:23:36#二八第792193期押自选13,21,25-标识6834#-900#932712
2016-11-15 10:30:08#二八第792195期押自选7,21,26-标识6883#-900#931812
2016-11-15 10:31:06#二八第792195期押二段-标识6894#-300#931512
2016-11-15 10:31:16#二八第792195期押尾号-标识6896#-600#930912
2016-11-15 10:36:03#二八第792196期押尾号-标识6936#-1500#929412
2016-11-15 10:39:40#二八第792196期押一段-标识6966#-300#929112
2016-11-15 10:40:17#二八第792197期押尾号-标识6969#-1200#927912
2016-11-15 10:43:01#二八第792197期押小-标识6997#-300#927612
2016-11-15 10:46:38#二八第792198期押自选0,11,17-标识7024#-900#926712
2016-11-15 10:56:05#二八第792200期押尾号-标识7106#-1200#925512
2016-11-15 11:11:53#二八第792203期押尾号-标识7243#-1200#924312
2016-11-15 11:13:08#二八第792203期押双-标识7256#-300#924012
2016-11-15 11:14:38#二八第792203期押二段-标识7266#-300#923712
2016-11-15 11:22:08#二八第792205期押尾号-标识7335#-1500#922212
2016-11-15 11:26:22#二八第792206期押尾号-标识7372#-1200#921012
2016-11-15 11:29:12#二八第792206期押二段-标识7399#-300#920712
2016-11-15 11:34:19#二八第792207期押尾号-标识7446#-1200#919512
2016-11-15 11:35:12#二八第792208期押尾号-标识7451#-600#918912
2016-11-15 11:35:33#二八第792208期押自选4,21,26-标识7454#-900#918012
2016-11-15 11:42:37#二八第792209期押尾号-标识7514#-600#917412
2016-11-15 11:47:02#二八第792210期押自选16,22,23-标识7550#-900#916512
2016-11-15 11:52:46#二八第792211期押尾号-标识7599#-1200#915312
2016-11-15 11:56:08#二八第792212期押尾号-标识7624#-900#914412
2016-11-15 12:00:43#二八第792213期押尾号-标识7664#-1200#913212
2016-11-15 12:02:55#二八第792213期押二段-标识7687#-300#912912
2016-11-15 12:07:20#二八第792214期押自选0,8,18-标识7723#-900#912012
2016-11-15 12:07:26#二八第792214期押二段-标识7724#-300#911712
2016-11-15 12:13:00#二八第792215期押尾号-标识7772#-600#911112
2016-11-15 12:13:21#二八第792215期押自选1,4,21,26-标识7775#-1200#909912
2016-11-15 12:18:23#二八第792216期押自选0,7,23,26-标识7813#-1200#908712
2016-11-15 12:22:00#二八第792217期押尾号-标识7842#-1500#907212
2016-11-15 12:29:25#二八第792218期押尾号-标识7903#-1200#906012
2016-11-15 12:33:40#二八第792219期押尾号-标识7942#-1200#904812
2016-11-15 12:37:17#二八第792220期押双-标识7967#-300#904512
2016-11-15 12:40:38#二八第792221期押尾号-标识7993#-1200#903312
2016-11-15 12:45:14#二八第792222期押二段-标识8034#-300#903012
2016-11-15 12:45:45#二八第792222期押尾号-标识8039#-600#902412
2016-11-15 12:50:53#二八第792223期押尾号-标识8086#-1200#901212
2016-11-15 12:53:16#二八第792223期押尾号-标识8110#-600#900612
2016-11-15 12:58:23#二八第792224期押双-标识8159#-300#900312
2016-11-15 13:01:44#二八第792225期押尾号-标识8184#-1200#899112
2016-11-15 13:05:00#二八第792225期押双-标识8212#-300#898812
2016-11-15 13:06:14#二八第792226期押自选4,18,20-标识8225#-900#897912
2016-11-15 13:08:21#二八第792226期押尾号-标识8247#-900#897012
2016-11-15 13:11:27#二八第792227期押尾号-标识8269#-1200#895812
2016-11-15 13:13:50#二八第792227期押尾号-标识8292#-600#895212
2016-11-15 13:15:20#二八第792228期押尾号-标识8301#-1200#894012
2016-11-15 13:21:52#二八第792229期押尾号-标识8362#-600#893412
2016-11-15 13:24:36#二八第792229期押小-标识8386#-300#893112
2016-11-15 13:28:50#二八第792230期押尾号-标识8420#-600#892512
2016-11-15 13:29:49#二八第792230期押尾号-标识8427#-900#891612
2016-11-15 13:32:12#二八第792231期押尾号-标识8452#-1200#890412
2016-11-15 13:35:49#二八第792232期押尾号-标识8479#-600#889812
2016-11-15 13:38:01#二八第792232期押自选10,22,24,25-标识8500#-1200#888612
2016-11-15 13:41:23#二八第792233期押双-标识8529#-300#888312
2016-11-15 13:43:35#二八第792233期押二段-标识8553#-300#888012
2016-11-15 13:45:37#二八第792234期押尾号-标识8567#-1200#886812
2016-11-15 13:46:51#二八第792234期押双-标识8581#-300#886512
2016-11-15 13:50:12#二八第792235期押二段-标识8606#-300#886212
2016-11-15 13:52:14#二八第792235期押尾号-标识8629#-1200#885012
2016-11-15 13:57:06#二八第792236期押双-标识8671#-300#884712
2016-11-15 13:57:43#二八第792236期押尾号-标识8677#-600#884112
2016-11-15 14:01:25#二八第792237期押尾号-标识8707#-1200#882912
2016-11-15 14:04:09#二八第792237期押尾号-标识8733#-600#882312
2016-11-15 14:09:12#二八第792238期押尾号-标识8778#-600#881712
2016-11-15 14:12:33#二八第792239期押尾号-标识8811#-1200#880512
2016-11-15 14:17:35#二八第792240期押尾号-标识8854#-900#879612
2016-11-15 14:22:32#二八第792241期押尾号-标识8898#-1500#878112
2016-11-15 14:29:09#二八第792242期押尾号-标识8955#-600#877512
2016-11-15 14:30:07#二八第792243期押尾号-标识8961#-1200#876312
2016-11-15 14:36:29#二八第792244期押自选19,21,24-标识9019#-900#875412
2016-11-15 14:39:18#二八第792244期押双-标识9044#-300#875112
2016-11-15 14:40:48#二八第792245期押尾号-标识9054#-1200#873912
2016-11-15 14:43:32#二八第792245期押尾号-标识9079#-600#873312
2016-11-15 14:47:47#二八第792246期押尾号-标识9116#-1200#872112
2016-11-15 14:51:08#二八第792247期押尾号-标识9145#-1200#870912
2016-11-15 14:52:43#二八第792247期押双-标识9162#-300#870612
2016-11-15 14:56:37#二八第792248期押尾号-标识9196#-600#870012
