2016-03-21 12:00:05#闯荡人生入场消费|标识ID46#-100#164861
2016-03-22 12:04:27#闯荡03月21日全国榜单兑奖|标识ID46#108#164969
2016-03-22 12:04:27#闯荡03月21日北京榜单兑奖|标识ID46#24#164993
2016-03-22 12:05:00#闯荡人生入场消费|标识ID47#-100#164893
2016-03-22 12:11:54#闯荡人生入场消费|标识ID48#-100#164793
2016-03-22 13:45:50#闯荡人生入场消费|标识ID49#-100#164693
2016-03-22 14:30:26#闯荡人生入场消费|标识ID50#-100#164593
2016-03-22 14:33:34#闯荡人生入场消费|标识ID51#-100#164493
2016-03-22 14:40:39#闯荡人生入场消费|标识ID52#-100#164393
2016-03-22 14:40:44#闯荡人生入场消费|标识ID53#-100#164293
2016-03-22 14:41:21#闯荡人生入场消费|标识ID54#-100#164193
2016-03-23 11:20:07#闯荡03月22日全国榜单兑奖|标识ID47#188#164381
2016-03-23 11:20:07#闯荡03月22日全国榜单兑奖|标识ID51#156#164537
2016-03-23 11:20:07#闯荡03月22日全国榜单兑奖|标识ID48#125#164662
2016-03-23 11:20:07#闯荡03月22日全国榜单兑奖|标识ID50#94#164756
2016-03-23 11:20:07#闯荡03月22日全国榜单兑奖|标识ID49#63#164819
2016-03-23 11:20:07#闯荡03月22日北京榜单兑奖|标识ID51#42#164861
2016-03-23 11:20:07#闯荡03月22日北京榜单兑奖|标识ID50#42#164903
2016-03-23 11:20:07#闯荡03月22日上海榜单兑奖|标识ID47#42#164945
2016-03-23 11:20:07#闯荡03月22日上海榜单兑奖|标识ID48#42#164987
2016-03-23 11:20:07#闯荡03月22日上海榜单兑奖|标识ID49#42#165029
2016-03-23 11:20:13#闯荡人生入场消费|标识ID55#-100#164929
2016-03-23 12:13:46#闯荡人生入场消费|标识ID56#-100#164829
2016-03-23 12:15:11#闯荡人生入场消费|标识ID57#-100#164729
2016-03-23 12:54:09#闯荡人生入场消费|标识ID58#-100#164629
2016-03-23 12:55:49#闯荡人生入场消费|标识ID59#-100#164529
2016-03-23 14:29:56#闯荡人生入场消费|标识ID60#-100#164429
2016-03-24 11:21:24#闯荡03月23日全国榜单兑奖|标识ID58#176#164605
2016-03-24 11:21:25#闯荡03月23日全国榜单兑奖|标识ID59#147#164752
2016-03-24 11:21:25#闯荡03月23日全国榜单兑奖|标识ID60#117#164869
2016-03-24 11:21:25#闯荡03月23日广州榜单兑奖|标识ID58#39#164908
2016-03-24 11:21:25#闯荡03月23日北京榜单兑奖|标识ID59#39#164947
2016-03-24 11:21:25#闯荡03月23日北京榜单兑奖|标识ID60#39#164986
2016-03-24 11:22:03#闯荡人生入场消费|标识ID61#-100#164886
2016-03-24 11:47:55#闯荡人生入场消费|标识ID62#-100#164786
2016-03-24 14:17:04#闯荡人生入场消费|标识ID63#-100#164686
2016-03-24 14:20:12#闯荡人生入场消费|标识ID64#-100#164586
2016-03-24 14:23:16#闯荡人生入场消费|标识ID65#-100#164486
