2016-11-14 15:57:30#二八第791725期押小-标识1995#-300#6567165
2016-11-14 15:57:57#二八第791725期押押大-标识2000#-300#6566865
2016-11-14 15:59:32#二八第792081期押押大-标识2023#-300#6566565
2016-11-14 15:59:53#二八第792081期押押大-标识2027#-300#6566265
2016-11-14 16:01:02#二八第792082期押小-标识2038#-300#6565965
2016-11-14 16:01:23#二八第792082期押小-标识2042#-300#6565665
2016-11-14 16:03:46#二八第792082期押押大-标识2065#-300#6565365
2016-11-14 16:06:51#二八第792083期押小-标识2090#-300#6565065
2016-11-14 16:08:59#二八第792083期押押大-标识2107#-300#6564765
2016-11-14 16:10:23#二八第792084期押押大-标识2117#-300#6564465
2016-11-14 16:11:32#二八第792084期押小-标识2130#-300#6564165
2016-11-14 16:11:53#二八第792084期押小-标识2134#-300#6563865
2016-11-14 16:17:12#二八第792085期押小-标识2179#-300#6563565
2016-11-14 16:18:57#二八第792085期押小-标识2195#-300#6563265
2016-11-14 16:21:15#二八第792086期押押大-标识2212#-300#6562965
2016-11-14 16:23:17#二八第792086期押小-标识2231#-300#6562665
2016-11-14 16:25:19#二八第792087期押小-标识2246#-300#6562365
2016-11-14 16:28:14#二八第792087期押小-标识2276#-300#6562065
2016-11-14 16:29:59#二八第792087期押小-标识2287#-300#6561765
2016-11-14 16:30:42#二八第792088期押押大-标识2294#-300#6561465
2016-11-14 16:33:16#二八第792088期押小-标识2318#-300#6561165
2016-11-14 16:38:23#二八第792089期押小-标识2365#-300#6560865
2016-11-14 16:39:37#二八第792089期押押大-标识2376#-300#6560565
2016-11-14 16:41:39#二八第792090期押小-标识2395#-300#6560265
2016-11-14 16:46:15#二八第792091期押押大-标识2435#-300#6559965
2016-11-14 16:47:23#二八第792091期押小-标识2448#-300#6559665
2016-11-14 16:48:06#二八第792091期押小-标识2453#-300#6559365
2016-11-14 16:51:06#二八第792092期押尾号-标识2482#-900#6558465
2016-11-14 16:52:41#二八第792092期押押大-标识2497#-300#6558165
2016-11-14 16:55:47#二八第792093期押小单-标识2520#-300#6557865
2016-11-14 16:56:40#二八第792093期押小单-标识2528#-300#6557565
2016-11-14 16:57:17#二八第792093期押小-标识2535#-300#6557265
2016-11-14 17:00:33#二八第792094期押小-标识2560#-300#6556965
2016-11-14 17:07:36#二八第792095期押押大-标识2619#-300#6556665
2016-11-14 17:10:10#二八第792096期押小-标识2640#-300#6556365
2016-11-14 17:13:52#二八第792096期押小-标识2676#-300#6556065
2016-11-14 17:14:56#二八第792096期押小-标识2680#-300#6555765
2016-11-14 17:16:31#二八第792097期押押大-标识2696#-300#6555465
2016-11-14 17:18:01#二八第792097期押小单-标识2713#-300#6555165
2016-11-14 17:21:17#二八第792098期押小单-标识2739#-300#6554865
2016-11-14 17:24:39#二八第792098期押小-标识2768#-300#6554565
2016-11-14 17:25:53#二八第792099期押押大-标识2776#-300#6554265
2016-11-14 17:28:53#二八第792099期押小-标识2804#-300#6553965
2016-11-14 17:32:09#二八第792100期押小-标识2831#-300#6553665
2016-11-14 17:32:30#二八第792100期押小-标识2835#-300#6553365
2016-11-14 17:36:44#二八第792101期押押大-标识2870#-300#6553065
2016-11-14 17:39:39#二八第792101期押小-标识2896#-300#6552765
2016-11-14 17:41:25#二八第792102期押押大-标识2911#-300#6552465
2016-11-14 17:42:55#二八第792102期押小-标识2926#-300#6552165
2016-11-14 17:44:25#二八第792102期押小-标识2938#-300#6551865
2016-11-14 17:45:18#二八第792103期押小-标识2945#-300#6551565
2016-11-14 17:50:20#二八第792104期押押大-标识2985#-300#6551265
2016-11-14 17:51:29#二八第792104期押小-标识2998#-300#6550965
2016-11-14 17:51:50#二八第792104期押小-标识3002#-300#6550665
2016-11-14 18:01:06#二八第792106期押小-标识3079#-300#6550365
2016-11-14 18:01:28#二八第792106期押押大-标识3082#-300#6550065
2016-11-14 18:02:58#二八第792106期押小-标识3094#-300#6549765
2016-11-14 18:05:15#二八第792107期押押大-标识3111#-300#6549465
2016-11-14 18:08:42#二八第792107期押押大-标识3138#-300#6549165
2016-11-14 18:09:14#二八第792107期押押大-标识3139#-300#6548865
2016-11-14 18:10:17#二八第792108期押押大-标识3145#-300#6548565
2016-11-14 18:11:10#二八第792108期押押大-标识3155#-300#6548265
2016-11-14 18:13:12#二八第792108期押小-标识3176#-300#6547965
2016-11-14 18:17:05#二八第792109期押小-标识3206#-300#6547665
2016-11-14 18:19:38#二八第792109期押小-标识3227#-300#6547365
2016-11-14 18:20:31#二八第792110期押押大-标识3234#-300#6547065
2016-11-14 18:23:05#二八第792110期押尾号-标识3258#-1500#6545565
2016-11-14 18:25:54#二八第792111期押双-标识3277#-300#6545265
2016-11-14 18:26:15#二八第792111期押小单-标识3281#-300#6544965
2016-11-14 18:28:17#二八第792111期押小-标识3301#-300#6544665
2016-11-14 18:30:14#二八第792112期押小-标识3313#-300#6544365
2016-11-14 18:30:51#二八第792112期押小-标识3320#-300#6544065
2016-11-14 18:31:44#二八第792112期押小-标识3329#-300#6543765
2016-11-14 18:36:03#二八第792113期押大双-标识3364#-300#6543465
2016-11-14 18:37:17#二八第792113期押小单-标识3377#-300#6543165
2016-11-14 18:38:10#二八第792113期押押大-标识3384#-300#6542865
2016-11-14 18:41:42#二八第792114期押小-标识3410#-300#6542565
2016-11-14 18:42:35#二八第792114期押小-标识3419#-300#6542265
2016-11-14 18:43:28#二八第792114期押小单-标识3427#-300#6541965
2016-11-14 18:45:56#二八第792115期押押大-标识3442#-300#6541665
2016-11-14 18:47:05#二八第792115期押小-标识3453#-300#6541365
2016-11-14 18:49:02#二八第792115期押大双-标识3470#-300#6541065
2016-11-14 18:50:58#二八第792116期押小单-标识3481#-300#6540765
2016-11-14 18:51:35#二八第792116期押小-标识3487#-300#6540465
2016-11-14 18:52:18#二八第792116期押小-标识3494#-300#6540165
2016-11-14 18:55:07#二八第792117期押押大-标识3514#-300#6539865
2016-11-14 18:58:12#二八第792117期押小-标识3543#-300#6539565
2016-11-14 19:00:30#二八第792118期押一段-标识3557#-300#6539265
2016-11-14 19:00:35#二八第792118期押小-标识3558#-300#6538965
2016-11-14 19:03:30#二八第792118期押小-标识3585#-300#6538665
2016-11-14 19:05:48#二八第792119期押小-标识3603#-300#6538365
2016-11-14 19:06:41#二八第792119期押押大-标识3611#-300#6538065
2016-11-14 19:08:42#二八第792119期押小-标识3631#-300#6537765
2016-11-14 19:10:39#二八第792120期押小-标识3646#-300#6537465
2016-11-14 19:11:16#二八第792120期押小-标识3653#-300#6537165
2016-11-14 19:12:30#二八第792120期押押大-标识3667#-300#6536865
2016-11-14 19:15:04#二八第792121期押小-标识3686#-300#6536565
2016-11-14 19:16:50#二八第792121期押小-标识3706#-300#6536265
2016-11-14 19:19:07#二八第792121期押押大-标识3724#-300#6535965
2016-11-14 19:20:16#二八第792122期押押大-标识3731#-300#6535665
2016-11-14 19:22:18#二八第792122期押小-标识3752#-300#6535365
2016-11-14 19:23:43#二八第792122期押小-标识3765#-300#6535065
2016-11-14 19:25:18#二八第792123期押小-标识3773#-300#6534765
2016-11-14 19:26:53#二八第792123期押押大-标识3789#-300#6534465
2016-11-14 19:31:55#二八第792124期押押大-标识3833#-300#6534165
2016-11-14 19:33:57#二八第792124期押小-标识3852#-300#6533865
2016-11-14 19:35:11#二八第792125期押押大-标识3860#-300#6533565
2016-11-14 19:36:41#二八第792125期押小-标识3877#-300#6533265
2016-11-14 19:40:02#二八第792125期押小-标识3896#-300#6532965
2016-11-14 19:42:57#二八第792126期押押大-标识3923#-300#6532665
2016-11-14 19:46:55#二八第792127期押小-标识3955#-300#6532365
2016-11-14 19:47:16#二八第792127期押小单-标识3959#-300#6532065
2016-11-14 19:51:36#二八第792128期押小单-标识3993#-300#6531765
2016-11-14 19:52:13#二八第792128期押小-标识3999#-300#6531465
2016-11-14 19:52:55#二八第792128期押押大-标识4004#-300#6531165
2016-11-14 19:56:22#二八第792129期押小-标识4036#-300#6530865
2016-11-14 19:57:15#二八第792129期押小-标识4044#-300#6530565
2016-11-14 19:58:45#二八第792129期押小-标识4056#-300#6530265
2016-11-14 20:01:40#二八第792130期押小-标识4079#-300#6529965
2016-11-14 20:02:54#二八第792130期押押大-标识4092#-300#6529665
2016-11-14 20:04:35#二八第792130期押小-标识4105#-300#6529365
2016-11-14 20:05:59#二八第792131期押小-标识4118#-300#6529065
2016-11-14 20:07:45#二八第792131期押小-标识4136#-300#6528765
2016-11-14 20:08:38#二八第792131期押押大-标识4144#-300#6528465
2016-11-14 20:12:42#二八第792132期押小-标识4178#-300#6528165
2016-11-14 20:13:56#二八第792132期押押大-标识4187#-300#6527865
2016-11-14 20:17:01#二八第792133期押小-标识4212#-300#6527565
2016-11-14 20:17:54#二八第792133期押小-标识4220#-300#6527265
2016-11-14 20:20:28#二八第792134期押小-标识4242#-300#6526965
2016-11-14 20:22:19#二八第792134期押小-标识4260#-300#6526665
2016-11-14 20:23:33#二八第792134期押小-标识4271#-300#6526365
2016-11-14 20:28:24#二八第792135期押小-标识4313#-300#6526065
2016-11-14 20:30:58#二八第792136期押小-标识4328#-300#6525765
2016-11-14 20:34:14#二八第792136期押小-标识4359#-300#6525465
2016-11-14 20:35:17#二八第792137期押小-标识4366#-300#6525165
2016-11-14 20:36:31#二八第792137期押小-标识4379#-300#6524865
2016-11-14 20:38:02#二八第792137期押押大-标识4393#-300#6524565
2016-11-14 20:40:56#二八第792138期押小-标识4418#-300#6524265
2016-11-14 20:43:09#二八第792138期押小单-标识4439#-300#6523965
2016-11-14 20:43:30#二八第792138期押押大-标识4443#-300#6523665
2016-11-14 20:45:32#二八第792139期押押大-标识4457#-300#6523365
2016-11-14 20:47:55#二八第792139期押小-标识4480#-300#6523065
2016-11-14 20:51:11#二八第792140期押小-标识4510#-300#6522765
2016-11-14 20:53:34#二八第792140期押押大-标识4530#-300#6522465
2016-11-14 20:56:50#二八第792141期押小-标识4559#-300#6522165
2016-11-14 20:57:11#二八第792141期押押大-标识4562#-300#6521865
2016-11-14 20:58:20#二八第792141期押小-标识4574#-300#6521565
2016-11-14 21:00:59#二八第792142期押押大-标识4591#-300#6521265
2016-11-14 21:03:38#二八第792142期押小-标识4615#-300#6520965
2016-11-14 21:05:45#二八第792143期押押大-标识4633#-300#6520665
2016-11-14 21:06:54#二八第792143期押大双-标识4646#-300#6520365
2016-11-14 21:09:06#二八第792143期押押大-标识4664#-300#6520065
2016-11-14 21:11:29#二八第792144期押小-标识4683#-300#6519765
2016-11-14 21:16:36#二八第792145期押押大-标识4726#-300#6519465
2016-11-14 21:17:08#二八第792145期押小-标识4732#-300#6519165
2016-11-14 21:18:59#二八第792145期押小-标识4748#-300#6518865
2016-11-14 21:20:45#二八第792146期押押大-标识4758#-300#6518565
2016-11-14 21:22:15#二八第792146期押小-标识4774#-300#6518265
2016-11-14 21:24:07#二八第792146期押押大-标识4792#-300#6517965
2016-11-14 21:27:01#二八第792147期押小-标识4818#-300#6517665
2016-11-14 21:27:44#二八第792147期押押大-标识4825#-300#6517365
2016-11-14 21:29:24#二八第792147期押小-标识4839#-300#6517065
2016-11-14 21:30:17#二八第792148期押小-标识4843#-300#6516765
2016-11-14 21:31:31#二八第792148期押押大-标识4856#-300#6516465
2016-11-14 21:32:09#二八第792148期押押大-标识4862#-300#6516165
2016-11-14 21:36:17#二八第792149期押押大-标识4898#-300#6515865
2016-11-14 21:37:26#二八第792149期押小-标识4910#-300#6515565
2016-11-14 21:38:19#二八第792149期押小-标识4918#-300#6515265
2016-11-14 21:41:35#二八第792150期押押大-标识4944#-300#6514965
2016-11-14 21:45:02#二八第792150期押小-标识4971#-300#6514665
2016-11-14 21:49:21#二八第792151期押小-标识5004#-300#6514365
2016-11-14 21:50:20#二八第792152期押尾号-标识5010#-1500#6512865
2016-11-14 21:51:34#二八第792152期押押大-标识5023#-300#6512565
2016-11-14 21:56:30#二八第792153期押小-标识5063#-300#6512265
2016-11-14 21:56:51#二八第792153期押小-标识5067#-300#6511965
2016-11-14 21:57:13#二八第792153期押小-标识5071#-300#6511665
2016-11-14 22:00:45#二八第792154期押一段-标识5099#-300#6511365
2016-11-14 22:01:27#二八第792154期押押大-标识5107#-300#6511065
2016-11-14 22:03:50#二八第792154期押小-标识5129#-300#6510765
2016-11-14 22:05:52#二八第792155期押小-标识5144#-300#6510465
2016-11-14 22:07:06#二八第792155期押押大-标识5156#-300#6510165
2016-11-14 22:09:29#二八第792155期押押大-标识5175#-300#6509865
2016-11-14 22:11:52#二八第792156期押小-标识5197#-300#6509565
2016-11-14 22:13:43#二八第792156期押押大-标识5214#-300#6509265
2016-11-14 22:16:27#二八第792157期押押大-标识5236#-300#6508965
2016-11-14 22:18:29#二八第792157期押小-标识5257#-300#6508665
2016-11-14 22:19:43#二八第792157期押押大-标识5268#-300#6508365
2016-11-14 22:22:12#二八第792158期押小-标识5291#-300#6508065
2016-11-14 22:23:26#二八第792158期押押大-标识5304#-300#6507765
2016-11-14 22:25:28#二八第792159期押小单-标识5317#-300#6507465
2016-11-14 22:25:49#二八第792159期押小-标识5321#-300#6507165
2016-11-14 22:27:51#二八第792159期押大双-标识5343#-300#6506865
2016-11-14 22:32:05#二八第792160期押小-标识5376#-300#6506565
2016-11-14 22:33:19#二八第792160期押押大-标识5389#-300#6506265
2016-11-14 22:34:18#二八第792160期押押大-标识5395#-300#6505965
2016-11-14 22:36:41#二八第792161期押小-标识5416#-300#6505665
2016-11-14 22:39:04#二八第792161期押小-标识5436#-300#6505365
2016-11-14 22:39:57#二八第792161期押小-标识5440#-300#6505065
2016-11-14 22:41:11#二八第792162期押小单-标识5453#-300#6504765
2016-11-14 22:41:48#二八第792162期押押大-标识5459#-300#6504465
2016-11-14 22:43:50#二八第792162期押小-标识5481#-300#6504165
2016-11-14 22:46:34#二八第792163期押小-标识5506#-300#6503865
2016-11-14 22:47:48#二八第792163期押押大-标识5518#-300#6503565
2016-11-14 22:50:27#二八第792164期押小-标识5538#-300#6503265
2016-11-14 22:51:20#二八第792164期押小-标识5548#-300#6502965
2016-11-14 22:52:34#二八第792164期押押大-标识5562#-300#6502665
2016-11-14 22:55:08#二八第792165期押小-标识5579#-300#6502365
2016-11-14 22:55:50#二八第792165期押押大-标识5587#-300#6502065
2016-11-14 22:56:48#二八第792165期押押大-标识5597#-300#6501765
2016-11-14 23:02:06#二八第792166期押小-标识5645#-300#6501465
2016-11-14 23:03:20#二八第792166期押押大-标识5656#-300#6501165
2016-11-14 23:06:52#二八第792167期押小-标识5686#-300#6500865
2016-11-14 23:08:06#二八第792167期押押大-标识5700#-300#6500565
2016-11-14 23:10:08#二八第792168期押小-标识5713#-300#6500265
2016-11-14 23:11:22#二八第792168期押押大-标识5726#-300#6499965
2016-11-14 23:12:21#二八第792168期押押大-标识5736#-300#6499665
2016-11-14 23:17:38#二八第792169期押小-标识5779#-300#6499365
2016-11-14 23:19:51#二八第792169期押押大-标识5794#-300#6499065
2016-11-14 23:20:54#二八第792170期押小单-标识5803#-300#6498765
2016-11-14 23:21:31#二八第792170期押尾号-标识5810#-1500#6497265
2016-11-14 23:26:23#二八第792171期押押大-标识5851#-300#6496965
2016-11-14 23:27:53#二八第792171期押小单-标识5865#-300#6496665
2016-11-14 23:28:30#二八第792171期押小-标识5869#-300#6496365
2016-11-14 23:32:07#二八第792172期押小-标识5903#-300#6496065
2016-11-14 23:33:21#二八第792172期押押大-标识5914#-300#6495765
2016-11-14 23:35:02#二八第792172期押小-标识5924#-300#6495465
2016-11-14 23:35:55#二八第792173期押小-标识5934#-300#6495165
2016-11-14 23:36:32#二八第792173期押小-标识5941#-300#6494865
2016-11-14 23:37:46#二八第792173期押押大-标识5953#-300#6494565
2016-11-14 23:43:36#二八第792174期押小-标识6005#-300#6494265
2016-11-14 23:44:29#二八第792174期押小单-标识6013#-300#6493965
2016-11-14 23:45:59#二八第792175期押小-标识6024#-300#6493665
2016-11-14 23:48:22#二八第792175期押大双-标识6046#-300#6493365
2016-11-14 23:48:43#二八第792175期押小-标识6049#-300#6493065
2016-11-14 23:51:27#二八第792176期押押大-标识6073#-300#6492765
2016-11-14 23:51:38#二八第792176期押小-标识6075#-300#6492465
2016-11-14 23:52:36#二八第792176期押小-标识6085#-300#6492165
2016-11-14 23:55:15#二八第792177期押押大-标识6099#-300#6491865
2016-11-14 23:56:24#二八第792177期押小-标识6111#-300#6491565
2016-11-14 23:57:38#二八第792177期押小-标识6125#-300#6491265
2016-11-15 09:04:50#二八第792177期押押大-标识6178#-300#6490965
2016-11-15 09:07:55#二八第792177期押小-标识6186#-300#6490665
2016-11-15 09:10:13#二八第792179期押小-标识6191#-300#6490365
2016-11-15 09:10:34#二八第792179期押押大-标识6195#-300#6490065
2016-11-15 09:12:57#二八第792179期押小-标识6218#-300#6489765
2016-11-15 09:15:52#二八第792180期押押大-标识6238#-300#6489465
2016-11-15 09:17:12#二八第792180期押小-标识6252#-300#6489165
2016-11-15 09:18:42#二八第792180期押大双-标识6264#-300#6488865
2016-11-15 09:20:28#二八第792181期押小单-标识6274#-300#6488565
2016-11-15 09:21:26#二八第792181期押押大-标识6285#-300#6488265
2016-11-15 09:23:28#二八第792181期押小-标识6303#-300#6487965
2016-11-15 09:26:33#二八第792182期押小-标识6330#-300#6487665
2016-11-15 09:27:47#二八第792182期押押大-标识6342#-300#6487365
2016-11-15 09:28:24#二八第792182期押押大-标识6348#-300#6487065
2016-11-15 09:31:19#二八第792183期押小-标识6377#-300#6486765
2016-11-15 09:33:26#二八第792183期押小-标识6397#-300#6486465
2016-11-15 09:35:28#二八第792184期押小-标识6411#-300#6486165
2016-11-15 09:37:35#二八第792184期押押大-标识6432#-300#6485865
2016-11-15 09:38:44#二八第792184期押小-标识6442#-300#6485565
2016-11-15 09:40:25#二八第792185期押小-标识6453#-300#6485265
2016-11-15 09:41:23#二八第792185期押小-标识6464#-300#6484965
2016-11-15 09:43:15#二八第792185期押小-标识6481#-300#6484665
2016-11-15 09:46:41#二八第792186期押小-标识6512#-300#6484365
2016-11-15 09:48:22#二八第792186期押小-标识6526#-300#6484065
2016-11-15 09:50:24#二八第792187期押小-标识6537#-300#6483765
2016-11-15 09:52:36#二八第792187期押押大-标识6561#-300#6483465
2016-11-15 09:54:38#二八第792187期押小-标识6578#-300#6483165
2016-11-15 09:56:14#二八第792188期押押大-标识6593#-300#6482865
2016-11-15 09:59:08#二八第792188期押小-标识6613#-300#6482565
2016-11-15 09:59:45#二八第792188期押小-标识6618#-300#6482265
2016-11-15 10:00:07#二八第792189期押押大-标识6621#-300#6481965
2016-11-15 10:02:51#二八第792189期押押大-标识6647#-300#6481665
2016-11-15 10:04:53#二八第792189期押小-标识6662#-300#6481365
2016-11-15 10:06:07#二八第792190期押押大-标识6674#-300#6481065
2016-11-15 10:07:05#二八第792190期押押大-标识6684#-300#6480765
2016-11-15 10:08:14#二八第792190期押小-标识6696#-300#6480465
2016-11-15 10:10:58#二八第792191期押小-标识6720#-300#6480165
2016-11-15 10:12:12#二八第792191期押小-标识6733#-300#6479865
2016-11-15 10:14:04#二八第792191期押押大-标识6749#-300#6479565
2016-11-15 10:16:05#二八第792192期押尾号-标识6765#-1500#6478065
2016-11-15 10:17:20#二八第792192期押小单-标识6778#-300#6477765
2016-11-15 10:20:41#二八第792193期押押大-标识6802#-300#6477465
2016-11-15 10:22:43#二八第792193期押小-标识6824#-300#6477165
2016-11-15 10:23:57#二八第792193期押押大-标识6837#-300#6476865
2016-11-15 10:25:59#二八第792194期押小-标识6852#-300#6476565
2016-11-15 10:26:20#二八第792194期押小-标识6856#-300#6476265
2016-11-15 10:27:34#二八第792194期押押大-标识6869#-300#6475965
2016-11-15 10:31:38#二八第792195期押小-标识6900#-300#6475665
2016-11-15 10:32:52#二八第792195期押押大-标识6912#-300#6475365
2016-11-15 10:35:47#二八第792196期押小-标识6933#-300#6475065
2016-11-15 10:36:45#二八第792196期押押大-标识6943#-300#6474765
2016-11-15 10:37:17#二八第792196期押小-标识6948#-300#6474465
2016-11-15 10:42:24#二八第792197期押小-标识6991#-300#6474165
2016-11-15 10:43:06#二八第792197期押押大-标识6998#-300#6473865
2016-11-15 10:43:43#二八第792197期押押大-标识7001#-300#6473565
2016-11-15 10:45:45#二八第792198期押小-标识7016#-300#6473265
2016-11-15 10:48:08#二八第792198期押双-标识7038#-300#6472965
2016-11-15 10:48:51#二八第792198期押小-标识7043#-300#6472665
2016-11-15 10:50:42#二八第792199期押押大-标识7058#-300#6472365
2016-11-15 10:50:52#二八第792199期押小-标识7060#-300#6472065
2016-11-15 10:51:14#二八第792199期押小-标识7064#-300#6471765
2016-11-15 10:55:49#二八第792200期押小单-标识7103#-300#6471465
2016-11-15 11:00:14#二八第792201期押小-标识7140#-300#6471165
2016-11-15 11:04:12#二八第792201期押押大-标识7177#-300#6470865
2016-11-15 11:05:21#二八第792202期押小-标识7184#-300#6470565
2016-11-15 11:06:20#二八第792202期押小-标识7195#-300#6470265
2016-11-15 11:06:41#二八第792202期押小-标识7199#-300#6469965
2016-11-15 11:10:55#二八第792203期押大双-标识7232#-300#6469665
2016-11-15 11:11:37#二八第792203期押押大-标识7240#-300#6469365
2016-11-15 11:12:15#二八第792203期押小-标识7247#-300#6469065
2016-11-15 11:15:09#二八第792204期押小-标识7269#-300#6468765
2016-11-15 11:18:47#二八第792204期押小单-标识7305#-300#6468465
2016-11-15 11:19:45#二八第792204期押小-标识7312#-300#6468165
2016-11-15 11:22:29#二八第792205期押小-标识7339#-300#6467865
2016-11-15 11:24:52#二八第792205期押小-标识7357#-300#6467565
2016-11-15 11:26:06#二八第792206期押押大-标识7369#-300#6467265
2016-11-15 11:27:15#二八第792206期押小-标识7380#-300#6466965
2016-11-15 11:30:58#二八第792207期押小-标识7416#-300#6466665
2016-11-15 11:33:42#二八第792207期押小-标识7440#-300#6466365
2016-11-15 11:34:40#二八第792207期押小-标识7449#-300#6466065
2016-11-15 11:35:54#二八第792208期押押大-标识7458#-300#6465765
2016-11-15 11:37:03#二八第792208期押小-标识7469#-300#6465465
2016-11-15 11:37:46#二八第792208期押押大-标识7477#-300#6465165
2016-11-15 11:40:09#二八第792209期押小-标识7489#-300#6464865
2016-11-15 11:42:58#二八第792209期押小-标识7517#-300#6464565
2016-11-15 11:43:41#二八第792209期押押大-标识7522#-300#6464265
2016-11-15 11:45:42#二八第792210期押小-标识7537#-300#6463965
2016-11-15 11:49:04#二八第792210期押小-标识7565#-300#6463665
2016-11-15 11:50:18#二八第792211期押小单-标识7574#-300#6463365
2016-11-15 11:50:55#二八第792211期押小-标识7581#-300#6463065
2016-11-15 11:52:30#二八第792211期押押大-标识7596#-300#6462765
2016-11-15 11:55:09#二八第792212期押小-标识7614#-300#6462465
2016-11-15 11:57:43#二八第792212期押小-标识7640#-300#6462165
2016-11-15 11:58:04#二八第792212期押小单-标识7643#-300#6461865
2016-11-15 12:00:11#二八第792213期押小-标识7658#-300#6461565
2016-11-15 12:03:48#二八第792213期押小单-标识7693#-300#6461265
2016-11-15 12:05:03#二八第792213期押押大-标识7699#-300#6460965
2016-11-15 12:06:06#二八第792214期押小-标识7711#-300#6460665
2016-11-15 12:09:17#二八第792214期押小-标识7737#-300#6460365
2016-11-15 12:10:10#二八第792215期押小单-标识7744#-300#6460065
2016-11-15 12:13:42#二八第792215期押押大-标识7779#-300#6459765
2016-11-15 12:15:23#二八第792216期押押大-标识7787#-300#6459465
2016-11-15 12:16:53#二八第792216期押小-标识7800#-300#6459165
2016-11-15 12:18:44#二八第792216期押押大-标识7816#-300#6458865
2016-11-15 12:22:43#二八第792217期押押大-标识7848#-300#6458565
2016-11-15 12:22:53#二八第792217期押大双-标识7850#-300#6458265
2016-11-15 12:23:51#二八第792217期押小-标识7858#-300#6457965
2016-11-15 12:25:27#二八第792218期押押大-标识7868#-300#6457665
2016-11-15 12:27:18#二八第792218期押小单-标识7884#-300#6457365
2016-11-15 12:28:48#二八第792218期押小-标识7897#-300#6457065
2016-11-15 12:31:01#二八第792219期押押大-标识7917#-300#6456765
2016-11-15 12:32:10#二八第792219期押小-标识7928#-300#6456465
2016-11-15 12:33:24#二八第792219期押押大-标识7939#-300#6456165
2016-11-15 12:35:26#二八第792220期押小-标识7949#-300#6455865
2016-11-15 12:38:15#二八第792220期押小-标识7977#-300#6455565
2016-11-15 12:39:29#二八第792220期押小-标识7983#-300#6455265
2016-11-15 12:40:22#二八第792221期押押大-标识7990#-300#6454965
2016-11-15 12:42:51#二八第792221期押小-标识8016#-300#6454665
2016-11-15 12:46:28#二八第792222期押押大-标识8047#-300#6454365
2016-11-15 12:47:21#二八第792222期押小单-标识8056#-300#6454065
2016-11-15 12:49:22#二八第792222期押小-标识8074#-300#6453765
2016-11-15 12:50:21#二八第792223期押小-标识8080#-300#6453465
2016-11-15 12:51:35#二八第792223期押押大-标识8093#-300#6453165
2016-11-15 12:53:37#二八第792223期押小-标识8114#-300#6452865
2016-11-15 12:56:32#二八第792224期押小-标识8140#-300#6452565
2016-11-15 12:57:46#二八第792224期押小-标识8153#-300#6452265
2016-11-15 13:00:14#二八第792225期押小-标识8168#-300#6451965
2016-11-15 13:01:28#二八第792225期押小单-标识8181#-300#6451665
2016-11-15 13:04:44#二八第792225期押押大-标识8210#-300#6451365
2016-11-15 13:05:21#二八第792226期押小-标识8216#-300#6451065
2016-11-15 13:07:44#二八第792226期押小-标识8241#-300#6450765
2016-11-15 13:08:58#二八第792226期押押大-标识8250#-300#6450465
2016-11-15 13:11:11#二八第792227期押押大-标识8266#-300#6450165
2016-11-15 13:12:09#二八第792227期押押大-标识8276#-300#6449865
2016-11-15 13:12:20#二八第792227期押小-标识8277#-300#6449565
2016-11-15 13:17:06#二八第792228期押小-标识8320#-300#6449265
2016-11-15 13:18:20#二八第792228期押小-标识8333#-300#6448965
2016-11-15 13:19:18#二八第792228期押押大-标识8339#-300#6448665
2016-11-15 13:20:11#二八第792229期押押大-标识8344#-300#6448365
2016-11-15 13:20:22#二八第792229期押小-标识8346#-300#6448065
2016-11-15 13:22:13#二八第792229期押小-标识8366#-300#6447765
2016-11-15 13:25:50#二八第792230期押押大-标识8395#-300#6447465
2016-11-15 13:26:11#二八第792230期押押大-标识8399#-300#6447165
2016-11-15 13:29:12#二八第792230期押小-标识8424#-300#6446865
2016-11-15 13:31:35#二八第792231期押小单-标识8445#-300#6446565
2016-11-15 13:32:17#二八第792231期押押大-标识8453#-300#6446265
2016-11-15 13:34:19#二八第792231期押小-标识8469#-300#6445965
2016-11-15 13:35:17#二八第792232期押小-标识8473#-300#6445665
2016-11-15 13:36:10#二八第792232期押押大-标识8483#-300#6445365
2016-11-15 13:38:33#二八第792232期押小-标识8506#-300#6445065
2016-11-15 13:41:44#二八第792233期押小-标识8533#-300#6444765
2016-11-15 13:44:07#二八第792233期押小-标识8556#-300#6444465
2016-11-15 13:47:23#二八第792234期押三段-标识8586#-300#6444165
2016-11-15 13:48:42#二八第792234期押押大-标识8597#-300#6443865
2016-11-15 13:50:44#二八第792235期押小-标识8612#-300#6443565
2016-11-15 13:51:58#二八第792235期押押大-标识8626#-300#6443265
2016-11-15 13:54:21#二八第792235期押小-标识8644#-300#6442965
2016-11-15 13:56:13#二八第792236期押押大-标识8661#-300#6442665
2016-11-15 13:58:04#二八第792236期押小-标识8680#-300#6442365
2016-11-15 14:01:09#二八第792237期押押大-标识8705#-300#6442065
2016-11-15 14:01:46#二八第792237期押押大-标识8711#-300#6441765
2016-11-15 14:02:18#二八第792237期押小-标识8717#-300#6441465
2016-11-15 14:06:01#二八第792238期押小-标识8749#-300#6441165
2016-11-15 14:06:54#二八第792238期押小-标识8758#-300#6440865
2016-11-15 14:08:13#二八第792238期押小-标识8771#-300#6440565
2016-11-15 14:11:56#二八第792239期押小-标识8804#-300#6440265
2016-11-15 14:12:17#二八第792239期押押大-标识8808#-300#6439965
2016-11-15 14:15:06#二八第792240期押押大-标识8828#-300#6439665
2016-11-15 14:17:19#二八第792240期押押大-标识8851#-300#6439365
2016-11-15 14:19:42#二八第792240期押小-标识8870#-300#6439065
2016-11-15 14:21:33#二八第792241期押押大-标识8888#-300#6438765
2016-11-15 14:22:53#二八第792241期押押大-标识8901#-300#6438465
2016-11-15 14:24:55#二八第792241期押小-标识8917#-300#6438165
2016-11-15 14:25:16#二八第792242期押小-标识8921#-300#6437865
2016-11-15 14:26:30#二八第792242期押押大-标识8934#-300#6437565
2016-11-15 14:27:39#二八第792242期押小-标识8944#-300#6437265
2016-11-15 14:31:53#二八第792243期押小-标识8980#-300#6436965
2016-11-15 14:34:37#二八第792243期押小-标识9003#-300#6436665
2016-11-15 14:35:14#二八第792244期押小-标识9006#-300#6436365
2016-11-15 14:37:48#二八第792244期押小单-标识9033#-300#6436065
2016-11-15 14:38:09#二八第792244期押押大-标识9036#-300#6435765
2016-11-15 14:40:11#二八第792245期押小单-标识9047#-300#6435465
2016-11-15 14:40:32#二八第792245期押小-标识9051#-300#6435165
2016-11-15 14:41:09#二八第792245期押小-标识9058#-300#6434865
2016-11-15 14:46:17#二八第792246期押小-标识9101#-300#6434565
2016-11-15 14:47:31#二八第792246期押押大-标识9113#-300#6434265
2016-11-15 14:48:08#二八第792246期押小-标识9120#-300#6433965
2016-11-15 14:50:31#二八第792247期押尾号-标识9138#-1500#6432465
2016-11-15 14:50:52#二八第792247期押小-标识9142#-300#6432165
2016-11-15 14:56:58#二八第792248期押小-标识9200#-300#6431865
