2016-11-01 16:16:29#掷骰消费#-1000#1111008564181
2016-11-04 17:30:16#下注上证指数#-300#1111008563881
2016-11-04 17:31:20#下注上证指数#-300#1111008563581
2016-11-04 17:33:06#下注上证指数#-300#1111008563281
2016-11-05 16:18:08#下注上证指数#-200#1111008563081
2016-11-05 16:28:29#下注上证指数#-300#1111008562781
2016-11-08 10:36:03#下注上证指数#-300#1111008562481
2016-11-08 10:38:34#上证指数订单标识46兑奖#1111#1111008563592
2016-11-08 10:39:07#上证指数订单标识45兑奖#833#1111008564425
2016-11-08 12:05:49#上证指数订单标识46兑奖#0#1111008564425
2016-11-08 15:26:15#下注上证指数#-200#1111008564225
2016-11-08 17:49:06#下注上证指数#-200#1111008564025
2016-11-08 17:49:25#下注上证指数#-300#1111008563725
2016-11-08 17:49:33#下注上证指数#-800#1111008562925
2016-11-08 18:03:52#下注上证指数#-200#1111008564025
2016-11-08 18:04:00#下注上证指数#-300#1111008563725
2016-11-08 18:04:09#下注上证指数#-800#1111008562925
2016-11-10 09:40:36#下注上证指数#-200#1111008562725
2016-11-10 09:40:49#下注上证指数#-300#1111008562425
2016-11-10 09:41:02#下注上证指数#-800#1111008561625
2016-11-10 09:51:11#下注上证指数#-200#1111008561425
2016-11-10 09:51:18#下注上证指数#-300#1111008561125
2016-11-10 09:51:27#下注上证指数#-800#1111008560325
2016-11-10 09:53:11#下注上证指数#-200#1111008560125
2016-11-10 09:53:19#下注上证指数#-300#1111008559825
2016-11-10 09:53:27#下注上证指数#-800#1111008559025
2016-11-10 09:58:37#下注上证指数#-200#1111008560125
2016-11-10 09:58:44#下注上证指数#-300#1111008559825
2016-11-10 09:58:52#下注上证指数#-800#1111008559025
2016-11-09 10:03:57#下注上证指数#-200#1111008558825
2016-11-09 10:04:06#下注上证指数#-300#1111008558525
2016-11-09 10:04:14#下注上证指数#-800#1111008557725
2016-11-11 10:06:40#下注上证指数#-200#1111008557525
2016-11-11 10:06:46#下注上证指数#-300#1111008557225
2016-11-11 10:06:53#下注上证指数#-800#1111008556425
2016-11-14 10:08:50#下注上证指数#-200#1111008557525
2016-11-14 10:11:19#下注上证指数#-300#1111008557225
2016-11-14 10:11:26#下注上证指数#-800#1111008556425
2016-11-08 10:15:37#下注上证指数#-200#1111008556225
2016-11-08 10:15:45#下注上证指数#-300#1111008555925
2016-11-08 10:15:53#下注上证指数#-800#1111008555125
2016-11-10 10:16:58#下注上证指数#-200#1111008554925
2016-11-10 10:17:06#下注上证指数#-300#1111008554625
2016-11-10 10:17:14#下注上证指数#-800#1111008553825
2016-11-11 10:18:57#下注上证指数#-200#1111008553625
2016-11-11 10:19:06#下注上证指数#-300#1111008553325
2016-11-11 10:19:13#下注上证指数#-800#1111008552525
2016-11-14 10:21:14#上证指数订单标识85兑奖#1169#1111008553694
2016-11-15 10:23:10#下注上证指数#-1000#1111008552694
2016-11-15 10:23:20#下注上证指数#-800#1111008551894
2016-11-16 10:24:46#下注上证指数#-1000#1111008552694
2016-11-16 10:24:56#下注上证指数#-800#1111008551894
2016-11-17 10:38:17#下注上证指数#-300#1111008551594
2016-11-09 10:48:16#下注上证指数#-300#1111008551294
2016-11-09 10:48:26#下注上证指数#-500#1111008550794
2016-11-10 09:48:17#下注上证指数#-200#1111008550594
2016-11-11 10:10:16#下注上证指数#-999#1111008549595
2016-11-10 10:11:43#下注上证指数#-100#1111008549495
2016-11-10 10:12:02#下注上证指数#-200#1111008549295
2016-11-10 10:12:09#下注上证指数#-300#1111008548995
2016-11-11 10:12:51#下注上证指数#-500#1111008549095
2016-11-11 10:12:59#下注上证指数#-600#1111008548495
2016-11-14 10:14:46#下注上证指数#-700#1111008547795
2016-11-11 17:27:56#下注上证指数#-100#1111008547695
2016-11-11 17:35:51#挖宝267314局押注押大#-100#1111008547595
2016-11-11 17:57:58#上证指数订单标识99兑奖#88#1111008547683
2016-11-12 10:08:47#下注上证指数#-100#1111008547583
2016-11-12 11:57:23#下注上证指数#-200#1111008547383
2016-11-12 11:57:32#下注上证指数#-300#1111008547083
2016-11-12 11:57:40#下注上证指数#-500#1111008546583
2016-11-12 11:58:15#GM通过手动操作帮玩家退注#200#1111008546783
2016-11-12 12:25:23#GM通过手动操作帮玩家退注#300#1111008547083
2016-11-14 08:58:53#下注上证指数#-1000#1111008547083
2016-11-14 08:59:08#下注上证指数#-100#1111008546983
2016-11-14 10:40:25#下注上证指数#-100#1111008546883
2016-11-14 10:40:34#下注上证指数#-500#1111008546383
2016-11-14 10:40:44#下注上证指数#-3000#1111008543383
2016-11-14 14:22:24#下注上证指数#-1000#1111008542383
2016-11-14 15:30:02#下注上证指数#-500#1111008541883
2016-11-15 15:19:17#上证指数机器人：50167自动下注#-380#1111008541503
2016-11-15 15:19:31#上证指数机器人：50167自动下注#-380#1111008541123
2016-11-15 15:50:02#上证指数机器人：50167自动下注#-630#1111008540493
2016-11-15 15:50:14#上证指数机器人：50167自动下注#-630#1111008539863
2016-11-15 15:50:30#上证指数机器人：50167自动下注#-630#1111008539233
2016-11-15 15:50:31#上证指数机器人：50167自动下注#-630#1111008538603
2016-11-15 15:50:32#上证指数机器人：50167自动下注#-630#1111008537973
2016-11-15 15:55:18#上证指数机器人：50167自动下注#-3720#1111008534253
2016-11-15 15:55:21#上证指数机器人：50167自动下注#-3720#1111008530533
2016-11-15 15:55:23#上证指数机器人：50167自动下注#-3720#1111008526813
2016-11-15 15:57:12#上证指数机器人：50167自动下注#-1976#1111008524837
2016-11-15 15:57:14#上证指数机器人：50167自动下注#-1976#1111008522861
2016-11-15 15:57:15#上证指数机器人：50167自动下注#-1976#1111008520885
2016-11-15 15:57:43#上证指数机器人：50167自动下注#-803#1111008520082
2016-11-15 15:57:44#上证指数机器人：50167自动下注#-803#1111008519279
2016-11-15 15:57:45#上证指数机器人：50167自动下注#-803#1111008518476
2016-11-15 15:57:46#上证指数机器人：50167自动下注#-803#1111008517673
2016-11-15 15:58:38#上证指数机器人：50167自动下注#-4342#1111008513331
2016-11-15 15:58:41#上证指数机器人：50167自动下注#-4342#1111008508989
2016-11-15 15:58:43#上证指数机器人：50167自动下注#-4342#1111008504647
2016-11-15 15:58:44#上证指数机器人：50167自动下注#-4342#1111008500305
2016-11-15 15:58:45#上证指数机器人：50167自动下注#-4342#1111008495963
2016-11-15 15:58:45#上证指数机器人：50167自动下注#-4342#1111008491621
2016-11-15 15:58:45#上证指数机器人：50167自动下注#-4342#1111008487279
2016-11-15 15:58:45#上证指数机器人：50167自动下注#-4342#1111008482937
2016-11-15 15:58:46#上证指数机器人：50167自动下注#-4342#1111008478595
2016-11-15 15:58:46#上证指数机器人：50167自动下注#-4342#1111008474253
2016-11-15 15:58:46#上证指数机器人：50167自动下注#-4342#1111008469911
2016-11-15 15:58:46#上证指数机器人：50167自动下注#-4342#1111008465569
2016-11-15 15:58:46#上证指数机器人：50167自动下注#-4342#1111008461227
2016-11-15 16:00:33#上证指数机器人：50167自动下注#-4703#1111008456524
2016-11-15 16:00:34#上证指数机器人：50167自动下注#-4703#1111008451821
2016-11-15 16:00:37#上证指数机器人：50167自动下注#-4703#1111008447118
2016-11-15 16:00:38#上证指数机器人：50167自动下注#-4703#1111008442415
2016-11-15 16:00:39#上证指数机器人：50167自动下注#-4703#1111008437712
2016-11-15 16:00:39#上证指数机器人：50167自动下注#-4703#1111008433009
2016-11-15 16:00:40#上证指数机器人：50167自动下注#-4703#1111008428306
2016-11-15 16:00:40#上证指数机器人：50167自动下注#-4703#1111008423603
2016-11-15 16:00:40#上证指数机器人：50167自动下注#-4703#1111008418900
2016-11-15 16:00:40#上证指数机器人：50167自动下注#-4703#1111008414197
2016-11-15 16:00:41#上证指数机器人：50167自动下注#-4703#1111008409494
2016-11-15 16:01:08#上证指数机器人：50167自动下注#-4703#1111008404791
2016-11-15 16:01:13#上证指数机器人：50167自动下注#-4703#1111008400088
2016-11-15 16:01:14#上证指数机器人：50167自动下注#-4703#1111008395385
2016-11-15 16:01:14#上证指数机器人：50167自动下注#-4703#1111008390682
2016-11-15 16:01:15#上证指数机器人：50167自动下注#-4703#1111008385979
2016-11-15 16:01:15#上证指数机器人：50167自动下注#-4703#1111008381276
2016-11-15 16:01:15#上证指数机器人：50167自动下注#-4703#1111008376573
2016-11-15 16:01:20#上证指数机器人：50167自动下注#-4703#1111008371870
2016-11-15 16:01:20#上证指数机器人：50167自动下注#-4703#1111008367167
2016-11-15 16:15:05#上证指数机器人：50167自动下注#-3974#1111008363193
2016-11-15 16:15:22#上证指数机器人：50167自动下注#-3081#1111008360112
2016-11-15 16:15:49#上证指数机器人：50167自动下注#-2587#1111008357525
2016-11-15 16:15:55#上证指数机器人：50167自动下注#-4672#1111008352853
2016-11-15 16:16:00#上证指数机器人：50167自动下注#-4511#1111008348342
2016-11-15 16:16:00#上证指数机器人：50167自动下注#-4478#1111008343864
2016-11-15 16:16:00#上证指数机器人：50167自动下注#-1132#1111008342732
2016-11-15 16:16:08#上证指数机器人：50167自动下注#-4944#1111008337788
2016-11-15 16:16:08#上证指数机器人：50167自动下注#-3529#1111008334259
2016-11-15 16:22:43#上证指数机器人：50167自动下注#-4762#1111008329497
2016-11-15 16:22:45#上证指数机器人：50167自动下注#-2970#1111008326527
2016-11-15 16:38:08#上证指数机器人：50167自动下注#-4116#1111008322411
2016-11-15 16:38:09#上证指数机器人：50167自动下注#-4396#1111008318015
2016-11-15 16:38:11#上证指数机器人：50167自动下注#-3814#1111008314201
2016-11-15 16:38:13#上证指数机器人：50167自动下注#-3922#1111008310279
2016-11-15 16:45:59#上证指数机器人：50167自动下注#-2380#1111008307899
2016-11-15 16:50:23#上证指数机器人：50167自动下注#-1629#1111008306270
2016-11-15 16:50:23#上证指数机器人：50167自动下注#-1769#1111008304501
2016-11-15 16:50:49#上证指数机器人：50167自动下注#-2896#1111008301605
2016-11-15 16:50:51#上证指数机器人：50167自动下注#-2313#1111008299292
2016-11-15 16:50:52#上证指数机器人：50167自动下注#-2453#1111008296839
2016-11-15 16:50:53#上证指数机器人：50167自动下注#-4213#1111008292626
2016-11-15 16:50:53#上证指数机器人：50167自动下注#-316#1111008292310
2016-11-15 16:51:31#上证指数机器人：50167自动下注#-3851#1111008288459
2016-11-15 16:51:33#上证指数机器人：50167自动下注#-1854#1111008286605
2016-11-15 16:51:35#上证指数机器人：50167自动下注#-2826#1111008283779
2016-11-15 16:51:35#上证指数机器人：50167自动下注#-4931#1111008278848
2016-11-15 16:51:36#上证指数机器人：50167自动下注#-3345#1111008275503
2016-11-15 16:51:37#上证指数机器人：50167自动下注#-3312#1111008272191
2016-11-15 16:51:44#上证指数机器人：50167自动下注#-3605#1111008268586
2016-11-15 16:51:45#上证指数机器人：50167自动下注#-539#1111008268047
2016-11-15 16:51:52#上证指数机器人：50167自动下注#-2623#1111008265424
2016-11-15 16:51:53#上证指数机器人：50167自动下注#-2451#1111008262973
2016-11-15 16:51:53#上证指数机器人：50167自动下注#-4006#1111008258967
2016-11-15 16:51:54#上证指数机器人：50167自动下注#-2246#1111008256721
2016-11-15 16:51:54#上证指数机器人：50167自动下注#-1350#1111008255371
2016-11-15 16:51:54#上证指数机器人：50167自动下注#-454#1111008254917
2016-11-15 16:51:55#上证指数机器人：50167自动下注#-4837#1111008250080
2016-11-15 16:51:55#上证指数机器人：50167自动下注#-1145#1111008248935
2016-11-15 16:51:56#上证指数机器人：50167自动下注#-1631#1111008247304
2016-11-15 16:51:56#上证指数机器人：50167自动下注#-217#1111008247087
2016-11-15 16:51:56#上证指数机器人：50167自动下注#-3391#1111008243696
2016-11-15 16:51:57#上证指数机器人：50167自动下注#-4772#1111008238924
2016-11-15 16:52:44#上证指数机器人：50167自动下注#-774#1111008238150
2016-11-15 16:52:44#上证指数机器人：50167自动下注#-1498#1111008236652
2016-11-15 16:52:44#上证指数机器人：50167自动下注#-2016#1111008234636
2016-11-15 16:52:45#上证指数机器人：50167自动下注#-3603#1111008231033
2016-11-15 16:53:42#上证指数机器人：50167自动下注#-145#1111008230888
2016-11-15 16:53:44#上证指数机器人：50167自动下注#-2909#1111008227979
2016-11-15 16:53:47#上证指数机器人：50167自动下注#-1949#1111008226030
2016-11-15 16:53:47#上证指数机器人：50167自动下注#-3536#1111008222494
2016-11-15 16:53:48#上证指数机器人：50167自动下注#-157#1111008222337
2016-11-15 16:53:48#上证指数机器人：50167自动下注#-2608#1111008219729
2016-11-15 16:53:48#上证指数机器人：50167自动下注#-1194#1111008218535
2016-11-15 16:53:49#上证指数机器人：50167自动下注#-1161#1111008217374
2016-11-15 16:53:49#上证指数机器人：50167自动下注#-1367#1111008216007
2016-11-15 16:54:27#上证指数机器人：50167自动下注#-3973#1111008212034
2016-11-15 16:54:29#上证指数机器人：50167自动下注#-5010#1111008207024
2016-11-15 16:54:30#上证指数机器人：50167自动下注#-735#1111008206289
2016-11-15 16:54:31#上证指数机器人：50167自动下注#-4601#1111008201688
2016-11-15 16:54:32#上证指数机器人：50167自动下注#-2603#1111008199085
2016-11-15 16:54:32#上证指数机器人：50167自动下注#-4708#1111008194377
2016-11-15 16:54:33#上证指数机器人：50167自动下注#-984#1111008193393
2016-11-15 16:54:34#上证指数机器人：50167自动下注#-4158#1111008189235
2016-11-15 16:55:01#上证指数机器人：50167自动下注#-4669#1111008184566
2016-11-15 16:55:03#上证指数机器人：50167自动下注#-1636#1111008182930
2016-11-15 16:55:04#上证指数机器人：50167自动下注#-3849#1111008179081
2016-11-15 16:55:05#上证指数机器人：50167自动下注#-3159#1111008175922
2016-11-15 16:55:05#上证指数机器人：50167自动下注#-125#1111008175797
2016-11-15 16:55:05#上证指数机器人：50167自动下注#-643#1111008175154
2016-11-15 16:55:05#上证指数机器人：50167自动下注#-4713#1111008170441
2016-11-15 16:55:07#上证指数机器人：50167自动下注#-3094#1111008167347
2016-11-15 16:55:07#上证指数机器人：50167自动下注#-4130#1111008163217
2016-11-15 16:55:08#上证指数机器人：50167自动下注#-2684#1111008160533
2016-11-15 16:55:08#上证指数机器人：50167自动下注#-2889#1111008157644
2016-11-15 16:55:47#上证指数机器人：50167自动下注#-2117#1111008155527
2016-11-15 16:55:48#上证指数机器人：50167自动下注#-1394#1111008154133
2016-11-15 16:55:51#上证指数机器人：50167自动下注#-2193#1111008151940
2016-11-15 16:56:03#上证指数机器人：50167自动下注#-1806#1111008150134
2016-11-15 16:57:52#上证指数机器人：50167自动下注#-2329#1111008147805
2016-11-15 16:58:30#上证指数机器人：50167自动下注#-5034#1111008142771
2016-11-15 16:58:35#上证指数机器人：50167自动下注#-4149#1111008138622
2016-11-15 16:58:37#上证指数机器人：50167自动下注#-4775#1111008133847
2016-11-15 16:58:55#上证指数机器人：50167自动下注#-4400#1111008129447
2016-11-15 16:58:56#上证指数机器人：50167自动下注#-3990#1111008125457
2016-11-15 16:58:57#上证指数机器人：50167自动下注#-3440#1111008122017
2016-11-15 16:58:58#上证指数机器人：50167自动下注#-4443#1111008117574
2016-11-15 16:59:00#上证指数机器人：50167自动下注#-4207#1111008113367
2016-11-15 16:59:05#上证指数机器人：50167自动下注#-2318#1111008111049
2016-11-15 16:59:08#上证指数机器人：50167自动下注#-1498#1111008109551
2016-11-15 16:59:09#上证指数机器人：50167自动下注#-4845#1111008104706
2016-11-15 16:59:09#上证指数机器人：50167自动下注#-364#1111008104342
2016-11-15 16:59:13#上证指数机器人：50167自动下注#-4856#1111008099486
2016-11-15 16:59:14#上证指数机器人：50167自动下注#-236#1111008099250
2016-11-15 16:59:15#上证指数机器人：50167自动下注#-1272#1111008097978
2016-11-15 16:59:15#上证指数机器人：50167自动下注#-4792#1111008093186
2016-11-15 16:59:15#上证指数机器人：50167自动下注#-1963#1111008091223
2016-11-15 16:59:16#上证指数机器人：50167自动下注#-1930#1111008089293
2016-11-15 16:59:17#上证指数机器人：50167自动下注#-1380#1111008087913
2016-11-15 16:59:17#上证指数机器人：50167自动下注#-1899#1111008086014
2016-11-15 16:59:18#上证指数机器人：50167自动下注#-798#1111008085216
2016-11-15 16:59:19#上证指数机器人：50167自动下注#-2903#1111008082313
2016-11-15 16:59:20#上证指数机器人：50167自动下注#-4976#1111008077337
2016-11-15 16:59:21#上证指数机器人：50167自动下注#-1079#1111008076258
2016-11-15 16:59:24#上证指数机器人：50167自动下注#-4123#1111008072135
2016-11-15 17:01:05#上证指数机器人：50167自动下注#-726#1111008071409
2016-11-15 17:01:05#上证指数机器人：50167自动下注#-3695#1111008067714
2016-11-15 17:01:07#上证指数机器人：50167自动下注#-2594#1111008065120
2016-11-15 17:01:07#上证指数机器人：50167自动下注#-4905#1111008060215
2016-11-15 17:01:08#上证指数机器人：50167自动下注#-457#1111008059758
2016-11-15 17:01:08#上证指数机器人：50167自动下注#-1493#1111008058265
2016-11-15 17:04:38#上证指数机器人：50167自动下注#-724#1111008057541
2016-11-15 17:05:03#上证指数机器人：50167自动下注#-1537#1111008056004
2016-11-15 17:05:05#上证指数机器人：50167自动下注#-955#1111008055049
2016-11-15 17:05:10#上证指数机器人：50167自动下注#-588#1111008054461
2016-11-15 17:05:21#上证指数机器人：50167自动下注#-1130#1111008053331
2016-11-15 17:05:31#上证指数机器人：50167自动下注#-2049#1111008051282
2016-11-15 17:58:53#上证指数机器人：50167自动下注#-1487#1111008049795
2016-11-15 17:58:57#上证指数机器人：50167自动下注#-667#1111008049128
2016-11-16 09:36:39#上证指数机器人：50167自动下注#-111#1111008049017
2016-11-16 09:53:41#下注上证指数#-300#1111008048717
2016-11-16 09:53:47#下注上证指数#-1000#1111008047717
2016-11-16 09:53:58#下注上证指数#-100#1111008047617
2016-11-16 10:17:19#上证指数机器人：50167自动下注#-111#1111008047506
2016-11-16 10:17:34#上证指数机器人：50167自动下注#-114#1111008047392
2016-11-16 10:17:49#上证指数机器人：50167自动下注#-116#1111008047276
2016-11-16 10:34:17#上证指数机器人：50167自动下注#-110#1111008047166
2016-11-16 15:14:42#下注上证指数#-1000#1111008046166
2016-11-16 15:15:09#下注上证指数#-2000#1111008044166
2016-11-16 15:43:43#下注上证指数#-2000#1111008042166
2016-11-16 15:43:57#下注上证指数#-3000#1111008039166
2016-11-16 15:55:15#下注上证指数#-2000#1111008037166
2016-11-16 15:55:22#下注上证指数#-3000#1111008034166
2016-11-17 15:56:43#上证指数订单标识449兑奖#4050#1111008038216
2016-11-16 17:48:30#下注上证指数#-1000#1111008037216
2016-11-16 17:48:38#下注上证指数#-1000#1111008036216
2016-11-16 17:48:43#下注上证指数#-3000#1111008033216
2016-11-17 10:56:16#下注上证指数#-1000#1111008032216
2016-11-17 10:56:24#下注上证指数#-1000#1111008031216
2016-11-17 10:56:30#下注上证指数#-3000#1111008028216
2016-11-17 10:57:05#上证指数机器人：50167自动下注#-105#1111008028111
2016-11-17 10:57:55#上证指数机器人：50167自动下注#-105#1111008028006
2016-11-17 11:04:48#下注上证指数#-1000#1111008032216
2016-11-17 11:04:55#下注上证指数#-1000#1111008031216
2016-11-17 11:05:01#下注上证指数#-3000#1111008028216
2016-11-17 11:06:54#上证指数机器人：50167自动下注#-114#1111008028102
2016-11-17 11:08:04#下注上证指数#-1000#1111008032216
2016-11-17 11:08:10#下注上证指数#-1000#1111008031216
2016-11-17 11:08:16#下注上证指数#-3000#1111008028216
2016-11-17 11:09:22#上证指数机器人：50167自动下注#-104#1111008028112
2016-11-18 11:21:34#下注上证指数#-3000#1111008025112
2016-11-18 11:21:40#下注上证指数#-5000#1111008020112
2016-11-18 11:21:57#上证指数机器人：50167自动下注#-111#1111008020001
2016-11-17 14:07:11#上证指数机器人：50167自动下注#-105#1111008019896
2016-11-17 14:07:26#上证指数机器人：50167自动下注#-107#1111008019789
2016-11-17 14:10:01#上证指数机器人：50167自动下注#-116#1111008019673
2016-11-17 14:10:16#上证指数机器人：50167自动下注#-118#1111008019555
2016-11-17 14:11:36#上证指数机器人：50167自动下注#-111#1111008019444
2016-11-17 14:11:51#上证指数机器人：50167自动下注#-114#1111008019330
2016-11-17 14:12:06#上证指数机器人：50167自动下注#-116#1111008019214
2016-11-17 14:15:51#上证指数机器人：50167自动下注#-102#1111008019112
2016-11-17 14:16:06#上证指数机器人：50167自动下注#-104#1111008019008
2016-11-17 14:17:41#上证指数机器人：50167自动下注#-100#1111008018908
2016-11-17 14:17:56#上证指数机器人：50167自动下注#-102#1111008018806
2016-11-17 14:20:31#上证指数机器人：50167自动下注#-110#1111008018696
2016-11-17 14:20:46#上证指数机器人：50167自动下注#-112#1111008018584
2016-11-17 14:22:06#上证指数机器人：50167自动下注#-106#1111008018478
2016-11-17 14:22:21#上证指数机器人：50167自动下注#-108#1111008018370
2016-11-17 14:22:36#上证指数机器人：50167自动下注#-110#1111008018260
2016-11-17 14:25:11#上证指数机器人：50167自动下注#-119#1111008018141
2016-11-17 14:26:46#上证指数机器人：50167自动下注#-115#1111008018026
2016-11-17 14:27:01#上证指数机器人：50167自动下注#-117#1111008017909
2016-11-17 14:27:16#上证指数机器人：50167自动下注#-119#1111008017790
2016-11-17 14:31:01#上证指数机器人：50167自动下注#-105#1111008017685
2016-11-17 14:31:16#上证指数机器人：50167自动下注#-107#1111008017578
2016-11-17 14:32:36#上证指数机器人：50167自动下注#-101#1111008017477
2016-11-17 14:32:51#上证指数机器人：50167自动下注#-103#1111008017374
2016-11-17 14:33:06#上证指数机器人：50167自动下注#-105#1111008017269
2016-11-17 14:35:41#上证指数机器人：50167自动下注#-114#1111008017155
2016-11-17 14:35:56#上证指数机器人：50167自动下注#-116#1111008017039
2016-11-17 14:37:16#上证指数机器人：50167自动下注#-110#1111008016929
2016-11-17 14:37:31#上证指数机器人：50167自动下注#-112#1111008016817
2016-11-17 14:37:46#上证指数机器人：50167自动下注#-114#1111008016703
2016-11-18 16:45:38#上证指数机器人：50167自动下注#-114#1111008016589
2016-11-18 16:45:50#上证指数机器人：50167自动下注#-115#1111008016474
2016-11-21 16:48:08#上证指数机器人：50167自动下注#-105#1111008016598
2016-11-21 16:48:23#上证指数机器人：50167自动下注#-107#1111008016491
2016-11-21 16:50:58#上证指数机器人：50167自动下注#-116#1111008016375
2016-11-21 16:51:13#上证指数机器人：50167自动下注#-118#1111008016257
2016-11-21 16:52:33#上证指数机器人：50167自动下注#-112#1111008016145
2016-11-21 16:52:48#上证指数机器人：50167自动下注#-114#1111008016031
2016-11-21 16:53:03#上证指数机器人：50167自动下注#-116#1111008015915
2016-11-21 18:04:51#上证指数机器人：50167自动下注#-100#1111008015815
2016-11-21 18:15:01#上证指数机器人：50167自动下注#-109#1111008015706
2016-11-21 18:40:26#上证指数机器人：50167自动下注#-105#1111008015601
2016-11-21 18:50:36#上证指数机器人：50167自动下注#-113#1111008015488
2016-11-21 19:05:51#上证指数机器人：50167自动下注#-101#1111008015387
2016-11-21 19:16:01#上证指数机器人：50167自动下注#-109#1111008015278
2016-11-21 19:26:11#上证指数机器人：50167自动下注#-118#1111008015160
2016-11-21 19:41:26#上证指数机器人：50167自动下注#-106#1111008015054
2016-11-21 19:51:36#上证指数机器人：50167自动下注#-114#1111008014940
2016-11-21 20:17:01#上证指数机器人：50167自动下注#-110#1111008014830
2016-11-21 20:27:11#上证指数机器人：50167自动下注#-119#1111008014711
2016-11-21 21:07:46#上证指数机器人：50167自动下注#-119#1111008014592
2016-11-21 22:13:51#上证指数机器人：50167自动下注#-100#1111008014492
2016-11-21 22:49:26#上证指数机器人：50167自动下注#-105#1111008014387
2016-11-21 23:25:01#上证指数机器人：50167自动下注#-109#1111008014278
2016-11-22 00:00:36#上证指数机器人：50167自动下注#-114#1111008014164
2016-11-22 00:36:11#上证指数机器人：50167自动下注#-119#1111008014045
2016-11-22 02:53:26#上证指数机器人：50167自动下注#-104#1111008013941
2016-11-22 03:18:51#上证指数机器人：50167自动下注#-100#1111008013841
2016-11-22 03:29:01#上证指数机器人：50167自动下注#-108#1111008013733
2016-11-22 03:54:26#上证指数机器人：50167自动下注#-105#1111008013628
2016-11-22 04:04:36#上证指数机器人：50167自动下注#-113#1111008013515
2016-11-22 04:19:46#上证指数机器人：50167自动下注#-117#1111008013398
2016-11-22 04:35:01#上证指数机器人：50167自动下注#-105#1111008013293
2016-11-22 04:45:11#上证指数机器人：50167自动下注#-113#1111008013180
2016-11-22 05:10:36#上证指数机器人：50167自动下注#-109#1111008013071
2016-11-22 05:20:46#上证指数机器人：50167自动下注#-117#1111008012954
2016-11-22 05:46:11#上证指数机器人：50167自动下注#-114#1111008012840
2016-11-22 06:01:26#上证指数机器人：50167自动下注#-103#1111008012737
2016-11-22 06:21:46#上证指数机器人：50167自动下注#-118#1111008012619
2016-11-22 06:37:01#上证指数机器人：50167自动下注#-107#1111008012512
2016-11-22 07:02:26#上证指数机器人：50167自动下注#-104#1111008012408
2016-11-22 07:12:36#上证指数机器人：50167自动下注#-112#1111008012296
2016-11-22 07:27:51#上证指数机器人：50167自动下注#-100#1111008012196
2016-11-22 07:38:01#上证指数机器人：50167自动下注#-108#1111008012088
2016-11-22 07:48:11#上证指数机器人：50167自动下注#-117#1111008011971
2016-11-22 08:03:26#上证指数机器人：50167自动下注#-105#1111008011866
2016-11-22 08:13:36#上证指数机器人：50167自动下注#-113#1111008011753
2016-11-22 08:39:01#上证指数机器人：50167自动下注#-109#1111008011644
2016-11-22 08:49:11#上证指数机器人：50167自动下注#-117#1111008011527
2016-11-22 09:09:26#上证指数机器人：50167自动下注#-111#1111008011416
2016-11-22 09:14:31#上证指数机器人：50167自动下注#-117#1111008011299
2016-11-22 09:44:41#上证指数机器人：50167自动下注#-108#1111008011191
2016-11-22 09:54:51#上证指数机器人：50167自动下注#-116#1111008011075
2016-11-22 09:59:51#上证指数机器人：50167自动下注#-111#1111008010964
2016-11-22 10:04:51#上证指数机器人：50167自动下注#-107#1111008010857
2016-11-22 10:29:56#上证指数机器人：50167自动下注#-116#1111008010741
2016-11-22 11:20:16#上证指数机器人：50167自动下注#-106#1111008010635
2016-11-22 11:25:21#上证指数机器人：50167自动下注#-117#1111008010518
2016-11-22 11:30:21#上证指数机器人：50167自动下注#-112#1111008010406
2016-11-22 11:35:21#上证指数机器人：50167自动下注#-108#1111008010298
2016-11-22 11:45:31#上证指数机器人：50167自动下注#-116#1111008010182
2016-11-22 11:50:31#上证指数机器人：50167自动下注#-111#1111008010071
2016-11-22 12:05:41#上证指数机器人：50167自动下注#-115#1111008009956
2016-11-22 12:51:01#上证指数机器人：50167自动下注#-109#1111008009847
2016-11-22 12:56:01#上证指数机器人：50167自动下注#-104#1111008009743
2016-11-22 13:16:06#上证指数机器人：50167自动下注#-119#1111008009624
2016-11-22 13:21:06#上证指数机器人：50167自动下注#-114#1111008009510
2016-11-22 15:36:46#上证指数机器人：50167自动下注#-103#1111008009407
2016-11-22 16:00:46#上证指数机器人：50167自动下注#-110#1111008009297
2016-11-22 16:30:35#下注上证指数#-1000000#1111007009297
2016-11-22 17:01:00#上证指数机器人：50167自动下注#-118#1111007009179
2016-11-22 17:16:15#上证指数机器人：50167自动下注#-106#1111007009073
2016-11-22 17:31:25#上证指数机器人：50167自动下注#-109#1111007008964
2016-11-22 17:41:35#上证指数机器人：50167自动下注#-118#1111007008846
2016-11-22 18:01:50#上证指数机器人：50167自动下注#-102#1111007008744
2016-11-22 18:17:00#上证指数机器人：50167自动下注#-106#1111007008638
2016-11-22 18:22:00#上证指数机器人：50167自动下注#-101#1111007008537
2016-11-22 18:32:10#上证指数机器人：50167自动下注#-109#1111007008428
2016-11-22 18:57:35#上证指数机器人：50167自动下注#-106#1111007008322
2016-11-22 19:02:35#上证指数机器人：50167自动下注#-101#1111007008221
2016-11-22 19:37:50#上证指数机器人：50167自动下注#-119#1111007008102
2016-11-22 21:05:51#上证指数机器人：50167自动下注#-119#1111007007983
2016-11-22 21:26:06#上证指数机器人：50167自动下注#-103#1111007007880
2016-11-22 21:36:16#上证指数机器人：50167自动下注#-111#1111007007769
2016-11-22 22:01:41#上证指数机器人：50167自动下注#-108#1111007007661
2016-11-22 22:11:51#上证指数机器人：50167自动下注#-116#1111007007545
2016-11-22 22:42:16#上证指数机器人：50167自动下注#-108#1111007007437
2016-11-22 22:52:26#上证指数机器人：50167自动下注#-116#1111007007321
2016-11-22 23:33:01#上证指数机器人：50167自动下注#-116#1111007007205
2016-11-23 01:29:51#上证指数机器人：50167自动下注#-106#1111007007099
2016-11-23 02:05:26#上证指数机器人：50167自动下注#-110#1111007006989
2016-11-23 02:41:01#上证指数机器人：50167自动下注#-115#1111007006874
2016-11-23 03:16:36#上证指数机器人：50167自动下注#-119#1111007006755
2016-11-23 04:32:36#上证指数机器人：50167自动下注#-102#1111007006653
2016-11-23 04:47:46#上证指数机器人：50167自动下注#-105#1111007006548
2016-11-23 05:02:56#上证指数机器人：50167自动下注#-109#1111007006439
2016-11-23 05:28:21#上证指数机器人：50167自动下注#-105#1111007006334
2016-11-23 05:43:31#上证指数机器人：50167自动下注#-109#1111007006225
2016-11-23 05:53:41#上证指数机器人：50167自动下注#-117#1111007006108
2016-11-23 06:24:06#上证指数机器人：50167自动下注#-109#1111007005999
2016-11-23 06:34:16#上证指数机器人：50167自动下注#-117#1111007005882
2016-11-23 06:54:31#上证指数机器人：50167自动下注#-101#1111007005781
2016-11-23 07:24:51#上证指数机器人：50167自动下注#-108#1111007005673
2016-11-23 07:55:16#上证指数机器人：50167自动下注#-100#1111007005573
2016-11-23 08:05:26#上证指数机器人：50167自动下注#-108#1111007005465
2016-11-23 08:10:26#上证指数机器人：50167自动下注#-104#1111007005361
2016-11-23 08:20:36#上证指数机器人：50167自动下注#-112#1111007005249
2016-11-22 15:49:25#下注上证指数#-300#1111007004949
2016-11-21 16:09:38#下注上证指数#-1000#1111007003949
2016-11-21 16:09:49#下注上证指数#-1000#1111007002949
2016-11-21 16:09:57#下注上证指数#-3000#1111006999949
2016-11-22 16:10:42#下注上证指数#-1000#1111006998949
2016-11-22 12:08:44#下注上证指数#-1000#1111006997949
2016-11-22 16:55:58#下注上证指数#-500#1111006997449
2016-11-22 17:01:21#下注上证指数#-1000#1111006996449
2016-11-22 17:01:32#下注上证指数#-1000#1111006995449
2016-11-22 17:02:07#下注上证指数#-500#1111006994949
2016-11-22 17:02:55#GM通过手动操作帮玩家退注#500#1111006995449
2016-11-22 17:14:52#下注上证指数#-1000#1111006994449
2016-11-22 17:15:00#下注上证指数#-500#1111006993949
2016-11-22 17:18:43#GM通过手动操作帮玩家退注#500#1111006994449
2016-11-22 17:28:47#下注上证指数#-1000#1111006993449
2016-11-22 17:48:20#下注上证指数#-1000#1111006992449
2016-11-23 08:51:33#下注上证指数#-1000#1111006991449
2016-11-23 08:51:55#下注上证指数#-3000#1111006988449
2016-11-24 09:04:38#下注上证指数#-3000#1111006985449
2016-11-24 09:04:54#下注上证指数#-1000#1111006984449
2016-11-25 09:19:44#上证指数机器人：50167自动下注#-107#1111006984342
2016-11-25 09:21:04#上证指数机器人：50167自动下注#-101#1111006984241
2016-11-25 09:21:19#上证指数机器人：50167自动下注#-103#1111006984138
2016-11-25 09:21:44#上证指数机器人：50167自动下注#-101#1111006984037
2016-11-25 09:23:54#上证指数机器人：50167自动下注#-111#1111006983926
2016-11-25 11:22:40#下注上证指数#-2000#1111006981926
2016-11-23 11:35:50#上证指数机器人：50167自动下注#-112#1111006981814
2016-11-23 11:36:05#上证指数机器人：50167自动下注#-114#1111006981700
2016-11-23 11:37:25#上证指数机器人：50167自动下注#-108#1111006981592
2016-11-23 11:37:40#上证指数机器人：50167自动下注#-110#1111006981482
2016-11-23 11:37:55#上证指数机器人：50167自动下注#-112#1111006981370
2016-11-23 11:41:55#上证指数机器人：50167自动下注#-100#1111006981270
2016-11-23 11:42:05#上证指数机器人：50167自动下注#-117#1111006981153
2016-11-23 11:42:20#上证指数机器人：50167自动下注#-119#1111006981034
2016-11-25 11:52:31#上证指数机器人：50167自动下注#-112#1111006980922
2016-11-25 11:52:46#上证指数机器人：50167自动下注#-114#1111006980808
2016-11-25 11:53:01#上证指数机器人：50167自动下注#-116#1111006980692
2016-11-25 11:56:46#上证指数机器人：50167自动下注#-102#1111006980590
2016-11-25 11:57:01#上证指数机器人：50167自动下注#-104#1111006980486
2016-11-25 11:59:46#上证指数机器人：50167自动下注#-118#1111006980368
2016-11-25 12:01:21#上证指数机器人：50167自动下注#-114#1111006980254
2016-11-25 12:01:36#上证指数机器人：50167自动下注#-116#1111006980138
2016-11-25 12:01:51#上证指数机器人：50167自动下注#-118#1111006980020
2016-11-25 12:04:54#上证指数机器人：50167自动下注#-100#1111006979920
2016-11-25 12:05:04#上证指数机器人：50167自动下注#-117#1111006979803
2016-11-25 12:05:19#上证指数机器人：50167自动下注#-119#1111006979684
2016-11-25 12:09:19#上证指数机器人：50167自动下注#-107#1111006979577
2016-11-25 12:09:34#上证指数机器人：50167自动下注#-109#1111006979468
2016-11-25 12:10:54#上证指数机器人：50167自动下注#-103#1111006979365
2016-11-25 12:11:09#上证指数机器人：50167自动下注#-105#1111006979260
2016-11-25 12:11:24#上证指数机器人：50167自动下注#-107#1111006979153
2016-11-25 12:13:59#上证指数机器人：50167自动下注#-115#1111006979038
2016-11-25 12:14:14#上证指数机器人：50167自动下注#-118#1111006978920
2016-11-25 12:15:34#上证指数机器人：50167自动下注#-111#1111006978809
2016-11-23 14:24:02#上证指数机器人：50167自动下注#-116#1111006978693
2016-11-23 14:24:17#上证指数机器人：50167自动下注#-118#1111006978575
2016-11-23 14:24:37#上证指数机器人：50167自动下注#-104#1111006978471
2016-11-23 14:24:52#上证指数机器人：50167自动下注#-106#1111006978365
2016-11-23 14:25:02#上证指数机器人：50167自动下注#-112#1111006978253
2016-11-23 14:25:37#上证指数机器人：50167自动下注#-100#1111006978153
2016-11-23 14:27:22#上证指数机器人：50167自动下注#-107#1111006978046
2016-11-23 14:28:07#上证指数机器人：50167自动下注#-113#1111006977933
2016-11-23 14:28:22#上证指数机器人：50167自动下注#-115#1111006977818
2016-11-23 14:28:37#上证指数机器人：50167自动下注#-117#1111006977701
2016-11-23 14:28:42#上证指数机器人：50167自动下注#-101#1111006977600
2016-11-23 14:28:57#上证指数机器人：50167自动下注#-103#1111006977497
2016-11-23 14:29:12#上证指数机器人：50167自动下注#-105#1111006977392
2016-11-23 14:31:47#上证指数机器人：50167自动下注#-114#1111006977278
2016-11-23 14:32:02#上证指数机器人：50167自动下注#-116#1111006977162
2016-11-23 14:32:22#上证指数机器人：50167自动下注#-103#1111006977059
2016-11-23 14:32:37#上证指数机器人：50167自动下注#-105#1111006976954
2016-11-23 14:33:22#上证指数机器人：50167自动下注#-110#1111006976844
2016-11-23 14:33:37#上证指数机器人：50167自动下注#-112#1111006976732
2016-11-23 14:33:52#上证指数机器人：50167自动下注#-114#1111006976618
2016-11-23 14:34:12#上证指数机器人：50167自动下注#-101#1111006976517
2016-11-17 14:35:49#上证指数机器人：50167自动下注#-104#1111006976413
2016-11-18 14:36:55#上证指数机器人：50167自动下注#-107#1111006976306
2016-11-18 14:37:02#上证指数机器人：50167自动下注#-114#1111006976192
2016-11-18 14:37:22#上证指数机器人：50167自动下注#-100#1111006976092
2016-11-18 14:37:37#上证指数机器人：50167自动下注#-102#1111006975990
2016-11-18 14:37:47#上证指数机器人：50167自动下注#-119#1111006975871
2016-11-18 14:37:52#上证指数机器人：50167自动下注#-104#1111006975767
2016-11-18 14:38:16#下注上证指数#-3000#1111006972767
2016-11-18 14:38:22#上证指数机器人：50167自动下注#-107#1111006972660
2016-11-18 14:38:37#上证指数机器人：50167自动下注#-109#1111006972551
2016-11-18 14:38:52#上证指数机器人：50167自动下注#-112#1111006972439
2016-11-18 14:39:27#上证指数机器人：50167自动下注#-100#1111006972339
2016-11-21 14:40:23#上证指数机器人：50167自动下注#-113#1111006972226
2016-11-21 14:40:58#上证指数机器人：50167自动下注#-102#1111006972124
2016-11-22 14:42:10#上证指数机器人：50167自动下注#-111#1111006972013
2016-11-22 14:43:21#GM通过手动操作帮玩家退注#111#1111006972124
2016-11-22 14:44:58#下注上证指数#-1000#1111006971124
2016-11-23 14:52:03#上证指数机器人：50167自动下注#-101#1111006972023
2016-11-23 14:53:18#上证指数机器人：50167自动下注#-116#1111006971907
2016-11-23 14:53:33#上证指数机器人：50167自动下注#-118#1111006971789
2016-11-23 14:54:18#上证指数机器人：50167自动下注#-113#1111006971676
2016-11-23 15:02:44#上证指数机器人：50167自动下注#-101#1111006971575
2016-11-23 15:03:44#上证指数机器人：50167自动下注#-109#1111006971466
2016-11-23 15:03:59#上证指数机器人：50167自动下注#-111#1111006971355
2016-11-23 15:04:14#上证指数机器人：50167自动下注#-113#1111006971242
2016-11-23 15:04:44#上证指数机器人：50167自动下注#-116#1111006971126
2016-11-23 15:04:49#上证指数机器人：50167自动下注#-101#1111006971025
2016-11-23 15:04:59#上证指数机器人：50167自动下注#-118#1111006970907
2016-11-23 15:05:19#上证指数机器人：50167自动下注#-104#1111006970803
2016-11-23 15:05:34#上证指数机器人：50167自动下注#-107#1111006970696
2016-11-23 15:05:49#上证指数机器人：50167自动下注#-109#1111006970587
2016-11-23 15:07:24#上证指数机器人：50167自动下注#-110#1111006970477
2016-11-23 15:08:24#上证指数机器人：50167自动下注#-117#1111006970360
2016-11-23 15:08:39#上证指数机器人：50167自动下注#-119#1111006970241
2016-11-23 15:08:59#上证指数机器人：50167自动下注#-106#1111006970135
2016-11-23 15:09:14#上证指数机器人：50167自动下注#-108#1111006970027
2016-11-23 15:09:29#上证指数机器人：50167自动下注#-110#1111006969917
2016-11-23 15:09:59#上证指数机器人：50167自动下注#-113#1111006969804
2016-11-23 15:10:14#上证指数机器人：50167自动下注#-115#1111006969689
2016-11-23 15:10:29#上证指数机器人：50167自动下注#-117#1111006969572
2016-11-23 15:10:34#上证指数机器人：50167自动下注#-102#1111006969470
2016-11-23 15:10:49#上证指数机器人：50167自动下注#-104#1111006969366
2016-11-23 15:11:04#上证指数机器人：50167自动下注#-106#1111006969260
2016-11-23 15:12:04#上证指数机器人：50167自动下注#-119#1111006969141
2016-11-23 15:12:14#上证指数机器人：50167自动下注#-178#1111006968963
2016-11-23 15:12:39#上证指数机器人：50167自动下注#-131#1111006968832
2016-11-23 15:13:39#上证指数机器人：50167自动下注#-161#1111006968671
2016-11-23 15:13:54#上证指数机器人：50167自动下注#-169#1111006968502
2016-11-23 15:14:09#上证指数机器人：50167自动下注#-177#1111006968325
2016-11-23 15:14:14#上证指数机器人：50167自动下注#-115#1111006968210
2016-11-23 15:14:29#上证指数机器人：50167自动下注#-123#1111006968087
2016-11-23 15:14:44#上证指数机器人：50167自动下注#-132#1111006967955
2016-11-23 15:15:14#上证指数机器人：50167自动下注#-144#1111006967811
2016-11-23 15:15:29#上证指数机器人：50167自动下注#-153#1111006967658
2016-11-23 15:15:44#上证指数机器人：50167自动下注#-161#1111006967497
2016-11-23 15:16:04#上证指数机器人：50167自动下注#-107#1111006967390
2016-11-23 15:16:19#上证指数机器人：50167自动下注#-115#1111006967275
2016-11-23 15:17:26#上证指数机器人：50167自动下注#-158#1111006967117
2016-11-23 15:18:01#上证指数机器人：50167自动下注#-112#1111006967005
2016-11-23 15:18:26#上证指数机器人：50167自动下注#-121#1111006966884
2016-11-23 15:19:26#上证指数机器人：50167自动下注#-173#1111006966711
2016-11-23 15:20:01#上证指数机器人：50167自动下注#-127#1111006966584
2016-11-23 15:21:01#上证指数机器人：50167自动下注#-156#1111006966428
2016-11-23 15:21:16#上证指数机器人：50167自动下注#-165#1111006966263
2016-11-23 15:21:31#上证指数机器人：50167自动下注#-173#1111006966090
2016-11-23 15:21:36#上证指数机器人：50167自动下注#-111#1111006965979
2016-11-23 15:21:51#上证指数机器人：50167自动下注#-119#1111006965860
2016-11-23 15:21:56#上证指数机器人：50167自动下注#-170#1111006965690
2016-11-23 15:22:06#上证指数机器人：50167自动下注#-127#1111006965563
2016-11-23 15:22:36#上证指数机器人：50167自动下注#-140#1111006965423
2016-11-23 15:22:51#上证指数机器人：50167自动下注#-148#1111006965275
2016-11-23 15:23:06#上证指数机器人：50167自动下注#-156#1111006965119
2016-11-23 15:23:37#上证指数机器人：50167自动下注#-147#1111006964972
2016-11-23 15:24:49#上证指数机器人：50167自动下注#-117#1111006964855
2016-11-23 15:25:12#上证指数机器人：50167自动下注#-130#1111006964725
2016-11-23 15:25:27#上证指数机器人：50167自动下注#-138#1111006964587
2016-11-23 15:25:42#上证指数机器人：50167自动下注#-147#1111006964440
2016-11-23 15:26:12#上证指数机器人：50167自动下注#-159#1111006964281
2016-11-23 15:26:17#上证指数机器人：50167自动下注#-101#1111006964180
2016-11-23 15:26:27#上证指数机器人：50167自动下注#-168#1111006964012
2016-11-23 15:26:42#上证指数机器人：50167自动下注#-176#1111006963836
2016-11-23 15:26:47#上证指数机器人：50167自动下注#-114#1111006963722
2016-11-23 15:27:17#上证指数机器人：50167自动下注#-130#1111006963592
2016-11-23 15:28:52#上证指数机器人：50167自动下注#-136#1111006963456
2016-11-23 15:29:52#上证指数机器人：50167自动下注#-165#1111006963291
2016-11-23 15:30:07#上证指数机器人：50167自动下注#-174#1111006963117
2016-11-23 15:30:27#上证指数机器人：50167自动下注#-120#1111006962997
2016-11-23 15:30:42#上证指数机器人：50167自动下注#-128#1111006962869
2016-11-23 15:30:57#上证指数机器人：50167自动下注#-136#1111006962733
2016-11-23 15:31:27#上证指数机器人：50167自动下注#-149#1111006962584
2016-11-23 15:31:42#上证指数机器人：50167自动下注#-157#1111006962427
2016-11-23 15:31:57#上证指数机器人：50167自动下注#-166#1111006962261
2016-11-23 15:32:17#上证指数机器人：50167自动下注#-112#1111006962149
2016-11-23 15:32:32#上证指数机器人：50167自动下注#-120#1111006962029
2016-11-23 15:33:32#上证指数机器人：50167自动下注#-171#1111006961858
2016-11-23 15:34:07#上证指数机器人：50167自动下注#-126#1111006961732
2016-11-23 15:35:07#上证指数机器人：50167自动下注#-155#1111006961577
2016-11-23 15:35:22#上证指数机器人：50167自动下注#-163#1111006961414
2016-11-23 15:35:37#上证指数机器人：50167自动下注#-172#1111006961242
2016-11-23 15:35:42#上证指数机器人：50167自动下注#-109#1111006961133
2016-11-23 15:35:57#上证指数机器人：50167自动下注#-118#1111006961015
2016-11-23 15:36:12#上证指数机器人：50167自动下注#-126#1111006960889
2016-11-23 15:36:42#上证指数机器人：50167自动下注#-138#1111006960751
2016-11-23 15:36:57#上证指数机器人：50167自动下注#-147#1111006960604
2016-11-23 15:37:12#上证指数机器人：50167自动下注#-155#1111006960449
2016-11-23 15:37:32#上证指数机器人：50167自动下注#-101#1111006960348
2016-11-23 15:37:47#上证指数机器人：50167自动下注#-110#1111006960238
2016-11-22 16:46:48#上证指数机器人：50167自动下注#-150#1111006960088
2016-11-22 16:47:03#上证指数机器人：50167自动下注#-159#1111006959929
2016-11-23 17:04:29#下注上证指数#-1000#1111006958929
2016-11-23 23:53:38#上证指数机器人：50167自动下注#-223#1111006958706
2016-11-24 03:53:58#上证指数机器人：50167自动下注#-235#1111006958471
2016-11-24 07:54:19#上证指数机器人：50167自动下注#-248#1111006958223
2016-11-22 09:09:20#上证指数机器人：50167自动下注#-236#1111006957987
2016-11-22 09:09:35#上证指数机器人：50167自动下注#-245#1111006957742
2016-11-22 09:09:50#上证指数机器人：50167自动下注#-253#1111006957489
2016-11-23 09:54:41#下注上证指数#-300#1111006957189
2016-11-23 10:42:27#GM通过手动操作帮玩家退注#300#1111006957489
2016-11-23 11:00:55#下注上证指数#-1000#1111006956489
2016-11-23 11:03:50#GM通过手动操作帮玩家退注#1000#1111006957489
2016-11-23 11:06:57#下注上证指数#-300#1111006957189
2016-11-23 11:36:56#下注上证指数#-3000#1111006954189
2016-11-23 11:45:05#<a href="/bbs/uinfo.aspx?uid=50167">该改什么名字343(50167)</a>上证【20161124】期|标识(2019)|【猜涨】#-3000#1111006951189
2016-11-24 12:04:00#<a href="/bbs/uinfo.aspx?uid=50167">该改什么名字343(50167)</a>上证【20161124】期兑奖|标识(2019)#0#1111006951189
2016-11-24 16:39:59#<a href="/bbs/uinfo.aspx?uid=50167">该改什么名字343(50167)</a>上证【20161125】期|标识(2024)|【猜涨】#-300#1111006950889
2016-11-24 16:40:39#上证指数机器人：50167自动下注#-112#1111006950777
2016-11-24 17:29:27#<a href="/bbs/uinfo.aspx?uid=50167">该改什么名字343(50167)</a>上证【20161125】期|标识(2037)|【猜涨】#-1000#1111006949777
2016-11-24 17:29:50#<a href="/bbs/uinfo.aspx?uid=50167">该改什么名字343(50167)</a>上证【20161125】期|标识(2038)|【猜涨】#-1000#1111006948777
2016-11-24 18:01:51#<a href="/bbs/uinfo.aspx?uid=0">新会员0(0)</a>上证【20161125】期申请退回|标识(2038)#1000#1111006949777
2016-11-24 20:07:54#上证指数机器人：50167自动下注#-123#1111006949654
2016-11-24 20:11:04#上证指数机器人：50167自动下注#-123#1111006949531
2016-11-24 20:11:19#上证指数机器人：50167自动下注#-123#1111006949408
2016-11-24 20:12:04#上证指数机器人：50167自动下注#-123#1111006949285
2016-11-24 20:12:39#上证指数机器人：50167自动下注#-112#1111006949173
2016-11-24 20:12:54#上证指数机器人：50167自动下注#-123#1111006949050
2016-11-24 20:13:09#上证指数机器人：50167自动下注#-123#1111006948927
2016-11-24 20:16:19#上证指数机器人：50167自动下注#-112#1111006948815
2016-11-24 20:16:34#上证指数机器人：50167自动下注#-123#1111006948692
2016-11-24 20:17:19#上证指数机器人：50167自动下注#-123#1111006948569
2016-11-24 20:17:34#上证指数机器人：50167自动下注#-123#1111006948446
2016-11-24 20:17:54#上证指数机器人：50167自动下注#-112#1111006948334
2016-11-24 20:18:09#上证指数机器人：50167自动下注#-112#1111006948222
2016-11-24 20:18:24#上证指数机器人：50167自动下注#-112#1111006948110
2016-11-24 20:20:59#上证指数机器人：50167自动下注#-123#1111006947987
2016-11-24 20:21:34#上证指数机器人：50167自动下注#-112#1111006947875
2016-11-24 20:21:49#上证指数机器人：50167自动下注#-112#1111006947763
2016-11-24 20:22:34#上证指数机器人：50167自动下注#-123#1111006947640
2016-11-24 20:22:49#上证指数机器人：50167自动下注#-123#1111006947517
2016-11-24 20:23:04#上证指数机器人：50167自动下注#-123#1111006947394
2016-11-25 10:32:07#上证指数机器人：50167自动下注#-123#1111006947271
2016-11-25 10:32:22#上证指数机器人：50167自动下注#-123#1111006947148
2016-11-25 10:32:37#上证指数机器人：50167自动下注#-123#1111006947025
2016-11-25 10:33:12#上证指数机器人：50167自动下注#-112#1111006946913
2016-11-25 10:33:42#上证指数机器人：50167自动下注#-112#1111006946801
2016-11-25 10:33:57#上证指数机器人：50167自动下注#-123#1111006946678
2016-11-25 10:34:12#上证指数机器人：50167自动下注#-123#1111006946555
2016-11-25 10:35:47#上证指数机器人：50167自动下注#-123#1111006946432
2016-11-25 10:37:22#上证指数机器人：50167自动下注#-123#1111006946309
2016-11-25 10:37:37#上证指数机器人：50167自动下注#-123#1111006946186
2016-11-25 10:37:52#上证指数机器人：50167自动下注#-123#1111006946063
2016-11-25 10:38:22#上证指数机器人：50167自动下注#-123#1111006945940
2016-11-25 10:38:57#上证指数机器人：50167自动下注#-112#1111006945828
2016-11-25 10:39:12#上证指数机器人：50167自动下注#-112#1111006945716
2016-11-25 10:39:27#上证指数机器人：50167自动下注#-123#1111006945593
2016-11-25 10:41:02#上证指数机器人：50167自动下注#-123#1111006945470
2016-11-25 10:42:02#上证指数机器人：50167自动下注#-123#1111006945347
2016-11-25 10:42:37#上证指数机器人：50167自动下注#-112#1111006945235
2016-11-25 10:42:52#上证指数机器人：50167自动下注#-112#1111006945123
2016-11-25 10:43:07#上证指数机器人：50167自动下注#-123#1111006945000
2016-11-25 10:43:37#上证指数机器人：50167自动下注#-123#1111006944877
2016-11-25 10:48:07#上证|50167期|标识:20161128：#-112#1111006944765
2016-11-25 10:48:22#上证|50167期|标识:20161128：#-112#1111006944653
2016-11-25 10:48:52#上证|50167期|标识:20161128：#-123#1111006944530
2016-11-25 10:49:07#上证|50167期|标识:20161128：#-123#1111006944407
2016-11-25 10:55:07#上证|50167期|标识:20161128：#-123#1111006944284
2016-11-25 10:55:16#上证|50167期|标识:20161128：#-112#1111006944172
2016-11-25 10:56:43#上证|20161128期|标识:2396：#-112#1111006944060
2016-11-25 10:56:58#上证|20161128期|标识:2399：#-112#1111006943948
2016-11-25 10:57:12#上证|20161128期|标识:2402：#-123#1111006943825
2016-11-25 10:57:43#上证|20161128期|标识:2408：#-123#1111006943702
2016-11-25 10:57:58#上证|20161128期|标识:2411：#-123#1111006943579
2016-11-25 10:58:13#上证|20161128期|标识:2414：#-123#1111006943456
2016-11-25 10:58:33#上证|20161128期|标识:2418：#-112#1111006943344
2016-11-25 10:58:48#上证|20161128期|标识:2421：#-112#1111006943232
2016-11-25 11:00:22#上证|20161128期|标识:2440：#-112#1111006943120
2016-11-25 11:01:23#上证|20161128期|标识:2452：#-123#1111006942997
2016-11-25 11:01:38#上证|20161128期|标识:2455：#-123#1111006942874
2016-11-25 11:02:13#上证|20161128期|标识:2462：#-112#1111006942762
2016-11-25 11:02:28#上证|20161128期|标识:2465：#-112#1111006942650
2016-11-25 11:02:58#上证|20161128期|标识:2471：#-123#1111006942527
2016-11-25 11:03:13#上证|20161128期|标识:2474：#-123#1111006942404
2016-11-25 11:03:28#上证|20161128期|标识:2477：#-123#1111006942281
2016-11-25 11:05:02#上证|20161128期|标识:2496：#-123#1111006942158
2016-11-25 11:05:38#上证|20161128期|标识:2503：#-112#1111006942046
2016-11-25 11:06:38#上证|20161128期|标识:2515：#-123#1111006941923
2016-11-25 11:06:53#上证|20161128期|标识:2518：#-123#1111006941800
2016-11-25 11:07:07#上证|20161128期|标识:2521：#-123#1111006941677
2016-11-25 11:07:55#<a href="/bbs/uinfo.aspx?uid=50167">该改什么名字343(50167)</a>上证【20161128】期|标识(2527)|【猜涨】#-1000#1111006940677
2016-11-25 11:09:02#上证【20161128】期|标识(2528)|【猜跌】#-3000#1111006937677
2016-11-25 11:11:28#上证|20161128期|标识:2529|【猜跌】#-3000#1111006934677
2016-11-25 11:14:34#<a href="/bbs/uinfo.aspx?uid=0">新会员0(0)</a>上证【20161128】期申请退回|标识(2529)#3000#1111006937677
2016-11-25 11:16:34#上证|20161128期|申请退回|标识(2528)#3000#1111006940677
2016-11-25 12:33:20#上证|20161128期|标识:2535|【猜跌】#-112#1111006940565
2016-11-25 12:34:20#上证|20161128期|标识:2547|【猜跌】#-123#1111006940442
2016-11-25 12:34:35#上证|20161128期|标识:2550|【猜跌】#-123#1111006940319
2016-11-25 12:34:50#上证|20161128期|标识:2553|【猜跌】#-123#1111006940196
2016-11-25 12:35:25#上证|20161128期|标识:2560|【猜跌】#-112#1111006940084
2016-11-25 12:35:55#上证|20161128期|标识:2566|【猜跌】#-112#1111006939972
2016-11-25 12:36:10#上证|20161128期|标识:2569|【猜跌】#-123#1111006939849
2016-11-25 12:36:25#上证|20161128期|标识:2572|【猜跌】#-123#1111006939726
2016-11-25 12:38:00#上证|20161128期|标识:2591|【猜跌】#-123#1111006939603
2016-11-25 12:39:35#上证|20161128期|标识:2610|【猜跌】#-112#1111006939491
2016-11-25 12:39:50#上证|20161128期|标识:2613|【猜跌】#-123#1111006939368
2016-11-25 12:40:05#上证|20161128期|标识:2616|【猜跌】#-123#1111006939245
2016-11-25 12:40:35#上证|20161128期|标识:2622|【猜跌】#-123#1111006939122
2016-11-25 12:40:50#上证|20161128期|标识:2625|【猜跌】#-123#1111006938999
2016-11-25 12:41:10#上证|20161128期|标识:2629|【猜跌】#-112#1111006938887
2016-11-25 12:41:25#上证|20161128期|标识:2632|【猜跌】#-112#1111006938775
2016-11-25 12:41:40#上证|20161128期|标识:2635|【猜跌】#-112#1111006938663
2016-11-25 12:43:15#上证|20161128期|标识:2654|【猜跌】#-123#1111006938540
2016-11-25 12:44:15#上证|20161128期|标识:2666|【猜跌】#-123#1111006938417
2016-11-25 12:44:50#上证|20161128期|标识:2673|【猜跌】#-112#1111006938305
2016-11-25 12:45:05#上证|20161128期|标识:2676|【猜跌】#-112#1111006938193
2016-11-25 12:45:20#上证|20161128期|标识:2679|【猜跌】#-123#1111006938070
2016-11-25 12:45:50#上证|20161128期|标识:2685|【猜跌】#-123#1111006937947
2016-11-25 12:46:05#上证|20161128期|标识:2688|【猜跌】#-123#1111006937824
2016-11-25 12:46:20#上证|20161128期|标识:2691|【猜跌】#-123#1111006937701
2016-11-25 12:46:40#上证|20161128期|标识:2695|【猜跌】#-112#1111006937589
2016-11-25 12:46:55#上证|20161128期|标识:2698|【猜跌】#-112#1111006937477
2016-11-25 12:48:30#上证|20161128期|标识:2717|【猜跌】#-112#1111006937365
2016-11-25 12:49:30#上证|20161128期|标识:2729|【猜跌】#-123#1111006937242
2016-11-25 12:49:45#上证|20161128期|标识:2732|【猜跌】#-123#1111006937119
2016-11-25 12:50:20#上证|20161128期|标识:2739|【猜跌】#-112#1111006937007
2016-11-25 12:50:30#上证|20161128期|标识:2741|【猜跌】#-112#1111006936895
2016-11-25 12:50:35#上证|20161128期|标识:2742|【猜跌】#-112#1111006936783
2016-11-25 12:51:05#上证|20161128期|标识:2748|【猜跌】#-123#1111006936660
2016-11-25 12:51:20#上证|20161128期|标识:2751|【猜跌】#-123#1111006936537
2016-11-25 12:51:35#上证|20161128期|标识:2754|【猜跌】#-123#1111006936414
2016-11-25 12:53:10#上证|20161128期|标识:2773|【猜跌】#-123#1111006936291
2016-11-25 12:53:45#上证|20161128期|标识:2780|【猜跌】#-112#1111006936179
2016-11-25 12:54:45#上证|20161128期|标识:2792|【猜跌】#-123#1111006936056
2016-11-25 12:55:00#上证|20161128期|标识:2795|【猜跌】#-123#1111006935933
2016-11-25 12:55:15#上证|20161128期|标识:2798|【猜跌】#-123#1111006935810
2016-11-25 12:55:50#上证|20161128期|标识:2805|【猜跌】#-112#1111006935698
2016-11-25 12:56:20#上证|20161128期|标识:2811|【猜跌】#-112#1111006935586
2016-11-25 12:56:35#上证|20161128期|标识:2814|【猜跌】#-123#1111006935463
2016-11-25 12:56:50#上证|20161128期|标识:2817|【猜跌】#-123#1111006935340
2016-11-25 12:58:25#上证|20161128期|标识:2836|【猜跌】#-123#1111006935217
2016-11-25 13:00:00#上证|20161128期|标识:2855|【猜跌】#-123#1111006935094
2016-11-25 13:00:15#上证|20161128期|标识:2858|【猜跌】#-123#1111006934971
2016-11-25 13:00:30#上证|20161128期|标识:2861|【猜跌】#-123#1111006934848
2016-11-25 13:01:00#上证|20161128期|标识:2867|【猜跌】#-123#1111006934725
2016-11-25 13:01:35#上证|20161128期|标识:2874|【猜跌】#-112#1111006934613
2016-11-25 13:01:50#上证|20161128期|标识:2877|【猜跌】#-112#1111006934501
2016-11-25 13:02:05#上证|20161128期|标识:2880|【猜跌】#-123#1111006934378
2016-11-25 13:03:40#上证|20161128期|标识:2899|【猜跌】#-123#1111006934255
2016-11-25 13:05:15#上证|20161128期|标识:2918|【猜跌】#-112#1111006934143
2016-11-25 13:05:30#上证|20161128期|标识:2921|【猜跌】#-123#1111006934020
2016-11-25 13:05:45#上证|20161128期|标识:2924|【猜跌】#-123#1111006933897
2016-11-25 13:06:15#上证|20161128期|标识:2930|【猜跌】#-123#1111006933774
2016-11-25 13:06:30#上证|20161128期|标识:2933|【猜跌】#-123#1111006933651
2016-11-25 13:07:05#上证|20161128期|标识:2940|【猜跌】#-112#1111006933539
2016-11-25 13:07:20#上证|20161128期|标识:2943|【猜跌】#-112#1111006933427
2016-11-25 13:08:55#上证|20161128期|标识:2962|【猜跌】#-112#1111006933315
2016-11-25 13:09:55#上证|20161128期|标识:2974|【猜跌】#-123#1111006933192
2016-11-25 13:10:10#上证|20161128期|标识:2977|【猜跌】#-123#1111006933069
2016-11-25 13:10:30#上证|20161128期|标识:2981|【猜跌】#-112#1111006932957
2016-11-25 13:10:45#上证|20161128期|标识:2984|【猜跌】#-112#1111006932845
2016-11-25 13:11:00#上证|20161128期|标识:2987|【猜跌】#-112#1111006932733
2016-11-25 13:11:30#上证|20161128期|标识:2993|【猜跌】#-123#1111006932610
2016-11-25 13:11:45#上证|20161128期|标识:2996|【猜跌】#-123#1111006932487
2016-11-25 13:12:00#上证|20161128期|标识:2999|【猜跌】#-123#1111006932364
2016-11-25 13:12:35#上证|20161128期|标识:3006|【猜跌】#-112#1111006932252
2016-11-25 13:13:35#上证|20161128期|标识:3018|【猜跌】#-123#1111006932129
2016-11-25 13:14:10#上证|20161128期|标识:3025|【猜跌】#-112#1111006932017
2016-11-25 13:15:10#上证|20161128期|标识:3037|【猜跌】#-123#1111006931894
2016-11-25 13:15:25#上证|20161128期|标识:3040|【猜跌】#-123#1111006931771
2016-11-25 13:15:40#上证|20161128期|标识:3043|【猜跌】#-123#1111006931648
2016-11-25 13:16:15#上证|20161128期|标识:3050|【猜跌】#-112#1111006931536
2016-11-25 13:16:45#上证|20161128期|标识:3056|【猜跌】#-123#1111006931413
2016-11-25 13:17:00#上证|20161128期|标识:3059|【猜跌】#-123#1111006931290
2016-11-25 13:17:15#上证|20161128期|标识:3062|【猜跌】#-123#1111006931167
2016-11-25 13:18:50#上证|20161128期|标识:3081|【猜跌】#-123#1111006931044
2016-11-25 13:20:25#上证|20161128期|标识:3100|【猜跌】#-123#1111006930921
2016-11-25 13:20:40#上证|20161128期|标识:3103|【猜跌】#-123#1111006930798
2016-11-25 13:20:55#上证|20161128期|标识:3106|【猜跌】#-123#1111006930675
2016-11-25 13:21:25#上证|20161128期|标识:3112|【猜跌】#-123#1111006930552
2016-11-25 13:22:00#上证|20161128期|标识:3119|【猜跌】#-112#1111006930440
2016-11-25 13:22:15#上证|20161128期|标识:3122|【猜跌】#-112#1111006930328
2016-11-25 13:22:30#上证|20161128期|标识:3125|【猜跌】#-123#1111006930205
2016-11-25 13:24:05#上证|20161128期|标识:3144|【猜跌】#-123#1111006930082
2016-11-25 13:25:40#上证|20161128期|标识:3163|【猜跌】#-112#1111006929970
2016-11-25 13:25:55#上证|20161128期|标识:3166|【猜跌】#-123#1111006929847
2016-11-25 13:26:10#上证|20161128期|标识:3169|【猜跌】#-123#1111006929724
2016-11-25 13:26:40#上证|20161128期|标识:3175|【猜跌】#-123#1111006929601
2016-11-25 13:26:55#上证|20161128期|标识:3178|【猜跌】#-123#1111006929478
2016-11-25 13:27:30#上证|20161128期|标识:3185|【猜跌】#-112#1111006929366
2016-11-25 13:27:45#上证|20161128期|标识:3188|【猜跌】#-112#1111006929254
2016-11-25 13:29:20#上证|20161128期|标识:3207|【猜跌】#-123#1111006929131
2016-11-25 13:30:20#上证|20161128期|标识:3219|【猜跌】#-123#1111006929008
2016-11-25 13:30:55#上证|20161128期|标识:3226|【猜跌】#-112#1111006928896
2016-11-25 13:31:10#上证|20161128期|标识:3229|【猜跌】#-112#1111006928784
2016-11-25 13:31:25#上证|20161128期|标识:3232|【猜跌】#-123#1111006928661
2016-11-25 13:31:55#上证|20161128期|标识:3238|【猜跌】#-123#1111006928538
2016-11-25 13:32:10#上证|20161128期|标识:3241|【猜跌】#-123#1111006928415
2016-11-25 13:32:25#上证|20161128期|标识:3244|【猜跌】#-123#1111006928292
2016-11-25 13:33:00#上证|20161128期|标识:3251|【猜跌】#-112#1111006928180
2016-11-25 13:34:35#上证|20161128期|标识:3270|【猜跌】#-112#1111006928068
2016-11-25 13:35:35#上证|20161128期|标识:3282|【猜跌】#-123#1111006927945
2016-11-25 13:35:50#上证|20161128期|标识:3285|【猜跌】#-123#1111006927822
2016-11-25 13:36:25#上证|20161128期|标识:3292|【猜跌】#-112#1111006927710
2016-11-25 13:36:40#上证|20161128期|标识:3295|【猜跌】#-112#1111006927598
2016-11-25 13:37:10#上证|20161128期|标识:3301|【猜跌】#-123#1111006927475
2016-11-25 13:37:25#上证|20161128期|标识:3304|【猜跌】#-123#1111006927352
2016-11-25 13:37:40#上证|20161128期|标识:3307|【猜跌】#-123#1111006927229
2016-11-25 13:39:15#上证|20161128期|标识:3326|【猜跌】#-123#1111006927106
2016-11-25 13:39:50#上证|20161128期|标识:3333|【猜跌】#-112#1111006926994
2016-11-25 13:40:50#上证|20161128期|标识:3345|【猜跌】#-123#1111006926871
2016-11-25 13:41:05#上证|20161128期|标识:3348|【猜跌】#-123#1111006926748
2016-11-25 13:41:20#上证|20161128期|标识:3351|【猜跌】#-123#1111006926625
2016-11-25 13:41:55#上证|20161128期|标识:3358|【猜跌】#-112#1111006926513
2016-11-25 13:42:25#上证|20161128期|标识:3364|【猜跌】#-112#1111006926401
2016-11-25 13:42:40#上证|20161128期|标识:3367|【猜跌】#-123#1111006926278
2016-11-25 13:42:55#上证|20161128期|标识:3370|【猜跌】#-123#1111006926155
2016-11-25 13:44:30#上证|20161128期|标识:3389|【猜跌】#-123#1111006926032
2016-11-25 13:46:05#上证|20161128期|标识:3408|【猜跌】#-123#1111006925909
2016-11-25 13:46:20#上证|20161128期|标识:3411|【猜跌】#-123#1111006925786
2016-11-25 13:46:35#上证|20161128期|标识:3414|【猜跌】#-123#1111006925663
2016-11-25 13:47:05#上证|20161128期|标识:3420|【猜跌】#-123#1111006925540
2016-11-25 13:47:40#上证|20161128期|标识:3427|【猜跌】#-112#1111006925428
2016-11-25 13:47:55#上证|20161128期|标识:3430|【猜跌】#-112#1111006925316
2016-11-25 13:48:10#上证|20161128期|标识:3433|【猜跌】#-123#1111006925193
2016-11-25 13:49:45#上证|20161128期|标识:3452|【猜跌】#-123#1111006925070
2016-11-25 13:50:45#上证|20161128期|标识:3464|【猜跌】#-123#1111006924947
2016-11-25 13:51:20#上证|20161128期|标识:3471|【猜跌】#-112#1111006924835
2016-11-25 13:51:35#上证|20161128期|标识:3474|【猜跌】#-112#1111006924723
2016-11-25 13:51:50#上证|20161128期|标识:3477|【猜跌】#-123#1111006924600
2016-11-25 13:52:20#上证|20161128期|标识:3483|【猜跌】#-123#1111006924477
2016-11-25 13:52:35#上证|20161128期|标识:3486|【猜跌】#-123#1111006924354
2016-11-25 13:52:50#上证|20161128期|标识:3489|【猜跌】#-123#1111006924231
2016-11-25 13:53:10#上证|20161128期|标识:3493|【猜跌】#-112#1111006924119
2016-11-25 13:53:25#上证|20161128期|标识:3496|【猜跌】#-112#1111006924007
2016-11-25 13:55:00#上证|20161128期|标识:3515|【猜跌】#-112#1111006923895
2016-11-25 13:56:00#上证|20161128期|标识:3527|【猜跌】#-123#1111006923772
2016-11-25 13:56:15#上证|20161128期|标识:3530|【猜跌】#-123#1111006923649
2016-11-25 13:56:50#上证|20161128期|标识:3537|【猜跌】#-112#1111006923537
2016-11-25 13:57:05#上证|20161128期|标识:3540|【猜跌】#-112#1111006923425
2016-11-25 13:57:35#上证|20161128期|标识:3546|【猜跌】#-123#1111006923302
2016-11-25 13:57:50#上证|20161128期|标识:3549|【猜跌】#-123#1111006923179
2016-11-25 13:58:05#上证|20161128期|标识:3552|【猜跌】#-123#1111006923056
2016-11-25 13:59:40#上证|20161128期|标识:3571|【猜跌】#-123#1111006922933
2016-11-25 14:00:15#上证|20161128期|标识:3578|【猜跌】#-112#1111006922821
2016-11-25 14:01:15#上证|20161128期|标识:3590|【猜跌】#-123#1111006922698
2016-11-25 14:01:30#上证|20161128期|标识:3593|【猜跌】#-123#1111006922575
2016-11-25 14:01:45#上证|20161128期|标识:3596|【猜跌】#-123#1111006922452
2016-11-25 14:02:20#上证|20161128期|标识:3603|【猜跌】#-112#1111006922340
2016-11-25 14:02:50#上证|20161128期|标识:3609|【猜跌】#-112#1111006922228
2016-11-25 14:03:05#上证|20161128期|标识:3612|【猜跌】#-123#1111006922105
2016-11-25 14:03:20#上证|20161128期|标识:3615|【猜跌】#-123#1111006921982
2016-11-25 14:05:05#上证|20161128期|标识:3636|【猜跌】#-123#1111006921859
2016-11-25 14:05:20#上证|20161128期|标识:3639|【猜跌】#-123#1111006921736
2016-11-25 14:05:55#上证|20161128期|标识:3646|【猜跌】#-112#1111006921624
2016-11-25 14:06:55#上证|20161128期|标识:3658|【猜跌】#-123#1111006921501
2016-11-25 14:07:30#上证|20161128期|标识:3665|【猜跌】#-112#1111006921389
2016-11-25 14:09:30#上证|20161128期|标识:3689|【猜跌】#-123#1111006921266
2016-11-25 14:10:30#上证|20161128期|标识:3701|【猜跌】#-123#1111006921143
2016-11-25 14:11:05#上证|20161128期|标识:3708|【猜跌】#-112#1111006921031
2016-11-25 14:11:20#上证|20161128期|标识:3711|【猜跌】#-112#1111006920919
2016-11-25 14:11:35#上证|20161128期|标识:3714|【猜跌】#-123#1111006920796
2016-11-25 14:12:05#上证|20161128期|标识:3720|【猜跌】#-123#1111006920673
2016-11-25 14:12:20#上证|20161128期|标识:3723|【猜跌】#-123#1111006920550
2016-11-25 14:12:35#上证|20161128期|标识:3726|【猜跌】#-123#1111006920427
2016-11-25 14:12:55#上证|20161128期|标识:3730|【猜跌】#-112#1111006920315
2016-11-25 14:13:10#上证|20161128期|标识:3733|【猜跌】#-112#1111006920203
2016-11-25 14:14:05#上证|20161128期|标识:3744|【猜跌】#-112#1111006920091
2016-11-25 14:15:05#上证|20161128期|标识:3756|【猜跌】#-123#1111006919968
2016-11-25 14:15:20#上证|20161128期|标识:3759|【猜跌】#-123#1111006919845
2016-11-25 14:15:35#上证|20161128期|标识:3762|【猜跌】#-123#1111006919722
2016-11-25 14:16:05#上证|20161128期|标识:3768|【猜跌】#-123#1111006919599
2016-11-25 14:16:30#上证|20161128期|标识:3773|【猜跌】#-123#1111006919476
2016-11-25 14:18:05#上证|20161128期|标识:3792|【猜跌】#-123#1111006919353
2016-11-25 14:19:40#上证|20161128期|标识:3811|【猜跌】#-123#1111006919230
2016-11-25 14:19:55#上证|20161128期|标识:3814|【猜跌】#-123#1111006919107
2016-11-25 14:20:10#上证|20161128期|标识:3817|【猜跌】#-123#1111006918984
2016-11-25 14:20:40#上证|20161128期|标识:3823|【猜跌】#-123#1111006918861
2016-11-25 14:21:15#上证|20161128期|标识:3830|【猜跌】#-112#1111006918749
2016-11-25 14:21:30#上证|20161128期|标识:3833|【猜跌】#-112#1111006918637
2016-11-25 14:21:45#上证|20161128期|标识:3836|【猜跌】#-123#1111006918514
2016-11-25 14:23:20#上证|20161128期|标识:3855|【猜跌】#-123#1111006918391
2016-11-25 14:24:55#上证|20161128期|标识:3874|【猜跌】#-112#1111006918279
2016-11-25 14:25:10#上证|20161128期|标识:3877|【猜跌】#-123#1111006918156
2016-11-25 14:25:25#上证|20161128期|标识:3880|【猜跌】#-123#1111006918033
2016-11-25 14:25:55#上证|20161128期|标识:3886|【猜跌】#-123#1111006917910
2016-11-25 14:26:10#上证|20161128期|标识:3889|【猜跌】#-123#1111006917787
2016-11-25 14:26:45#上证|20161128期|标识:3896|【猜跌】#-112#1111006917675
2016-11-25 14:27:00#上证|20161128期|标识:3899|【猜跌】#-112#1111006917563
2016-11-25 14:28:35#上证|20161128期|标识:3918|【猜跌】#-123#1111006917440
2016-11-25 14:29:35#上证|20161128期|标识:3930|【猜跌】#-123#1111006917317
2016-11-25 14:29:50#上证|20161128期|标识:3933|【猜跌】#-123#1111006917194
2016-11-25 14:30:10#上证|20161128期|标识:3937|【猜跌】#-112#1111006917082
2016-11-25 14:30:25#上证|20161128期|标识:3940|【猜跌】#-112#1111006916970
2016-11-25 14:30:40#上证|20161128期|标识:3943|【猜跌】#-123#1111006916847
2016-11-25 14:31:10#上证|20161128期|标识:3949|【猜跌】#-123#1111006916724
2016-11-25 14:31:25#上证|20161128期|标识:3952|【猜跌】#-123#1111006916601
2016-11-25 14:31:40#上证|20161128期|标识:3955|【猜跌】#-123#1111006916478
2016-11-25 14:32:15#上证|20161128期|标识:3962|【猜跌】#-112#1111006916366
2016-11-25 14:33:15#上证|20161128期|标识:3974|【猜跌】#-123#1111006916243
2016-11-25 14:33:50#上证|20161128期|标识:3981|【猜跌】#-112#1111006916131
2016-11-25 14:34:50#上证|20161128期|标识:3993|【猜跌】#-123#1111006916008
2016-11-25 16:50:53#上证|20161128期|标识:3999|【猜涨】#-1000#1111006915008
2016-11-28 16:53:41#上证|20161129期|标识:4000|【猜涨】#-1000#1111006914008
2016-11-25 16:54:34#上证|20161128期|标识:4001|【猜涨】#-1000#1111006913008
2016-11-25 16:58:25#上证|20161128期|标识:4002|【猜涨】#-1000#1111006912008
2016-11-25 16:59:08#上证|20161128期|标识:4003|【猜涨】#-1000#1111006911008
2016-11-25 17:04:33#上证|20161128期|标识:4004|【猜涨】#-1000#1111006910008
2016-11-25 17:25:37#上证|20161128期|标识:4005|【猜涨】#-1000#1111006909008
2016-11-25 17:30:47#上证|20161128期|标识:4006|【猜涨】#-1000#1111006908008
2016-11-28 17:33:49#上证|20161129期|标识:4007|【猜涨】#-3000#1111006905008
2016-11-25 17:57:13#上证|20161128期|标识:4008|【猜涨】#-1000#1111006904008
2016-11-28 09:41:24#上证|20161129期|标识:4095|【猜跌】#-1000#1111006903008
2016-11-28 11:56:22#上证|20161129期|标识:4123|【猜涨】#-300#1111006902708
2016-11-28 11:56:40#上证|20161129期|标识:4124|【猜涨】#-300#1111006902408
2016-11-28 11:56:52#上证|20161129期|标识:4125|【猜跌】#-321#1111006902087
2016-11-28 11:56:59#上证|20161129期|标识:4126|【猜跌】#-3000#1111006899087
2016-11-28 11:57:24#上证|20161129期|标识:4127|【猜涨】#-123#1111006898964
2016-11-28 11:57:39#上证|20161129期|标识:4128|【猜跌】#-500#1111006898464
2016-11-28 11:57:55#上证|20161129期|标识:4129|【猜跌】#-300#1111006898164
2016-11-28 12:28:57#上证|20161129期|标识:4135|【猜涨】#-500#1111006897664
2016-11-29 10:59:04#上证|20161130期|标识:4208|【猜涨】#-1000#1111006887664
2016-11-29 10:59:13#上证|20161130期|标识:4209|【猜涨】#-3000#1111006884664
2016-11-29 10:59:27#上证|20161130期|标识:4210|【猜跌】#-500#1111006884164
2016-11-29 11:03:11#上证|20161130期|标识:4211|【猜涨】#-1000#1111006883164
2016-11-29 11:03:18#上证|20161130期|标识:4212|【猜涨】#-3000#1111006880164
2016-11-29 11:03:27#上证|20161130期|标识:4213|【猜跌】#-500#1111006879664
2016-11-30 11:03:40#<a href="/bbs/uinfo.aspx?uid=50167">该改什么名字343(50167)</a>上证【20161130】期平局退回|标识(4211)#1000#1111006880664
2016-11-30 11:03:40#<a href="/bbs/uinfo.aspx?uid=50167">该改什么名字343(50167)</a>上证【20161130】期平局退回|标识(4212)#3000#1111006883664
2016-11-30 11:03:40#<a href="/bbs/uinfo.aspx?uid=50167">该改什么名字343(50167)</a>上证【20161130】期平局退回|标识(4213)#500#1111006884164
2016-11-29 11:04:23#上证|20161130期|标识:4214|【猜涨】#-1000#1111006883164
2016-11-29 11:04:28#上证|20161130期|标识:4215|【猜涨】#-3000#1111006880164
2016-11-29 11:04:35#上证|20161130期|标识:4216|【猜跌】#-500#1111006879664
2016-11-30 11:04:54#<a href="/bbs/uinfo.aspx?uid=50167">该改什么名字343(50167)</a>上证【20161130】期平局退回|标识(4214)#1000#1111006880664
2016-11-30 11:04:54#<a href="/bbs/uinfo.aspx?uid=50167">该改什么名字343(50167)</a>上证【20161130】期平局退回|标识(4215)#3000#1111006883664
2016-11-30 11:04:54#<a href="/bbs/uinfo.aspx?uid=50167">该改什么名字343(50167)</a>上证【20161130】期平局退回|标识(4216)#500#1111006884164
2016-11-30 12:07:22#上证|20161201期|标识:4217|【猜涨】#-1000#1111006883164
2016-11-30 12:07:37#上证|20161201期|标识:4218|【猜跌】#-500#1111006882664
2016-11-30 12:07:44#上证|20161201期|标识:4219|【猜涨】#-300#1111006882364
2016-11-29 16:06:46#上证|20161130期|标识:4273|【猜涨】#-1000#1111006878364
2016-11-29 16:06:54#上证|20161130期|标识:4274|【猜涨】#-500#1111006877864
2016-11-29 16:07:00#上证|20161130期|标识:4275|【猜涨】#-300#1111006877564
2016-11-29 16:07:05#上证|20161130期|标识:4276|【猜跌】#-300#1111006877264
2016-11-29 16:20:40#上证|20161130期|标识:4280|【猜涨】#-1000#1111006876264
2016-11-29 16:20:47#上证|20161130期|标识:4282|【猜涨】#-500#1111006875764
2016-11-29 16:20:52#上证|20161130期|标识:4284|【猜涨】#-300#1111006875464
2016-11-29 16:20:57#上证|20161130期|标识:4286|【猜跌】#-500#1111006874964
2016-11-29 16:22:38#上证|20161130期|标识:4288|【猜涨】#-300#1111006874664
2016-11-29 16:22:44#上证|20161130期|标识:4290|【猜涨】#-500#1111006874164
2016-11-29 16:22:49#上证|20161130期|标识:4293|【猜涨】#-1000#1111006873164
2016-11-29 16:22:54#上证|20161130期|标识:4295|【猜跌】#-500#1111006872664
2016-11-29 16:26:49#上证|20161130期|标识:4297|【猜涨】#-1000#1111006871664
2016-11-29 16:28:58#上证|20161130期|标识:4298|【猜涨】#-1000#1111006870664
2016-11-29 16:29:20#上证|20161130期|标识:4299|【猜涨】#-5000#1111006865664
2016-11-30 16:41:46#<a href="/bbs/uinfo.aspx?uid=50167">该改什么名字343(50167)</a>上证【20161130】期兑奖|标识(4299)#4455#1111006870119
2016-11-30 16:47:31#<a href="/bbs/uinfo.aspx?uid=50167">该改什么名字343(50167)</a>上证【20161130】期兑奖|标识(4299)#4455#1111006874574
2016-11-30 16:49:26#<a href="/bbs/uinfo.aspx?uid=50167">该改什么名字343(50167)</a>上证【20161130】期兑奖|标识(4298)#891#1111006875465
