2016-12-05 09:25:26#上证|20161205期|标识:4202|【猜涨】#-1000#1111006896664
2016-12-05 09:28:14#上证|20161206期|标识:4203|【猜涨】#-1000#1111006895664
2016-12-07 09:39:44#上证|20161207期|标识:4204|【猜跌】#-3000#1111006892664
2016-12-07 09:43:15#上证|20161208期|标识:4205|【猜涨】#-3000#1111006889664
2016-12-08 09:48:28#<a href="/bbs/uinfo.aspx?uid=50167">该改什么名字343(50167)</a>上证【20161208】期平局退回|标识(4205)#3000#1111006892664
2016-12-08 09:50:33#上证|20161209期|标识:4206|【猜涨】#-1000#1111006891664
2016-12-05 10:26:11#上证|20161205期|标识:4207|【猜涨】#-3000#1111006888664
2016-12-01 12:16:43#上证|20161202期|标识:4220|【猜涨】#-3000#1111006879364
2016-12-01 14:49:00#上证|20161202期|标识:4221|【猜跌】#-500#1111006878864
2016-12-01 14:49:11#上证|20161202期|申请退回|标识(4221)#500#1111006879364
2016-12-05 09:13:41#上证|20161206期|标识:4312|【猜涨】#-300#1111006875165
2016-12-05 09:13:49#上证|20161206期|标识:4313|【猜涨】#-1000#1111006874165
2016-12-05 09:13:55#上证|20161206期|标识:4314|【猜跌】#-3000#1111006871165
2016-12-06 09:14:22#<a href="/bbs/uinfo.aspx?uid=50167">该改什么名字343(50167)</a>上证【20161206】期平局退回|标识(4312)#300#1111006871465
2016-12-06 09:14:22#<a href="/bbs/uinfo.aspx?uid=50167">该改什么名字343(50167)</a>上证【20161206】期平局退回|标识(4313)#1000#1111006872465
2016-12-06 09:14:22#<a href="/bbs/uinfo.aspx?uid=50167">该改什么名字343(50167)</a>上证【20161206】期平局退回|标识(4314)#3000#1111006875465
2016-12-05 09:16:50#上证|20161206期|标识:4315|【猜涨】#-300#1111006875165
2016-12-05 09:16:56#上证|20161206期|标识:4316|【猜涨】#-1000#1111006874165
2016-12-05 09:17:03#上证|20161206期|标识:4317|【猜涨】#-3000#1111006871165
2016-12-05 09:17:08#上证|20161206期|标识:4318|【猜跌】#-1000#1111006870165
2016-12-06 09:17:25#<a href="/bbs/uinfo.aspx?uid=50167">该改什么名字343(50167)</a>上证【20161206】期平局退回|标识(4315)#300#1111006870465
2016-12-06 09:17:25#<a href="/bbs/uinfo.aspx?uid=50167">该改什么名字343(50167)</a>上证【20161206】期平局退回|标识(4316)#1000#1111006871465
2016-12-06 09:17:25#<a href="/bbs/uinfo.aspx?uid=50167">该改什么名字343(50167)</a>上证【20161206】期平局退回|标识(4317)#3000#1111006874465
2016-12-06 09:17:25#<a href="/bbs/uinfo.aspx?uid=50167">该改什么名字343(50167)</a>上证【20161206】期平局退回|标识(4318)#1000#1111006875465
2016-12-06 09:20:50#上证|20161207期|标识:4319|【猜涨】#-1000#1111006874465
2016-12-06 09:20:58#上证|20161207期|标识:4320|【猜跌】#-1000#1111006873465
2016-12-06 09:21:03#上证|20161207期|标识:4321|【猜涨】#-500#1111006872965
2016-12-06 09:21:14#上证|20161207期|申请退回|标识(4321)#500#1111006873465
2016-12-06 09:21:26#上证|20161207期|标识:4322|【猜跌】#-3000#1111006870465
2016-12-07 09:24:53#上证|20161208期|标识:4323|【猜涨】#-3000#1111006867465
2016-12-07 09:26:45#<a href="/bbs/uinfo.aspx?uid=50167">该改什么名字343(50167)</a>上证【20161207】期兑奖|标识(4319)#4455#1111006871920
2016-12-08 12:15:34#<a href="/bbs/uinfo.aspx?uid=50167">该改什么名字343(50167)</a>上证【20161208】期兑奖|标识(4323)#3118#1111006875038
2016-12-08 12:20:31#上证|20161209期|标识:4324|【猜涨】#-3000#1111006872038
2016-12-08 12:20:38#上证|20161209期|标识:4325|【猜涨】#-1000#1111006871038
2016-12-08 12:20:43#上证|20161209期|标识:4326|【猜涨】#-3000#1111006868038
2016-12-09 12:26:13#<a href="/bbs/uinfo.aspx?uid=50167">该改什么名字343(50167)</a>上证【20161209】期兑奖|标识(4326)#2807#1111006870845
2016-12-09 14:04:53#<a href="/bbs/uinfo.aspx?uid=50167">该改什么名字343(50167)</a>上证【20161209】期兑奖|标识(4324)#2807#1111006873652
2016-12-09 14:05:07#<a href="/bbs/uinfo.aspx?uid=50167">该改什么名字343(50167)</a>上证【20161209】期兑奖|标识(4325)#936#1111006874588
2016-12-16 14:45:39#上证|20161219期|标识:4545|【猜涨】#-1000#1111006873588
2016-12-16 14:46:00#上证|20161219期|标识:4546|【猜涨】#-500#1111006873088
2016-12-19 15:09:47#上证|20161220期|标识:4547|【猜涨】#-3000#1111006870088
2016-12-19 16:01:56#上证【20161219】期兑奖|标识(4546)#3231#1111006873319
2016-12-19 16:06:20#上证【20161219】期兑奖|标识(4545)#6461#1111006879780
2016-12-20 10:27:56#上证|20161220期|标识:4548|【猜涨】#-500#1111006879280
2016-12-20 11:19:25#上证|20161220期|标识:4549|【猜涨】#-1000#1111006878280
2016-12-20 11:19:55#上证|20161220期|标识:4550|【猜跌】#-1000#1111006877280
2016-12-20 11:46:56#上证|20161220期|标识:4551|【猜涨】#-500#1111006876780
2016-12-09 14:30:02#上证|20161212期|标识:4552|【猜涨】#-1000#1111006875780
2016-12-09 14:30:30#上证|20161212期|标识:4553|【猜跌】#-500#1111006875280
2016-12-09 14:31:22#上证|20161212期|标识:4554|【猜涨】#-300#1111006874980
2016-12-09 14:32:24#上证|20161212期|标识:4555|【猜涨】#-3000#1111006871980
2016-12-05 14:56:40#上证|20161206期|标识:4556|【猜涨】#-1000#1111006870980
2016-12-05 14:56:56#上证|20161206期|标识:4557|【猜跌】#-1000#1111006869980
2016-12-05 14:57:14#上证|20161206期|标识:4558|【猜涨】#-500#1111006869480
2016-12-05 14:58:06#上证|20161206期|标识:4559|【猜涨】#-500#1111006868980
2016-12-05 15:00:39#上证|20161206期|标识:4560|【猜涨】#-500#1111006868480
2016-12-05 15:01:06#上证|20161206期|标识:4561|【猜涨】#-300#1111006868180
2016-12-05 15:43:41#上证|20161206期|标识:4562|【猜涨】#-300#1111006867880
2016-12-05 16:40:14#上证|20161206期|标识:4564|【猜涨】#-300#1111006867580
2016-12-05 16:40:27#上证|20161206期|标识:4565|【猜涨】#-500#1111006867080
2016-12-05 16:40:38#上证|20161206期|标识:4566|【猜跌】#-1000#1111006866080
2016-12-12 09:44:03#上证【20161206】期兑奖|标识(4565)#1002#1111006867082
2016-12-12 10:25:27#上证【20161206】期兑奖|标识(4567)#981#1111006868063
2016-12-07 10:27:59#上证|20161207期|标识:4570|【猜涨】#-3000#1111006865063
2016-12-07 10:29:21#上证【20161206】期兑奖|标识(4564)#601#1111006865664
2016-12-07 10:29:48#上证【20161207】期兑奖|标识(4571)#2772#1111006868436
2016-12-06 10:38:29#上证|20161206期|标识:4572|【猜涨】#-1000#1111006867436
2016-12-06 10:38:38#上证|20161206期|标识:4573|【猜涨】#-3000#1111006864436
2016-12-06 10:39:48#上证【20161206】期兑奖|标识(4573)#2673#1111006867109
2016-12-06 12:03:27#上证|20161207期|标识:4576|【猜涨】#-1000#1111006866109
2016-12-06 12:03:40#上证|20161207期|标识:4577|【猜涨】#-500#1111006865609
2016-12-06 14:13:34#上证|20161207期|申请退回|标识(4577)#500#1111006866109
2016-12-07 14:40:46#上证【20161207】期兑奖|标识(4576)#891#1111006867000
2016-12-07 09:11:10#上证|20161208期|标识:4607|【猜涨】#-1000#1111006866000
2016-12-08 09:11:32#上证【20161208】期平局退回|标识(4607)#1000#1111006867000
2016-12-07 09:38:14#上证|20161208期|标识:4609|【猜涨】#-1000#1111006866000
2016-12-08 09:39:16#上证【20161208】期平局退回|标识(4609)#1000#1111006867000
2016-12-07 11:20:47#上证|20161208期|标识:4615|【猜涨】#-500#1111006866500
2016-12-07 11:20:56#上证|20161208期|标识:4616|【猜涨】#-1000#1111006865500
2016-12-07 11:21:06#上证|20161208期|标识:4617|【猜跌】#-500#1111006865000
2016-12-08 12:21:43#上证|20161208期|标识:4619|【猜涨】#-1000#1111006864000
2016-12-14 17:17:28#上证|20161215期|标识:18933|【猜涨】#-1002#1111006862998
2016-12-14 17:23:48#上证|20161215期|标识:18934|【猜涨】#-1002#1111006861996
2016-12-14 17:33:54#上证|20161215期|标识:18935|【猜涨】#-1002#1111006860994
2016-12-15 17:35:12#上证【20161215】期兑奖|标识(18935)#902#1111006861896
2016-12-14 17:47:17#上证|20161215期|标识:18936|【猜涨】#-1002#1111006860894
2016-12-15 17:47:53#上证【20161215】期兑奖|标识(18936)#902#1111006861796
2016-12-22 09:50:08#打赏给ID:727#-10#1111006861786
