2016-04-01 09:36:40#回帖积分#5#8759407
2016-04-09 15:52:44#发派币帖子#-1233#8758174
2016-04-09 15:52:45#发贴积分#10#8758184
2016-04-09 15:53:29#回帖积分#5#8758189
2016-04-09 15:53:41#派币帖回帖获得#37#8758226
2016-04-09 15:53:41#回帖积分#5#8758231
2016-04-09 15:57:51#回帖积分#5#8758236
2016-04-09 15:58:13#发悬赏帖子#-112#8758124
2016-04-09 15:58:13#发贴积分#10#8758134
2016-04-09 15:58:44#发贴积分#10#8758144
2016-04-09 15:59:00#回帖积分#5#8758149
2016-04-09 16:01:44#发派币帖子#-120#8758029
2016-04-09 16:01:57#派币帖回帖获得#12#8758041
2016-04-09 16:01:57#回帖积分#5#8758046
2016-04-09 16:06:51#发派币帖子#-1233#8756813
2016-04-09 16:07:07#派币帖回帖获得#111#8756924
2016-04-18 11:48:18#发贴积分#10#8756934
2016-04-22 16:38:16#发派币帖子#-1234#8755739
2016-04-22 16:38:17#发贴积分#10#8755749
2016-04-22 16:56:08#圈子取款#123#8755872
2016-04-22 17:00:50#发派币帖子#-123#8755749
2016-04-22 17:01:12#派币帖回帖获得#12#8755761
2016-04-22 17:03:39#发派币帖子#-123#8755638
2016-04-22 17:03:46#派币帖回帖获得#12#8755650
2016-04-22 17:04:01#派币帖回帖获得#12#8755662
2016-04-22 17:04:08#派币帖回帖获得#12#8755674
2016-04-22 17:04:13#派币帖回帖获得#12#8755686
2016-04-22 17:04:49#派币帖回帖获得#12#8755698
2016-04-22 17:04:56#派币帖回帖获得#12#8755710
2016-04-22 17:05:02#派币帖回帖获得#12#8755722
2016-04-22 17:05:16#派币帖回帖获得#2#8755724
2016-04-22 17:07:54#圈子取款#12#8755736
2016-04-22 17:48:03#打赏给ID:666777#-123#8755613
2016-04-22 17:49:14#圈子取款#12#8755625
2016-04-22 17:51:56#发派币帖子#-12#8755613
2016-04-22 17:52:59#发派币帖子#-123#8755490
2016-04-22 17:53:06#派币帖回帖获得#12#8755502
2016-04-22 17:53:15#派币帖回帖获得#12#8755514
2016-04-22 17:53:47#派币帖回帖获得#12#8755526
2016-04-22 17:53:53#派币帖回帖获得#12#8755538
2016-04-22 17:54:14#派币帖回帖获得#12#8755550
2016-04-22 17:54:35#派币帖回帖获得#2#8755552
2016-04-22 17:55:27#发派币帖子#-123#8755429
2016-04-22 17:55:44#派币帖回帖获得#15#8755444
2016-04-22 17:55:56#派币帖回帖获得#15#8755459
2016-04-22 17:56:03#派币帖回帖获得#15#8755474
2016-04-22 17:56:42#派币帖回帖获得#15#8755489
2016-04-22 17:56:48#派币帖回帖获得#2#8755491
2016-04-22 17:57:45#发派币帖子#-123#8755368
2016-04-22 17:57:58#派币帖回帖获得#50#8755418
2016-04-22 17:59:34#发派币帖子#-123#8755295
2016-04-22 17:59:40#派币帖回帖获得#50#8755345
2016-04-22 18:02:03#圈子取款#12#8755357
2016-04-23 09:09:28#圈子取款#12#8755369
