2016-11-14 15:57:01#二八第791725期押二段-标识1979#-300#5407200
2016-11-14 15:57:06#二八第791725期押一段-标识1983#-300#5406900
2016-11-14 15:57:20#二八第791725期押一段-标识1991#-300#5406600
2016-11-14 15:58:17#二八第792081期押一段-标识2010#-300#5406300
2016-11-14 15:58:28#二八第792081期押二段-标识2013#-300#5406000
2016-11-14 15:59:00#二八第792081期押二段-标识2018#-300#5405700
2016-11-14 16:01:13#二八第792082期押一段-标识2040#-300#5405400
2016-11-14 16:02:21#二八第792082期押二段-标识2052#-300#5405100
2016-11-14 16:03:14#二八第792082期押二段-标识2061#-300#5404800
2016-11-14 16:06:25#二八第792083期押一段-标识2086#-300#5404500
2016-11-14 16:07:02#二八第792083期押一段-标识2092#-300#5404200
2016-11-14 16:08:06#二八第792083期押押大-标识2100#-300#5403900
2016-11-14 16:11:43#二八第792084期押一段-标识2132#-300#5403600
2016-11-14 16:15:10#二八第792085期押二段-标识2156#-300#5403300
2016-11-14 16:15:52#二八第792085期押一段-标识2164#-300#5403000
2016-11-14 16:16:45#二八第792085期押一段-标识2174#-300#5402700
2016-11-14 16:20:59#二八第792086期押二段-标识2209#-300#5402400
2016-11-14 16:21:52#二八第792086期押小双-标识2218#-300#5402100
2016-11-14 16:23:06#二八第792086期押一段-标识2230#-300#5401800
2016-11-14 16:26:33#二八第792087期押二段-标识2259#-300#5401500
2016-11-14 16:31:41#二八第792088期押大双-标识2304#-300#5401200
2016-11-14 16:32:34#二八第792088期押一段-标识2312#-300#5400900
2016-11-14 16:33:26#二八第792088期押一段-标识2319#-300#5400600
2016-11-14 16:36:21#二八第792089期押二段-标识2345#-300#5400300
2016-11-14 16:39:21#二八第792089期押二段-标识2373#-300#5400000
2016-11-14 16:40:14#二八第792090期押二段-标识2379#-300#5399700
2016-11-14 16:40:57#二八第792090期押一段-标识2387#-300#5399400
2016-11-14 16:42:37#二八第792090期押二段-标识2404#-300#5399100
2016-11-14 16:47:13#二八第792091期押大双-标识2446#-300#5398800
2016-11-14 16:49:04#二八第792091期押二段-标识2460#-300#5398500
2016-11-14 16:50:18#二八第792092期押一段-标识2473#-300#5398200
2016-11-14 16:51:17#二八第792092期押一段-标识2484#-300#5397900
2016-11-14 16:51:48#二八第792092期押二段-标识2489#-300#5397600
2016-11-14 16:55:57#二八第792093期押一段-标识2522#-300#5397300
2016-11-14 16:57:38#二八第792093期押二段-标识2538#-300#5397000
2016-11-14 17:00:54#二八第792094期押二段-标识2564#-300#5396700
2016-11-14 17:02:24#二八第792094期押二段-标识2578#-300#5396400
2016-11-14 17:03:38#二八第792094期押一段-标识2590#-300#5396100
2016-11-14 17:07:05#二八第792095期押二段-标识2615#-300#5395800
2016-11-14 17:07:57#二八第792095期押二段-标识2623#-300#5395500
2016-11-14 17:10:20#二八第792096期押一段-标识2642#-300#5395200
2016-11-14 17:16:58#二八第792097期押一段-标识2701#-300#5394900
2016-11-14 17:17:19#二八第792097期押一段-标识2705#-300#5394600
2016-11-14 17:20:24#二八第792098期押二段-标识2730#-300#5394300
2016-11-14 17:22:26#二八第792098期押一段-标识2750#-300#5394000
2016-11-14 17:22:47#二八第792098期押一段-标识2753#-300#5393700
2016-11-14 17:26:51#二八第792099期押二段-标识2786#-300#5393400
2016-11-14 17:29:14#二八第792099期押二段-标识2806#-300#5393100
2016-11-14 17:30:07#二八第792100期押二段-标识2811#-300#5392800
2016-11-14 17:31:21#二八第792100期押一段-标识2824#-300#5392500
2016-11-14 17:31:58#二八第792100期押一段-标识2829#-300#5392200
2016-11-14 17:37:06#二八第792101期押押大-标识2874#-300#5391900
2016-11-14 17:38:20#二八第792101期押一段-标识2887#-300#5391600
2016-11-14 17:38:57#二八第792101期押大双-标识2891#-300#5391300
2016-11-14 17:40:21#二八第792102期押一段-标识2900#-300#5391000
2016-11-14 17:41:30#二八第792102期押二段-标识2912#-300#5390700
2016-11-14 17:41:52#二八第792102期押二段-标识2916#-300#5390400
2016-11-14 17:45:39#二八第792103期押二段-标识2949#-300#5390100
2016-11-14 17:46:53#二八第792103期押一段-标识2962#-300#5389800
2016-11-14 17:47:31#二八第792103期押一段-标识2968#-300#5389500
2016-11-14 17:51:18#二八第792104期押一段-标识2996#-300#5389200
2016-11-14 17:54:24#二八第792104期押一段-标识3023#-300#5388900
2016-11-14 17:54:55#二八第792104期押一段-标识3026#-300#5388600
2016-11-14 17:55:33#二八第792105期押一段-标识3032#-300#5388300
2016-11-14 17:59:15#二八第792105期押二段-标识3063#-300#5388000
2016-11-14 18:03:40#二八第792106期押一段-标识3100#-300#5387700
2016-11-14 18:07:07#二八第792107期押一段-标识3129#-300#5387400
2016-11-14 18:10:38#二八第792108期押二段-标识3149#-300#5387100
2016-11-14 18:11:37#二八第792108期押一段-标识3160#-300#5386800
2016-11-14 18:12:08#二八第792108期押二段-标识3166#-300#5386500
2016-11-14 18:15:29#二八第792109期押大双-标识3189#-300#5386200
2016-11-14 18:16:22#二八第792109期押一段-标识3198#-300#5385900
2016-11-14 18:18:03#二八第792109期押二段-标识3216#-300#5385600
2016-11-14 18:20:52#二八第792110期押二段-标识3238#-300#5385300
2016-11-14 18:22:07#二八第792110期押一段-标识3250#-300#5385000
2016-11-14 18:22:44#二八第792110期押一段-标识3255#-300#5384700
2016-11-14 18:27:14#二八第792111期押二段-标识3291#-300#5384400
2016-11-14 18:28:28#二八第792111期押一段-标识3303#-300#5384100
2016-11-14 18:29:31#二八第792111期押押大-标识3310#-300#5383800
2016-11-14 18:30:24#二八第792112期押押大-标识3315#-300#5383500
2016-11-14 18:32:05#二八第792112期押二段-标识3333#-300#5383200
2016-11-14 18:32:58#二八第792112期押二段-标识3341#-300#5382900
2016-11-14 18:36:14#二八第792113期押一段-标识3366#-300#5382600
2016-11-14 18:39:30#二八第792113期押一段-标识3393#-300#5382300
2016-11-14 18:40:23#二八第792114期押一段-标识3397#-300#5382000
2016-11-14 18:40:54#二八第792114期押一段-标识3402#-300#5381700
2016-11-14 18:42:03#二八第792114期押二段-标识3413#-300#5381400
2016-11-14 18:47:16#二八第792115期押押大-标识3455#-300#5381100
2016-11-14 18:47:48#二八第792115期押押大-标识3461#-300#5380800
2016-11-14 18:48:40#二八第792115期押一段-标识3467#-300#5380500
2016-11-14 18:50:16#二八第792116期押一段-标识3474#-300#5380200
2016-11-14 18:51:09#二八第792116期押一段-标识3483#-300#5379900
2016-11-14 18:52:39#二八第792116期押二段-标识3498#-300#5379600
2016-11-14 18:56:05#二八第792117期押二段-标识3525#-300#5379300
2016-11-14 18:56:37#二八第792117期押二段-标识3530#-300#5379000
2016-11-14 18:56:58#二八第792117期押一段-标识3533#-300#5378700
2016-11-14 19:00:56#二八第792118期押二段-标识3561#-300#5378400
2016-11-14 19:02:11#二八第792118期押一段-标识3573#-300#5378100
2016-11-14 19:03:41#二八第792118期押一段-标识3587#-300#5377800
2016-11-14 19:05:16#二八第792119期押二段-标识3597#-300#5377500
2016-11-14 19:07:39#二八第792119期押二段-标识3622#-300#5377200
2016-11-14 19:08:32#二八第792119期押一段-标识3629#-300#5376900
2016-11-14 19:10:50#二八第792120期押一段-标识3648#-300#5376600
2016-11-14 19:13:44#二八第792120期押一段-标识3678#-300#5376300
2016-11-14 19:14:21#二八第792120期押二段-标识3683#-300#5376000
2016-11-14 19:15:14#二八第792121期押一段-标识3688#-300#5375700
2016-11-14 19:18:20#二八第792121期押二段-标识3720#-300#5375400
2016-11-14 19:19:44#二八第792121期押二段-标识3728#-300#5375100
2016-11-14 19:20:37#二八第792122期押二段-标识3735#-300#5374800
2016-11-14 19:21:51#二八第792122期押一段-标识3748#-300#5374500
2016-11-14 19:24:25#二八第792122期押一段-标识3769#-300#5374200
2016-11-14 19:25:29#二八第792123期押一段-标识3775#-300#5373900
2016-11-14 19:27:30#二八第792123期押二段-标识3796#-300#5373600
2016-11-14 19:28:23#二八第792123期押二段-标识3805#-300#5373300
2016-11-14 19:30:30#二八第792124期押二段-标识3818#-300#5373000
2016-11-14 19:31:23#二八第792124期押押大-标识3827#-300#5372700
2016-11-14 19:32:16#二八第792124期押一段-标识3837#-300#5372400
2016-11-14 19:36:52#二八第792125期押一段-标识3879#-300#5372100
2016-11-14 19:39:20#二八第792125期押一段-标识3893#-300#5371800
2016-11-14 19:41:01#二八第792126期押二段-标识3905#-300#5371500
2016-11-14 19:41:53#二八第792126期押押大-标识3914#-300#5371200
2016-11-14 19:43:18#二八第792126期押二段-标识3927#-300#5370900
2016-11-14 19:45:36#二八第792127期押一段-标识3941#-300#5370600
2016-11-14 19:46:13#二八第792127期押一段-标识3947#-300#5370300
2016-11-14 19:47:06#二八第792127期押大双-标识3957#-300#5370000
2016-11-14 19:50:32#二八第792128期押二段-标识3982#-300#5369700
2016-11-14 19:53:17#二八第792128期押一段-标识4008#-300#5369400
2016-11-14 19:55:18#二八第792129期押大双-标识4024#-300#5369100
2016-11-14 19:58:13#二八第792129期押二段-标识4051#-300#5368800
2016-11-14 19:59:59#二八第792129期押一段-标识4062#-300#5368500
2016-11-14 20:02:01#二八第792130期押二段-标识4083#-300#5368200
2016-11-14 20:03:15#二八第792130期押一段-标识4095#-300#5367900
2016-11-14 20:03:52#二八第792130期押二段-标识4101#-300#5367600
2016-11-14 20:09:15#二八第792131期押二段-标识4149#-300#5367300
2016-11-14 20:11:01#二八第792132期押一段-标识4161#-300#5367000
2016-11-14 20:12:52#二八第792132期押一段-标识4180#-300#5366700
2016-11-14 20:13:03#二八第792132期押二段-标识4181#-300#5366400
2016-11-14 20:15:58#二八第792133期押二段-标识4202#-300#5366100
2016-11-14 20:17:12#二八第792133期押一段-标识4214#-300#5365800
2016-11-14 20:18:36#二八第792133期押一段-标识4226#-300#5365500
2016-11-14 20:21:52#二八第792134期押一段-标识4256#-300#5365200
2016-11-14 20:22:30#二八第792134期押一段-标识4262#-300#5364900
2016-11-14 20:26:28#二八第792135期押小双-标识4294#-300#5364600
2016-11-14 20:29:38#二八第792135期押一段-标识4317#-300#5364300
2016-11-14 20:32:33#二八第792136期押二段-标识4345#-300#5364000
2016-11-14 20:33:10#二八第792136期押小双-标识4351#-300#5363700
2016-11-14 20:34:24#二八第792136期押一段-标识4360#-300#5363400
2016-11-14 20:35:28#二八第792137期押大双-标识4368#-300#5363100
2016-11-14 20:37:30#二八第792137期押二段-标识4388#-300#5362800
2016-11-14 20:39:37#二八第792137期押一段-标识4405#-300#5362500
2016-11-14 20:41:07#二八第792138期押一段-标识4420#-300#5362200
2016-11-14 20:41:17#二八第792138期押二段-标识4422#-300#5361900
2016-11-14 20:41:44#二八第792138期押二段-标识4426#-300#5361600
2016-11-14 20:45:53#二八第792139期押二段-标识4461#-300#5361300
2016-11-14 20:48:16#二八第792139期押二段-标识4484#-300#5361000
2016-11-14 20:48:37#二八第792139期押二段-标识4487#-300#5360700
2016-11-14 20:50:07#二八第792140期押二段-标识4498#-300#5360400
2016-11-14 20:53:02#二八第792140期押二段-标识4528#-300#5360100
2016-11-14 20:53:55#二八第792140期押二段-标识4534#-300#5359800
2016-11-14 20:55:41#二八第792141期押押大-标识4546#-300#5359500
2016-11-14 20:59:02#二八第792141期押大双-标识4578#-300#5359200
2016-11-14 20:59:55#二八第792141期押一段-标识4581#-300#5358900
2016-11-14 21:01:57#二八第792142期押二段-标识4601#-300#5358600
2016-11-14 21:03:11#二八第792142期押一段-标识4612#-300#5358300
2016-11-14 21:04:41#二八第792142期押一段-标识4624#-300#5358000
2016-11-14 21:05:13#二八第792143期押二段-标识4627#-300#5357700
2016-11-14 21:07:04#二八第792143期押大双-标识4648#-300#5357400
2016-11-14 21:09:27#二八第792143期押二段-标识4667#-300#5357100
2016-11-14 21:10:20#二八第792144期押押大-标识4671#-300#5356800
2016-11-14 21:11:50#二八第792144期押二段-标识4687#-300#5356500
2016-11-14 21:12:49#二八第792144期押二段-标识4696#-300#5356200
2016-11-14 21:16:57#二八第792145期押二段-标识4730#-300#5355900
2016-11-14 21:17:19#二八第792145期押一段-标识4733#-300#5355600
2016-11-14 21:19:20#二八第792145期押二段-标识4749#-300#5355300
2016-11-14 21:20:13#二八第792146期押二段-标识4752#-300#5355000
2016-11-14 21:20:51#二八第792146期押二段-标识4759#-300#5354700
2016-11-14 21:24:59#二八第792146期押二段-标识4796#-300#5354400
2016-11-14 21:26:14#二八第792147期押一段-标识4809#-300#5354100
2016-11-14 21:27:23#二八第792147期押押大-标识4822#-300#5353800
2016-11-14 21:28:21#二八第792147期押二段-标识4831#-300#5353500
2016-11-14 21:32:30#二八第792148期押二段-标识4866#-300#5353200
2016-11-14 21:35:24#二八第792149期押二段-标识4888#-300#5352900
2016-11-14 21:37:37#二八第792149期押一段-标识4912#-300#5352600
2016-11-14 21:40:42#二八第792150期押二段-标识4935#-300#5352300
2016-11-14 21:41:56#二八第792150期押一段-标识4948#-300#5352000
2016-11-14 21:43:48#二八第792150期押一段-标识4965#-300#5351700
2016-11-14 21:45:23#二八第792151期押二段-标识4975#-300#5351400
2016-11-14 21:46:00#二八第792151期押二段-标识4980#-300#5351100
2016-11-14 21:46:53#二八第792151期押二段-标识4989#-300#5350800
2016-11-14 21:50:41#二八第792152期押二段-标识5014#-300#5350500
2016-11-14 21:51:55#二八第792152期押一段-标识5027#-300#5350200
2016-11-14 21:52:48#二八第792152期押一段-标识5035#-300#5349900
2016-11-14 21:55:27#二八第792153期押二段-标识5052#-300#5349600
2016-11-14 21:57:02#二八第792153期押一段-标识5069#-300#5349300
2016-11-14 21:59:04#二八第792153期押二段-标识5088#-300#5349000
2016-11-14 22:00:18#二八第792154期押一段-标识5094#-300#5348700
2016-11-14 22:02:46#二八第792154期押一段-标识5120#-300#5348400
2016-11-14 22:05:04#二八第792155期押一段-标识5135#-300#5348100
2016-11-14 22:06:13#二八第792155期押二段-标识5147#-300#5347800
2016-11-14 22:07:27#二八第792155期押一段-标识5160#-300#5347500
2016-11-14 22:10:48#二八第792156期押一段-标识5186#-300#5347200
2016-11-14 22:14:36#二八第792156期押二段-标识5221#-300#5346900
2016-11-14 22:15:34#二八第792157期押二段-标识5227#-300#5346600
2016-11-14 22:17:26#二八第792157期押二段-标识5246#-300#5346300
2016-11-14 22:18:40#二八第792157期押一段-标识5258#-300#5346000
2016-11-14 22:20:21#二八第792158期押二段-标识5272#-300#5345700
2016-11-14 22:21:24#二八第792158期押一段-标识5282#-300#5345400
2016-11-14 22:22:54#二八第792158期押二段-标识5299#-300#5345100
2016-11-14 22:26:47#二八第792159期押二段-标识5332#-300#5344800
2016-11-14 22:27:08#二八第792159期押二段-标识5336#-300#5344500
2016-11-14 22:28:01#二八第792159期押押大-标识5345#-300#5344200
2016-11-14 22:30:24#二八第792160期押押大-标识5359#-300#5343900
2016-11-14 22:31:02#二八第792160期押二段-标识5365#-300#5343600
2016-11-14 22:32:16#二八第792160期押一段-标识5378#-300#5343300
2016-11-14 22:37:02#二八第792161期押二段-标识5420#-300#5343000
2016-11-14 22:37:28#二八第792161期押二段-标识5425#-300#5342700
2016-11-14 22:38:00#二八第792161期押二段-标识5429#-300#5342400
2016-11-14 22:40:55#二八第792162期押二段-标识5450#-300#5342100
2016-11-14 22:42:09#二八第792162期押一段-标识5463#-300#5341800
2016-11-14 22:44:53#二八第792162期押一段-标识5489#-300#5341500
2016-11-14 22:45:30#二八第792163期押大双-标识5494#-300#5341200
2016-11-14 22:45:51#二八第792163期押一段-标识5498#-300#5340900
2016-11-14 22:46:44#二八第792163期押一段-标识5508#-300#5340600
2016-11-14 22:51:41#二八第792164期押二段-标识5552#-300#5340300
2016-11-14 22:52:55#二八第792164期押一段-标识5566#-300#5340000
2016-11-14 22:53:32#二八第792164期押大双-标识5572#-300#5339700
2016-11-14 22:55:18#二八第792165期押一段-标识5581#-300#5339400
2016-11-14 22:57:09#二八第792165期押一段-标识5601#-300#5339100
2016-11-14 23:00:04#二八第792165期押二段-标识5623#-300#5338800
2016-11-14 23:01:03#二八第792166期押二段-标识5633#-300#5338500
2016-11-14 23:02:17#二八第792166期押大双-标识5647#-300#5338200
2016-11-14 23:04:50#二八第792166期押二段-标识5666#-300#5337900
2016-11-14 23:07:13#二八第792167期押二段-标识5690#-300#5337600
2016-11-14 23:09:05#二八第792167期押二段-标识5706#-300#5337300
2016-11-14 23:09:26#二八第792167期押一段-标识5709#-300#5337000
2016-11-14 23:10:19#二八第792168期押大双-标识5715#-300#5336700
2016-11-14 23:14:44#二八第792168期押二段-标识5754#-300#5336400
2016-11-14 23:15:36#二八第792169期押二段-标识5760#-300#5336100
2016-11-14 23:15:58#二八第792169期押一段-标识5763#-300#5335800
2016-11-14 23:16:35#二八第792169期押二段-标识5769#-300#5335500
2016-11-14 23:20:12#二八第792170期押一段-标识5796#-300#5335200
2016-11-14 23:21:05#二八第792170期押一段-标识5805#-300#5334900
2016-11-14 23:23:07#二八第792170期押押大-标识5827#-300#5334600
2016-11-14 23:30:05#二八第792172期押二段-标识5880#-300#5334300
2016-11-14 23:33:05#二八第792172期押二段-标识5912#-300#5334000
2016-11-14 23:34:20#二八第792172期押押大-标识5922#-300#5333700
2016-11-14 23:35:12#二八第792173期押一段-标识5926#-300#5333400
2016-11-14 23:39:58#二八第792173期押一段-标识5971#-300#5333100
2016-11-14 23:42:32#二八第792174期押二段-标识5995#-300#5332800
2016-11-14 23:43:46#二八第792174期押一段-标识6007#-300#5332500
2016-11-14 23:44:39#二八第792174期押一段-标识6014#-300#5332200
2016-11-14 23:46:20#二八第792175期押二段-标识6028#-300#5331900
2016-11-14 23:48:32#二八第792175期押一段-标识6048#-300#5331600
2016-11-14 23:50:34#二八第792176期押二段-标识6063#-300#5331300
2016-11-14 23:51:48#二八第792176期押一段-标识6077#-300#5331000
2016-11-14 23:53:50#二八第792176期押二段-标识6093#-300#5330700
2016-11-14 23:55:36#二八第792177期押一段-标识6103#-300#5330400
2016-11-14 23:56:13#二八第792177期押二段-标识6109#-300#5330100
2016-11-14 23:56:34#二八第792177期押一段-标识6113#-300#5329800
2016-11-15 09:02:01#二八第792177期押二段-标识6160#-300#5329500
2016-11-15 09:02:27#二八第792177期押二段-标识6162#-300#5329200
2016-11-15 09:03:20#二八第792177期押一段-标识6170#-300#5328900
2016-11-15 09:11:54#二八第792179期押一段-标识6208#-300#5328600
2016-11-15 09:13:56#二八第792179期押二段-标识6225#-300#5328300
2016-11-15 09:16:13#二八第792180期押二段-标识6242#-300#5328000
2016-11-15 09:18:52#二八第792180期押一段-标识6266#-300#5327700
2016-11-15 09:19:45#二八第792180期押一段-标识6269#-300#5327400
2016-11-15 09:21:47#二八第792181期押二段-标识6289#-300#5327100
2016-11-15 09:23:01#二八第792181期押一段-标识6300#-300#5326800
2016-11-15 09:26:01#二八第792182期押大双-标识6325#-300#5326500
2016-11-15 09:28:46#二八第792182期押二段-标识6352#-300#5326200
2016-11-15 09:31:40#二八第792183期押二段-标识6381#-300#5325900
2016-11-15 09:33:37#二八第792183期押一段-标识6399#-300#5325600
2016-11-15 09:36:42#二八第792184期押二段-标识6424#-300#5325300
2016-11-15 09:37:57#二八第792184期押一段-标识6435#-300#5325000
2016-11-15 09:38:34#二八第792184期押二段-标识6440#-300#5324700
2016-11-15 09:40:36#二八第792185期押一段-标识6455#-300#5324400
2016-11-15 09:43:25#二八第792185期押一段-标识6483#-300#5324100
2016-11-15 09:45:01#二八第792185期押押大-标识6494#-300#5323800
2016-11-15 09:50:35#二八第792187期押一段-标识6539#-300#5323500
2016-11-15 09:52:58#二八第792187期押二段-标识6565#-300#5323200
2016-11-15 09:54:12#二八第792187期押一段-标识6575#-300#5322900
2016-11-15 09:57:33#二八第792188期押一段-标识6604#-300#5322600
2016-11-15 10:00:28#二八第792189期押二段-标识6625#-300#5322300
2016-11-15 10:03:49#二八第792189期押二段-标识6654#-300#5322000
2016-11-15 10:05:03#二八第792189期押一段-标识6664#-300#5321700
2016-11-15 10:06:12#二八第792190期押二段-标识6675#-300#5321400
2016-11-15 10:07:26#二八第792190期押一段-标识6688#-300#5321100
2016-11-15 10:09:18#二八第792190期押一段-标识6704#-300#5320800
2016-11-15 10:10:26#二八第792191期押二段-标识6714#-300#5320500
2016-11-15 10:10:48#二八第792191期押二段-标识6718#-300#5320200
2016-11-15 10:11:09#二八第792191期押一段-标识6722#-300#5319900
2016-11-15 10:16:27#二八第792192期押二段-标识6769#-300#5319600
2016-11-15 10:17:25#二八第792192期押二段-标识6779#-300#5319300
2016-11-15 10:19:48#二八第792192期押二段-标识6796#-300#5319000
2016-11-15 10:21:02#二八第792193期押押大-标识6806#-300#5318700
2016-11-15 10:24:18#二八第792193期押二段-标识6838#-300#5318400
2016-11-15 10:24:55#二八第792193期押二段-标识6842#-300#5318100
2016-11-15 10:26:09#二八第792194期押一段-标识6854#-300#5317800
2016-11-15 10:27:18#二八第792194期押二段-标识6866#-300#5317500
2016-11-15 10:31:59#二八第792195期押二段-标识6904#-300#5317200
2016-11-15 10:33:29#二八第792195期押二段-标识6918#-300#5316900
2016-11-15 10:34:22#二八第792195期押二段-标识6922#-300#5316600
2016-11-15 10:36:13#二八第792196期押二段-标识6938#-300#5316300
2016-11-15 10:38:20#二八第792196期押押大-标识6957#-300#5316000
2016-11-15 10:40:22#二八第792197期押二段-标识6970#-300#5315700
2016-11-15 10:40:59#二八第792197期押二段-标识6977#-300#5315400
2016-11-15 10:41:20#二八第792197期押一段-标识6981#-300#5315100
2016-11-15 10:46:06#二八第792198期押二段-标识7020#-300#5314800
2016-11-15 10:49:49#二八第792198期押二段-标识7050#-300#5314500
2016-11-15 10:51:03#二八第792199期押一段-标识7062#-300#5314200
2016-11-15 10:53:53#二八第792199期押一段-标识7090#-300#5313900
2016-11-15 10:54:46#二八第792199期押一段-标识7094#-300#5313600
2016-11-15 10:55:54#二八第792200期押二段-标识7104#-300#5313300
2016-11-15 10:56:47#二八第792200期押二段-标识7114#-300#5313000
2016-11-15 10:58:33#二八第792200期押一段-标识7130#-300#5312700
2016-11-15 11:00:35#二八第792201期押二段-标识7144#-300#5312400
2016-11-15 11:01:18#二八第792201期押一段-标识7151#-300#5312100
2016-11-15 11:01:55#二八第792201期押一段-标识7158#-300#5311800
2016-11-15 11:05:32#二八第792202期押一段-标识7186#-300#5311500
2016-11-15 11:07:02#二八第792202期押二段-标识7203#-300#5311200
2016-11-15 11:07:44#二八第792202期押一段-标识7210#-300#5310900
2016-11-15 11:11:06#二八第792203期押押大-标识7234#-300#5310600
2016-11-15 11:11:43#二八第792203期押二段-标识7241#-300#5310300
2016-11-15 11:16:29#二八第792204期押二段-标识7283#-300#5310000
2016-11-15 11:17:43#二八第792204期押一段-标识7295#-300#5309700
2016-11-15 11:20:06#二八第792205期押二段-标识7315#-300#5309400
2016-11-15 11:20:27#二八第792205期押一段-标识7319#-300#5309100
2016-11-15 11:22:50#二八第792205期押二段-标识7342#-300#5308800
2016-11-15 11:27:26#二八第792206期押一段-标识7382#-300#5308500
2016-11-15 11:29:17#二八第792206期押二段-标识7400#-300#5308200
2016-11-15 11:29:54#二八第792206期押二段-标识7405#-300#5307900
2016-11-15 11:31:08#二八第792207期押一段-标识7418#-300#5307600
2016-11-15 11:32:38#二八第792207期押二段-标识7432#-300#5307300
2016-11-15 11:33:52#二八第792207期押一段-标识7442#-300#5307000
2016-11-15 11:36:15#二八第792208期押一段-标识7461#-300#5306700
2016-11-15 11:36:53#二八第792208期押二段-标识7467#-300#5306400
2016-11-15 11:37:14#二八第792208期押一段-标识7471#-300#5306100
2016-11-15 11:40:35#二八第792209期押二段-标识7494#-300#5305800
2016-11-15 11:43:25#二八第792209期押二段-标识7519#-300#5305500
2016-11-15 11:44:39#二八第792209期押二段-标识7529#-300#5305200
2016-11-15 11:49:14#二八第792210期押一段-标识7566#-300#5304900
2016-11-15 11:50:23#二八第792211期押二段-标识7575#-300#5304600
2016-11-15 11:50:44#二八第792211期押大双-标识7579#-300#5304300
2016-11-15 11:51:06#二八第792211期押一段-标识7583#-300#5304000
2016-11-15 11:55:52#二八第792212期押二段-标识7621#-300#5303700
2016-11-15 11:56:13#二八第792212期押二段-标识7625#-300#5303400
2016-11-15 11:59:02#二八第792212期押二段-标识7652#-300#5303100
2016-11-15 12:01:25#二八第792213期押二段-标识7671#-300#5302800
2016-11-15 12:02:45#二八第792213期押一段-标识7685#-300#5302500
2016-11-15 12:06:27#二八第792214期押押大-标识7715#-300#5302200
2016-11-15 12:06:49#二八第792214期押二段-标识7719#-300#5301900
2016-11-15 12:09:06#二八第792214期押二段-标识7736#-300#5301600
2016-11-15 12:11:30#二八第792215期押押大-标识7757#-300#5301300
2016-11-15 12:15:07#二八第792216期押二段-标识7784#-300#5301000
2016-11-15 12:17:51#二八第792216期押二段-标识7810#-300#5300700
2016-11-15 12:19:05#二八第792216期押一段-标识7819#-300#5300400
2016-11-15 12:21:02#二八第792217期押二段-标识7833#-300#5300100
2016-11-15 12:23:04#二八第792217期押一段-标识7852#-300#5299800
2016-11-15 12:24:34#二八第792217期押二段-标识7863#-300#5299500
2016-11-15 12:26:15#二八第792218期押一段-标识7876#-300#5299200
2016-11-15 12:27:45#二八第792218期押二段-标识7889#-300#5298900
2016-11-15 12:28:59#二八第792218期押一段-标识7899#-300#5298600
2016-11-15 12:30:08#二八第792219期押二段-标识7908#-300#5298300
2016-11-15 12:31:22#二八第792219期押一段-标识7920#-300#5298000
2016-11-15 12:32:20#二八第792219期押一段-标识7930#-300#5297700
2016-11-15 12:35:36#二八第792220期押一段-标识7951#-300#5297400
2016-11-15 12:37:49#二八第792220期押一段-标识7972#-300#5297100
2016-11-15 12:38:26#二八第792220期押一段-标识7979#-300#5296800
2016-11-15 12:41:20#二八第792221期押大双-标识8000#-300#5296500
2016-11-15 12:44:05#二八第792221期押押大-标识8026#-300#5296200
2016-11-15 12:48:19#二八第792222期押大双-标识8066#-300#5295900
2016-11-15 12:49:33#二八第792222期押一段-标识8076#-300#5295600
2016-11-15 12:51:56#二八第792223期押一段-标识8097#-300#5295300
2016-11-15 12:53:58#二八第792223期押押大-标识8117#-300#5295000
2016-11-15 12:54:03#二八第792223期押二段-标识8118#-300#5294700
2016-11-15 12:55:28#二八第792224期押二段-标识8128#-300#5294400
2016-11-15 12:59:26#二八第792224期押押大-标识8166#-300#5294100
2016-11-15 13:00:25#二八第792225期押一段-标识8170#-300#5293800
2016-11-15 13:01:34#二八第792225期押二段-标识8182#-300#5293500
2016-11-15 13:02:48#二八第792225期押一段-标识8195#-300#5293200
2016-11-15 13:05:42#二八第792226期押二段-标识8220#-300#5292900
2016-11-15 13:06:57#二八第792226期押一段-标识8233#-300#5292600
2016-11-15 13:07:55#二八第792226期押一段-标识8243#-300#5292300
2016-11-15 13:10:18#二八第792227期押一段-标识8257#-300#5292000
2016-11-15 13:12:30#二八第792227期押押大-标识8279#-300#5291700
2016-11-15 13:15:25#二八第792228期押二段-标识8302#-300#5291400
2016-11-15 13:16:02#二八第792228期押二段-标识8309#-300#5291100
2016-11-15 13:16:23#二八第792228期押一段-标识8313#-300#5290800
2016-11-15 13:20:32#二八第792229期押一段-标识8348#-300#5290500
2016-11-15 13:22:34#二八第792229期押二段-标识8370#-300#5290200
2016-11-15 13:27:10#二八第792230期押一段-标识8408#-300#5289900
2016-11-15 13:29:33#二八第792230期押二段-标识8426#-300#5289600
2016-11-15 13:30:31#二八第792231期押二段-标识8434#-300#5289300
2016-11-15 13:31:45#二八第792231期押大双-标识8447#-300#5289000
2016-11-15 13:33:15#二八第792231期押二段-标识8461#-300#5288700
2016-11-15 13:35:38#二八第792232期押二段-标识8477#-300#5288400
2016-11-15 13:36:31#二八第792232期押二段-标识8487#-300#5288100
2016-11-15 13:37:30#二八第792232期押二段-标识8496#-300#5287800
2016-11-15 13:41:12#二八第792233期押二段-标识8527#-300#5287500
2016-11-15 13:42:05#二八第792233期押二段-标识8537#-300#5287200
2016-11-15 13:42:26#二八第792233期押一段-标识8541#-300#5286900
2016-11-15 13:46:19#二八第792234期押二段-标识8575#-300#5286600
2016-11-15 13:49:04#二八第792234期押二段-标识8600#-300#5286300
2016-11-15 13:50:18#二八第792235期押一段-标识8607#-300#5286000
2016-11-15 13:50:55#二八第792235期押一段-标识8614#-300#5285700
2016-11-15 13:52:04#二八第792235期押二段-标识8627#-300#5285400
2016-11-15 13:55:41#二八第792236期押二段-标识8656#-300#5285100
2016-11-15 13:56:55#二八第792236期押一段-标识8669#-300#5284800
2016-11-15 13:58:25#二八第792236期押押大-标识8683#-300#5284500
2016-11-15 14:00:16#二八第792237期押一段-标识8696#-300#5284200
2016-11-15 14:02:08#二八第792237期押二段-标识8715#-300#5283900
2016-11-15 14:02:29#二八第792237期押一段-标识8719#-300#5283600
2016-11-15 14:05:29#二八第792238期押二段-标识8743#-300#5283300
2016-11-15 14:05:50#二八第792238期押一段-标识8747#-300#5283000
2016-11-15 14:06:11#二八第792238期押一段-标识8751#-300#5282700
2016-11-15 14:10:52#二八第792239期押一段-标识8793#-300#5282400
2016-11-15 14:13:36#二八第792239期押一段-标识8821#-300#5282100
2016-11-15 14:15:28#二八第792240期押二段-标识8832#-300#5281800
2016-11-15 14:16:47#二八第792240期押大双-标识8846#-300#5281500
2016-11-15 14:18:17#二八第792240期押二段-标识8861#-300#5281200
2016-11-15 14:20:40#二八第792241期押二段-标识8879#-300#5280900
2016-11-15 14:23:14#二八第792241期押二段-标识8904#-300#5280600
2016-11-15 14:23:51#二八第792241期押二段-标识8910#-300#5280300
2016-11-15 14:26:14#二八第792242期押二段-标识8931#-300#5280000
2016-11-15 14:27:49#二八第792242期押一段-标识8945#-300#5279700
2016-11-15 14:30:12#二八第792243期押一段-标识8962#-300#5279400
2016-11-15 14:30:50#二八第792243期押二段-标识8969#-300#5279100
2016-11-15 14:32:04#二八第792243期押一段-标识8982#-300#5278800
2016-11-15 14:35:57#二八第792244期押二段-标识9014#-300#5278500
2016-11-15 14:38:46#二八第792244期押二段-标识9041#-300#5278200
2016-11-15 14:40:22#二八第792245期押一段-标识9049#-300#5277900
2016-11-15 14:41:31#二八第792245期押二段-标识9062#-300#5277600
2016-11-15 14:43:06#二八第792245期押一段-标识9075#-300#5277300
2016-11-15 14:45:13#二八第792246期押二段-标识9090#-300#5277000
2016-11-15 14:46:27#二八第792246期押一段-标识9103#-300#5276700
2016-11-15 14:48:50#二八第792246期押二段-标识9126#-300#5276400
2016-11-15 14:51:13#二八第792247期押二段-标识9146#-300#5276100
2016-11-15 14:51:50#二八第792247期押二段-标识9153#-300#5275800
2016-11-15 14:52:12#二八第792247期押二段-标识9157#-300#5275500
2016-11-15 14:57:19#二八第792248期押二段-标识9204#-300#5275200
2016-11-15 14:58:17#二八第792248期押二段-标识9213#-300#5274900
2016-11-15 14:58:38#二八第792248期押一段-标识9216#-300#5274600
