2016-11-14 15:57:19#二八第791725期押小单-标识1990#-300#1171623
2016-11-14 15:58:03#二八第791725期押小单-标识2006#-300#1171323
2016-11-14 15:58:39#二八第792081期押小单-标识2015#-300#1171023
2016-11-14 16:02:16#二八第792082期押小单-标识2051#-300#1170723
2016-11-14 16:03:09#二八第792082期押小单-标识2060#-300#1170423
2016-11-14 16:04:34#二八第792082期押小单-标识2069#-300#1170123
2016-11-14 16:06:04#二八第792083期押小单-标识2082#-300#1169823
2016-11-14 16:06:57#二八第792083期押小单-标识2091#-300#1169523
2016-11-14 16:07:07#二八第792083期押小单-标识2093#-300#1169223
2016-11-14 16:10:44#二八第792084期押小单-标识2121#-300#1168923
2016-11-14 16:13:50#二八第792084期押小单-标识2148#-300#1168623
2016-11-14 16:14:43#二八第792084期押小单-标识2153#-300#1168323
2016-11-14 16:15:04#二八第792085期押小单-标识2155#-300#1168023
2016-11-14 16:17:17#二八第792085期押小单-标识2180#-300#1167723
2016-11-14 16:18:26#二八第792085期押小单-标识2191#-300#1167423
2016-11-14 16:20:54#二八第792086期押小单-标识2208#-300#1167123
2016-11-14 16:21:47#二八第792086期押小单-标识2217#-300#1166823
2016-11-14 16:23:01#二八第792086期押小单-标识2229#-300#1166523
2016-11-14 16:25:13#二八第792087期押三段-标识2245#-300#1166223
2016-11-14 16:26:28#二八第792087期押小单-标识2258#-300#1165923
2016-11-14 16:27:05#二八第792087期押小单-标识2265#-300#1165623
2016-11-14 16:30:21#二八第792088期押小单-标识2290#-300#1165323
2016-11-14 16:31:35#二八第792088期押小单-标识2303#-300#1165023
2016-11-14 16:32:28#二八第792088期押小单-标识2311#-300#1164723
2016-11-14 16:35:23#二八第792089期押小单-标识2335#-300#1164423
2016-11-14 16:36:16#二八第792089期押小单-标识2344#-300#1164123
2016-11-14 16:39:16#二八第792089期押小单-标识2372#-300#1163823
2016-11-14 16:40:09#二八第792090期押小单-标识2378#-300#1163523
2016-11-14 16:42:32#二八第792090期押小单-标识2403#-300#1163223
2016-11-14 16:43:46#二八第792090期押小单-标识2415#-300#1162923
2016-11-14 16:45:53#二八第792091期押小单-标识2431#-300#1162623
2016-11-14 16:47:08#二八第792091期押小单-标识2445#-300#1162323
2016-11-14 16:48:59#二八第792091期押小单-标识2459#-300#1162023
2016-11-14 16:50:13#二八第792092期押小单-标识2472#-300#1161723
2016-11-14 16:50:50#二八第792092期押小双-标识2479#-300#1161423
2016-11-14 16:51:22#二八第792092期押小单-标识2485#-300#1161123
2016-11-14 16:57:33#二八第792093期押小单-标识2537#-300#1160823
2016-11-14 16:59:24#二八第792093期押小单-标识2551#-300#1160523
2016-11-14 17:01:26#二八第792094期押小单-标识2569#-300#1160223
2016-11-14 17:02:19#二八第792094期押双-标识2577#-300#1159923
2016-11-14 17:06:59#二八第792095期押小单-标识2614#-300#1159623
2016-11-14 17:07:52#二八第792095期押小单-标识2622#-300#1159323
2016-11-14 17:08:29#二八第792095期押小单-标识2628#-300#1159023
2016-11-14 17:10:15#二八第792096期押单-标识2641#-300#1158723
2016-11-14 17:11:24#二八第792096期押小单-标识2652#-300#1158423
2016-11-14 17:11:45#二八第792096期押小单-标识2656#-300#1158123
2016-11-14 17:15:12#二八第792097期押小单-标识2682#-300#1157823
2016-11-14 17:16:52#二八第792097期押小单-标识2700#-300#1157523
2016-11-14 17:19:26#二八第792097期押小单-标识2725#-300#1157223
2016-11-14 17:20:19#二八第792098期押小单-标识2729#-300#1156923
2016-11-14 17:22:21#二八第792098期押小单-标识2749#-300#1156623
2016-11-14 17:22:58#二八第792098期押小单-标识2754#-300#1156323
2016-11-14 17:26:46#二八第792099期押小单-标识2785#-300#1156023
2016-11-14 17:29:09#二八第792099期押小单-标识2805#-300#1155723
2016-11-14 17:30:02#二八第792099期押小单-标识2810#-300#1155423
2016-11-14 17:31:53#二八第792100期押小单-标识2828#-300#1155123
2016-11-14 17:34:05#二八第792100期押小单-标识2849#-300#1154823
2016-11-14 17:35:46#二八第792101期押小单-标识2859#-300#1154523
2016-11-14 17:37:00#二八第792101期押小单-标识2873#-300#1154223
2016-11-14 17:38:51#二八第792101期押单-标识2890#-300#1153923
2016-11-14 17:41:46#二八第792102期押小单-标识2915#-300#1153623
2016-11-14 17:43:48#二八第792102期押小单-标识2934#-300#1153323
2016-11-14 17:44:41#二八第792102期押三段-标识2941#-300#1153023
2016-11-14 17:45:34#二八第792103期押小单-标识2948#-300#1152723
2016-11-14 17:45:55#二八第792103期押小单-标识2952#-300#1152423
2016-11-14 17:47:25#二八第792103期押小单-标识2967#-300#1152123
2016-11-14 17:51:13#二八第792104期押小单-标识2995#-300#1151823
2016-11-14 17:53:15#二八第792104期押三段-标识3016#-300#1151523
2016-11-14 17:54:34#二八第792104期押小单-标识3024#-300#1151223
2016-11-14 17:55:27#二八第792105期押小单-标识3031#-300#1150923
2016-11-14 17:56:36#二八第792105期押小单-标识3043#-300#1150623
2016-11-14 17:56:57#二八第792105期押小单-标识3046#-300#1150323
2016-11-14 18:01:59#二八第792106期押尾号-标识3087#-900#1149423
2016-11-14 18:04:22#二八第792106期押小单-标识3106#-300#1149123
2016-11-14 18:07:01#二八第792107期押小单-标识3128#-300#1148823
2016-11-14 18:12:03#二八第792108期押小单-标识3165#-300#1148523
2016-11-14 18:14:52#二八第792108期押二段-标识3184#-300#1148223
2016-11-14 18:15:24#二八第792109期押二段-标识3188#-300#1147923
2016-11-14 18:17:58#二八第792109期押小单-标识3215#-300#1147623
2016-11-14 18:19:22#二八第792109期押小单-标识3225#-300#1147323
2016-11-14 18:20:47#二八第792110期押小单-标识3237#-300#1147023
2016-11-14 18:22:49#二八第792110期押小单-标识3256#-300#1146723
2016-11-14 18:23:10#二八第792110期押小单-标识3259#-300#1146423
2016-11-14 18:25:07#二八第792111期押小单-标识3268#-300#1146123
2016-11-14 18:27:08#二八第792111期押小单-标识3290#-300#1145823
2016-11-14 18:28:23#二八第792111期押小单-标识3302#-300#1145523
2016-11-14 18:32:00#二八第792112期押小单-标识3332#-300#1145223
2016-11-14 18:33:19#二八第792112期押小单-标识3344#-300#1144923
2016-11-14 18:38:53#二八第792113期押小单-标识3389#-300#1144623
2016-11-14 18:39:24#二八第792113期押小单-标识3392#-300#1144323
2016-11-14 18:43:07#二八第792114期押小单-标识3423#-300#1144023
2016-11-14 18:45:35#二八第792115期押小单-标识3438#-300#1143723
2016-11-14 18:46:28#二八第792115期押小单-标识3447#-300#1143423
2016-11-14 18:47:10#二八第792115期押二段-标识3454#-300#1143123
2016-11-14 18:50:10#二八第792116期押小单-标识3473#-300#1142823
2016-11-14 18:53:42#二八第792116期押小单-标识3506#-300#1142523
2016-11-14 18:56:00#二八第792117期押小单-标识3524#-300#1142223
2016-11-14 18:56:32#二八第792117期押小单-标识3529#-300#1141923
2016-11-14 18:58:49#二八第792117期押小单-标识3548#-300#1141623
2016-11-14 19:00:51#二八第792118期押小单-标识3560#-300#1141323
2016-11-14 19:02:42#二八第792118期押小单-标识3578#-300#1141023
2016-11-14 19:03:46#二八第792118期押小单-标识3588#-300#1140723
2016-11-14 19:07:34#二八第792119期押小单-标识3621#-300#1140423
2016-11-14 19:08:27#二八第792119期押小单-标识3628#-300#1140123
2016-11-14 19:11:32#二八第792120期押小单-标识3656#-300#1139823
2016-11-14 19:11:53#二八第792120期押小单-标识3660#-300#1139523
2016-11-14 19:14:16#二八第792120期押双-标识3682#-300#1139223
2016-11-14 19:15:09#二八第792121期押小单-标识3687#-300#1138923
2016-11-14 19:18:14#二八第792121期押小单-标识3719#-300#1138623
2016-11-14 19:18:46#二八第792121期押三段-标识3722#-300#1138323
2016-11-14 19:20:32#二八第792122期押三段-标识3734#-300#1138023
2016-11-14 19:22:23#二八第792122期押小单-标识3753#-300#1137723
2016-11-14 19:22:55#二八第792122期押小单-标识3758#-300#1137423
2016-11-14 19:25:23#二八第792123期押小单-标识3774#-300#1137123
2016-11-14 19:27:25#二八第792123期押小单-标识3795#-300#1136823
2016-11-14 19:28:18#二八第792123期押小单-标识3804#-300#1136523
2016-11-14 19:30:46#二八第792124期押小单-标识3821#-300#1136223
2016-11-14 19:32:11#二八第792124期押二段-标识3836#-300#1135923
2016-11-14 19:37:34#二八第792125期押小单-标识3885#-300#1135623
2016-11-14 19:40:55#二八第792126期押小单-标识3904#-300#1135323
2016-11-14 19:42:41#二八第792126期押小单-标识3920#-300#1135023
2016-11-14 19:43:13#二八第792126期押小单-标识3926#-300#1134723
2016-11-14 19:46:08#二八第792127期押小单-标识3946#-300#1134423
2016-11-14 19:48:09#二八第792127期押小单-标识3966#-300#1134123
2016-11-14 19:49:02#二八第792127期押小单-标识3974#-300#1133823
2016-11-14 19:50:27#二八第792128期押小单-标识3981#-300#1133523
2016-11-14 19:53:11#二八第792128期押小单-标识4007#-300#1133223
2016-11-14 19:53:48#二八第792128期押小单-标识4012#-300#1132923
2016-11-14 19:58:08#二八第792129期押小单-标识4050#-300#1132623
2016-11-14 20:01:56#二八第792130期押小单-标识4082#-300#1132323
2016-11-14 20:03:47#二八第792130期押小单-标识4100#-300#1132023
2016-11-14 20:04:40#二八第792130期押小单-标识4106#-300#1131723
2016-11-14 20:05:12#二八第792131期押小单-标识4109#-300#1131423
2016-11-14 20:08:17#二八第792131期押小单-标识4141#-300#1131123
2016-11-14 20:09:10#二八第792131期押小单-标识4148#-300#1130823
2016-11-14 20:10:56#二八第792132期押小单-标识4160#-300#1130523
2016-11-14 20:13:35#二八第792132期押小单-标识4185#-300#1130223
2016-11-14 20:14:28#二八第792132期押小单-标识4190#-300#1129923
2016-11-14 20:15:52#二八第792133期押双-标识4201#-300#1129623
2016-11-14 20:17:06#二八第792133期押小单-标识4213#-300#1129323
2016-11-14 20:19:19#二八第792133期押小单-标识4233#-300#1129023
2016-11-14 20:20:44#二八第792134期押小单-标识4244#-300#1128723
2016-11-14 20:22:24#二八第792134期押双-标识4261#-300#1128423
2016-11-14 20:24:05#二八第792134期押小单-标识4275#-300#1128123
2016-11-14 20:25:30#二八第792135期押小单-标识4284#-300#1127823
2016-11-14 20:26:23#二八第792135期押三段-标识4293#-300#1127523
2016-11-14 20:31:14#二八第792136期押小单-标识4331#-300#1127223
2016-11-14 20:32:12#二八第792136期押小单-标识4341#-300#1126923
2016-11-14 20:33:05#二八第792136期押小单-标识4350#-300#1126623
2016-11-14 20:35:23#二八第792137期押二段-标识4367#-300#1126323
2016-11-14 20:37:24#二八第792137期押小单-标识4387#-300#1126023
2016-11-14 20:41:12#二八第792138期押小单-标识4421#-300#1125723
2016-11-14 20:41:39#二八第792138期押小单-标识4425#-300#1125423
2016-11-14 20:44:55#二八第792138期押小单-标识4451#-300#1125123
2016-11-14 20:45:48#二八第792139期押小单-标识4460#-300#1124823
2016-11-14 20:48:11#二八第792139期押小单-标识4483#-300#1124523
2016-11-14 20:49:09#二八第792139期押小单-标识4491#-300#1124223
2016-11-14 20:52:04#二八第792140期押小单-标识4519#-300#1123923
2016-11-14 20:52:57#二八第792140期押小单-标识4527#-300#1123623
2016-11-14 20:53:50#二八第792140期押小单-标识4533#-300#1123323
2016-11-14 20:55:51#二八第792141期押小单-标识4548#-300#1123023
2016-11-14 20:56:13#二八第792141期押小单-标识4552#-300#1122723
2016-11-14 21:01:52#二八第792142期押小单-标识4600#-300#1122423
2016-11-14 21:03:43#二八第792142期押单-标识4616#-300#1122123
2016-11-14 21:05:24#二八第792143期押小单-标识4629#-300#1121823
2016-11-14 21:08:29#二八第792143期押小单-标识4659#-300#1121523
2016-11-14 21:10:15#二八第792144期押小单-标识4670#-300#1121223
2016-11-14 21:11:45#二八第792144期押小单-标识4686#-300#1120923
2016-11-14 21:12:22#二八第792144期押小单-标识4693#-300#1120623
2016-11-14 21:15:38#二八第792145期押小单-标识4715#-300#1120323
2016-11-14 21:15:59#二八第792145期押小单-标识4719#-300#1120023
2016-11-14 21:16:52#二八第792145期押小单-标识4729#-300#1119723
2016-11-14 21:20:24#二八第792146期押小单-标识4754#-300#1119423
2016-11-14 21:24:54#二八第792146期押小单-标识4795#-300#1119123
2016-11-14 21:26:24#二八第792147期押小单-标识4811#-300#1118823
2016-11-14 21:27:17#二八第792147期押小单-标识4821#-300#1118523
2016-11-14 21:28:15#二八第792147期押小单-标识4830#-300#1118223
2016-11-14 21:32:24#二八第792148期押小单-标识4865#-300#1117923
2016-11-14 21:35:56#二八第792149期押小单-标识4894#-300#1117623
2016-11-14 21:39:12#二八第792149期押小单-标识4924#-300#1117323
2016-11-14 21:39:44#二八第792149期押小单-标识4926#-300#1117023
2016-11-14 21:41:51#二八第792150期押小单-标识4947#-300#1116723
2016-11-14 21:42:49#二八第792150期押小单-标识4958#-300#1116423
2016-11-14 21:45:55#二八第792151期押小单-标识4979#-300#1116123
2016-11-14 21:46:48#二八第792151期押小单-标识4988#-300#1115823
2016-11-14 21:47:41#二八第792151期押小单-标识4997#-300#1115523
2016-11-14 21:50:14#二八第792152期押一段-标识5009#-300#1115223
2016-11-14 21:50:35#二八第792152期押小单-标识5013#-300#1114923
2016-11-14 21:51:50#二八第792152期押二段-标识5026#-300#1114623
2016-11-14 21:55:21#二八第792153期押双-标识5051#-300#1114323
2016-11-14 21:57:44#二八第792153期押小单-标识5076#-300#1114023
2016-11-14 21:58:59#二八第792153期押小单-标识5087#-300#1113723
2016-11-14 22:00:29#二八第792154期押小单-标识5096#-300#1113423
2016-11-14 22:02:20#二八第792154期押小单-标识5116#-300#1113123
2016-11-14 22:02:41#二八第792154期押小单-标识5119#-300#1112823
2016-11-14 22:06:08#二八第792155期押三段-标识5146#-300#1112523
2016-11-14 22:07:22#二八第792155期押小单-标识5159#-300#1112223
2016-11-14 22:07:59#二八第792155期押小单-标识5164#-300#1111923
2016-11-14 22:12:45#二八第792156期押小单-标识5205#-300#1111623
2016-11-14 22:13:59#二八第792156期押小单-标识5216#-300#1111323
2016-11-14 22:14:31#二八第792156期押三段-标识5220#-300#1111023
2016-11-14 22:16:06#二八第792157期押小单-标识5232#-300#1110723
2016-11-14 22:17:20#二八第792157期押小单-标识5245#-300#1110423
2016-11-14 22:20:15#二八第792158期押小单-标识5271#-300#1110123
2016-11-14 22:22:33#二八第792158期押小单-标识5295#-300#1109823
2016-11-14 22:24:19#二八第792158期押双-标识5309#-300#1109523
2016-11-14 22:26:42#二八第792159期押三段-标识5331#-300#1109223
2016-11-14 22:27:56#二八第792159期押小单-标识5344#-300#1108923
2016-11-14 22:29:05#二八第792159期押小单-标识5350#-300#1108623
2016-11-14 22:32:10#二八第792160期押小单-标识5377#-300#1108323
2016-11-14 22:40:50#二八第792162期押小单-标识5449#-300#1108023
2016-11-14 22:42:04#二八第792162期押小单-标识5462#-300#1107723
2016-11-14 22:45:25#二八第792163期押小单-标识5493#-300#1107423
2016-11-14 22:47:27#二八第792163期押小单-标识5514#-300#1107123
2016-11-14 22:51:36#二八第792164期押三段-标识5551#-300#1106823
2016-11-14 22:53:27#二八第792164期押小单-标识5571#-300#1106523
2016-11-14 22:53:48#二八第792164期押小单-标识5574#-300#1106223
2016-11-14 22:56:11#二八第792165期押小单-标识5591#-300#1105923
2016-11-14 22:57:04#二八第792165期押小单-标识5600#-300#1105623
2016-11-14 22:59:06#二八第792165期押小单-标识5616#-300#1105323
2016-11-14 23:00:36#二八第792166期押小单-标识5628#-300#1105023
2016-11-14 23:00:57#二八第792166期押小单-标识5632#-300#1104723
2016-11-14 23:02:59#二八第792166期押小单-标识5653#-300#1104423
2016-11-14 23:07:08#二八第792167期押小单-标识5689#-300#1104123
2016-11-14 23:08:59#二八第792167期押双-标识5705#-300#1103823
2016-11-14 23:09:20#二八第792167期押小单-标识5708#-300#1103523
2016-11-14 23:11:01#二八第792168期押小单-标识5722#-300#1103223
2016-11-14 23:12:15#二八第792168期押小单-标识5735#-300#1102923
2016-11-14 23:14:38#二八第792168期押小单-标识5753#-300#1102623
2016-11-14 23:16:08#二八第792169期押小单-标识5764#-300#1102323
2016-11-14 23:18:53#二八第792169期押小单-标识5787#-300#1102023
2016-11-14 23:21:47#二八第792170期押小单-标识5813#-300#1101723
2016-11-14 23:23:39#二八第792170期押小单-标识5830#-300#1101423
2016-11-14 23:24:21#二八第792170期押小单-标识5834#-300#1101123
2016-11-14 23:26:02#二八第792171期押双-标识5847#-300#1100823
2016-11-14 23:30:00#二八第792171期押小单-标识5879#-300#1100523
2016-11-14 23:30:37#二八第792172期押小单-标识5886#-300#1100223
2016-11-14 23:33:00#二八第792172期押小单-标识5911#-300#1099923
2016-11-14 23:34:14#二八第792172期押小单-标识5921#-300#1099623
2016-11-14 23:38:02#二八第792173期押二段-标识5956#-300#1099323
2016-11-14 23:38:39#二八第792173期押小单-标识5960#-300#1099023
2016-11-14 23:39:53#二八第792173期押小单-标识5970#-300#1098723
2016-11-14 23:41:34#二八第792174期押小单-标识5987#-300#1098423
2016-11-14 23:42:27#二八第792174期押小单-标识5994#-300#1098123
2016-11-14 23:43:41#二八第792174期押小单-标识6006#-300#1097823
2016-11-14 23:46:14#二八第792175期押小单-标识6027#-300#1097523
2016-11-14 23:47:13#二八第792175期押小单-标识6036#-300#1097223
2016-11-14 23:48:27#二八第792175期押小单-标识6047#-300#1096923
2016-11-14 23:51:43#二八第792176期押小单-标识6076#-300#1096623
2016-11-14 23:52:52#二八第792176期押小单-标识6087#-300#1096323
2016-11-14 23:53:45#二八第792176期押小单-标识6092#-300#1096023
2016-11-14 23:56:08#二八第792177期押双-标识6108#-300#1095723
2016-11-14 23:56:29#二八第792177期押小单-标识6112#-300#1095423
2016-11-14 23:59:45#二八第792177期押小单-标识6142#-300#1095123
2016-11-15 09:04:45#二八第792177期押小单-标识6177#-300#1094823
2016-11-15 09:05:06#二八第792177期押二段-标识6179#-300#1094523
2016-11-15 09:05:38#二八第792177期押小单-标识6180#-300#1094223
2016-11-15 09:11:49#二八第792179期押小单-标识6207#-300#1093923
2016-11-15 09:13:50#二八第792179期押小单-标识6224#-300#1093623
2016-11-15 09:16:08#二八第792180期押小单-标识6241#-300#1093323
2016-11-15 09:18:47#二八第792180期押小单-标识6265#-300#1093023
2016-11-15 09:21:42#二八第792181期押小单-标识6288#-300#1092723
2016-11-15 09:23:33#二八第792181期押小单-标识6304#-300#1092423
2016-11-15 09:24:42#二八第792181期押小单-标识6312#-300#1092123
2016-11-15 09:25:56#二八第792182期押小单-标识6324#-300#1091823
2016-11-15 09:27:26#二八第792182期押小单-标识6338#-300#1091523
2016-11-15 09:28:40#二八第792182期押小单-标识6351#-300#1091223
2016-11-15 09:31:35#二八第792183期押小单-标识6380#-300#1090923
2016-11-15 09:32:12#二八第792183期押小单-标识6386#-300#1090623
2016-11-15 09:35:44#二八第792184期押小单-标识6413#-300#1090323
2016-11-15 09:36:37#二八第792184期押小单-标识6423#-300#1090023
2016-11-15 09:38:28#二八第792184期押小单-标识6439#-300#1089723
2016-11-15 09:43:30#二八第792185期押小单-标识6484#-300#1089423
2016-11-15 09:44:08#二八第792185期押小单-标识6488#-300#1089123
2016-11-15 09:44:50#二八第792185期押小单-标识6493#-300#1088823
2016-11-15 09:47:18#二八第792186期押小单-标识6518#-300#1088523
2016-11-15 09:47:24#二八第792186期押小单-标识6519#-300#1088223
2016-11-15 09:49:15#二八第792186期押双-标识6531#-300#1087923
2016-11-15 09:50:29#二八第792187期押小单-标识6538#-300#1087623
2016-11-15 09:51:38#二八第792187期押三段-标识6550#-300#1087323
2016-11-15 09:54:43#二八第792187期押小单-标识6579#-300#1087023
2016-11-15 09:55:52#二八第792188期押小单-标识6589#-300#1086723
2016-11-15 10:00:01#二八第792188期押小单-标识6620#-300#1086423
2016-11-15 10:00:22#二八第792189期押小单-标识6624#-300#1086123
2016-11-15 10:02:30#二八第792189期押小单-标识6643#-300#1085823
2016-11-15 10:07:21#二八第792190期押二段-标识6687#-300#1085523
2016-11-15 10:08:19#二八第792190期押小单-标识6697#-300#1085223
2016-11-15 10:09:23#二八第792190期押小单-标识6705#-300#1084923
2016-11-15 10:10:21#二八第792191期押小单-标识6713#-300#1084623
2016-11-15 10:11:04#二八第792191期押小单-标识6721#-300#1084323
2016-11-15 10:13:05#二八第792191期押小单-标识6742#-300#1084023
2016-11-15 10:16:21#二八第792192期押小单-标识6768#-300#1083723
2016-11-15 10:16:58#二八第792192期押小单-标识6774#-300#1083423
2016-11-15 10:19:43#二八第792192期押小单-标识6795#-300#1083123
2016-11-15 10:20:57#二八第792193期押小单-标识6805#-300#1082823
2016-11-15 10:22:59#二八第792193期押小单-标识6827#-300#1082523
2016-11-15 10:23:20#二八第792193期押小单-标识6831#-300#1082223
2016-11-15 10:28:59#二八第792194期押小单-标识6876#-300#1081923
2016-11-15 10:31:54#二八第792195期押小单-标识6903#-300#1081623
2016-11-15 10:32:31#二八第792195期押小单-标识6909#-300#1081323
2016-11-15 10:33:24#二八第792195期押双-标识6917#-300#1081023
2016-11-15 10:37:01#二八第792196期押小单-标识6946#-300#1080723
2016-11-15 10:39:03#二八第792196期押小单-标识6963#-300#1080423
2016-11-15 10:39:24#二八第792196期押小单-标识6965#-300#1080123
2016-11-15 10:40:54#二八第792197期押小单-标识6976#-300#1079823
2016-11-15 10:43:59#二八第792197期押小单-标识7004#-300#1079523
2016-11-15 10:46:01#二八第792198期押小单-标识7019#-300#1079223
2016-11-15 10:46:59#二八第792198期押小单-标识7027#-300#1078923
2016-11-15 10:49:44#二八第792198期押小单-标识7049#-300#1078623
2016-11-15 10:50:58#二八第792199期押小单-标识7061#-300#1078323
2016-11-15 10:53:47#二八第792199期押小单-标识7089#-300#1078023
2016-11-15 10:56:42#二八第792200期押小单-标识7113#-300#1077723
2016-11-15 10:57:56#二八第792200期押小单-标识7126#-300#1077423
2016-11-15 11:00:30#二八第792201期押三段-标识7143#-300#1077123
2016-11-15 11:01:49#二八第792201期押小单-标识7157#-300#1076823
2016-11-15 11:03:51#二八第792201期押小单-标识7175#-300#1076523
2016-11-15 11:06:57#二八第792202期押小单-标识7202#-300#1076223
2016-11-15 11:08:16#二八第792202期押小单-标识7213#-300#1075923
2016-11-15 11:08:27#二八第792202期押小单-标识7214#-300#1075623
2016-11-15 11:11:00#二八第792203期押小单-标识7233#-300#1075323
2016-11-15 11:12:30#二八第792203期押小单-标识7250#-300#1075023
2016-11-15 11:13:45#二八第792203期押小单-标识7261#-300#1074723
2016-11-15 11:15:25#二八第792204期押三段-标识7272#-300#1074423
2016-11-15 11:16:23#二八第792204期押小单-标识7282#-300#1074123
2016-11-15 11:17:38#二八第792204期押小单-标识7294#-300#1073823
2016-11-15 11:23:22#二八第792205期押小单-标识7345#-300#1073523
2016-11-15 11:25:45#二八第792206期押小单-标识7365#-300#1073223
2016-11-15 11:29:49#二八第792206期押小单-标识7404#-300#1072923
2016-11-15 11:32:33#二八第792207期押三段-标识7431#-300#1072623
2016-11-15 11:36:47#二八第792208期押小单-标识7466#-300#1072323
2016-11-15 11:37:08#二八第792208期押小单-标识7470#-300#1072023
2016-11-15 11:39:00#二八第792208期押小单-标识7484#-300#1071723
2016-11-15 11:40:30#二八第792209期押小单-标识7493#-300#1071423
2016-11-15 11:41:12#二八第792209期押小单-标识7500#-300#1071123
2016-11-15 11:42:10#二八第792209期押小单-标识7510#-300#1070823
2016-11-15 11:49:20#二八第792210期押小单-标识7567#-300#1070523
2016-11-15 11:49:57#二八第792210期押双-标识7571#-300#1070223
2016-11-15 11:50:39#二八第792211期押小单-标识7578#-300#1069923
2016-11-15 11:52:09#二八第792211期押小单-标识7593#-300#1069623
2016-11-15 11:53:23#二八第792211期押小单-标识7605#-300#1069323
2016-11-15 11:55:25#二八第792212期押小单-标识7617#-300#1069023
2016-11-15 11:58:57#二八第792212期押小单-标识7651#-300#1068723
2016-11-15 12:01:20#二八第792213期押小单-标识7670#-300#1068423
2016-11-15 12:02:18#二八第792213期押小单-标识7680#-300#1068123
2016-11-15 12:04:41#二八第792213期押小单-标识7697#-300#1067823
2016-11-15 12:06:01#二八第792214期押小单-标识7710#-300#1067523
2016-11-15 12:06:22#二八第792214期押小单-标识7714#-300#1067223
2016-11-15 12:06:43#二八第792214期押小单-标识7718#-300#1066923
2016-11-15 12:11:24#二八第792215期押小单-标识7756#-300#1066623
2016-11-15 12:15:02#二八第792215期押小单-标识7783#-300#1066323
2016-11-15 12:17:46#二八第792216期押三段-标识7809#-300#1066023
2016-11-15 12:19:00#二八第792216期押二段-标识7818#-300#1065723
2016-11-15 12:20:57#二八第792217期押小单-标识7832#-300#1065423
2016-11-15 12:21:55#二八第792217期押一段-标识7841#-300#1065123
2016-11-15 12:22:59#二八第792217期押二段-标识7851#-300#1064823
2016-11-15 12:25:06#二八第792218期押小单-标识7864#-300#1064523
2016-11-15 12:26:57#二八第792218期押小单-标识7881#-300#1064223
2016-11-15 12:27:39#二八第792218期押小单-标识7888#-300#1063923
2016-11-15 12:30:24#二八第792219期押小单-标识7911#-300#1063623
2016-11-15 12:32:15#二八第792219期押单-标识7929#-300#1063323
2016-11-15 12:34:17#二八第792219期押小单-标识7945#-300#1063023
2016-11-15 12:38:20#二八第792220期押双-标识7978#-300#1062723
2016-11-15 12:40:01#二八第792220期押小单-标识7986#-300#1062423
2016-11-15 12:41:15#二八第792221期押小单-标识7999#-300#1062123
2016-11-15 12:42:45#二八第792221期押三段-标识8015#-300#1061823
2016-11-15 12:43:59#二八第792221期押小单-标识8025#-300#1061523
2016-11-15 12:46:59#二八第792222期押小单-标识8052#-300#1061223
2016-11-15 12:48:14#二八第792222期押二段-标识8065#-300#1060923
2016-11-15 12:50:15#二八第792223期押小单-标识8079#-300#1060623
2016-11-15 12:51:51#二八第792223期押小单-标识8096#-300#1060323
2016-11-15 12:52:28#二八第792223期押小单-标识8102#-300#1060023
2016-11-15 12:55:23#二八第792224期押小单-标识8127#-300#1059723
2016-11-15 12:56:37#二八第792224期押小单-标识8141#-300#1059423
2016-11-15 12:59:21#二八第792224期押小单-标识8165#-300#1059123
2016-11-15 13:02:21#二八第792225期押小单-标识8191#-300#1058823
2016-11-15 13:05:37#二八第792226期押小单-标识8219#-300#1058523
2016-11-15 13:05:58#二八第792226期押小单-标识8223#-300#1058223
2016-11-15 13:08:00#二八第792226期押小单-标识8244#-300#1057923
2016-11-15 13:12:25#二八第792227期押小单-标识8278#-300#1057623
2016-11-15 13:17:11#二八第792228期押小单-标识8321#-300#1057323
2016-11-15 13:19:13#二八第792228期押三段-标识8338#-300#1057023
2016-11-15 13:20:27#二八第792229期押小单-标识8347#-300#1056723
2016-11-15 13:22:29#二八第792229期押小单-标识8369#-300#1056423
2016-11-15 13:23:06#二八第792229期押小单-标识8375#-300#1056123
2016-11-15 13:27:04#二八第792230期押小单-标识8407#-300#1055823
2016-11-15 13:27:26#二八第792230期押小单-标识8410#-300#1055523
2016-11-15 13:29:27#二八第792230期押小单-标识8425#-300#1055223
2016-11-15 13:30:05#二八第792231期押小单-标识8429#-300#1054923
2016-11-15 13:30:26#二八第792231期押小单-标识8433#-300#1054623
2016-11-15 13:31:19#二八第792231期押双-标识8442#-300#1054323
2016-11-15 13:35:33#二八第792232期押小单-标识8476#-300#1054023
2016-11-15 13:36:26#二八第792232期押小单-标识8486#-300#1053723
2016-11-15 13:37:03#二八第792232期押小单-标识8491#-300#1053423
2016-11-15 13:42:00#二八第792233期押小单-标识8536#-300#1053123
2016-11-15 13:42:21#二八第792233期押小单-标识8540#-300#1052823
2016-11-15 13:42:58#二八第792233期押小单-标识8546#-300#1052523
2016-11-15 13:45:21#二八第792234期押小单-标识8564#-300#1052223
2016-11-15 13:46:35#二八第792234期押小单-标识8578#-300#1051923
2016-11-15 13:47:44#二八第792234期押小单-标识8590#-300#1051623
2016-11-15 13:50:49#二八第792235期押小单-标识8613#-300#1051323
2016-11-15 13:52:51#二八第792235期押小单-标识8635#-300#1051023
2016-11-15 13:55:14#二八第792236期押小单-标识8651#-300#1050723
2016-11-15 13:56:29#二八第792236期押小单-标识8664#-300#1050423
2016-11-15 13:58:57#二八第792236期押小单-标识8685#-300#1050123
2016-11-15 14:00:11#二八第792237期押二段-标识8695#-300#1049823
2016-11-15 14:02:02#二八第792237期押小单-标识8714#-300#1049523
2016-11-15 14:02:24#二八第792237期押二段-标识8718#-300#1049223
2016-11-15 14:05:24#二八第792238期押小单-标识8742#-300#1048923
2016-11-15 14:05:45#二八第792238期押小单-标识8746#-300#1048623
2016-11-15 14:07:47#二八第792238期押小单-标识8767#-300#1048323
2016-11-15 14:10:26#二八第792239期押小单-标识8788#-300#1048023
2016-11-15 14:10:47#二八第792239期押小单-标识8792#-300#1047723
2016-11-15 14:13:31#二八第792239期押小单-标识8820#-300#1047423
2016-11-15 14:16:21#二八第792240期押小单-标识8841#-300#1047123
2016-11-15 14:16:58#二八第792240期押小单-标识8848#-300#1046823
2016-11-15 14:18:12#二八第792240期押小单-标识8860#-300#1046523
2016-11-15 14:21:49#二八第792241期押尾号-标识8891#-1200#1045323
2016-11-15 14:23:46#二八第792241期押小单-标识8909#-300#1045023
2016-11-15 14:26:09#二八第792242期押小单-标识8930#-300#1044723
2016-11-15 14:30:44#二八第792243期押小单-标识8968#-300#1044423
2016-11-15 14:32:46#二八第792243期押小单-标识8989#-300#1044123
2016-11-15 14:33:07#二八第792243期押小单-标识8992#-300#1043823
2016-11-15 14:35:30#二八第792244期押小单-标识9009#-300#1043523
2016-11-15 14:36:50#二八第792244期押小单-标识9023#-300#1043223
2016-11-15 14:38:41#二八第792244期押小单-标识9040#-300#1042923
2016-11-15 14:41:25#二八第792245期押小单-标识9061#-300#1042623
2016-11-15 14:45:08#二八第792246期押小单-标识9089#-300#1042323
2016-11-15 14:46:22#二八第792246期押小单-标识9102#-300#1042023
2016-11-15 14:48:24#二八第792246期押小单-标识9123#-300#1041723
2016-11-15 14:51:45#二八第792247期押小单-标识9152#-300#1041423
2016-11-15 14:52:06#二八第792247期押小单-标识9156#-300#1041123
2016-11-15 14:54:29#二八第792247期押小单-标识9177#-300#1040823
2016-11-15 14:57:14#二八第792248期押小单-标识9203#-300#1040523
2016-11-15 14:57:51#二八第792248期押小单-标识9209#-300#1040223
2016-11-15 14:58:12#二八第792248期押小单-标识9212#-300#1039923
