2015-12-17 16:02:13#会员注册#1000#1000
2015-12-17 16:04:45#进入德州房间:1桌#-1000#0
2015-12-17 16:16:01#进入德州房间:1桌#-2000#153800
2015-12-18 10:11:50##-4800#852788
2015-12-18 10:11:53##-33000#819788
2015-12-18 10:12:14#快乐扑克3兑奖-标识ID1639#56100#875888
2015-12-18 10:12:35#快乐扑克3兑奖-标识ID1645#5750#881638
2015-12-18 10:20:20##-9500#872138
2015-12-18 10:20:40##-642600#229538
2015-12-18 10:21:20##-52500#177038
2015-12-18 10:21:41##-100#176938
2015-12-18 10:22:21#快乐扑克3兑奖-标识ID1694#4000#180938
2015-12-18 10:22:41#快乐扑克3兑奖-标识ID1695#4000#184938
2015-12-18 10:30:06#HP3系统机器人自动操作#730800#915738
2015-12-18 10:30:06##-730800#184938
2015-12-18 10:30:26##-27000#157938
2015-12-18 10:30:47##-6600#151338
2015-12-18 10:31:31##-29000#122338
2015-12-18 10:33:20#快乐扑克3兑奖-标识ID1702#703800#826138
2015-12-21 10:30:15##-16000#3538
2015-12-21 10:30:35#HP3系统机器人自动操作#263200#266738
2015-12-21 10:30:35##-263200#3538
2015-12-21 10:30:56##-900#2638
2015-12-21 10:31:16#HP3系统机器人自动操作#6000#8638
2015-12-21 10:31:16##-6000#2638
2015-12-21 10:31:37#HP3系统机器人自动操作#31000#33638
2015-12-21 10:31:37##-31000#2638
2015-12-21 10:31:57#HP3系统机器人自动操作#9800#12438
2015-12-21 10:31:57##-9800#2638
2015-12-21 10:32:38#HP3系统机器人自动操作#31000#33638
2015-12-21 10:32:38##-31000#2638
2015-12-21 10:32:58#HP3系统机器人自动操作#9600#12238
2015-12-21 10:32:58##-9600#2638
2015-12-21 10:33:18#HP3系统机器人自动操作#25000#27638
2015-12-21 10:33:18##-25000#2638
2015-12-21 10:34:00#快乐扑克3兑奖-标识ID1749#4500#7138
2015-12-21 10:34:20#快乐扑克3兑奖-标识ID1752#158400#165538
2015-12-21 10:34:40#快乐扑克3兑奖-标识ID1759#3250#168788
2015-12-21 10:35:00#快乐扑克3兑奖-标识ID1764#5500#174288
2015-12-21 10:40:27#HP3系统机器人自动操作#730800#905088
2015-12-21 10:40:27##-730800#174288
2015-12-21 10:40:47##-8800#165488
2015-12-21 10:41:07##-54000#111488
2015-12-21 10:42:18##-52500#58988
2015-12-21 10:42:38#HP3系统机器人自动操作#257600#316588
2015-12-21 10:42:38##-257600#58988
2015-12-21 10:42:58#HP3系统机器人自动操作#257600#316588
2015-12-21 10:42:58##-257600#58988
2015-12-21 10:43:18##-6600#52388
2015-12-21 10:43:38#HP3系统机器人自动操作#655200#707588
2015-12-21 10:43:38##-655200#52388
2015-12-21 10:43:59##-8800#43588
2015-12-21 10:44:19#快乐扑克3兑奖-标识ID1767#15000#58588
2015-12-21 10:44:39#快乐扑克3兑奖-标识ID1777#153450#212038
2015-12-21 10:45:00#快乐扑克3兑奖-标识ID1792#123750#335788
2015-12-21 10:50:25##-8700#327088
2015-12-21 10:50:46##-143500#183588
2015-12-21 10:51:06#HP3系统机器人自动操作#655200#838788
2015-12-21 10:51:06##-655200#183588
2015-12-21 10:51:27##-8700#174888
2015-12-21 10:51:47##-9300#165588
2015-12-21 10:53:28#快乐扑克3兑奖-标识ID1802#800400#965988
2015-12-21 10:53:48#快乐扑克3兑奖-标识ID1809#59400#1025388
2015-12-21 10:54:09#快乐扑克3兑奖-标识ID1817#173250#1198638
2015-12-22 10:50:55##-700001#498637
