2016-11-14 15:58:04#二八第791725期押单-标识2007#-300#73168
2016-11-14 16:00:20#二八第792082期押一段-标识2031#-300#72868
2016-11-14 16:02:11#二八第792082期押大双-标识2050#-300#72568
2016-11-14 16:03:04#二八第792082期押小-标识2059#-300#72268
2016-11-14 16:05:58#二八第792083期押尾号-标识2081#-1200#71068
2016-11-14 16:07:39#二八第792083期押单-标识2097#-300#70768
2016-11-14 16:08:32#二八第792083期押小-标识2104#-300#70468
2016-11-14 16:10:18#二八第792084期押小-标识2116#-300#70168
2016-11-14 16:12:52#二八第792084期押单-标识2142#-300#69868
2016-11-14 16:13:13#二八第792084期押小-标识2146#-300#69568
2016-11-14 16:15:20#二八第792085期押小-标识2158#-300#69268
2016-11-14 16:15:57#二八第792085期押小-标识2165#-300#68968
2016-11-14 16:17:59#二八第792085期押单-标识2186#-300#68668
2016-11-14 16:20:49#二八第792086期押小-标识2207#-300#68368
2016-11-14 16:21:42#二八第792086期押小-标识2216#-300#68068
2016-11-14 16:23:43#二八第792086期押单-标识2236#-300#67768
2016-11-14 16:26:59#二八第792087期押小-标识2264#-300#67468
2016-11-14 16:31:30#二八第792088期押小-标识2302#-300#67168
2016-11-14 16:32:23#二八第792088期押小-标识2310#-300#66868
2016-11-14 16:34:04#二八第792088期押单-标识2324#-300#66568
2016-11-14 16:36:48#二八第792089期押小-标识2350#-300#66268
2016-11-14 16:39:11#二八第792089期押小-标识2371#-300#65968
2016-11-14 16:40:04#二八第792089期押小-标识2377#-300#65668
2016-11-14 16:42:06#二八第792090期押单-标识2399#-300#65368
2016-11-14 16:42:27#二八第792090期押小-标识2402#-300#65068
2016-11-14 16:44:18#二八第792090期押小-标识2420#-300#64768
2016-11-14 16:45:48#二八第792091期押尾号-标识2430#-1500#63268
2016-11-14 16:47:02#二八第792091期押小-标识2444#-300#62968
2016-11-14 16:50:45#二八第792092期押小-标识2478#-300#62668
2016-11-14 16:52:15#二八第792092期押小-标识2494#-300#62368
2016-11-14 16:53:29#二八第792092期押小-标识2506#-300#62068
2016-11-14 16:57:27#二八第792093期押小-标识2536#-300#61768
2016-11-14 16:58:26#二八第792093期押小-标识2546#-300#61468
2016-11-14 16:58:57#二八第792093期押小-标识2549#-300#61168
2016-11-14 17:01:20#二八第792094期押单-标识2568#-300#60868
2016-11-14 17:02:13#二八第792094期押大双-标识2576#-300#60568
2016-11-14 17:03:27#二八第792094期押小-标识2589#-300#60268
2016-11-14 17:05:40#二八第792095期押单-标识2600#-300#59968
2016-11-14 17:06:54#二八第792095期押小-标识2613#-300#59668
2016-11-14 17:08:24#二八第792095期押小-标识2627#-300#59368
2016-11-14 17:11:19#二八第792096期押大双-标识2651#-300#59068
2016-11-14 17:14:03#二八第792096期押小-标识2677#-300#58768
2016-11-14 17:14:35#二八第792096期押小-标识2679#-300#58468
2016-11-14 17:15:06#二八第792097期押单-标识2681#-300#58168
2016-11-14 17:16:05#二八第792097期押尾号-标识2692#-1200#56968
2016-11-14 17:16:47#二八第792097期押小-标识2699#-300#56668
2016-11-14 17:20:14#二八第792098期押小-标识2728#-300#56368
2016-11-14 17:21:33#二八第792098期押大双-标识2742#-300#56068
2016-11-14 17:25:26#二八第792099期押尾号-标识2772#-1500#54568
2016-11-14 17:28:11#二八第792099期押单-标识2799#-300#54268
2016-11-14 17:30:34#二八第792100期押小-标识2816#-300#53968
2016-11-14 17:31:48#二八第792100期押小-标识2827#-300#53668
2016-11-14 17:33:18#二八第792100期押小-标识2843#-300#53368
2016-11-14 17:35:41#二八第792101期押单-标识2858#-300#53068
2016-11-14 17:36:55#二八第792101期押小-标识2872#-300#52768
2016-11-14 17:37:32#二八第792101期押小-标识2879#-300#52468
2016-11-14 17:40:59#二八第792102期押单-标识2906#-300#52168
2016-11-14 17:43:43#二八第792102期押单-标识2933#-300#51868
2016-11-14 17:44:36#二八第792102期押小-标识2940#-300#51568
2016-11-14 17:45:29#二八第792103期押小-标识2947#-300#51268
2016-11-14 17:46:06#二八第792103期押小-标识2954#-300#50968
2016-11-14 17:46:27#二八第792103期押小-标识2957#-300#50668
2016-11-14 17:51:08#二八第792104期押小-标识2994#-300#50368
2016-11-14 17:52:17#二八第792104期押单-标识3006#-300#50068
2016-11-14 17:53:09#二八第792104期押小-标识3015#-300#49768
2016-11-14 17:55:22#二八第792105期押小-标识3030#-300#49468
2016-11-14 18:00:03#二八第792105期押单-标识3067#-300#49168
2016-11-14 18:01:54#二八第792106期押尾号-标识3086#-1500#47668
2016-11-14 18:04:17#二八第792106期押单-标识3105#-300#47368
2016-11-14 18:06:03#二八第792107期押小-标识3119#-300#47068
2016-11-14 18:06:56#二八第792107期押小-标识3127#-300#46768
2016-11-14 18:07:33#二八第792107期押小-标识3133#-300#46468
2016-11-14 18:11:26#二八第792108期押小-标识3158#-300#46168
2016-11-14 18:11:58#二八第792108期押尾号-标识3164#-1500#44668
2016-11-14 18:17:52#二八第792109期押小-标识3214#-300#44368
2016-11-14 18:19:49#二八第792109期押小-标识3228#-300#44068
2016-11-14 18:20:42#二八第792110期押小-标识3236#-300#43768
2016-11-14 18:21:19#二八第792110期押小-标识3243#-300#43468
2016-11-14 18:23:37#二八第792110期押小-标识3261#-300#43168
2016-11-14 18:27:03#二八第792111期押小-标识3289#-300#42868
2016-11-14 18:31:01#二八第792112期押单-标识3321#-300#42568
2016-11-14 18:32:31#二八第792112期押单-标识3337#-300#42268
2016-11-14 18:40:28#二八第792114期押小-标识3398#-300#41968
2016-11-14 18:43:02#二八第792114期押单-标识3422#-300#41668
2016-11-14 18:43:55#二八第792114期押小-标识3429#-300#41368
2016-11-14 18:45:30#二八第792115期押单-标识3437#-300#41068
2016-11-14 18:46:23#二八第792115期押小-标识3446#-300#40768
2016-11-14 18:50:05#二八第792116期押小-标识3472#-300#40468
2016-11-14 18:51:46#二八第792116期押单-标识3488#-300#40168
2016-11-14 18:53:37#二八第792116期押小-标识3505#-300#39868
2016-11-14 18:55:55#二八第792117期押小-标识3523#-300#39568
2016-11-14 19:00:03#二八第792117期押单-标识3553#-300#39268
2016-11-14 19:00:46#二八第792118期押小-标识3559#-300#38968
2016-11-14 19:01:44#二八第792118期押小-标识3569#-300#38668
2016-11-14 19:02:48#二八第792118期押单-标识3579#-300#38368
2016-11-14 19:07:28#二八第792119期押小-标识3620#-300#38068
2016-11-14 19:08:21#二八第792119期押小-标识3627#-300#37768
2016-11-14 19:11:27#二八第792120期押小-标识3655#-300#37468
2016-11-14 19:12:25#二八第792120期押小-标识3666#-300#37168
2016-11-14 19:12:57#二八第792120期押小-标识3671#-300#36868
2016-11-14 19:17:16#二八第792121期押单-标识3710#-300#36568
2016-11-14 19:18:09#二八第792121期押小-标识3718#-300#36268
2016-11-14 19:20:27#二八第792122期押小-标识3733#-300#35968
2016-11-14 19:28:13#二八第792123期押小-标识3803#-300#35668
2016-11-14 19:30:20#二八第792124期押小-标识3816#-300#35368
2016-11-14 19:32:06#二八第792124期押小-标识3835#-300#35068
2016-11-14 19:34:45#二八第792124期押大单-标识3858#-300#34768
2016-11-14 19:38:32#二八第792125期押单-标识3891#-300#34468
2016-11-14 19:40:29#二八第792126期押单-标识3900#-300#34168
2016-11-14 19:40:50#二八第792126期押小-标识3903#-300#33868
2016-11-14 19:41:43#二八第792126期押大双-标识3912#-300#33568
2016-11-14 19:48:04#二八第792127期押小-标识3965#-300#33268
2016-11-14 19:48:57#二八第792127期押小-标识3973#-300#32968
2016-11-14 19:50:22#二八第792128期押小-标识3980#-300#32668
2016-11-14 19:52:24#二八第792128期押小-标识4000#-300#32368
2016-11-14 19:55:08#二八第792129期押尾号-标识4022#-1200#31168
2016-11-14 19:56:48#二八第792129期押单-标识4040#-300#30868
2016-11-14 19:58:03#二八第792129期押小-标识4049#-300#30568
2016-11-14 20:01:50#二八第792130期押小-标识4081#-300#30268
2016-11-14 20:02:27#二八第792130期押小-标识4088#-300#29968
2016-11-14 20:03:42#二八第792130期押小-标识4099#-300#29668
2016-11-14 20:07:19#二八第792131期押单-标识4132#-300#29368
2016-11-14 20:09:57#二八第792131期押小-标识4151#-300#29068
2016-11-14 20:10:50#二八第792132期押大双-标识4159#-300#28768
2016-11-14 20:11:28#二八第792132期押小-标识4166#-300#28468
2016-11-14 20:14:22#二八第792132期押小-标识4189#-300#28168
2016-11-14 20:15:47#二八第792133期押小-标识4200#-300#27868
2016-11-14 20:19:14#二八第792133期押单-标识4232#-300#27568
2016-11-14 20:20:38#二八第792134期押小-标识4243#-300#27268
2016-11-14 20:24:00#二八第792134期押单-标识4274#-300#26968
2016-11-14 20:26:17#二八第792135期押小-标识4292#-300#26668
2016-11-14 20:31:08#二八第792136期押小-标识4330#-300#26368
2016-11-14 20:31:46#二八第792136期押单-标识4337#-300#26068
2016-11-14 20:33:00#二八第792136期押小-标识4349#-300#25768
2016-11-14 20:37:19#二八第792137期押小-标识4386#-300#25468
2016-11-14 20:37:40#二八第792137期押小-标识4389#-300#25168
2016-11-14 20:38:12#二八第792137期押小-标识4395#-300#24868
2016-11-14 20:40:14#二八第792138期押单-标识4410#-300#24568
2016-11-14 20:41:33#二八第792138期押尾号-标识4424#-1500#23068
2016-11-14 20:45:42#二八第792139期押大双-标识4459#-300#22768
2016-11-14 20:49:04#二八第792139期押小-标识4490#-300#22468
2016-11-14 20:49:57#二八第792139期押小-标识4497#-300#22168
2016-11-14 20:51:58#二八第792140期押小-标识4518#-300#21868
2016-11-14 20:52:51#二八第792140期押小-标识4526#-300#21568
2016-11-14 20:53:44#二八第792140期押小-标识4532#-300#21268
2016-11-14 20:56:23#二八第792141期押单-标识4554#-300#20968
2016-11-14 21:00:32#二八第792142期押单-标识4587#-300#20668
2016-11-14 21:01:46#二八第792142期押小-标识4599#-300#20368
2016-11-14 21:03:48#二八第792142期押单-标识4617#-300#20068
2016-11-14 21:05:18#二八第792143期押单-标识4628#-300#19768
2016-11-14 21:08:24#二八第792143期押小-标识4658#-300#19468
2016-11-14 21:09:17#二八第792143期押小-标识4665#-300#19168
2016-11-14 21:10:47#二八第792144期押小-标识4676#-300#18868
2016-11-14 21:11:24#二八第792144期押单-标识4682#-300#18568
2016-11-14 21:12:17#二八第792144期押小-标识4692#-300#18268
2016-11-14 21:15:33#二八第792145期押小-标识4714#-300#17968
2016-11-14 21:16:47#二八第792145期押大双-标识4728#-300#17668
2016-11-14 21:17:56#二八第792145期押单-标识4739#-300#17368
2016-11-14 21:20:19#二八第792146期押尾号-标识4753#-1500#15868
2016-11-14 21:23:03#二八第792146期押小-标识4781#-300#15568
2016-11-14 21:26:56#二八第792147期押单-标识4817#-300#15268
2016-11-14 21:28:10#二八第792147期押小-标识4829#-300#14968
2016-11-14 21:31:05#二八第792148期押小-标识4851#-300#14668
2016-11-14 21:32:19#二八第792148期押大双-标识4864#-300#14368
2016-11-14 21:33:28#二八第792148期押单-标识4872#-300#14068
2016-11-14 21:35:51#二八第792149期押小-标识4893#-300#13768
2016-11-14 21:37:05#二八第792149期押大单-标识4906#-300#13468
2016-11-14 21:39:07#二八第792149期押小-标识4923#-300#13168
2016-11-14 21:40:32#二八第792150期押小-标识4933#-300#12868
2016-11-14 21:41:46#二八第792150期押小-标识4946#-300#12568
2016-11-14 21:42:23#二八第792150期押小-标识4953#-300#12268
2016-11-14 21:45:49#二八第792151期押小-标识4978#-300#11968
2016-11-14 21:50:09#二八第792152期押大双-标识5008#-300#11668
2016-11-14 21:50:30#二八第792152期押小-标识5012#-300#11368
2016-11-14 21:52:21#二八第792152期押小-标识5032#-300#11068
2016-11-14 21:55:37#二八第792153期押小-标识5054#-300#10768
2016-11-14 21:57:39#二八第792153期押小-标识5075#-300#10468
2016-11-14 21:58:53#二八第792153期押小-标识5086#-300#10168
2016-11-14 22:00:23#二八第792154期押小-标识5095#-300#9868
2016-11-14 22:01:00#二八第792154期押单-标识5102#-300#9568
2016-11-14 22:02:15#二八第792154期押小-标识5115#-300#9268
2016-11-14 22:06:02#二八第792155期押大双-标识5145#-300#8968
2016-11-14 22:07:01#二八第792155期押小-标识5155#-300#8668
2016-11-14 22:09:02#二八第792155期押单-标识5172#-300#8368
2016-11-14 22:10:38#二八第792156期押小-标识5184#-300#8068
2016-11-14 22:12:40#二八第792156期押小-标识5204#-300#7768
2016-11-14 22:13:54#二八第792156期押小-标识5215#-300#7468
2016-11-14 22:17:15#二八第792157期押小-标识5244#-300#7168
2016-11-14 22:19:17#二八第792157期押单-标识5264#-300#6868
2016-11-14 22:20:10#二八第792158期押小-标识5270#-300#6568
2016-11-14 22:23:21#二八第792158期押小-标识5303#-300#6268
2016-11-14 22:24:14#二八第792158期押小-标识5308#-300#5968
2016-11-14 22:26:37#二八第792159期押小-标识5330#-300#5668
2016-11-14 22:26:58#二八第792159期押小-标识5334#-300#5368
2016-11-14 22:28:28#二八第792159期押小-标识5347#-300#5068
2016-11-14 22:30:51#二八第792160期押尾号-标识5363#-1500#3568
2016-11-14 22:32:53#二八第792160期押单-标识5384#-300#3268
2016-11-14 22:35:37#二八第792161期押单-标识5405#-300#2968
2016-11-14 22:37:49#二八第792161期押尾号-标识5427#-1500#1468
2016-11-14 22:40:44#二八第792162期押小-标识5448#-300#1168
2016-11-14 22:41:58#二八第792162期押小-标识5461#-300#868
2016-11-14 22:45:20#二八第792163期押小-标识5492#-300#568
2016-11-14 22:47:22#二八第792163期押单-标识5513#-300#268
2016-11-14 22:48:36#系统机器人自动操作#300#568
2016-11-14 22:48:36#二八第792163期押小-标识5524#-300#268
2016-11-14 22:51:30#系统机器人自动操作#300#568
2016-11-14 22:51:30#二八第792164期押小-标识5550#-300#268
2016-11-14 22:52:08#系统机器人自动操作#300#568
2016-11-14 22:52:08#二八第792164期押小-标识5557#-300#268
2016-11-14 22:53:22#系统机器人自动操作#300#568
2016-11-14 22:53:22#二八第792164期押小-标识5570#-300#268
2016-11-14 22:56:59#系统机器人自动操作#300#568
2016-11-14 22:56:59#二八第792165期押大双-标识5599#-300#268
2016-11-14 22:58:08#系统机器人自动操作#300#568
2016-11-14 22:58:08#二八第792165期押单-标识5609#-300#268
2016-11-14 22:58:39#系统机器人自动操作#300#568
2016-11-14 22:58:40#二八第792165期押单-标识5611#-300#268
2016-11-14 23:00:31#系统机器人自动操作#300#568
2016-11-14 23:00:31#二八第792166期押小-标识5627#-300#268
2016-11-14 23:00:52#系统机器人自动操作#300#568
2016-11-14 23:00:52#二八第792166期押小-标识5631#-300#268
2016-11-14 23:02:01#系统机器人自动操作#300#568
2016-11-14 23:02:01#二八第792166期押单-标识5644#-300#268
2016-11-14 23:06:10#系统机器人自动操作#300#568
2016-11-14 23:06:10#二八第792167期押单-标识5678#-300#268
2016-11-14 23:07:40#系统机器人自动操作#300#568
2016-11-14 23:07:40#二八第792167期押小-标识5695#-300#268
2016-11-14 23:11:17#系统机器人自动操作#300#568
2016-11-14 23:11:17#二八第792168期押小-标识5725#-300#268
2016-11-14 23:12:10#系统机器人自动操作#300#568
2016-11-14 23:12:10#二八第792168期押小-标识5734#-300#268
2016-11-14 23:15:10#系统机器人自动操作#300#568
2016-11-14 23:15:10#二八第792169期押小-标识5755#-300#268
2016-11-14 23:17:33#系统机器人自动操作#300#568
2016-11-14 23:17:33#二八第792169期押单-标识5778#-300#268
2016-11-14 23:18:26#系统机器人自动操作#300#568
2016-11-14 23:18:26#二八第792169期押小-标识5785#-300#268
2016-11-14 23:21:42#系统机器人自动操作#300#568
2016-11-14 23:21:42#二八第792170期押单-标识5812#-300#268
2016-11-14 23:22:40#系统机器人自动操作#300#568
2016-11-14 23:22:40#二八第792170期押小-标识5823#-300#268
2016-11-14 23:23:33#系统机器人自动操作#300#568
2016-11-14 23:23:33#二八第792170期押小-标识5829#-300#268
2016-11-14 23:25:56#系统机器人自动操作#300#568
2016-11-14 23:25:56#二八第792171期押小-标识5846#-300#268
2016-11-14 23:28:40#系统机器人自动操作#300#568
2016-11-14 23:28:40#二八第792171期押小-标识5870#-300#268
2016-11-14 23:29:39#系统机器人自动操作#300#568
2016-11-14 23:29:39#二八第792171期押小-标识5876#-300#268
2016-11-14 23:30:32#系统机器人自动操作#300#568
2016-11-14 23:30:32#二八第792172期押小-标识5885#-300#268
2016-11-14 23:32:55#系统机器人自动操作#300#568
2016-11-14 23:32:55#二八第792172期押小-标识5910#-300#268
2016-11-14 23:34:09#系统机器人自动操作#300#568
2016-11-14 23:34:09#二八第792172期押小-标识5920#-300#268
2016-11-14 23:36:42#系统机器人自动操作#300#568
2016-11-14 23:36:42#二八第792173期押小-标识5942#-300#268
2016-11-14 23:38:34#系统机器人自动操作#300#1768
2016-11-14 23:38:34#二八第792173期押尾号-标识5959#-1500#268
2016-11-14 23:41:29#系统机器人自动操作#300#568
2016-11-14 23:41:29#二八第792174期押小-标识5986#-300#268
2016-11-14 23:42:21#系统机器人自动操作#300#568
2016-11-14 23:42:21#二八第792174期押小-标识5993#-300#268
2016-11-14 23:45:16#系统机器人自动操作#300#568
2016-11-14 23:45:16#二八第792175期押单-标识6016#-300#268
2016-11-14 23:46:09#系统机器人自动操作#300#568
2016-11-14 23:46:09#二八第792175期押大双-标识6026#-300#268
2016-11-14 23:50:23#系统机器人自动操作#300#568
2016-11-14 23:50:23#二八第792176期押小-标识6061#-300#268
2016-11-14 23:52:46#系统机器人自动操作#300#568
2016-11-14 23:52:46#二八第792176期押单-标识6086#-300#268
2016-11-14 23:53:39#系统机器人自动操作#300#568
2016-11-14 23:53:39#二八第792176期押小-标识6091#-300#268
2016-11-14 23:58:25#系统机器人自动操作#300#568
2016-11-14 23:58:25#二八第792177期押大双-标识6133#-300#268
2016-11-14 23:59:40#系统机器人自动操作#300#568
2016-11-14 23:59:40#二八第792177期押小-标识6141#-300#268
2016-11-15 09:01:29#系统机器人自动操作#300#568
2016-11-15 09:01:29#二八第792177期押小-标识6155#-300#268
2016-11-15 09:04:40#系统机器人自动操作#300#568
2016-11-15 09:04:40#二八第792177期押小-标识6176#-300#268
2016-11-15 09:07:34#系统机器人自动操作#300#568
2016-11-15 09:07:34#二八第792177期押小-标识6184#-300#268
2016-11-15 09:11:43#系统机器人自动操作#300#568
2016-11-15 09:11:43#二八第792179期押小-标识6206#-300#268
2016-11-15 09:13:45#系统机器人自动操作#300#568
2016-11-15 09:13:45#二八第792179期押小-标识6223#-300#268
2016-11-15 09:16:03#系统机器人自动操作#300#568
2016-11-15 09:16:03#二八第792180期押小-标识6240#-300#268
2016-11-15 09:16:40#系统机器人自动操作#300#568
2016-11-15 09:16:40#二八第792180期押小-标识6247#-300#268
2016-11-15 09:17:28#系统机器人自动操作#300#568
2016-11-15 09:17:28#二八第792180期押小-标识6254#-300#268
2016-11-15 09:21:36#系统机器人自动操作#300#568
2016-11-15 09:21:36#二八第792181期押小-标识6287#-300#268
2016-11-15 09:23:38#系统机器人自动操作#300#568
2016-11-15 09:23:38#二八第792181期押单-标识6305#-300#268
2016-11-15 09:24:15#系统机器人自动操作#300#568
2016-11-15 09:24:15#二八第792181期押单-标识6308#-300#268
2016-11-15 09:25:51#系统机器人自动操作#300#568
2016-11-15 09:25:51#二八第792182期押小-标识6323#-300#268
2016-11-15 09:27:21#系统机器人自动操作#300#568
2016-11-15 09:27:21#二八第792182期押小-标识6337#-300#268
2016-11-15 09:28:35#系统机器人自动操作#300#568
2016-11-15 09:28:35#二八第792182期押小-标识6350#-300#268
2016-11-15 09:30:05#系统机器人自动操作#300#568
2016-11-15 09:30:05#二八第792183期押小-标识6363#-300#268
2016-11-15 09:32:07#系统机器人自动操作#300#568
2016-11-15 09:32:07#二八第792183期押小-标识6385#-300#268
2016-11-15 09:34:14#系统机器人自动操作#300#568
2016-11-15 09:34:14#二八第792183期押单-标识6405#-300#268
2016-11-15 09:35:39#系统机器人自动操作#300#568
2016-11-15 09:35:39#二八第792184期押小-标识6412#-300#268
2016-11-15 09:36:32#系统机器人自动操作#300#568
2016-11-15 09:36:32#二八第792184期押大双-标识6422#-300#268
2016-11-15 09:37:09#系统机器人自动操作#300#568
2016-11-15 09:37:09#二八第792184期押小-标识6427#-300#268
2016-11-15 09:41:34#系统机器人自动操作#300#568
2016-11-15 09:41:34#二八第792185期押大双-标识6466#-300#268
2016-11-15 09:42:00#系统机器人自动操作#300#568
2016-11-15 09:42:00#二八第792185期押小-标识6471#-300#268
2016-11-15 09:44:45#系统机器人自动操作#300#568
2016-11-15 09:44:45#二八第792185期押小-标识6492#-300#268
2016-11-15 09:45:38#系统机器人自动操作#300#568
2016-11-15 09:45:38#二八第792186期押单-标识6500#-300#268
2016-11-15 09:46:52#系统机器人自动操作#300#568
2016-11-15 09:46:52#二八第792186期押小-标识6514#-300#268
2016-11-15 09:49:10#系统机器人自动操作#300#568
2016-11-15 09:49:10#二八第792186期押小-标识6530#-300#268
2016-11-15 09:51:33#系统机器人自动操作#300#568
2016-11-15 09:51:33#二八第792187期押小-标识6549#-300#268
2016-11-15 09:52:47#系统机器人自动操作#300#568
2016-11-15 09:52:47#二八第792187期押小-标识6563#-300#268
2016-11-15 09:53:24#系统机器人自动操作#300#568
2016-11-15 09:53:24#二八第792187期押小-标识6569#-300#268
2016-11-15 09:55:26#系统机器人自动操作#300#568
2016-11-15 09:55:26#二八第792188期押单-标识6584#-300#268
2016-11-15 09:58:10#系统机器人自动操作#300#568
2016-11-15 09:58:10#二八第792188期押大双-标识6609#-300#268
2016-11-15 09:59:56#系统机器人自动操作#300#568
2016-11-15 09:59:56#二八第792188期押小-标识6619#-300#268
2016-11-15 10:00:17#系统机器人自动操作#300#568
2016-11-15 10:00:17#二八第792189期押大双-标识6623#-300#268
2016-11-15 10:00:54#系统机器人自动操作#300#568
2016-11-15 10:00:54#二八第792189期押小-标识6630#-300#268
2016-11-15 10:02:24#系统机器人自动操作#300#568
2016-11-15 10:02:24#二八第792189期押单-标识6642#-300#268
2016-11-15 10:05:40#系统机器人自动操作#300#568
2016-11-15 10:05:40#二八第792190期押单-标识6669#-300#268
2016-11-15 10:07:16#系统机器人自动操作#300#568
2016-11-15 10:07:16#二八第792190期押小-标识6686#-300#268
2016-11-15 10:07:53#系统机器人自动操作#300#568
2016-11-15 10:07:53#二八第792190期押小-标识6692#-300#268
2016-11-15 10:10:16#系统机器人自动操作#300#568
2016-11-15 10:10:16#二八第792191期押小-标识6712#-300#268
2016-11-15 10:11:46#系统机器人自动操作#300#568
2016-11-15 10:11:46#二八第792191期押单-标识6728#-300#268
2016-11-15 10:13:00#系统机器人自动操作#300#568
2016-11-15 10:13:00#二八第792191期押小-标识6741#-300#268
2016-11-15 10:16:53#系统机器人自动操作#300#568
2016-11-15 10:16:53#二八第792192期押小-标识6773#-300#268
2016-11-15 10:19:37#系统机器人自动操作#300#568
2016-11-15 10:19:37#二八第792192期押小-标识6794#-300#268
2016-11-15 10:20:51#系统机器人自动操作#300#568
2016-11-15 10:20:51#二八第792193期押小-标识6804#-300#268
2016-11-15 10:22:53#系统机器人自动操作#300#568
2016-11-15 10:22:53#二八第792193期押小-标识6826#-300#268
2016-11-15 10:23:30#系统机器人自动操作#300#568
2016-11-15 10:23:30#二八第792193期押单-标识6833#-300#268
2016-11-15 10:27:08#系统机器人自动操作#300#568
2016-11-15 10:27:08#二八第792194期押小-标识6864#-300#268
2016-11-15 10:32:25#系统机器人自动操作#300#568
2016-11-15 10:32:25#二八第792195期押小-标识6908#-300#268
2016-11-15 10:33:18#系统机器人自动操作#300#1768
2016-11-15 10:33:18#二八第792195期押尾号-标识6916#-1500#268
2016-11-15 10:35:20#系统机器人自动操作#300#568
2016-11-15 10:35:20#二八第792196期押单-标识6928#-300#268
2016-11-15 10:36:55#系统机器人自动操作#300#568
2016-11-15 10:36:55#二八第792196期押小-标识6945#-300#268
2016-11-15 10:38:57#系统机器人自动操作#300#568
2016-11-15 10:38:57#二八第792196期押小-标识6962#-300#268
2016-11-15 10:40:49#系统机器人自动操作#300#568
2016-11-15 10:40:49#二八第792197期押小-标识6975#-300#268
2016-11-15 10:43:54#系统机器人自动操作#300#568
2016-11-15 10:43:54#二八第792197期押小-标识7003#-300#268
2016-11-15 10:45:56#系统机器人自动操作#300#568
2016-11-15 10:45:56#二八第792198期押小-标识7018#-300#268
2016-11-15 10:46:54#系统机器人自动操作#300#568
2016-11-15 10:46:54#二八第792198期押小-标识7026#-300#268
2016-11-15 10:52:23#系统机器人自动操作#300#568
2016-11-15 10:52:23#二八第792199期押小-标识7077#-300#268
2016-11-15 10:53:21#系统机器人自动操作#300#1768
2016-11-15 10:53:21#二八第792199期押尾号-标识7086#-1500#268
2016-11-15 10:55:23#系统机器人自动操作#300#568
2016-11-15 10:55:23#二八第792200期押单-标识7098#-300#268
2016-11-15 10:56:37#系统机器人自动操作#300#568
2016-11-15 10:56:37#二八第792200期押小-标识7112#-300#268
2016-11-15 11:00:25#系统机器人自动操作#300#568
2016-11-15 11:00:25#二八第792201期押小-标识7142#-300#268
2016-11-15 11:01:44#系统机器人自动操作#300#568
2016-11-15 11:01:44#二八第792201期押小-标识7156#-300#268
2016-11-15 11:03:46#系统机器人自动操作#300#568
2016-11-15 11:03:46#二八第792201期押大双-标识7174#-300#268
2016-11-15 11:06:09#系统机器人自动操作#300#568
2016-11-15 11:06:09#二八第792202期押单-标识7193#-300#268
2016-11-15 11:06:30#系统机器人自动操作#300#568
2016-11-15 11:06:30#二八第792202期押小-标识7197#-300#268
2016-11-15 11:06:51#系统机器人自动操作#300#568
2016-11-15 11:06:51#二八第792202期押小-标识7201#-300#268
2016-11-15 11:12:25#系统机器人自动操作#300#568
2016-11-15 11:12:25#二八第792203期押小-标识7249#-300#268
2016-11-15 11:14:16#系统机器人自动操作#300#568
2016-11-15 11:14:16#二八第792203期押小-标识7264#-300#268
2016-11-15 11:14:27#系统机器人自动操作#300#568
2016-11-15 11:14:27#二八第792203期押单-标识7265#-300#268
2016-11-15 11:15:57#系统机器人自动操作#300#568
2016-11-15 11:15:57#二八第792204期押单-标识7277#-300#268
2016-11-15 11:17:32#系统机器人自动操作#300#568
2016-11-15 11:17:32#二八第792204期押小-标识7293#-300#268
2016-11-15 11:19:34#系统机器人自动操作#300#568
2016-11-15 11:19:34#二八第792204期押小-标识7311#-300#268
2016-11-15 11:20:17#系统机器人自动操作#300#568
2016-11-15 11:20:17#二八第792205期押小-标识7317#-300#268
2016-11-15 11:20:54#系统机器人自动操作#300#568
2016-11-15 11:20:54#二八第792205期押小-标识7323#-300#268
2016-11-15 11:21:25#系统机器人自动操作#300#568
2016-11-15 11:21:25#二八第792205期押单-标识7329#-300#268
2016-11-15 11:27:52#系统机器人自动操作#300#568
2016-11-15 11:27:52#二八第792206期押小-标识7386#-300#268
2016-11-15 11:28:24#系统机器人自动操作#300#568
2016-11-15 11:28:24#二八第792206期押小-标识7391#-300#268
2016-11-15 11:31:45#系统机器人自动操作#300#568
2016-11-15 11:31:45#二八第792207期押单-标识7424#-300#268
2016-11-15 11:32:06#系统机器人自动操作#300#568
2016-11-15 11:32:06#二八第792207期押小-标识7427#-300#268
2016-11-15 11:32:28#系统机器人自动操作#300#568
2016-11-15 11:32:28#二八第792207期押小-标识7430#-300#268
2016-11-15 11:35:28#系统机器人自动操作#300#568
2016-11-15 11:35:28#二八第792208期押小-标识7453#-300#268
2016-11-15 11:36:42#系统机器人自动操作#300#568
2016-11-15 11:36:42#二八第792208期押小-标识7465#-300#268
2016-11-15 11:37:40#系统机器人自动操作#300#568
2016-11-15 11:37:40#二八第792208期押小-标识7476#-300#268
2016-11-15 11:40:24#系统机器人自动操作#300#568
2016-11-15 11:40:24#二八第792209期押小-标识7492#-300#268
2016-11-15 11:41:44#系统机器人自动操作#300#568
2016-11-15 11:41:44#二八第792209期押小-标识7505#-300#268
2016-11-15 11:42:53#系统机器人自动操作#300#568
2016-11-15 11:42:53#二八第792209期押单-标识7516#-300#268
2016-11-15 11:49:51#系统机器人自动操作#300#568
2016-11-15 11:49:51#二八第792210期押单-标识7570#-300#268
2016-11-15 11:52:04#系统机器人自动操作#300#568
2016-11-15 11:52:04#二八第792211期押小-标识7592#-300#268
2016-11-15 11:53:18#系统机器人自动操作#300#568
2016-11-15 11:53:18#二八第792211期押小-标识7604#-300#268
2016-11-15 11:58:52#系统机器人自动操作#300#568
2016-11-15 11:58:52#二八第792212期押小-标识7650#-300#268
2016-11-15 12:01:52#系统机器人自动操作#300#568
2016-11-15 12:01:52#二八第792213期押小-标识7675#-300#268
2016-11-15 12:02:13#系统机器人自动操作#300#568
2016-11-15 12:02:13#二八第792213期押小-标识7679#-300#268
2016-11-15 12:05:56#系统机器人自动操作#300#568
2016-11-15 12:05:56#二八第792214期押单-标识7709#-300#268
2016-11-15 12:06:17#系统机器人自动操作#300#568
2016-11-15 12:06:17#二八第792214期押大双-标识7713#-300#268
2016-11-15 12:07:15#系统机器人自动操作#300#568
2016-11-15 12:07:15#二八第792214期押小-标识7722#-300#268
2016-11-15 12:10:58#系统机器人自动操作#300#568
2016-11-15 12:10:58#二八第792215期押单-标识7752#-300#268
2016-11-15 12:12:17#系统机器人自动操作#300#568
2016-11-15 12:12:17#二八第792215期押单-标识7766#-300#268
2016-11-15 12:13:16#系统机器人自动操作#300#568
2016-11-15 12:13:16#二八第792215期押单-标识7774#-300#268
2016-11-15 12:17:40#系统机器人自动操作#300#568
2016-11-15 12:17:41#二八第792216期押小-标识7808#-300#268
2016-11-15 12:20:09#系统机器人自动操作#300#568
2016-11-15 12:20:09#二八第792217期押押大-标识7824#-300#268
2016-11-15 12:20:30#系统机器人自动操作#300#568
2016-11-15 12:20:30#二八第792217期押小-标识7828#-300#268
2016-11-15 12:20:51#系统机器人自动操作#300#568
2016-11-15 12:20:51#二八第792217期押小-标识7831#-300#268
2016-11-15 12:26:52#系统机器人自动操作#300#568
2016-11-15 12:26:52#二八第792218期押单-标识7880#-300#268
2016-11-15 12:27:34#系统机器人自动操作#300#568
2016-11-15 12:27:34#二八第792218期押小-标识7887#-300#268
2016-11-15 12:29:57#系统机器人自动操作#300#568
2016-11-15 12:29:57#二八第792218期押小-标识7907#-300#268
2016-11-15 12:30:34#系统机器人自动操作#300#568
2016-11-15 12:30:34#二八第792219期押小-标识7912#-300#268
2016-11-15 12:31:48#系统机器人自动操作#300#1768
2016-11-15 12:31:48#二八第792219期押尾号-标识7924#-1500#268
2016-11-15 12:39:56#系统机器人自动操作#300#568
2016-11-15 12:39:56#二八第792220期押单-标识7985#-300#268
2016-11-15 12:41:10#系统机器人自动操作#300#568
2016-11-15 12:41:10#二八第792221期押小-标识7998#-300#268
2016-11-15 12:43:54#系统机器人自动操作#300#568
2016-11-15 12:43:54#二八第792221期押小-标识8024#-300#268
2016-11-15 12:44:31#系统机器人自动操作#300#568
2016-11-15 12:44:31#二八第792221期押小-标识8030#-300#268
2016-11-15 12:46:54#系统机器人自动操作#300#568
2016-11-15 12:46:54#二八第792222期押小-标识8051#-300#268
2016-11-15 12:48:08#系统机器人自动操作#300#568
2016-11-15 12:48:08#二八第792222期押小-标识8064#-300#268
2016-11-15 12:50:10#系统机器人自动操作#300#568
2016-11-15 12:50:10#二八第792223期押小-标识8078#-300#268
2016-11-15 12:51:30#系统机器人自动操作#300#568
2016-11-15 12:51:30#二八第792223期押小-标识8092#-300#268
2016-11-15 12:54:24#系统机器人自动操作#300#568
2016-11-15 12:54:24#二八第792223期押小-标识8121#-300#268
2016-11-15 12:55:17#系统机器人自动操作#300#568
2016-11-15 12:55:17#二八第792224期押小-标识8126#-300#268
2016-11-15 13:01:02#系统机器人自动操作#300#568
2016-11-15 13:01:02#二八第792225期押单-标识8176#-300#268
2016-11-15 13:02:16#系统机器人自动操作#300#568
2016-11-15 13:02:16#二八第792225期押小-标识8190#-300#268
2016-11-15 13:04:18#系统机器人自动操作#300#568
2016-11-15 13:04:18#二八第792225期押单-标识8207#-300#268
2016-11-15 13:05:32#系统机器人自动操作#300#568
2016-11-15 13:05:32#二八第792226期押小-标识8218#-300#268
2016-11-15 13:07:23#系统机器人自动操作#300#1768
2016-11-15 13:07:23#二八第792226期押尾号-标识8238#-1500#268
2016-11-15 13:12:57#系统机器人自动操作#300#568
2016-11-15 13:12:57#二八第792227期押小-标识8283#-300#268
2016-11-15 13:13:08#系统机器人自动操作#300#568
2016-11-15 13:13:08#二八第792227期押单-标识8285#-300#268
2016-11-15 13:14:38#系统机器人自动操作#300#568
2016-11-15 13:14:38#二八第792227期押单-标识8296#-300#268
2016-11-15 13:15:52#系统机器人自动操作#300#568
2016-11-15 13:15:52#二八第792228期押小-标识8307#-300#268
2016-11-15 13:20:59#系统机器人自动操作#300#568
2016-11-15 13:20:59#二八第792229期押小-标识8353#-300#268
2016-11-15 13:24:15#系统机器人自动操作#300#568
2016-11-15 13:24:15#二八第792229期押小-标识8384#-300#268
2016-11-15 13:25:24#系统机器人自动操作#300#568
2016-11-15 13:25:24#二八第792230期押单-标识8390#-300#268
2016-11-15 13:25:45#系统机器人自动操作#300#568
2016-11-15 13:25:45#二八第792230期押小-标识8394#-300#268
2016-11-15 13:26:59#系统机器人自动操作#300#568
2016-11-15 13:26:59#二八第792230期押小-标识8406#-300#268
2016-11-15 13:31:13#系统机器人自动操作#300#568
2016-11-15 13:31:13#二八第792231期押大双-标识8441#-300#268
2016-11-15 13:33:05#系统机器人自动操作#300#568
2016-11-15 13:33:05#二八第792231期押小-标识8460#-300#268
2016-11-15 13:35:28#系统机器人自动操作#300#568
2016-11-15 13:35:28#二八第792232期押大双-标识8475#-300#268
2016-11-15 13:36:05#系统机器人自动操作#300#568
2016-11-15 13:36:05#二八第792232期押小-标识8482#-300#268
2016-11-15 13:38:49#系统机器人自动操作#300#568
2016-11-15 13:38:49#二八第792232期押小-标识8508#-300#268
2016-11-15 13:44:55#系统机器人自动操作#300#568
2016-11-15 13:44:55#二八第792233期押小-标识8559#-300#268
2016-11-15 13:46:09#系统机器人自动操作#300#568
2016-11-15 13:46:09#二八第792234期押小-标识8573#-300#268
2016-11-15 13:47:39#系统机器人自动操作#300#568
2016-11-15 13:47:39#二八第792234期押小-标识8589#-300#268
2016-11-15 13:48:53#系统机器人自动操作#300#568
2016-11-15 13:48:53#二八第792234期押大双-标识8599#-300#268
2016-11-15 13:51:32#系统机器人自动操作#300#568
2016-11-15 13:51:32#二八第792235期押单-标识8621#-300#268
2016-11-15 13:55:09#系统机器人自动操作#300#568
2016-11-15 13:55:09#二八第792236期押小-标识8650#-300#268
2016-11-15 13:56:23#系统机器人自动操作#300#568
2016-11-15 13:56:23#二八第792236期押小-标识8663#-300#268
2016-11-15 13:57:00#系统机器人自动操作#300#568
2016-11-15 13:57:00#二八第792236期押小-标识8670#-300#268
2016-11-15 14:00:06#系统机器人自动操作#300#568
2016-11-15 14:00:06#二八第792237期押小-标识8694#-300#268
2016-11-15 14:01:57#系统机器人自动操作#300#568
2016-11-15 14:01:57#二八第792237期押小-标识8713#-300#268
2016-11-15 14:02:55#系统机器人自动操作#300#568
2016-11-15 14:02:55#二八第792237期押小-标识8723#-300#268
2016-11-15 14:05:18#系统机器人自动操作#300#568
2016-11-15 14:05:18#二八第792238期押小-标识8741#-300#268
2016-11-15 14:07:41#系统机器人自动操作#300#568
2016-11-15 14:07:41#二八第792238期押大双-标识8766#-300#268
2016-11-15 14:10:20#系统机器人自动操作#300#568
2016-11-15 14:10:20#二八第792239期押小-标识8787#-300#268
2016-11-15 14:10:42#系统机器人自动操作#300#568
2016-11-15 14:10:42#二八第792239期押小-标识8791#-300#268
2016-11-15 14:13:05#系统机器人自动操作#300#568
2016-11-15 14:13:05#二八第792239期押大双-标识8816#-300#268
2016-11-15 14:16:15#系统机器人自动操作#300#568
2016-11-15 14:16:15#二八第792240期押小-标识8840#-300#268
2016-11-15 14:18:07#系统机器人自动操作#300#568
2016-11-15 14:18:07#二八第792240期押大双-标识8859#-300#268
2016-11-15 14:20:30#系统机器人自动操作#300#568
2016-11-15 14:20:30#二八第792241期押大双-标识8877#-300#268
2016-11-15 14:21:44#系统机器人自动操作#300#568
2016-11-15 14:21:44#二八第792241期押小-标识8890#-300#268
2016-11-15 14:23:40#系统机器人自动操作#300#568
2016-11-15 14:23:40#二八第792241期押小-标识8908#-300#268
2016-11-15 14:28:27#系统机器人自动操作#300#568
2016-11-15 14:28:27#二八第792242期押单-标识8949#-300#268
2016-11-15 14:29:25#系统机器人自动操作#300#568
2016-11-15 14:29:25#二八第792242期押小-标识8957#-300#268
2016-11-15 14:30:39#系统机器人自动操作#300#568
2016-11-15 14:30:39#二八第792243期押小-标识8967#-300#268
2016-11-15 14:32:41#系统机器人自动操作#300#568
2016-11-15 14:32:41#二八第792243期押单-标识8988#-300#268
2016-11-15 14:33:02#系统机器人自动操作#300#568
2016-11-15 14:33:02#二八第792243期押大双-标识8991#-300#268
2016-11-15 14:35:25#系统机器人自动操作#300#568
2016-11-15 14:35:25#二八第792244期押单-标识9008#-300#268
2016-11-15 14:36:23#系统机器人自动操作#300#568
2016-11-15 14:36:23#二八第792244期押小-标识9018#-300#268
2016-11-15 14:38:36#系统机器人自动操作#300#568
2016-11-15 14:38:36#二八第792244期押小-标识9039#-300#268
2016-11-15 14:41:20#系统机器人自动操作#300#568
2016-11-15 14:41:20#二八第792245期押小-标识9060#-300#268
2016-11-15 14:43:48#系统机器人自动操作#300#568
2016-11-15 14:43:48#二八第792245期押单-标识9081#-300#268
2016-11-15 14:45:03#系统机器人自动操作#300#568
2016-11-15 14:45:03#二八第792245期押小-标识9088#-300#268
2016-11-15 14:47:04#系统机器人自动操作#300#568
2016-11-15 14:47:04#二八第792246期押单-标识9108#-300#268
2016-11-15 14:48:19#系统机器人自动操作#300#568
2016-11-15 14:48:19#二八第792246期押大双-标识9122#-300#268
2016-11-15 14:48:40#系统机器人自动操作#300#568
2016-11-15 14:48:40#二八第792246期押小-标识9125#-300#268
2016-11-15 14:51:40#系统机器人自动操作#300#568
2016-11-15 14:51:40#二八第792247期押小-标识9151#-300#268
2016-11-15 14:54:24#系统机器人自动操作#300#568
2016-11-15 14:54:24#二八第792247期押小-标识9176#-300#268
2016-11-15 14:55:44#系统机器人自动操作#300#568
2016-11-15 14:55:44#二八第792248期押小-标识9187#-300#268
2016-11-15 14:57:45#系统机器人自动操作#300#568
2016-11-15 14:57:45#二八第792248期押小-标识9208#-300#268
2016-11-15 14:58:07#系统机器人自动操作#300#568
2016-11-15 14:58:07#二八第792248期押小-标识9211#-300#268
