2016-11-14 15:56:56#二八第791725期押押大-标识1976#-300#2457530
2016-11-14 15:57:15#二八第791725期押押大-标识1987#-300#2457230
2016-11-14 15:57:46#二八第791725期押押大-标识1999#-300#2456930
2016-11-14 16:00:35#二八第792082期押押大-标识2033#-300#2456630
2016-11-14 16:02:27#二八第792082期押押大-标识2053#-300#2456330
2016-11-14 16:07:18#二八第792083期押押大-标识2095#-300#2456030
2016-11-14 16:08:11#二八第792083期押押大-标识2101#-300#2455730
2016-11-14 16:10:13#二八第792084期押押大-标识2115#-300#2455430
2016-11-14 16:11:22#二八第792084期押押大-标识2128#-300#2455130
2016-11-14 16:13:07#二八第792084期押押大-标识2145#-300#2454830
2016-11-14 16:15:15#二八第792085期押押大-标识2157#-300#2454530
2016-11-14 16:16:24#二八第792085期押押大-标识2170#-300#2454230
2016-11-14 16:21:05#二八第792086期押押大-标识2210#-300#2453930
2016-11-14 16:22:08#二八第792086期押押大-标识2221#-300#2453630
2016-11-14 16:22:45#二八第792086期押押大-标识2226#-300#2453330
2016-11-14 16:25:24#二八第792087期押押大-标识2247#-300#2453030
2016-11-14 16:27:47#二八第792087期押押大-标识2272#-300#2452730
2016-11-14 16:28:19#二八第792087期押押大-标识2277#-300#2452430
2016-11-14 16:33:05#二八第792088期押押大-标识2316#-300#2452130
2016-11-14 16:34:19#二八第792088期押押大-标识2326#-300#2451830
2016-11-14 16:35:12#二八第792089期押押大-标识2333#-300#2451530
2016-11-14 16:37:14#二八第792089期押小单-标识2355#-300#2451230
2016-11-14 16:39:27#二八第792089期押押大-标识2374#-300#2450930
2016-11-14 16:40:30#二八第792090期押押大-标识2382#-300#2450630
2016-11-14 16:41:28#二八第792090期押押大-标识2393#-300#2450330
2016-11-14 16:42:43#二八第792090期押押大-标识2405#-300#2450030
2016-11-14 16:45:27#二八第792091期押押大-标识2427#-300#2449730
2016-11-14 16:47:55#二八第792091期押押大-标识2451#-300#2449430
2016-11-14 16:51:32#二八第792092期押押大-标识2487#-300#2449130
2016-11-14 16:54:59#二八第792092期押押大-标识2512#-300#2448830
2016-11-14 16:55:36#二八第792093期押押大-标识2518#-300#2448530
2016-11-14 16:56:29#二八第792093期押押大-标识2526#-300#2448230
2016-11-14 16:57:43#二八第792093期押大单-标识2539#-300#2447930
2016-11-14 17:00:59#二八第792094期押押大-标识2565#-300#2447630
2016-11-14 17:02:29#二八第792094期押押大-标识2579#-300#2447330
2016-11-14 17:02:40#二八第792094期押押大-标识2581#-300#2447030
2016-11-14 17:05:56#二八第792095期押押大-标识2603#-300#2446730
2016-11-14 17:08:50#二八第792095期押小单-标识2632#-300#2446430
2016-11-14 17:09:43#二八第792095期押押大-标识2638#-300#2446130
2016-11-14 17:10:36#二八第792096期押押大-标识2645#-300#2445830
2016-11-14 17:11:35#二八第792096期押押大-标识2654#-300#2445530
2016-11-14 17:12:38#二八第792096期押押大-标识2666#-300#2445230
2016-11-14 17:15:22#二八第792097期押押大-标识2684#-300#2444930
2016-11-14 17:18:28#二八第792097期押押大-标识2718#-300#2444630
2016-11-14 17:19:05#二八第792097期押押大-标识2724#-300#2444330
2016-11-14 17:21:07#二八第792098期押押大-标识2737#-300#2444030
2016-11-14 17:23:19#二八第792098期押押大-标识2758#-300#2443730
2016-11-14 17:25:05#二八第792099期押押大-标识2769#-300#2443430
2016-11-14 17:27:07#二八第792099期押押大-标识2789#-300#2443130
2016-11-14 17:29:19#二八第792099期押押大-标识2807#-300#2442830
2016-11-14 17:31:00#二八第792100期押押大-标识2820#-300#2442530
2016-11-14 17:33:34#二八第792100期押押大-标识2845#-300#2442230
2016-11-14 17:33:44#二八第792100期押押大-标识2847#-300#2441930
2016-11-14 17:35:57#二八第792101期押押大-标识2861#-300#2441630
2016-11-14 17:37:59#二八第792101期押押大-标识2884#-300#2441330
2016-11-14 17:39:13#二八第792101期押大单-标识2894#-300#2441030
2016-11-14 17:40:37#二八第792102期押押大-标识2903#-300#2440730
2016-11-14 17:42:07#二八第792102期押押大-标识2919#-300#2440430
2016-11-14 17:43:59#二八第792102期押押大-标识2935#-300#2440130
2016-11-14 17:46:32#二八第792103期押小单-标识2958#-300#2439830
2016-11-14 17:49:06#二八第792103期押押大-标识2979#-300#2439530
2016-11-14 17:49:16#二八第792103期押小单-标识2981#-300#2439230
2016-11-14 17:50:09#二八第792104期押押大-标识2983#-300#2438930
2016-11-14 17:52:32#二八第792104期押押大-标识3009#-300#2438630
2016-11-14 17:53:25#二八第792104期押单-标识3018#-300#2438330
2016-11-14 17:55:48#二八第792105期押押大-标识3035#-300#2438030
2016-11-14 17:57:18#二八第792105期押押大-标识3050#-300#2437730
2016-11-14 17:57:40#二八第792105期押押大-标识3054#-300#2437430
2016-11-14 18:00:19#二八第792106期押大单-标识3070#-300#2437130
2016-11-14 18:02:10#二八第792106期押押大-标识3089#-300#2436830
2016-11-14 18:05:05#二八第792107期押押大-标识3109#-300#2436530
2016-11-14 18:11:31#二八第792108期押押大-标识3159#-300#2436230
2016-11-14 18:12:24#二八第792108期押押大-标识3169#-300#2435930
2016-11-14 18:14:42#二八第792108期押押大-标识3183#-300#2435630
2016-11-14 18:15:45#二八第792109期押押大-标识3192#-300#2435330
2016-11-14 18:16:54#二八第792109期押押大-标识3204#-300#2435030
2016-11-14 18:18:08#二八第792109期押押大-标识3217#-300#2434730
2016-11-14 18:21:45#二八第792110期押押大-标识3247#-300#2434430
2016-11-14 18:26:26#二八第792111期押押大-标识3283#-300#2434130
2016-11-14 18:27:30#二八第792111期押小单-标识3294#-300#2433830
2016-11-14 18:28:07#二八第792111期押押大-标识3299#-300#2433530
2016-11-14 18:31:17#二八第792112期押押大-标识3324#-300#2433230
2016-11-14 18:32:10#二八第792112期押押大-标识3334#-300#2432930
2016-11-14 18:33:40#二八第792112期押押大-标识3346#-300#2432630
2016-11-14 18:35:16#二八第792113期押押大-标识3355#-300#2432330
2016-11-14 18:36:30#二八第792113期押大单-标识3369#-300#2432030
2016-11-14 18:37:07#二八第792113期押押大-标识3375#-300#2431730
2016-11-14 18:44:05#二八第792114期押押大-标识3430#-300#2431430
2016-11-14 18:44:37#二八第792114期押押大-标识3432#-300#2431130
2016-11-14 18:45:09#二八第792115期押押大-标识3433#-300#2430830
2016-11-14 18:48:51#二八第792115期押押大-标识3468#-300#2430530
2016-11-14 18:54:03#二八第792116期押押大-标识3508#-300#2430230
2016-11-14 18:56:53#二八第792117期押押大-标识3532#-300#2429930
2016-11-14 19:03:57#二八第792118期押押大-标识3589#-300#2429630
2016-11-14 19:05:21#二八第792119期押押大-标识3598#-300#2429330
2016-11-14 19:07:55#二八第792119期押押大-标识3625#-300#2429030
2016-11-14 19:09:04#二八第792119期押押大-标识3634#-300#2428730
2016-11-14 19:10:28#二八第792120期押押大-标识3644#-300#2428430
2016-11-14 19:11:43#二八第792120期押押大-标识3658#-300#2428130
2016-11-14 19:16:02#二八第792121期押押大-标识3697#-300#2427830
2016-11-14 19:16:23#二八第792121期押押大-标识3701#-300#2427530
2016-11-14 19:16:55#二八第792121期押大单-标识3707#-300#2427230
2016-11-14 19:21:30#二八第792122期押押大-标识3744#-300#2426930
2016-11-14 19:23:16#二八第792122期押押大-标识3761#-300#2426630
2016-11-14 19:24:51#二八第792122期押押大-标识3770#-300#2426330
2016-11-14 19:25:44#二八第792123期押押大-标识3778#-300#2426030
2016-11-14 19:26:06#二八第792123期押大单-标识3782#-300#2425730
2016-11-14 19:27:36#二八第792123期押押大-标识3797#-300#2425430
2016-11-14 19:30:36#二八第792124期押押大-标识3819#-300#2425130
2016-11-14 19:33:09#二八第792124期押押大-标识3845#-300#2424830
2016-11-14 19:35:32#二八第792125期押小单-标识3864#-300#2424530
2016-11-14 19:37:08#二八第792125期押押大-标识3881#-300#2424230
2016-11-14 19:37:45#二八第792125期押押大-标识3887#-300#2423930
2016-11-14 19:41:06#二八第792126期押押大-标识3906#-300#2423630
2016-11-14 19:45:15#二八第792127期押押大-标识3937#-300#2423330
2016-11-14 19:48:20#二八第792127期押押大-标识3967#-300#2423030
2016-11-14 19:48:31#二八第792127期押押大-标识3969#-300#2422730
2016-11-14 19:51:25#二八第792128期押押大-标识3991#-300#2422430
2016-11-14 19:54:10#二八第792128期押押大-标识4016#-300#2422130
2016-11-14 19:54:41#二八第792128期押押大-标识4020#-300#2421830
2016-11-14 19:55:34#二八第792129期押押大-标识4027#-300#2421530
2016-11-14 19:57:26#二八第792129期押押大-标识4046#-300#2421230
2016-11-14 19:58:29#二八第792129期押押大-标识4054#-300#2420930
2016-11-14 20:00:52#二八第792130期押押大-标识4070#-300#2420630
2016-11-14 20:02:06#二八第792130期押押大-标识4084#-300#2420330
2016-11-14 20:06:04#二八第792131期押押大-标识4119#-300#2420030
2016-11-14 20:07:35#二八第792131期押押大-标识4134#-300#2419730
2016-11-14 20:08:27#二八第792131期押押大-标识4143#-300#2419430
2016-11-14 20:11:54#二八第792132期押押大-标识4170#-300#2419130
2016-11-14 20:13:08#二八第792132期押押大-标识4182#-300#2418830
2016-11-14 20:16:13#二八第792133期押押大-标识4204#-300#2418530
2016-11-14 20:17:44#二八第792133期押押大-标识4218#-300#2418230
2016-11-14 20:19:29#二八第792133期押押大-标识4234#-300#2417930
2016-11-14 20:20:54#二八第792134期押押大-标识4246#-300#2417630
2016-11-14 20:21:31#二八第792134期押押大-标识4252#-300#2417330
2016-11-14 20:22:45#二八第792134期押押大-标识4265#-300#2417030
2016-11-14 20:26:44#二八第792135期押押大-标识4297#-300#2416730
2016-11-14 20:27:42#二八第792135期押押大-标识4307#-300#2416430
2016-11-14 20:28:14#二八第792135期押押大-标识4312#-300#2416130
2016-11-14 20:30:10#二八第792136期押押大-标识4319#-300#2415830
2016-11-14 20:31:24#二八第792136期押押大-标识4333#-300#2415530
2016-11-14 20:33:26#二八第792136期押押大-标识4354#-300#2415230
2016-11-14 20:35:44#二八第792137期押押大-标识4371#-300#2414930
2016-11-14 20:36:21#二八第792137期押押大-标识4377#-300#2414630
2016-11-14 20:36:42#二八第792137期押押大-标识4381#-300#2414330
2016-11-14 20:40:09#二八第792138期押押大-标识4409#-300#2414030
2016-11-14 20:41:23#二八第792138期押大单-标识4423#-300#2413730
2016-11-14 20:42:00#二八第792138期押押大-标识4429#-300#2413430
2016-11-14 20:46:46#二八第792139期押押大-标识4468#-300#2413130
2016-11-14 20:47:07#二八第792139期押押大-标识4472#-300#2412830
2016-11-14 20:48:21#二八第792139期押大单-标识4485#-300#2412530
2016-11-14 20:50:23#二八第792140期押押大-标识4501#-300#2412230
2016-11-14 20:50:44#二八第792140期押押大-标识4505#-300#2411930
2016-11-14 20:52:14#二八第792140期押押大-标识4521#-300#2411630
2016-11-14 20:55:20#二八第792141期押押大-标识4542#-300#2411330
2016-11-14 20:56:02#二八第792141期押押大-标识4550#-300#2411030
2016-11-14 20:57:32#二八第792141期押押大-标识4566#-300#2410730
2016-11-14 21:04:04#二八第792142期押押大-标识4620#-300#2410430
2016-11-14 21:06:27#二八第792143期押押大-标识4641#-300#2410130
2016-11-14 21:07:20#二八第792143期押押大-标识4650#-300#2409830
2016-11-14 21:07:47#二八第792143期押押大-标识4654#-300#2409530
2016-11-14 21:11:13#二八第792144期押小单-标识4680#-300#2409230
2016-11-14 21:11:56#二八第792144期押押大-标识4688#-300#2408930
2016-11-14 21:14:19#二八第792144期押押大-标识4705#-300#2408630
2016-11-14 21:15:49#二八第792145期押押大-标识4717#-300#2408330
2016-11-14 21:21:28#二八第792146期押押大-标识4765#-300#2408030
2016-11-14 21:22:26#二八第792146期押押大-标识4776#-300#2407730
2016-11-14 21:23:19#二八第792146期押押大-标识4783#-300#2407430
2016-11-14 21:25:52#二八第792147期押押大-标识4805#-300#2407130
2016-11-14 21:28:37#二八第792147期押小单-标识4834#-300#2406830
2016-11-14 21:31:21#二八第792148期押押大-标识4854#-300#2406530
2016-11-14 21:34:37#二八第792148期押押大-标识4883#-300#2406230
2016-11-14 21:35:30#二八第792149期押押大-标识4889#-300#2405930
2016-11-14 21:40:48#二八第792150期押押大-标识4936#-300#2405630
2016-11-14 21:43:42#二八第792150期押押大-标识4964#-300#2405330
2016-11-14 21:44:35#二八第792150期押押大-标识4969#-300#2405030
2016-11-14 21:50:46#二八第792152期押大单-标识5015#-300#2404730
2016-11-14 21:55:43#二八第792153期押小单-标识5055#-300#2404430
2016-11-14 21:56:41#二八第792153期押押大-标识5065#-300#2404130
2016-11-14 21:57:55#二八第792153期押押大-标识5078#-300#2403830
2016-11-14 22:03:02#二八第792154期押小单-标识5123#-300#2403530
2016-11-14 22:03:39#二八第792154期押押大-标识5128#-300#2403230
2016-11-14 22:08:41#二八第792155期押押大-标识5170#-300#2402930
2016-11-14 22:11:41#二八第792156期押押大-标识5195#-300#2402630
2016-11-14 22:12:56#二八第792156期押押大-标识5207#-300#2402330
2016-11-14 22:15:40#二八第792157期押押大-标识5228#-300#2402030
2016-11-14 22:17:42#二八第792157期押押大-标识5249#-300#2401730
2016-11-14 22:19:33#二八第792157期押押大-标识5267#-300#2401430
2016-11-14 22:20:26#二八第792158期押押大-标识5273#-300#2401130
2016-11-14 22:25:38#二八第792159期押押大-标识5319#-300#2400830
2016-11-14 22:29:16#二八第792159期押押大-标识5351#-300#2400530
2016-11-14 22:31:17#二八第792160期押押大-标识5368#-300#2400230
2016-11-14 22:32:32#二八第792160期押大单-标识5380#-300#2399930
2016-11-14 22:33:09#二八第792160期押押大-标识5387#-300#2399630
2016-11-14 22:35:32#二八第792161期押押大-标识5404#-300#2399330
2016-11-14 22:35:53#二八第792161期押押大-标识5408#-300#2399030
2016-11-14 22:37:23#二八第792161期押押大-标识5424#-300#2398730
2016-11-14 22:41:00#二八第792162期押押大-标识5451#-300#2398430
2016-11-14 22:43:02#二八第792162期押押大-标识5473#-300#2398130
2016-11-14 22:45:46#二八第792163期押押大-标识5497#-300#2397830
2016-11-14 22:47:00#二八第792163期押押大-标识5510#-300#2397530
2016-11-14 22:47:37#二八第792163期押押大-标识5516#-300#2397230
2016-11-14 22:50:32#二八第792164期押押大-标识5539#-300#2396930
2016-11-14 22:51:46#二八第792164期押押大-标识5553#-300#2396630
2016-11-14 22:58:02#二八第792165期押押大-标识5608#-300#2396330
2016-11-14 22:58:55#二八第792165期押押大-标识5614#-300#2396030
2016-11-14 22:59:17#二八第792165期押押大-标识5617#-300#2395730
2016-11-14 23:01:18#二八第792166期押押大-标识5636#-300#2395430
2016-11-14 23:01:40#二八第792166期押押大-标识5640#-300#2395130
2016-11-14 23:02:33#二八第792166期押押大-标识5650#-300#2394830
2016-11-14 23:05:43#二八第792167期押押大-标识5674#-300#2394530
2016-11-14 23:06:26#二八第792167期押押大-标识5681#-300#2394230
2016-11-14 23:07:19#二八第792167期押押大-标识5691#-300#2393930
2016-11-14 23:10:35#二八第792168期押押大-标识5718#-300#2393630
2016-11-14 23:11:12#二八第792168期押押大-标识5724#-300#2393330
2016-11-14 23:13:13#二八第792168期押押大-标识5744#-300#2393030
2016-11-14 23:16:29#二八第792169期押小单-标识5768#-300#2392730
2016-11-14 23:18:05#二八第792169期押押大-标识5782#-300#2392430
2016-11-14 23:19:14#二八第792169期押押大-标识5790#-300#2392130
2016-11-14 23:20:44#二八第792170期押押大-标识5801#-300#2391830
2016-11-14 23:24:00#二八第792170期押押大-标识5832#-300#2391530
2016-11-14 23:26:12#二八第792171期押押大-标识5849#-300#2391230
2016-11-14 23:26:44#二八第792171期押押大-标识5855#-300#2390930
2016-11-14 23:27:42#二八第792171期押押大-标识5864#-300#2390630
2016-11-14 23:30:58#二八第792172期押押大-标识5890#-300#2390330
2016-11-14 23:31:19#二八第792172期押押大-标识5894#-300#2390030
2016-11-14 23:31:41#二八第792172期押押大-标识5898#-300#2389730
2016-11-14 23:35:44#二八第792173期押押大-标识5932#-300#2389430
2016-11-14 23:38:07#二八第792173期押押大-标识5957#-300#2389130
2016-11-14 23:39:00#二八第792173期押押大-标识5964#-300#2388830
2016-11-14 23:41:44#二八第792174期押押大-标识5989#-300#2388530
2016-11-14 23:42:48#二八第792174期押押大-标识5998#-300#2388230
2016-11-14 23:46:25#二八第792175期押押大-标识6029#-300#2387930
2016-11-14 23:47:34#二八第792175期押押大-标识6039#-300#2387630
2016-11-14 23:48:48#二八第792175期押押大-标识6050#-300#2387330
2016-11-14 23:50:50#二八第792176期押小单-标识6066#-300#2387030
2016-11-14 23:53:02#二八第792176期押押大-标识6088#-300#2386730
2016-11-14 23:53:55#二八第792176期押押大-标识6094#-300#2386430
2016-11-14 23:56:50#二八第792177期押押大-标识6116#-300#2386130
2016-11-14 23:58:41#二八第792177期押押大-标识6134#-300#2385830
2016-11-14 23:58:52#二八第792177期押押大-标识6136#-300#2385530
2016-11-15 09:03:36#二八第792177期押押大-标识6171#-300#2385230
2016-11-15 09:06:36#二八第792177期押押大-标识6183#-300#2384930
2016-11-15 09:08:01#二八第792177期押押大-标识6187#-300#2384630
2016-11-15 09:10:56#二八第792179期押押大-标识6199#-300#2384330
2016-11-15 09:12:10#二八第792179期押押大-标识6210#-300#2384030
2016-11-15 09:12:47#二八第792179期押押大-标识6216#-300#2383730
2016-11-15 09:17:54#二八第792180期押押大-标识6258#-300#2383430
2016-11-15 09:19:08#二八第792180期押押大-标识6267#-300#2383130
2016-11-15 09:20:17#二八第792181期押押大-标识6272#-300#2382830
2016-11-15 09:22:40#二八第792181期押押大-标识6297#-300#2382530
2016-11-15 09:26:17#二八第792182期押二段-标识6328#-300#2382230
2016-11-15 09:27:37#二八第792182期押押大-标识6340#-300#2381930
2016-11-15 09:29:39#二八第792182期押押大-标识6360#-300#2381630
2016-11-15 09:30:32#二八第792183期押押大-标识6368#-300#2381330
2016-11-15 09:31:46#二八第792183期押押大-标识6382#-300#2381030
2016-11-15 09:33:16#二八第792183期押押大-标识6395#-300#2380730
2016-11-15 09:35:55#二八第792184期押押大-标识6415#-300#2380430
2016-11-15 09:39:11#二八第792184期押二段-标识6444#-300#2380130
2016-11-15 09:42:27#二八第792185期押押大-标识6476#-300#2379830
2016-11-15 09:43:41#二八第792185期押押大-标识6486#-300#2379530
2016-11-15 09:45:54#二八第792186期押押大-标识6503#-300#2379230
2016-11-15 09:49:57#二八第792186期押押大-标识6533#-300#2378930
2016-11-15 09:51:49#二八第792187期押押大-标识6552#-300#2378630
2016-11-15 09:53:51#二八第792187期押押大-标识6572#-300#2378330
2016-11-15 09:55:05#二八第792188期押押大-标识6580#-300#2378030
2016-11-15 09:56:35#二八第792188期押押大-标识6596#-300#2377730
2016-11-15 09:58:26#二八第792188期押押大-标识6610#-300#2377430
2016-11-15 10:01:21#二八第792189期押押大-标识6635#-300#2377130
2016-11-15 10:04:05#二八第792189期押押大-标识6656#-300#2376830
2016-11-15 10:05:56#二八第792190期押押大-标识6672#-300#2376530
2016-11-15 10:09:33#二八第792190期押押大-标识6706#-300#2376230
2016-11-15 10:11:25#二八第792191期押押大-标识6725#-300#2375930
2016-11-15 10:12:02#二八第792191期押押大-标识6731#-300#2375630
2016-11-15 10:15:18#二八第792192期押押大-标识6756#-300#2375330
2016-11-15 10:16:32#二八第792192期押押大-标识6770#-300#2375030
2016-11-15 10:17:41#二八第792192期押押大-标识6781#-300#2374730
2016-11-15 10:21:55#二八第792193期押押大-标识6816#-300#2374430
2016-11-15 10:23:09#二八第792193期押押大-标识6829#-300#2374130
2016-11-15 10:25:11#二八第792194期押押大-标识6844#-300#2373830
2016-11-15 10:27:23#二八第792194期押押大-标识6867#-300#2373530
2016-11-15 10:30:29#二八第792195期押押大-标识6887#-300#2373230
2016-11-15 10:30:50#二八第792195期押押大-标识6891#-300#2372930
2016-11-15 10:32:04#二八第792195期押押大-标识6905#-300#2372630
2016-11-15 10:35:36#二八第792196期押押大-标识6931#-300#2372330
2016-11-15 10:37:06#二八第792196期押押大-标识6947#-300#2372030
2016-11-15 10:37:59#二八第792196期押押大-标识6954#-300#2371730
2016-11-15 10:41:15#二八第792197期押押大-标识6980#-300#2371430
2016-11-15 10:44:05#二八第792197期押押大-标识7005#-300#2371130
2016-11-15 10:44:58#二八第792197期押押大-标识7007#-300#2370830
2016-11-15 10:45:19#二八第792198期押押大-标识7011#-300#2370530
2016-11-15 10:46:12#二八第792198期押大单-标识7021#-300#2370230
2016-11-15 10:47:21#二八第792198期押押大-标识7031#-300#2369930
2016-11-15 10:50:05#二八第792199期押押大-标识7052#-300#2369630
2016-11-15 10:51:56#二八第792199期押押大-标识7072#-300#2369330
2016-11-15 10:52:17#二八第792199期押押大-标识7076#-300#2369030
2016-11-15 10:57:03#二八第792200期押押大-标识7117#-300#2368730
2016-11-15 10:57:40#二八第792200期押押大-标识7123#-300#2368430
2016-11-15 10:59:26#二八第792200期押押大-标识7135#-300#2368130
2016-11-15 11:00:56#二八第792201期押押大-标识7148#-300#2367830
2016-11-15 11:02:11#二八第792201期押押大-标识7161#-300#2367530
2016-11-15 11:04:02#二八第792201期押押大-标识7176#-300#2367230
2016-11-15 11:05:11#二八第792202期押押大-标识7182#-300#2366930
2016-11-15 11:08:37#二八第792202期押押大-标识7216#-300#2366630
2016-11-15 11:10:29#二八第792203期押押大-标识7227#-300#2366330
2016-11-15 11:11:27#二八第792203期押押大-标识7238#-300#2366030
2016-11-15 11:13:29#二八第792203期押押大-标识7259#-300#2365730
2016-11-15 11:15:36#二八第792204期押押大-标识7274#-300#2365430
2016-11-15 11:16:45#二八第792204期押押大-标识7286#-300#2365130
2016-11-15 11:17:59#二八第792204期押押大-标识7298#-300#2364830
2016-11-15 11:21:20#二八第792205期押小单-标识7328#-300#2364530
2016-11-15 11:23:43#二八第792205期押押大-标识7348#-300#2364230
2016-11-15 11:24:04#二八第792205期押押大-标识7352#-300#2363930
2016-11-15 11:25:56#二八第792206期押押大-标识7367#-300#2363630
2016-11-15 11:28:19#二八第792206期押小单-标识7390#-300#2363330
2016-11-15 11:28:40#二八第792206期押押大-标识7393#-300#2363030
2016-11-15 11:30:10#二八第792207期押押大-标识7408#-300#2362730
2016-11-15 11:31:24#二八第792207期押押大-标识7421#-300#2362430
2016-11-15 11:33:31#二八第792207期押押大-标识7439#-300#2362130
2016-11-15 11:40:40#二八第792209期押押大-标识7495#-300#2361830
2016-11-15 11:41:18#二八第792209期押押大-标识7501#-300#2361530
2016-11-15 11:44:55#二八第792209期押押大-标识7530#-300#2361230
2016-11-15 11:47:44#二八第792210期押押大-标识7557#-300#2360930
2016-11-15 11:48:16#二八第792210期押押大-标识7561#-300#2360630
2016-11-15 11:49:30#二八第792210期押押大-标识7568#-300#2360330
2016-11-15 11:51:21#二八第792211期押押大-标识7586#-300#2360030
2016-11-15 11:54:22#二八第792211期押押大-标识7610#-300#2359730
2016-11-15 11:55:15#二八第792212期押押大-标识7615#-300#2359430
2016-11-15 11:55:36#二八第792212期押押大-标识7618#-300#2359130
2016-11-15 11:57:54#二八第792212期押押大-标识7641#-300#2358830
2016-11-15 12:00:17#二八第792213期押押大-标识7659#-300#2358530
2016-11-15 12:01:31#二八第792213期押押大-标识7672#-300#2358230
2016-11-15 12:02:40#二八第792213期押押大-标识7684#-300#2357930
2016-11-15 12:05:19#二八第792214期押押大-标识7702#-300#2357630
2016-11-15 12:07:31#二八第792214期押押大-标识7725#-300#2357330
2016-11-15 12:09:22#二八第792214期押押大-标识7738#-300#2357030
2016-11-15 12:10:21#二八第792215期押押大-标识7746#-300#2356730
2016-11-15 12:11:35#二八第792215期押押大-标识7758#-300#2356430
2016-11-15 12:14:03#二八第792215期押押大-标识7780#-300#2356130
2016-11-15 12:15:12#二八第792216期押押大-标识7785#-300#2355830
2016-11-15 12:15:44#二八第792216期押押大-标识7791#-300#2355530
2016-11-15 12:17:56#二八第792216期押押大-标识7811#-300#2355230
2016-11-15 12:24:18#二八第792217期押大单-标识7861#-300#2354930
2016-11-15 12:26:09#二八第792218期押押大-标识7875#-300#2354630
2016-11-15 12:27:08#二八第792218期押押大-标识7882#-300#2354330
2016-11-15 12:28:38#二八第792218期押押大-标识7895#-300#2354030
2016-11-15 12:32:36#二八第792219期押押大-标识7932#-300#2353730
2016-11-15 12:36:50#二八第792220期押押大-标识7964#-300#2353430
2016-11-15 12:38:42#二八第792220期押押大-标识7981#-300#2353130
2016-11-15 12:39:34#二八第792220期押押大-标识7984#-300#2352830
2016-11-15 12:40:33#二八第792221期押押大-标识7992#-300#2352530
2016-11-15 12:41:36#二八第792221期押小单-标识8003#-300#2352230
2016-11-15 12:42:13#二八第792221期押押大-标识8009#-300#2351930
2016-11-15 12:45:19#二八第792222期押押大-标识8035#-300#2351630
2016-11-15 12:46:33#二八第792222期押押大-标识8048#-300#2351330
2016-11-15 12:47:42#二八第792222期押押大-标识8059#-300#2351030
2016-11-15 12:50:26#二八第792223期押押大-标识8081#-300#2350730
2016-11-15 12:52:49#二八第792223期押押大-标识8106#-300#2350430
2016-11-15 12:55:44#二八第792224期押押大-标识8131#-300#2350130
2016-11-15 12:56:42#二八第792224期押押大-标识8142#-300#2349830
2016-11-15 12:57:35#二八第792224期押押大-标识8151#-300#2349530
2016-11-15 13:02:42#二八第792225期押押大-标识8194#-300#2349230
2016-11-15 13:04:34#二八第792225期押押大-标识8208#-300#2348930
2016-11-15 13:06:35#二八第792226期押押大-标识8229#-300#2348630
2016-11-15 13:08:11#二八第792226期押押大-标识8245#-300#2348330
2016-11-15 13:10:13#二八第792227期押押大-标识8256#-300#2348030
2016-11-15 13:13:23#二八第792227期押押大-标识8288#-300#2347730
2016-11-15 13:16:18#二八第792228期押押大-标识8312#-300#2347430
2016-11-15 13:17:32#二八第792228期押押大-标识8324#-300#2347130
2016-11-15 13:18:09#二八第792228期押押大-标识8331#-300#2346830
2016-11-15 13:21:25#二八第792229期押押大-标识8358#-300#2346530
2016-11-15 13:22:40#二八第792229期押押大-标识8371#-300#2346230
2016-11-15 13:25:03#二八第792229期押押大-标识8387#-300#2345930
2016-11-15 13:25:40#二八第792230期押押大-标识8393#-300#2345630
2016-11-15 13:28:03#二八第792230期押押大-标识8416#-300#2345330
2016-11-15 13:34:08#二八第792231期押押大-标识8467#-300#2345030
2016-11-15 13:35:44#二八第792232期押押大-标识8478#-300#2344730
2016-11-15 13:37:24#二八第792232期押小单-标识8495#-300#2344430
2016-11-15 13:39:05#二八第792232期押押大-标识8509#-300#2344130
2016-11-15 13:40:14#二八第792233期押押大-标识8516#-300#2343830
2016-11-15 13:40:56#二八第792233期押押大-标识8524#-300#2343530
2016-11-15 13:43:19#二八第792233期押押大-标识8550#-300#2343230
2016-11-15 13:47:12#二八第792234期押押大-标识8585#-300#2342930
2016-11-15 13:47:55#二八第792234期押押大-标识8591#-300#2342630
2016-11-15 13:49:57#二八第792234期押押大-标识8603#-300#2342330
2016-11-15 13:51:11#二八第792235期押押大-标识8617#-300#2342030
2016-11-15 13:53:13#二八第792235期押押大-标识8638#-300#2341730
2016-11-15 13:54:11#二八第792235期押押大-标识8642#-300#2341430
2016-11-15 13:55:25#二八第792236期押押大-标识8653#-300#2341130
2016-11-15 13:56:34#二八第792236期押押大-标识8665#-300#2340830
2016-11-15 13:59:18#二八第792236期押小单-标识8688#-300#2340530
2016-11-15 14:00:32#二八第792237期押押大-标识8699#-300#2340230
2016-11-15 14:00:59#二八第792237期押押大-标识8703#-300#2339930
2016-11-15 14:03:43#二八第792237期押押大-标识8731#-300#2339630
2016-11-15 14:06:06#二八第792238期押小单-标识8750#-300#2339330
2016-11-15 14:08:03#二八第792238期押押大-标识8769#-300#2339030
2016-11-15 14:08:24#二八第792238期押押大-标识8773#-300#2338730
2016-11-15 14:11:08#二八第792239期押押大-标识8796#-300#2338430
2016-11-15 14:14:51#二八第792239期押押大-标识8826#-300#2338130
2016-11-15 14:15:12#二八第792240期押押大-标识8829#-300#2337830
2016-11-15 14:16:42#二八第792240期押押大-标识8845#-300#2337530
2016-11-15 14:18:54#二八第792240期押押大-标识8863#-300#2337230
2016-11-15 14:20:46#二八第792241期押押大-标识8880#-300#2336930
2016-11-15 14:24:07#二八第792241期押押大-标识8913#-300#2336630
2016-11-15 14:26:19#二八第792242期押押大-标识8932#-300#2336330
2016-11-15 14:27:28#二八第792242期押押大-标识8942#-300#2336030
2016-11-15 14:28:42#二八第792242期押押大-标识8952#-300#2335730
2016-11-15 14:31:05#二八第792243期押押大-标识8972#-300#2335430
2016-11-15 14:32:20#二八第792243期押大单-标识8985#-300#2335130
2016-11-15 14:33:18#二八第792243期押押大-标识8994#-300#2334830
2016-11-15 14:35:41#二八第792244期押押大-标识9011#-300#2334530
2016-11-15 14:37:11#二八第792244期押押大-标识9027#-300#2334230
2016-11-15 14:38:52#二八第792244期押押大-标识9042#-300#2333930
2016-11-15 14:41:36#二八第792245期押押大-标识9063#-300#2333630
2016-11-15 14:42:45#二八第792245期押押大-标识9072#-300#2333330
2016-11-15 14:45:29#二八第792246期押押大-标识9093#-300#2333030
2016-11-15 14:47:20#二八第792246期押押大-标识9111#-300#2332730
2016-11-15 14:49:43#二八第792246期押小单-标识9131#-300#2332430
2016-11-15 14:52:28#二八第792247期押押大-标识9159#-300#2332130
2016-11-15 14:53:26#二八第792247期押押大-标识9170#-300#2331830
2016-11-15 14:54:40#二八第792247期押押大-标识9178#-300#2331530
2016-11-15 14:56:10#二八第792248期押押大-标识9192#-300#2331230
2016-11-15 14:57:24#二八第792248期押押大-标识9205#-300#2330930
2016-11-15 14:59:51#二八第792248期押押大-标识9221#-300#2330630
2016-11-15 15:00:13#二八第792249期押押大-标识9223#-300#2330330
