2016-02-15 10:38:16#捕鱼达人入场费#-50000#305977
2016-02-15 10:38:36#捕鱼达人入场费#-50000#255977
2016-02-15 10:42:31#捕鱼达人入场费#-200#255777
2016-02-15 10:42:40#捕鱼达人兑奖-标识ID1529#332#256109
2016-02-15 10:42:40#捕鱼达人兑奖-标识ID1528#65286#321395
2016-02-15 10:42:40#捕鱼达人兑奖-标识ID1527#78033#399428
2016-02-15 10:42:40#捕鱼达人兑奖-标识ID1526#12672#412100
2016-02-15 10:42:40#捕鱼达人兑奖-标识ID1525#69#412169
2016-02-15 10:42:40#捕鱼达人兑奖-标识ID1488#500#412669
2016-02-15 10:42:40#捕鱼达人兑奖-标识ID1487#3884#416553
2016-02-15 10:42:40#捕鱼达人兑奖-标识ID1486#1347#417900
2016-02-15 10:42:40#捕鱼达人兑奖-标识ID1485#92#417992
2016-02-15 10:42:40#捕鱼达人兑奖-标识ID1484#1246#419238
2016-02-15 10:42:42#捕鱼达人兑奖-标识ID1483#631#419869
2016-02-15 10:42:42#捕鱼达人兑奖-标识ID1482#634#420503
2016-02-15 10:42:42#捕鱼达人兑奖-标识ID1481#61#420564
2016-02-15 10:42:42#捕鱼达人兑奖-标识ID1480#201#420765
2016-02-15 10:42:42#捕鱼达人兑奖-标识ID1479#297#421062
2016-02-15 10:42:42#捕鱼达人兑奖-标识ID1478#166#421228
2016-02-15 10:42:42#捕鱼达人兑奖-标识ID1477#197#421425
2016-02-15 10:42:42#捕鱼达人兑奖-标识ID1476#98#421523
2016-02-15 10:42:42#捕鱼达人兑奖-标识ID1475#201#421724
2016-02-15 10:45:50#捕鱼达人入场费#-50000#371724
2016-02-15 10:47:14#捕鱼达人入场费#-50000#321724
2016-02-15 10:47:23#捕鱼达人兑奖-标识ID1531#77645#399369
2016-02-15 10:47:23#捕鱼达人兑奖-标识ID1530#12672#412041
2016-02-15 10:47:29#捕鱼达人入场费#-50000#362041
2016-02-15 10:47:38#捕鱼达人入场费#-50000#312041
2016-02-15 10:48:08#捕鱼达人入场费#-50000#262041
2016-02-15 10:49:00#捕鱼达人兑奖-标识ID1534#38087#300128
2016-02-15 10:49:00#捕鱼达人兑奖-标识ID1533#66897#367025
2016-02-15 10:49:00#捕鱼达人兑奖-标识ID1532#35574#402599
2016-02-15 10:52:18#捕鱼达人入场费#-10000#392599
2016-02-15 10:53:07#捕鱼购买体力花费#-10#392589
2016-02-15 10:54:56#捕鱼达人入场费#-10000#382589
2016-02-15 10:58:21#捕鱼达人入场费#-50000#332589
2016-02-15 11:40:21#捕鱼达人入场费#-200#93379
2016-02-15 11:40:51#捕鱼达人入场费#-1000#92379
2016-02-15 11:41:42#捕鱼达人入场费#-50000#42379
2016-02-15 11:42:00#捕鱼达人兑奖-标识ID1555#32062#74441
2016-02-15 11:42:00#捕鱼达人兑奖-标识ID1554#1167#75608
2016-02-15 11:42:00#捕鱼达人兑奖-标识ID1553#54#75662
2016-02-15 11:42:00#捕鱼达人兑奖-标识ID1552#318#75980
2016-02-15 11:42:00#捕鱼达人兑奖-标识ID1551#77666#153646
2016-02-15 11:42:00#捕鱼达人兑奖-标识ID1550#34630#188276
2016-02-15 11:42:00#捕鱼达人兑奖-标识ID1549#13477#201753
2016-02-15 11:42:00#捕鱼达人兑奖-标识ID1548#3558#205311
2016-02-15 11:42:00#捕鱼达人兑奖-标识ID1547#1691#207002
2016-02-15 11:42:00#捕鱼达人兑奖-标识ID1546#1433#208435
2016-02-15 11:42:03#捕鱼达人兑奖-标识ID1545#65#208500
2016-02-15 11:42:03#捕鱼达人兑奖-标识ID1544#312#208812
2016-02-15 11:42:03#捕鱼达人兑奖-标识ID1543#308#209120
2016-02-15 11:42:03#捕鱼达人兑奖-标识ID1542#57705#266825
2016-02-15 11:42:03#捕鱼达人兑奖-标识ID1541#54766#321591
2016-02-15 11:42:03#捕鱼达人兑奖-标识ID1540#77854#399445
2016-02-15 11:42:03#捕鱼达人兑奖-标识ID1539#98#399543
2016-02-15 11:42:03#捕鱼达人兑奖-标识ID1538#1138#400681
2016-02-15 11:42:03#捕鱼达人兑奖-标识ID1537#12479#413160
2016-02-15 11:42:03#捕鱼达人兑奖-标识ID1536#2877#416037
2016-02-15 11:42:05#捕鱼达人兑奖-标识ID1535#1879#417916
2016-02-15 12:15:38#捕鱼达人入场费#-50000#367916
2016-02-15 12:16:12#捕鱼达人入场费#-200#367716
2016-02-15 12:16:32#捕鱼达人兑奖-标识ID1557#268#367984
2016-02-15 12:16:32#捕鱼达人兑奖-标识ID1556#12678#380662
2016-02-15 14:50:27#捕鱼达人入场费#-200#380462
2016-02-15 14:51:45#捕鱼达人入场费#-5000#375462
2016-02-15 14:56:34#捕鱼达人入场费#-20000#355462
2016-02-15 15:10:42#捕鱼达人入场费#-200#355262
2016-02-15 15:11:17#捕鱼达人入场费#-200#355062
2016-02-15 15:11:50#捕鱼达人入场费#-200#354862
2016-02-15 15:12:07#捕鱼达人入场费#-50000#304862
2016-02-15 15:12:54#捕鱼达人入场费#-50000#254862
2016-02-15 15:14:09#捕鱼达人入场费#-200#254662
2016-02-15 16:46:20#捕鱼达人入场费#-200#253662
2016-02-15 16:47:01#捕鱼达人入场费#-200#253462
2016-02-15 16:47:12#捕鱼达人入场费#-200#253262
2016-02-15 16:47:23#捕鱼达人入场费#-200#253062
2016-02-15 16:47:29#捕鱼达人入场费#-200#252862
2016-02-15 16:47:35#捕鱼达人入场费#-200#252662
2016-02-15 16:47:42#捕鱼达人入场费#-200#252462
2016-02-15 16:48:37#捕鱼达人入场费#-200#252262
2016-02-15 16:48:43#捕鱼达人入场费#-200#252062
2016-02-15 16:48:57#捕鱼达人入场费#-200#251862
2016-02-15 16:49:05#捕鱼达人入场费#-200#251662
2016-02-15 16:50:30#捕鱼达人入场费#-200#251462
2016-02-15 17:04:22#捕鱼达人入场费#-1000#250462
2016-02-15 17:04:42#捕鱼达人入场费#-1000#249462
2016-02-15 17:05:26#捕鱼达人入场费#-1000#248462
2016-02-15 17:05:33#捕鱼达人入场费#-1000#247462
2016-02-15 17:05:39#捕鱼达人入场费#-1000#246462
2016-02-15 17:05:45#捕鱼达人入场费#-1000#245462
2016-02-15 17:06:12#捕鱼达人入场费#-1000#244462
2016-02-15 17:06:59#捕鱼达人入场费#-1000#243462
2016-02-15 17:07:22#捕鱼达人入场费#-1000#242462
2016-02-15 17:07:36#捕鱼达人入场费#-1000#241462
2016-02-15 17:07:45#捕鱼达人入场费#-1000#240462
2016-02-15 17:07:56#捕鱼达人入场费#-1000#239462
2016-02-15 17:08:09#捕鱼达人入场费#-1000#238462
2016-02-15 17:08:34#捕鱼达人入场费#-1000#237462
2016-02-15 17:08:40#捕鱼达人入场费#-1000#236462
2016-02-15 17:09:25#捕鱼达人入场费#-1000#235462
2016-02-15 17:15:30#捕鱼达人入场费#-5000#230462
2016-02-15 17:15:37#捕鱼达人入场费#-5000#225462
2016-02-15 17:16:54#捕鱼达人入场费#-5000#220462
2016-02-15 17:17:01#捕鱼达人入场费#-5000#215462
2016-02-15 17:17:07#捕鱼达人入场费#-5000#210462
2016-02-16 09:34:54#捕鱼达人入场费#-5000#205462
2016-02-16 09:53:03#捕鱼达人入场费#-10000#195462
2016-02-16 10:00:42#捕鱼达人入场费#-20000#175462
2016-02-16 10:01:43#捕鱼达人入场费#-20000#155462
2016-02-16 10:01:57#捕鱼达人入场费#-50000#105462
2016-02-16 10:22:49#捕鱼达人入场费#-50000#55462
2016-02-16 10:23:00#捕鱼达人入场费#-5000#50462
2016-02-16 10:23:15#捕鱼达人入场费#-1000#49462
2016-02-16 10:23:23#捕鱼达人入场费#-1000#48462
2016-02-16 10:23:39#捕鱼达人入场费#-200#48262
2016-02-16 10:23:45#捕鱼达人入场费#-200#48062
2016-02-16 10:23:52#捕鱼达人入场费#-200#47862
2016-02-16 10:24:24#捕鱼达人入场费#-200#47662
2016-02-16 10:25:09#捕鱼达人兑奖-标识ID1612#65#47727
2016-02-16 10:25:09#捕鱼达人兑奖-标识ID1611#219#47946
2016-02-16 10:25:09#捕鱼达人兑奖-标识ID1610#123#48069
2016-02-16 10:25:09#捕鱼达人兑奖-标识ID1609#288#48357
2016-02-16 10:25:09#捕鱼达人兑奖-标识ID1608#1451#49808
2016-02-16 10:25:09#捕鱼达人兑奖-标识ID1607#1498#51306
2016-02-16 10:25:09#捕鱼达人兑奖-标识ID1606#6305#57611
2016-02-16 10:25:09#捕鱼达人兑奖-标识ID1605#65148#122759
2016-02-16 10:25:09#捕鱼达人兑奖-标识ID1604#32499#155258
2016-02-16 10:25:09#捕鱼达人兑奖-标识ID1603#28795#184053
2016-02-16 10:25:12#捕鱼达人兑奖-标识ID1602#21901#205954
2016-02-16 10:25:12#捕鱼达人兑奖-标识ID1601#28859#234813
2016-02-16 10:25:12#捕鱼达人兑奖-标识ID1600#8229#243042
2016-02-16 10:25:12#捕鱼达人兑奖-标识ID1599#8879#251921
2016-02-16 10:25:12#捕鱼达人兑奖-标识ID1598#5004#256925
2016-02-16 10:25:12#捕鱼达人兑奖-标识ID1597#8524#265449
2016-02-16 10:25:12#捕鱼达人兑奖-标识ID1596#5956#271405
2016-02-16 10:25:12#捕鱼达人兑奖-标识ID1595#688#272093
2016-02-16 10:25:12#捕鱼达人兑奖-标识ID1594#1549#273642
2016-02-16 10:25:12#捕鱼达人兑奖-标识ID1593#122#273764
2016-02-16 10:25:14#捕鱼达人兑奖-标识ID1592#72#273836
2016-02-16 10:25:14#捕鱼达人兑奖-标识ID1591#522#274358
2016-02-16 10:25:14#捕鱼达人兑奖-标识ID1590#1498#275856
2016-02-16 10:25:14#捕鱼达人兑奖-标识ID1589#122#275978
2016-02-16 10:25:14#捕鱼达人兑奖-标识ID1588#1549#277527
2016-02-16 10:25:14#捕鱼达人兑奖-标识ID1587#98#277625
2016-02-16 10:25:14#捕鱼达人兑奖-标识ID1586#1451#279076
2016-02-16 10:25:14#捕鱼达人兑奖-标识ID1585#2885#281961
2016-02-16 10:25:14#捕鱼达人兑奖-标识ID1584#1098#283059
2016-02-16 10:25:14#捕鱼达人兑奖-标识ID1583#72#283131
2016-02-16 10:25:17#捕鱼达人兑奖-标识ID1582#1540#284671
2016-02-16 10:25:17#捕鱼达人兑奖-标识ID1581#171#284842
2016-02-16 10:25:17#捕鱼达人兑奖-标识ID1580#122#284964
2016-02-16 10:25:17#捕鱼达人兑奖-标识ID1579#0#284964
2016-02-16 10:25:17#捕鱼达人兑奖-标识ID1578#277#285241
2016-02-16 10:25:17#捕鱼达人兑奖-标识ID1577#262#285503
2016-02-16 10:25:17#捕鱼达人兑奖-标识ID1576#82#285585
2016-02-16 10:25:17#捕鱼达人兑奖-标识ID1575#288#285873
2016-02-16 10:25:17#捕鱼达人兑奖-标识ID1574#123#285996
2016-02-16 10:25:17#捕鱼达人兑奖-标识ID1573#488#286484
2016-02-16 10:25:19#捕鱼达人兑奖-标识ID1572#54#286538
2016-02-16 10:25:19#捕鱼达人兑奖-标识ID1571#300#286838
2016-02-16 10:25:19#捕鱼达人兑奖-标识ID1570#219#287057
2016-02-16 10:25:19#捕鱼达人兑奖-标识ID1569#277#287334
2016-02-16 10:25:19#捕鱼达人兑奖-标识ID1568#42#287376
2016-02-16 10:25:19#捕鱼达人兑奖-标识ID1567#65#287441
2016-02-16 10:25:19#捕鱼达人兑奖-标识ID1566#301#287742
2016-02-16 10:25:19#捕鱼达人兑奖-标识ID1565#25086#312828
2016-02-16 10:25:19#捕鱼达人兑奖-标识ID1564#20191#333019
2016-02-16 10:25:19#捕鱼达人兑奖-标识ID1563#44#333063
2016-02-16 10:25:21#捕鱼达人兑奖-标识ID1562#687#333750
2016-02-16 10:25:22#捕鱼达人兑奖-标识ID1561#274#334024
2016-02-16 10:25:22#捕鱼达人兑奖-标识ID1560#28725#362749
2016-02-16 10:25:22#捕鱼达人兑奖-标识ID1559#1249#363998
2016-02-16 10:25:22#捕鱼达人兑奖-标识ID1558#302#364300
2016-02-16 16:22:06#捕鱼达人入场费#-50000#257100
2016-02-16 16:22:22#捕鱼达人兑奖-标识ID1641#18990#276090
2016-02-16 16:22:22#捕鱼达人兑奖-标识ID1621#25396#301486
2016-02-16 16:22:22#捕鱼达人兑奖-标识ID1620#781#302267
2016-02-16 16:22:22#捕鱼达人兑奖-标识ID1619#82#302349
2016-02-16 16:22:22#捕鱼达人兑奖-标识ID1618#219#302568
2016-02-16 16:22:22#捕鱼达人兑奖-标识ID1617#488#303056
2016-02-16 16:22:22#捕鱼达人兑奖-标识ID1616#82#303138
2016-02-16 16:22:22#捕鱼达人兑奖-标识ID1615#1098#304236
2016-02-16 16:22:22#捕鱼达人兑奖-标识ID1614#219#304455
2016-02-16 16:22:22#捕鱼达人兑奖-标识ID1613#82#304537
2016-02-16 16:22:26#捕鱼达人入场费#-50000#254537
2016-02-16 16:22:34#捕鱼达人入场费#-50000#204537
2016-02-16 16:22:42#捕鱼达人入场费#-50000#154537
2016-02-16 16:22:57#捕鱼达人入场费#-50000#104537
2016-02-16 16:23:16#捕鱼达人兑奖-标识ID1645#9852#114389
2016-02-16 16:23:16#捕鱼达人兑奖-标识ID1644#76323#190712
2016-02-16 16:23:16#捕鱼达人兑奖-标识ID1643#7815#198527
2016-02-16 16:23:16#捕鱼达人兑奖-标识ID1642#25396#223923
2016-02-16 16:41:14#分享2位好友#-200#223723
2016-02-16 16:42:12#捕鱼达人入场费#-50000#173723
2016-02-16 16:42:23#捕鱼达人兑奖—标识id1646#21110#194833
2016-02-16 16:43:01#捕鱼达人入场费#-50000#144833
2016-02-16 16:43:34#捕鱼达人入场费#-50000#94833
2016-02-16 16:43:43#捕鱼达人入场费#-50000#44833
2016-02-16 16:43:56#捕鱼达人兑奖-标识ID1649#63029#107862
2016-02-16 16:43:56#捕鱼达人兑奖-标识ID1648#65148#173010
2016-02-16 16:43:56#捕鱼达人兑奖-标识ID1647#74287#247297
2016-02-16 16:44:00#捕鱼达人入场费#-50000#197297
2016-02-16 16:44:12#捕鱼达人入场费#-50000#147297
2016-02-16 16:44:23#捕鱼达人入场费#-50000#97297
2016-02-16 16:45:28#捕鱼达人兑奖-标识ID1652#128759#226056
2016-02-16 16:45:28#捕鱼达人兑奖-标识ID1651#18990#245046
2016-02-16 16:45:28#捕鱼达人兑奖-标识ID1650#25396#270442
2016-02-16 16:45:36#捕鱼达人入场费#-50000#220442
2016-02-16 16:45:46#捕鱼达人入场费#-50000#170442
2016-02-16 16:45:54#捕鱼达人入场费#-50000#120442
2016-02-16 16:47:32#捕鱼购买体力花费#-100#120342
