2016-03-01 15:06:57#捕鱼达人入场费-标识ID1656#-50000#93764
2016-03-01 15:07:10#捕鱼达人入场费-标识ID1657#-200#93564
2016-03-01 15:07:22#捕鱼达人入场费-标识ID1658#-50000#43564
2016-03-01 15:07:40#捕鱼达人兑奖-标识ID1658#25396#68960
2016-03-01 15:07:40#捕鱼达人兑奖-标识ID1657#219#69179
2016-03-01 15:07:40#捕鱼达人兑奖-标识ID1656#9852#79031
2016-03-02 14:17:29#捕鱼达人入场费-标识ID1286#-50000#28920
2016-03-02 14:18:01#捕鱼达人入场费-标识ID1286#-200#28720
2016-03-02 14:18:07#捕鱼达人入场费-标识ID1286#-200#28520
2016-03-02 14:18:28#捕鱼达人入场费-标识ID1286#-200#28320
2016-03-02 14:19:39#捕鱼达人入场费-标识ID1286#-200#28120
2016-03-02 14:19:47#捕鱼达人入场费-标识ID1286#-200#27920
2016-03-02 14:20:18#捕鱼达人入场费-标识ID1286#-1000#26920
2016-03-02 14:21:46#捕鱼购买体力花费#-100#26820
2016-03-02 14:21:55#捕鱼达人入场费-标识ID1286#-200#26620
2016-03-02 14:23:03#捕鱼达人入场费-标识ID1286#-200#26420
2016-03-02 14:23:46#捕鱼达人入场费-标识ID1286#-200#26220
2016-03-02 14:34:46#捕鱼达人入场费-标识ID1683#-200#26020
2016-03-02 14:35:53#捕鱼达人入场费-标识ID1687#-5000#21020
2016-03-02 14:37:05#捕鱼达人入场费-标识ID1690#-20000#1020
2016-03-02 14:37:11#捕鱼达人兑奖-标识ID1690#26178#27198
2016-03-02 14:37:11#捕鱼达人兑奖-标识ID1687#2539#29737
2016-03-02 14:37:11#捕鱼达人兑奖-标识ID1685#288#30025
2016-03-02 14:37:43#捕鱼达人入场费-标识ID1691#-200#29825
2016-03-02 14:38:28#捕鱼达人入场费-标识ID1692#-1000#28825
2016-03-02 14:39:02#捕鱼达人兑奖-标识ID1692#98#28923
2016-03-02 14:39:02#捕鱼达人兑奖-标识ID1691#262#29185
2016-03-02 18:07:46#捕鱼达人兑奖—标识id1694#4206#33431
2016-03-02 18:12:17#捕鱼购买体力花费#-100#31791
2016-03-03 10:02:56#捕鱼购买体力花费#-1000#29571
2016-03-03 10:03:02#捕鱼达人入场费-标识id1697#-20000#9571
2016-03-03 10:03:48#捕鱼达人兑奖-标识id1697#5416#14987
2016-03-03 10:03:48#捕鱼达人兑奖-标识id1696#82#15069
2016-03-03 10:03:48#捕鱼达人兑奖-标识id1695#5226#20295
2016-03-03 10:11:18#捕鱼达人入场费-标识id1698#-10000#10295
2016-03-03 10:11:26#捕鱼达人兑奖—标识id1698#722#11017
2016-03-03 10:30:09#捕鱼达人兑奖-标识id1700#65#11082
2016-03-03 10:30:09#捕鱼达人兑奖-标识id1699#123#11205
2016-03-03 10:35:40#捕鱼达人兑奖-标识id1706#1540#12745
2016-03-03 10:35:40#捕鱼达人兑奖-标识id1705#219#12964
2016-03-03 10:35:40#捕鱼达人兑奖-标识id1704#28859#41823
2016-03-03 10:35:40#捕鱼达人兑奖-标识id1703#42#41865
2016-03-03 10:35:40#捕鱼达人兑奖-标识id1702#288#42153
2016-03-03 10:35:40#捕鱼达人兑奖-标识id1701#277#42430
2016-03-03 12:11:13#来自ID:50167打赏#1#42431
2016-03-04 08:45:34#捕鱼达人入场费-标识id1735#-1000#25241
2016-03-04 09:46:46#捕鱼达人入场费-标识id1736#-10000#15241
2016-03-04 09:48:13#捕鱼达人入场费-标识id1737#-200#15041
2016-03-04 09:48:51#捕鱼达人入场费-标识id1738#-200#14841
2016-03-04 10:08:38#捕鱼达人兑奖—标识id1738#82#14923
2016-03-04 10:08:42#捕鱼达人兑奖-标识id1737#65#14988
2016-03-04 10:08:42#捕鱼达人兑奖-标识id1736#1713#16701
2016-03-04 10:08:42#捕鱼达人兑奖-标识id1735#1098#17799
2016-03-07 16:44:44#捕鱼达人入场费-标识id1739#-10000#7799
2016-03-07 16:46:27#捕鱼达人兑奖—标识id1739#15498#23297
2016-03-07 16:46:38#捕鱼达人兑奖—标识id1707#8206#31503
2016-03-07 16:54:19#捕鱼达人入场费-标识id1741#-200#31303
2016-03-07 16:54:37#捕鱼达人兑奖—标识id1740#219#31522
2016-03-07 16:55:39#捕鱼达人入场费-标识id1742#-20000#11522
2016-03-07 16:56:14#捕鱼达人兑奖-标识id1742#26645#38167
2016-03-07 16:56:14#捕鱼达人兑奖-标识id1741#123#38290
2016-03-07 16:57:17#捕鱼达人入场费-标识id1743#-20000#18290
2016-03-07 16:57:49#捕鱼达人兑奖—标识id1743#28795#47085
2016-03-07 16:58:05#捕鱼达人入场费-标识id1744#-5000#42085
2016-03-07 16:58:40#捕鱼达人兑奖—标识id1744#7631#49716
2016-03-08 15:02:04#捕鱼捐款消费#-25#49691
2016-03-08 15:02:24#捕鱼捐款消费#-25#49666
2016-03-08 15:02:25#捕鱼捐款消费#-25#49641
2016-03-08 15:02:26#捕鱼捐款消费#-25#49616
2016-03-08 15:02:26#捕鱼捐款消费#-25#49591
2016-03-08 15:03:14#捕鱼入场费-标识id1745#-10000#39591
2016-03-08 15:03:48#捕鱼入场费-标识id1746#-10000#29591
2016-03-08 15:04:26#捕鱼入场费-标识id1747#-20000#9591
2016-03-08 15:06:35#捕鱼入场费-标识id1749#-5000#4591
2016-03-08 15:13:31#捕鱼兑奖-标识id1749#5874#10465
2016-03-08 15:13:31#捕鱼兑奖-标识id1748#300#10765
2016-03-08 15:13:31#捕鱼兑奖-标识id1747#5416#16181
2016-03-08 15:13:31#捕鱼兑奖-标识id1746#5226#21407
2016-03-08 15:13:31#捕鱼兑奖-标识id1745#15226#36633
2016-03-08 15:48:43#捕鱼入场费-标识id1750#-200#36433
2016-03-08 15:49:16#捕鱼入场费-标识id1751#-200#36233
2016-03-08 15:50:26#捕鱼兑奖-标识id1751#488#36721
2016-03-08 15:50:26#捕鱼兑奖-标识id1750#54#36775
2016-03-08 15:50:48#捕鱼入场费-标识id1752#-1000#35775
2016-03-08 15:51:18#捕鱼入场费-标识id1753#-200#35575
2016-03-08 15:52:40#捕鱼入场费-标识id1754#-10000#25575
2016-03-08 15:53:07#捕鱼入场费-标识id1755#-5000#20575
2016-03-08 15:53:38#捕鱼入场费-标识id1756#-20000#575
2016-03-08 15:54:09#捕鱼入场费-标识id1757#-200#375
2016-03-08 15:54:34#捕鱼兑奖-标识id1757#262#637
2016-03-08 15:54:34#捕鱼兑奖-标识id1756#12309#12946
2016-03-08 15:54:34#捕鱼兑奖-标识id1755#6305#19251
2016-03-08 15:54:34#捕鱼兑奖-标识id1754#1220#20471
2016-03-08 15:54:34#捕鱼兑奖-标识id1753#288#20759
2016-03-08 15:54:34#捕鱼兑奖-标识id1752#1549#22308
2016-03-08 15:57:45#捕鱼购买体力花费#-100#22208
2016-03-08 15:57:54#捕鱼购买体力花费#0#22208
2016-03-08 15:58:57#捕鱼购买体力花费#-120#22088
2016-03-08 15:59:09#捕鱼购买体力花费#0#22088
2016-03-08 16:00:54#捕鱼购买体力花费#-100#21988
2016-03-08 16:01:13#捕鱼捐款消费#-10#21978
2016-03-08 16:03:19#捕鱼购买体力花费#-10#21968
2016-03-08 16:03:25#捕鱼购买体力花费#0#21968
2016-03-08 16:16:07#捕鱼入场费-标识id1758#-20000#1968
2016-03-08 16:54:30#捕鱼购买体力花费#-100#1868
2016-03-08 16:54:44#捕鱼捐款消费#-10#1858
2016-03-08 16:55:12#捕鱼入场费-标识id1759#-200#1658
2016-03-08 16:55:48#捕鱼兑奖-标识id1759#277#1935
2016-03-08 16:55:48#捕鱼兑奖-标识id1758#31180#33115
2016-03-09 16:41:51#捕鱼兑奖-标识id1655#58742#91857
2016-03-09 16:41:51#捕鱼兑奖-标识id1654#58742#150599
2016-03-09 16:41:51#捕鱼兑奖-标识id1653#7815#158414
2016-03-09 16:41:51#捕鱼兑奖-标识id1414#314#158728
2016-03-09 16:41:51#捕鱼兑奖-标识id1413#503#159231
2016-03-09 16:41:51#捕鱼兑奖-标识id1412#3884#163115
2016-03-09 16:41:51#捕鱼兑奖-标识id1411#2018#165133
2016-03-09 16:41:51#捕鱼兑奖-标识id1410#18869#184002
2016-03-09 16:41:51#捕鱼兑奖-标识id1409#5826#189828
2016-03-09 16:41:51#捕鱼兑奖-标识id1408#5236#195064
2016-03-09 16:42:02#捕鱼入场费-标识id1760#-1000#194064
2016-03-11 15:12:25#捕鱼兑奖-标识id1760#2885#196949
2016-03-11 15:12:25#捕鱼兑奖-标识id1407#6594#203543
2016-03-11 15:12:25#捕鱼兑奖-标识id1406#999#204542
2016-03-11 15:12:25#捕鱼兑奖-标识id1405#12294#216836
2016-03-11 15:12:25#捕鱼兑奖-标识id1404#58829#275665
2016-03-11 15:12:25#捕鱼兑奖-标识id1403#52200#327865
2016-03-11 15:13:24#捕鱼兑奖—标识id1761#42#327907
2016-03-15 09:59:04#回帖积分#5#327912
2016-03-15 09:59:39#回帖积分#5#327917
2016-03-15 10:53:38#来自ID:50167打赏#1#327918
2016-03-15 10:54:37#来自ID:50167打赏#1#327919
2016-03-15 11:02:27#来自ID:50167打赏#1#327920
2016-03-15 11:03:39#来自ID:729打赏#1#327921
2016-03-15 15:33:06#捕鱼入场费-标识id1763#-1000#326921
2016-03-15 15:34:40#捕鱼入场费-标识id1764#-1000#325921
2016-03-15 15:53:45#捕鱼兑奖—标识id1762#488#326409
2016-03-15 16:00:24#捕鱼入场费-标识id1765#-200#326209
2016-03-15 16:01:04#好彩一兑奖-标识ID477#875#327084
2016-03-15 16:01:04#好彩一兑奖-标识ID465#975#328059
2016-03-16 14:12:37#捕鱼入场费-标识id1766#-10000#318059
2016-03-16 14:13:45#捕鱼入场费-标识id1767#-50000#268059
2016-03-16 14:14:58#捕鱼入场费-标识id1768#-20000#248059
2016-03-16 14:15:09#捕鱼入场费-标识id1769#-20000#228059
2016-03-16 14:20:17#捕鱼兑奖-标识id1769#21901#249960
2016-03-16 14:20:17#捕鱼兑奖-标识id1768#48839#298799
2016-03-16 14:20:17#捕鱼兑奖-标识id1767#18990#317789
2016-03-16 14:20:17#捕鱼兑奖-标识id1766#10980#328769
2016-03-16 14:20:17#捕鱼兑奖-标识id1765#65#328834
2016-03-16 14:20:17#捕鱼兑奖-标识id1764#522#329356
2016-03-16 14:20:17#捕鱼兑奖-标识id1763#72#329428
2016-03-16 14:21:31#捕鱼入场费-标识id1770#-1000#328428
2016-03-18 17:26:08#回帖积分#5#328433
2016-03-19 11:21:16#捕鱼入场费-标识id1771#-5000#323433
2016-03-19 11:22:47#捕鱼入场费-标识id1772#-50000#273433
2016-03-19 11:23:47#捕鱼入场费-标识id1773#-10000#263433
2016-03-19 11:23:54#捕鱼兑奖—标识id1772#58742#322175
2016-03-19 11:24:10#捕鱼兑奖—标识id1771#1899#324074
2016-03-19 11:24:13#捕鱼兑奖—标识id1770#83#324157
2016-03-19 11:24:18#捕鱼入场费-标识id1774#-10000#314157
2016-03-19 11:24:18#捕鱼兑奖—标识id1773#14974#329131
2016-03-19 11:24:21#捕鱼兑奖—标识id1774#28859#357990
2016-03-19 11:24:28#捕鱼入场费-标识id1775#-50000#307990
2016-03-19 11:25:05#捕鱼入场费-标识id1776#-50000#257990
2016-03-19 11:25:39#捕鱼入场费-标识id1777#-50000#207990
2016-03-19 11:26:23#捕鱼兑奖-标识id1777#21110#229100
2016-03-19 11:26:23#捕鱼兑奖-标识id1776#65148#294248
2016-03-19 11:26:23#捕鱼兑奖-标识id1775#74287#368535
2016-03-19 11:27:24#捕鱼入场费-标识id1778#-50000#318535
2016-03-19 11:27:56#捕鱼入场费-标识id1779#-10000#308535
2016-03-19 11:29:53#捕鱼入场费-标识id1780#-10000#298535
2016-03-19 11:30:24#捕鱼入场费-标识id1781#-5000#293535
2016-03-19 11:31:06#捕鱼兑奖-标识id1781#2111#295646
2016-03-19 11:31:07#捕鱼兑奖-标识id1780#14511#310157
2016-03-19 11:31:08#捕鱼兑奖-标识id1779#981#311138
2016-03-19 11:31:09#捕鱼兑奖-标识id1778#63029#374167
2016-03-19 11:31:46#捕鱼入场费-标识id1782#-10000#364167
2016-03-19 11:32:19#捕鱼入场费-标识id1783#-20000#344167
2016-03-19 11:32:50#捕鱼入场费-标识id1784#-50000#294167
2016-03-19 11:33:26#捕鱼兑奖-标识id1784#7815#301982
2016-03-19 11:33:27#捕鱼兑奖-标识id1783#6505#308487
2016-03-19 11:33:28#捕鱼兑奖-标识id1782#722#309209
2016-03-19 11:34:31#捕鱼入场费-标识id1785#-10000#299209
2016-03-19 11:35:56#捕鱼入场费-标识id1786#-10000#289209
2016-03-19 11:36:42#捕鱼入场费-标识id1787#-10000#279209
2016-03-19 11:37:12#捕鱼入场费-标识id1788#-20000#259209
2016-03-19 11:37:43#捕鱼入场费-标识id1789#-50000#209209
2016-03-19 11:38:19#捕鱼兑奖-标识id1789#9852#219061
2016-03-19 11:38:21#捕鱼兑奖-标识id1788#4206#223267
2016-03-19 11:38:23#捕鱼兑奖-标识id1787#10980#234247
2016-03-19 11:38:25#捕鱼兑奖-标识id1786#14511#248758
2016-03-19 11:38:27#捕鱼兑奖-标识id1785#5226#253984
2016-03-19 11:40:05#捕鱼入场费-标识id1790#-5000#248984
2016-03-19 11:40:11#捕鱼入场费-标识id1791#-20000#228984
2016-03-19 11:40:50#捕鱼入场费-标识id1792#-20000#208984
2016-03-19 11:41:27#捕鱼兑奖-标识id1792#26178#235162
2016-03-19 11:41:29#捕鱼兑奖-标识id1791#8206#243368
2016-03-19 11:41:31#捕鱼兑奖-标识id1790#12875#256243
2016-03-19 14:42:56#捕鱼入场费-标识id1793#-1000#255243
2016-03-19 14:43:33#捕鱼兑奖-标识id1793#1540#256783
2016-03-19 14:45:35#捕鱼入场费-标识id1794#-1000#255783
2016-03-19 14:46:14#捕鱼兑奖-标识id1794#171#255954
2016-03-19 17:44:05#捕鱼入场费-标识id1795#-10000#245954
2016-03-19 17:44:54#捕鱼入场费-标识id1796#-50000#195954
2016-03-19 17:45:00#捕鱼入场费-标识id1797#-5000#190954
2016-03-19 17:45:49#捕鱼入场费-标识id1798#-5000#185954
2016-03-19 17:46:49#捕鱼兑奖-标识id1798#6515#192469
2016-03-19 17:46:49#捕鱼兑奖-标识id1797#985#193454
2016-03-19 17:46:50#捕鱼兑奖-标识id1796#128759#322213
2016-03-19 17:46:50#捕鱼兑奖-标识id1795#28859#351072
2016-03-19 17:48:00#捕鱼入场费-标识id1800#-1000#350072
2016-03-19 17:49:26#捕鱼入场费-标识id1801#-200#349872
2016-03-19 17:50:29#捕鱼兑奖-标识id1801#54#349926
2016-03-19 17:50:29#捕鱼兑奖-标识id1800#1498#351424
2016-03-19 17:50:29#捕鱼兑奖-标识id1799#277#351701
2016-03-19 17:51:05#捕鱼入场费-标识id1802#-1000#350701
2016-03-19 18:01:18#捕鱼兑奖—标识id1802#1451#352152
2016-03-19 18:01:29#捕鱼入场费-标识id1806#-10000#342152
2016-03-19 18:02:06#捕鱼入场费-标识id1807#-20000#322152
2016-03-19 18:02:15#捕鱼入场费-标识id1808#-20000#302152
2016-03-19 18:02:48#捕鱼入场费-标识id1809#-50000#252152
2016-03-19 18:03:27#捕鱼兑奖—标识id1807#48839#300991
2016-03-19 18:03:27#捕鱼兑奖-标识id1809#25396#326387
2016-03-19 18:03:27#捕鱼兑奖-标识id1808#4206#330593
2016-03-19 18:03:36#捕鱼兑奖—标识id1806#981#331574
2016-03-19 18:04:11#捕鱼入场费-标识id1810#-20000#311574
2016-03-19 18:04:52#捕鱼兑奖-标识id1810#21901#333475
2016-03-19 18:12:25#捕鱼入场费-标识id1811#-1000#332475
2016-03-20 00:55:07#捕鱼入场费-标识id1812#-1000#331475
2016-03-20 00:59:08#捕鱼入场费-标识id1815#-5000#326475
2016-03-20 00:59:43#捕鱼兑奖-标识id1815#7429#333904
2016-03-20 00:59:43#捕鱼兑奖-标识id1812#122#334026
2016-03-20 00:59:43#捕鱼兑奖-标识id1811#1540#335566
2016-03-20 01:59:12#捕鱼入场费-标识id1824#-5000#330566
2016-03-20 01:59:51#捕鱼兑奖—标识id1824#2539#333105
2016-03-20 02:00:19#捕鱼入场费-标识id1825#-5000#328105
2016-03-21 17:24:48#捕鱼入场费-标识id1827#-1000#327105
2016-03-21 17:26:18#捕鱼入场费-标识id1828#-1000#326105
2016-03-21 17:28:47#捕鱼入场费-标识id1830#-50000#276105
2016-03-21 17:29:43#捕鱼入场费-标识id1831#-20000#256105
2016-03-21 17:30:13#捕鱼兑奖-标识id1830#76323#332428
2016-03-21 17:30:13#捕鱼兑奖-标识id1829#82#332510
2016-03-21 17:30:13#捕鱼兑奖-标识id1828#72#332582
2016-03-21 17:30:13#捕鱼兑奖-标识id1827#171#332753
2016-03-21 17:30:13#捕鱼兑奖-标识id1825#781#333534
2016-03-21 17:31:10#捕鱼入场费-标识id1832#-200#333334
2016-03-21 17:31:58#捕鱼兑奖-标识id1832#65#333399
2016-03-21 17:31:58#捕鱼兑奖-标识id1831#12309#345708
2016-03-21 17:32:18#捕鱼入场费-标识id1833#-20000#325708
2016-03-21 17:33:10#捕鱼入场费-标识id1834#-50000#275708
2016-03-21 17:33:46#捕鱼入场费-标识id1835#-50000#225708
2016-03-21 17:33:52#捕鱼入场费-标识id1836#-50000#175708
2016-03-21 17:34:24#捕鱼入场费-标识id1837#-50000#125708
2016-03-21 17:38:08#捕鱼入场费-标识id1838#-1000#124708
2016-03-21 17:39:05#捕鱼入场费-标识id1839#-50000#74708
2016-03-21 17:40:02#捕鱼入场费-标识id1840#-50000#24708
2016-03-21 17:40:37#捕鱼兑奖-标识id1840#58742#83450
2016-03-21 17:40:37#捕鱼兑奖-标识id1839#18990#102440
2016-03-21 17:40:37#捕鱼兑奖-标识id1838#1549#103989
2016-03-21 17:40:37#捕鱼兑奖-标识id1837#74287#178276
2016-03-21 17:40:37#捕鱼兑奖-标识id1836#63029#241305
2016-03-21 17:40:37#捕鱼兑奖-标识id1835#128759#370064
2016-03-21 17:40:37#捕鱼兑奖-标识id1834#65148#435212
2016-03-21 17:40:37#捕鱼兑奖-标识id1833#5416#440628
2016-03-21 17:40:43#捕鱼入场费-标识id1841#-50000#390628
2016-03-21 17:44:06#捕鱼入场费-标识id1844#-50000#340628
2016-03-21 17:45:09#捕鱼入场费-标识id1845#-1000#339628
2016-03-22 09:37:58#捕鱼入场费-标识id1848#-1000#338628
2016-03-22 09:38:38#捕鱼兑奖-标识id1848#1451#340079
2016-03-22 09:38:38#捕鱼兑奖-标识id1845#98#340177
2016-03-22 09:38:38#捕鱼兑奖-标识id1844#21110#361287
2016-03-22 09:38:38#捕鱼兑奖-标识id1841#76323#437610
2016-03-22 10:55:49#捕鱼入场费-标识id1849#-5000#432610
2016-03-28 11:25:42#捕鱼入场费-标识id1850#-10000#422610
2016-03-28 11:28:44#捕鱼兑奖-标识id1851#300#422910
2016-03-28 11:28:44#捕鱼兑奖-标识id1850#722#423632
2016-03-28 11:28:44#捕鱼兑奖-标识id1849#1899#425531
2016-03-28 11:28:44#捕鱼兑奖-标识id1732#0#425531
2016-03-28 11:28:44#捕鱼兑奖-标识id1712#0#425531
2016-03-28 11:28:44#捕鱼兑奖-标识id1709#0#425531
2016-03-28 11:28:44#捕鱼兑奖-标识id1708#0#425531
2016-03-28 11:29:06#捕鱼入场费-标识id1852#-5000#420531
2016-03-28 11:30:50#捕鱼兑奖—标识id1852#2539#423070
2016-03-28 11:31:05#捕鱼入场费-标识id1853#-10000#413070
2016-03-28 11:37:44#捕鱼入场费-标识id1854#-200#412870
2016-03-28 11:38:31#捕鱼入场费-标识id1855#-200#412670
2016-03-28 11:40:28#捕鱼兑奖-标识id1855#123#412793
2016-03-28 11:40:28#捕鱼兑奖-标识id1854#82#412875
2016-03-28 11:40:28#捕鱼兑奖-标识id1853#1713#414588
2016-03-28 11:40:36#捕鱼入场费-标识id1856#-10000#404588
2016-03-28 11:42:50#捕鱼入场费-标识id1857#-1000#403588
2016-03-28 11:43:08#捕鱼兑奖-标识id1856#15226#418814
2016-03-28 11:46:22#捕鱼入场费-标识id1858#-20000#398814
2016-03-28 11:49:50#捕鱼兑奖-标识id1858#26178#424992
2016-03-28 11:49:50#捕鱼兑奖-标识id1857#1549#426541
2016-03-28 11:57:01#捕鱼入场费-标识id1859#-5000#421541
2016-03-28 15:24:49#捕鱼入场费-标识id1860#-10000#411541
2016-03-28 15:48:56#捕鱼入场费-标识id1862#-200#411341
2016-03-28 16:03:05#捕鱼入场费-标识id1863#-1000#410341
2016-03-28 16:05:00#捕鱼兑奖-标识id1863#1098#411439
2016-03-28 16:05:00#捕鱼兑奖-标识id1862#277#411716
2016-03-28 16:05:00#捕鱼兑奖-标识id1860#15498#427214
2016-03-28 16:05:00#捕鱼兑奖-标识id1859#985#428199
2016-03-28 16:14:58#捕鱼入场费-标识id1864#-5000#423199
2016-03-28 16:15:14#捕鱼兑奖-标识id1864#12875#436074
2016-03-28 16:17:37#捕鱼入场费-标识id1865#-5000#431074
2016-03-28 16:23:46#捕鱼兑奖-标识id1865#7429#438503
2016-03-28 16:34:55#捕鱼入场费-标识id1866#-1000#437503
2016-03-29 11:32:53#捕鱼兑奖-标识id1866#122#437625
2016-03-29 11:35:04#捕鱼入场费-标识id1868#-200#437425
2016-03-29 11:36:27#捕鱼入场费-标识id1869#-200#437225
2016-03-29 11:37:36#捕鱼入场费-标识id1870#-200#437025
2016-03-29 11:39:23#捕鱼入场费-标识id1871#-200#436825
2016-03-29 11:43:02#捕鱼入场费-标识id1874#-200#436625
2016-03-29 11:44:02#捕鱼入场费-标识id1876#-200#436425
2016-03-29 11:45:36#捕鱼入场费-标识id1877#-200#436225
2016-03-29 11:46:58#捕鱼入场费-标识id1878#-1000#435225
2016-03-29 11:47:57#捕鱼入场费-标识id1879#-1000#434225
2016-03-29 11:49:04#捕鱼入场费-标识id1880#-1000#433225
2016-03-29 11:50:14#捕鱼入场费-标识id1881#-1000#432225
2016-03-29 11:51:32#捕鱼入场费-标识id1882#-1000#431225
2016-03-29 11:57:02#捕鱼入场费-标识id1883#-50000#381225
2016-03-29 11:59:55#捕鱼入场费-标识id1884#-200#381025
2016-03-29 12:01:42#捕鱼入场费-标识id1887#-200#380825
2016-03-29 12:02:41#捕鱼入场费-标识id1889#-200#380625
2016-03-29 12:03:52#捕鱼入场费-标识id1891#-200#380425
2016-03-29 12:05:27#捕鱼入场费-标识id1893#-200#380225
2016-03-29 12:06:31#捕鱼入场费-标识id1895#-200#380025
2016-03-29 14:50:07#捕鱼入场费-标识id1897#-200#379825
2016-03-29 14:51:28#捕鱼入场费-标识id1898#-200#379625
2016-03-29 14:55:12#捕鱼入场费-标识id1900#-200#379425
2016-03-29 14:58:27#捕鱼兑奖-标识id1900#123#379548
2016-03-29 14:58:27#捕鱼兑奖-标识id1898#54#379602
2016-03-29 14:58:27#捕鱼兑奖-标识id1897#42#379644
2016-03-29 14:58:27#捕鱼兑奖-标识id1895#300#379944
2016-03-29 14:58:27#捕鱼兑奖-标识id1893#262#380206
2016-03-29 14:58:27#捕鱼兑奖-标识id1891#488#380694
2016-03-29 14:58:27#捕鱼兑奖-标识id1889#300#380994
2016-03-29 14:58:27#捕鱼兑奖-标识id1887#288#381282
2016-03-29 14:58:27#捕鱼兑奖-标识id1884#42#381324
2016-03-29 14:58:27#捕鱼兑奖-标识id1883#65148#446472
2016-03-29 14:58:30#捕鱼兑奖-标识id1882#171#446643
2016-03-29 14:58:30#捕鱼兑奖-标识id1881#2885#449528
2016-03-29 14:58:30#捕鱼兑奖-标识id1880#1498#451026
2016-03-29 14:58:30#捕鱼兑奖-标识id1879#72#451098
2016-03-29 14:58:30#捕鱼兑奖-标识id1878#1540#452638
2016-03-29 14:58:30#捕鱼兑奖-标识id1877#277#452915
2016-03-29 14:58:30#捕鱼兑奖-标识id1876#42#452957
2016-03-29 14:58:30#捕鱼兑奖-标识id1874#65#453022
2016-03-29 14:58:30#捕鱼兑奖-标识id1871#488#453510
2016-03-29 14:58:30#捕鱼兑奖-标识id1870#288#453798
2016-03-29 14:58:34#捕鱼兑奖-标识id1869#262#454060
2016-03-29 14:58:34#捕鱼兑奖-标识id1868#219#454279
2016-03-29 14:58:34#捕鱼兑奖-标识id1867#54#454333
2016-03-29 15:00:21#捕鱼入场费-标识id1903#-200#454133
2016-03-29 15:02:08#捕鱼入场费-标识id1905#-1000#453133
2016-03-29 15:04:53#捕鱼兑奖-标识id1905#1451#454584
2016-03-29 15:04:53#捕鱼兑奖-标识id1903#488#455072
2016-03-29 15:32:51#捕鱼入场费-标识id1906#-1000#454072
2016-03-29 15:35:44#捕鱼入场费-标识id1908#-1000#453072
2016-03-29 15:49:36#捕鱼入场费-标识id1910#-50000#403072
2016-03-29 15:57:06#捕鱼入场费-标识id1913#-200#402872
2016-03-29 16:24:55#捕鱼入场费-标识id1914#-1000#401872
2016-03-29 16:26:03#捕鱼入场费-标识id1915#-50000#351872
2016-03-29 16:45:29#捕鱼入场费-标识id1916#-200#351672
2016-03-29 16:46:26#捕鱼入场费-标识id1917#-200#351472
2016-03-29 16:47:27#捕鱼入场费-标识id1918#-50000#301472
2016-03-29 16:47:35#捕鱼入场费-标识id1919#-5000#296472
2016-03-29 16:49:51#捕鱼兑奖—标识id1918#128759#425231
2016-03-29 16:53:28#捕鱼兑奖-标识id1919#2111#427342
2016-03-29 16:53:28#捕鱼兑奖-标识id1917#82#427424
2016-03-29 16:53:28#捕鱼兑奖-标识id1916#123#427547
2016-03-29 16:53:28#捕鱼兑奖-标识id1915#63029#490576
2016-03-29 16:53:28#捕鱼兑奖-标识id1914#122#490698
2016-03-29 16:53:28#捕鱼兑奖-标识id1913#277#490975
2016-03-29 16:53:28#捕鱼兑奖-标识id1910#25396#516371
2016-03-29 16:53:28#捕鱼兑奖-标识id1908#2885#519256
2016-03-29 16:53:28#捕鱼兑奖-标识id1906#98#519354
2016-03-29 16:53:57#捕鱼入场费-标识id1920#-200#519154
2016-03-29 16:55:15#捕鱼入场费-标识id1921#-10000#509154
2016-03-29 16:56:06#捕鱼入场费-标识id1922#-200#508954
2016-03-29 16:57:22#捕鱼入场费-标识id1923#-1000#507954
2016-03-29 16:58:13#捕鱼入场费-标识id1924#-10000#497954
2016-03-29 17:21:40#捕鱼入场费-标识id1925#-5000#492954
2016-03-29 17:22:38#捕鱼入场费-标识id1926#-200#492754
2016-03-29 17:25:24#捕鱼入场费-标识id1927#-5000#487754
2016-03-29 17:26:20#捕鱼入场费-标识id1928#-200#487554
2016-03-29 17:27:29#捕鱼入场费-标识id1929#-1000#486554
2016-03-29 17:29:17#捕鱼入场费-标识id1930#-1000#485554
2016-03-29 17:30:14#捕鱼兑奖-标识id1930#1540#487094
2016-03-29 17:30:14#捕鱼兑奖-标识id1929#522#487616
2016-03-29 17:30:14#捕鱼兑奖-标识id1928#300#487916
2016-03-29 17:30:14#捕鱼兑奖-标识id1927#7631#495547
2016-03-29 17:30:14#捕鱼兑奖-标识id1926#288#495835
2016-03-29 17:30:14#捕鱼兑奖-标识id1925#5874#501709
2016-03-29 17:30:14#捕鱼兑奖-标识id1924#14974#516683
2016-03-29 17:30:14#捕鱼兑奖-标识id1923#1498#518181
2016-03-29 17:30:14#捕鱼兑奖-标识id1922#42#518223
2016-03-29 17:30:14#捕鱼兑奖-标识id1921#1220#519443
2016-03-29 17:30:18#捕鱼兑奖-标识id1920#54#519497
2016-03-29 17:40:44#捕鱼入场费-标识id1931#-10000#509497
2016-03-31 16:06:34#回帖积分#5#509502
