2016-04-02 15:45:28#进入德州房间:1桌#-2000#507502
2016-04-02 15:45:50#离开德州房间:1桌#2000#509502
2016-04-02 15:45:59#进入德州房间:1桌#-2000#507502
2016-04-02 15:46:20#离开德州房间:1桌#2000#509502
2016-04-02 15:47:13#进入德州房间:3桌#-2000#507502
2016-04-02 15:47:26#离开德州房间:3桌#2000#509502
2016-04-09 15:56:19#派币帖回帖获得#67#510169
2016-04-09 15:56:20#回帖积分#5#510174
2016-04-09 15:56:56#回帖积分#5#510179
2016-04-09 16:02:14#派币帖回帖获得#12#510191
2016-04-09 16:02:14#回帖积分#5#510196
2016-04-09 16:07:25#回帖积分#5#510201
2016-04-09 16:07:48#回帖积分#5#510206
2016-04-09 16:08:32#派币帖回帖获得#116#510322
2016-04-22 10:11:42#好彩一第2016092期尾数单双投注:双|标识ID892#-100#1511622
2016-04-22 10:11:58#好彩一第2016092期大小单双投注:单|标识ID893#-100#1511522
2016-04-22 17:58:44#派币帖回帖获得#22#1511544
2016-04-22 18:00:22#派币帖回帖获得#22#1511566
2016-04-23 10:08:34#好彩一第2016093期四季玩法投注:秋|标识ID906#-100#1511466
2016-04-23 10:25:25#好彩一第2016093期四季玩法投注:秋|标识ID907#-100#1511366
2016-04-23 10:48:09#好彩一兑奖-期号-2016092-标识ID893#192#1511558
