2016-05-17 11:46:12#发贴积分#10#1499691
2016-05-17 11:47:17#发悬赏帖子#-22322#1477369
2016-05-17 11:47:17#发贴积分#10#1477379
2016-05-17 11:47:57#发贴积分#10#1477389
2016-05-17 11:59:35#发派币帖子#-1231#1476158
2016-05-18 13:16:22#发贴积分#10#1476168
2016-05-18 13:18:05#发贴积分#10#1476178
2016-05-18 13:19:02#发贴积分#10#1476188
2016-05-19 15:29:57#发贴积分#10#1476198
2016-05-20 08:25:33#好彩一第2016099期大小单双投注:双|标识ID908#-100#1476098
2016-05-21 15:25:44#发贴积分#10#1476108
2016-05-21 15:27:20#发贴积分#10#1476118
2016-05-21 15:27:56#发贴积分#10#1476128
2016-05-24 10:27:00#好彩一第2016137期大小单双投注:大|标识ID909#-100#1476028
2016-05-24 10:27:07#好彩一第2016137期大小单双投注:小|标识ID910#-100#1475928
2016-05-24 10:27:17#好彩一第2016137期尾数大小投注:大|标识ID911#-100#1475828
2016-05-24 10:27:25#好彩一第2016137期尾数单双投注:单|标识ID912#-100#1475728
2016-05-24 10:28:32#好彩一第2016138期大小单双投注:大|标识ID913#-100#1475628
2016-05-24 10:28:41#好彩一第2016138期大小单双投注:单|标识ID914#-100#1475528
2016-05-24 10:33:15#好彩一第2016138期大小单双投注:大|标识ID915#-100#1475428
2016-05-24 10:33:32#好彩一第2016138期尾数单双投注:单|标识ID916#-100#1475328
2016-05-24 10:34:23#好彩一兑奖-期号-2016137-标识ID912#192#1475520
2016-05-24 10:34:23#好彩一兑奖-期号-2016137-标识ID911#192#1475712
2016-05-24 10:34:23#好彩一兑奖-期号-2016137-标识ID909#194#1475906
2016-05-24 10:34:23#好彩一兑奖-期号-2016099-标识ID908#192#1476098
2016-05-24 11:10:17#好彩一第2016138期大小单双投注:单|标识ID917#-100#1475998
