2016-11-14 15:57:14#二八第791725期押小双-标识1986#-300#5435630
2016-11-14 15:57:21#二八第791725期押小双-标识1992#-300#5435330
2016-11-14 15:57:59#二八第791725期押小双-标识2002#-300#5435030
2016-11-14 15:58:22#二八第792081期押小双-标识2011#-300#5434730
2016-11-14 15:59:16#二八第792081期押小双-标识2020#-300#5434430
2016-11-14 16:00:09#二八第792082期押小双-标识2029#-300#5434130
2016-11-14 16:02:00#二八第792082期押小双-标识2049#-300#5433830
2016-11-14 16:02:37#二八第792082期押小双-标识2055#-300#5433530
2016-11-14 16:05:05#二八第792083期押小双-标识2072#-300#5433230
2016-11-14 16:08:21#二八第792083期押小双-标识2103#-300#5432930
2016-11-14 16:09:14#二八第792083期押小双-标识2109#-300#5432630
2016-11-14 16:11:16#二八第792084期押小双-标识2127#-300#5432330
2016-11-14 16:12:09#二八第792084期押小双-标识2137#-300#5432030
2016-11-14 16:12:41#二八第792084期押小双-标识2141#-300#5431730
2016-11-14 16:15:26#二八第792085期押小双-标识2159#-300#5431430
2016-11-14 16:15:47#二八第792085期押小双-标识2163#-300#5431130
2016-11-14 16:17:27#二八第792085期押小双-标识2181#-300#5430830
2016-11-14 16:20:38#二八第792086期押小双-标识2206#-300#5430530
2016-11-14 16:21:31#二八第792086期押小双-标识2215#-300#5430230
2016-11-14 16:23:33#二八第792086期押小双-标识2234#-300#5429930
2016-11-14 16:25:35#二八第792087期押小双-标识2249#-300#5429630
2016-11-14 16:26:49#二八第792087期押小双-标识2262#-300#5429330
2016-11-14 16:28:51#二八第792087期押尾号-标识2280#-1200#5428130
2016-11-14 16:30:05#二八第792088期押小双-标识2288#-300#5427830
2016-11-14 16:33:53#二八第792088期押小双-标识2323#-300#5427530
2016-11-14 16:34:30#二八第792088期押小双-标识2328#-300#5427230
2016-11-14 16:36:37#二八第792089期押小双-标识2348#-300#5426930
2016-11-14 16:37:46#二八第792089期押小双-标识2361#-300#5426630
2016-11-14 16:39:00#二八第792089期押小双-标识2370#-300#5426330
2016-11-14 16:41:02#二八第792090期押小双-标识2388#-300#5426030
2016-11-14 16:41:55#二八第792090期押小双-标识2398#-300#5425730
2016-11-14 16:42:53#二八第792090期押小双-标识2407#-300#5425430
2016-11-14 16:45:37#二八第792091期押尾号-标识2429#-900#5424530
2016-11-14 16:47:50#二八第792091期押小双-标识2450#-300#5424230
2016-11-14 16:49:20#二八第792091期押小双-标识2463#-300#5423930
2016-11-14 16:52:04#二八第792092期押尾号-标识2492#-900#5423030
2016-11-14 16:57:54#二八第792093期押小双-标识2541#-300#5422730
2016-11-14 16:58:47#二八第792093期押小双-标识2547#-300#5422430
2016-11-14 16:59:56#二八第792093期押小双-标识2554#-300#5422130
2016-11-14 17:01:10#二八第792094期押小双-标识2567#-300#5421830
2016-11-14 17:02:03#二八第792094期押小双-标识2575#-300#5421530
2016-11-14 17:04:04#二八第792094期押小双-标识2593#-300#5421230
2016-11-14 17:05:29#二八第792095期押小双-标识2599#-300#5420930
2016-11-14 17:06:06#二八第792095期押小双-标识2605#-300#5420630
2016-11-14 17:08:13#二八第792095期押小双-标识2625#-300#5420330
2016-11-14 17:10:47#二八第792096期押小双-标识2647#-300#5420030
2016-11-14 17:11:08#二八第792096期押小双-标识2650#-300#5419730
2016-11-14 17:12:59#二八第792096期押小双-标识2669#-300#5419430
2016-11-14 17:15:33#二八第792097期押小单-标识2686#-300#5419130
2016-11-14 17:17:24#二八第792097期押小双-标识2706#-300#5418830
2016-11-14 17:18:38#二八第792097期押小双-标识2720#-300#5418530
2016-11-14 17:23:30#二八第792098期押小双-标识2760#-300#5418230
2016-11-14 17:24:23#二八第792098期押小双-标识2767#-300#5417930
2016-11-14 17:25:16#二八第792099期押小双-标识2771#-300#5417630
2016-11-14 17:28:00#二八第792099期押小双-标识2797#-300#5417330
2016-11-14 17:30:23#二八第792100期押小双-标识2814#-300#5417030
2016-11-14 17:33:07#二八第792100期押尾号-标识2841#-900#5416130
2016-11-14 17:34:16#二八第792100期押小双-标识2850#-300#5415830
2016-11-14 17:35:30#二八第792101期押小双-标识2857#-300#5415530
2016-11-14 17:36:07#二八第792101期押小双-标识2863#-300#5415230
2016-11-14 17:37:21#二八第792101期押小双-标识2877#-300#5414930
2016-11-14 17:40:48#二八第792102期押小双-标识2905#-300#5414630
2016-11-14 17:43:32#二八第792102期押小双-标识2932#-300#5414330
2016-11-14 17:44:09#二八第792102期押小双-标识2936#-300#5414030
2016-11-14 17:48:39#二八第792103期押小双-标识2977#-300#5413730
2016-11-14 17:51:45#二八第792104期押小双-标识3001#-300#5413430
2016-11-14 17:52:06#二八第792104期押小双-标识3005#-300#5413130
2016-11-14 17:52:43#二八第792104期押小双-标识3011#-300#5412830
2016-11-14 17:55:59#二八第792105期押小双-标识3037#-300#5412530
2016-11-14 17:56:20#二八第792105期押小双-标识3041#-300#5412230
2016-11-14 17:57:50#二八第792105期押小双-标识3056#-300#5411930
2016-11-14 18:00:29#二八第792106期押小单-标识3072#-300#5411630
2016-11-14 18:01:43#二八第792106期押尾号-标识3085#-900#5410730
2016-11-14 18:04:06#二八第792106期押小双-标识3104#-300#5410430
2016-11-14 18:06:08#二八第792107期押小双-标识3120#-300#5410130
2016-11-14 18:07:54#二八第792107期押小双-标识3134#-300#5409830
2016-11-14 18:08:26#二八第792107期押小单-标识3136#-300#5409530
2016-11-14 18:10:54#二八第792108期押小双-标识3152#-300#5409230
2016-11-14 18:13:28#二八第792108期押小双-标识3179#-300#5408930
2016-11-14 18:13:59#二八第792108期押小双-标识3181#-300#5408630
2016-11-14 18:17:42#二八第792109期押小双-标识3213#-300#5408330
2016-11-14 18:18:19#二八第792109期押小双-标识3219#-300#5408030
2016-11-14 18:18:40#二八第792109期押小双-标识3222#-300#5407730
2016-11-14 18:21:08#二八第792110期押小单-标识3241#-300#5407430
2016-11-14 18:22:17#二八第792110期押小单-标识3252#-300#5407130
2016-11-14 18:23:21#二八第792110期押小双-标识3260#-300#5406830
2016-11-14 18:25:17#二八第792111期押小双-标识3270#-300#5406530
2016-11-14 18:25:38#二八第792111期押小双-标识3274#-300#5406230
2016-11-14 18:26:52#二八第792111期押小双-标识3287#-300#5405930
2016-11-14 18:31:28#二八第792112期押小双-标识3326#-300#5405630
2016-11-14 18:32:21#二八第792112期押小单-标识3336#-300#5405330
2016-11-14 18:33:14#二八第792112期押小-标识3343#-300#5405030
2016-11-14 18:36:40#二八第792113期押小双-标识3371#-300#5404730
2016-11-14 18:37:01#二八第792113期押小双-标识3374#-300#5404430
2016-11-14 18:38:32#二八第792113期押小双-标识3387#-300#5404130
2016-11-14 18:41:26#二八第792114期押小双-标识3407#-300#5403830
2016-11-14 18:41:58#二八第792114期押小双-标识3412#-300#5403530
2016-11-14 18:42:51#二八第792114期押小双-标识3421#-300#5403230
2016-11-14 18:45:19#二八第792115期押小双-标识3435#-300#5402930
2016-11-14 18:46:12#二八第792115期押小双-标识3445#-300#5402630
2016-11-14 18:48:14#二八第792115期押小双-标识3465#-300#5402330
2016-11-14 18:50:42#二八第792116期押小双-标识3479#-300#5402030
2016-11-14 18:52:55#二八第792116期押小双-标识3501#-300#5401730
2016-11-14 18:53:26#二八第792116期押小双-标识3504#-300#5401430
2016-11-14 18:57:03#二八第792117期押小双-标识3534#-300#5401130
2016-11-14 18:57:56#二八第792117期押小双-标识3542#-300#5400830
2016-11-14 18:59:53#二八第792117期押小双-标识3552#-300#5400530
2016-11-14 19:01:12#二八第792118期押小双-标识3564#-300#5400230
2016-11-14 19:04:07#二八第792118期押小双-标识3591#-300#5399930
2016-11-14 19:06:25#二八第792119期押小双-标识3609#-300#5399630
2016-11-14 19:09:51#二八第792119期押小双-标识3637#-300#5399330
2016-11-14 19:10:02#二八第792119期押小双-标识3639#-300#5399030
2016-11-14 19:12:46#二八第792120期押小双-标识3670#-300#5398730
2016-11-14 19:16:13#二八第792121期押小双-标识3699#-300#5398430
2016-11-14 19:17:06#二八第792121期押小双-标识3709#-300#5398130
2016-11-14 19:17:58#二八第792121期押小双-标识3717#-300#5397830
2016-11-14 19:20:53#二八第792122期押小双-标识3738#-300#5397530
2016-11-14 19:22:34#二八第792122期押小双-标识3755#-300#5397230
2016-11-14 19:23:27#二八第792122期押小双-标识3763#-300#5396930
2016-11-14 19:26:37#二八第792123期押小双-标识3787#-300#5396630
2016-11-14 19:30:09#二八第792124期押小双-标识3815#-300#5396330
2016-11-14 19:31:39#二八第792124期押小双-标识3830#-300#5396030
2016-11-14 19:32:43#二八第792124期押小双-标识3841#-300#5395730
2016-11-14 19:37:18#二八第792125期押小双-标识3883#-300#5395430
2016-11-14 19:40:18#二八第792126期押小双-标识3899#-300#5395130
2016-11-14 19:40:39#二八第792126期押小双-标识3902#-300#5394830
2016-11-14 19:41:16#二八第792126期押小双-标识3908#-300#5394530
2016-11-14 19:46:18#二八第792127期押小单-标识3948#-300#5394230
2016-11-14 19:47:54#二八第792127期押小双-标识3964#-300#5393930
2016-11-14 19:50:59#二八第792128期押小双-标识3987#-300#5393630
2016-11-14 19:52:40#二八第792128期押小双-标识4002#-300#5393330
2016-11-14 19:57:52#二八第792129期押小双-标识4048#-300#5393030
2016-11-14 19:59:01#二八第792129期押小双-标识4059#-300#5392730
2016-11-14 20:01:03#二八第792130期押小双-标识4072#-300#5392430
2016-11-14 20:02:17#二八第792130期押小单-标识4086#-300#5392130
2016-11-14 20:06:15#二八第792131期押小双-标识4121#-300#5391830
2016-11-14 20:07:08#二八第792131期押小双-标识4131#-300#5391530
2016-11-14 20:08:59#二八第792131期押小双-标识4147#-300#5391230
2016-11-14 20:12:05#二八第792132期押小单-标识4172#-300#5390930
2016-11-14 20:13:19#二八第792132期押小双-标识4184#-300#5390630
2016-11-14 20:14:12#二八第792132期押小双-标识4188#-300#5390330
2016-11-14 20:15:36#二八第792133期押小双-标识4198#-300#5390030
2016-11-14 20:18:10#二八第792133期押小双-标识4223#-300#5389730
2016-11-14 20:19:03#二八第792133期押小双-标识4231#-300#5389430
2016-11-14 20:21:05#二八第792134期押小双-标识4248#-300#5389130
2016-11-14 20:22:56#二八第792134期押尾号-标识4267#-900#5388230
2016-11-14 20:23:49#二八第792134期押小双-标识4272#-300#5387930
2016-11-14 20:26:07#二八第792135期押小双-标识4291#-300#5387630
2016-11-14 20:27:15#二八第792135期押小双-标识4303#-300#5387330
2016-11-14 20:31:35#二八第792136期押小双-标识4335#-300#5387030
2016-11-14 20:34:30#二八第792136期押尾号-标识4361#-900#5386130
2016-11-14 20:35:01#二八第792136期押小双-标识4364#-300#5385830
2016-11-14 20:35:54#二八第792137期押小双-标识4373#-300#5385530
2016-11-14 20:36:16#二八第792137期押小双-标识4376#-300#5385230
2016-11-14 20:37:46#二八第792137期押小单-标识4390#-300#5384930
2016-11-14 20:40:19#二八第792138期押小单-标识4411#-300#5384630
2016-11-14 20:42:32#二八第792138期押尾号-标识4433#-900#5383730
2016-11-14 20:43:46#二八第792138期押小双-标识4446#-300#5383430
2016-11-14 20:46:09#二八第792139期押小双-标识4463#-300#5383130
2016-11-14 20:47:18#二八第792139期押小双-标识4474#-300#5382830
2016-11-14 20:47:39#二八第792139期押小双-标识4477#-300#5382530
2016-11-14 20:50:34#二八第792140期押小双-标识4503#-300#5382230
2016-11-14 20:51:48#二八第792140期押尾号-标识4517#-1500#5380730
2016-11-14 20:57:27#二八第792141期押二段-标识4565#-300#5380430
2016-11-14 21:00:22#二八第792142期押小双-标识4585#-300#5380130
2016-11-14 21:02:13#二八第792142期押小双-标识4604#-300#5379830
2016-11-14 21:04:15#二八第792142期押小双-标识4622#-300#5379530
2016-11-14 21:05:08#二八第792143期押小双-标识4626#-300#5379230
2016-11-14 21:05:29#二八第792143期押小双-标识4630#-300#5378930
2016-11-14 21:07:31#二八第792143期押小双-标识4652#-300#5378630
2016-11-14 21:12:06#二八第792144期押小双-标识4690#-300#5378330
2016-11-14 21:14:29#二八第792144期押小双-标识4707#-300#5378030
2016-11-14 21:15:22#二八第792145期押小双-标识4713#-300#5377730
2016-11-14 21:16:20#二八第792145期押小双-标识4723#-300#5377430
2016-11-14 21:18:22#二八第792145期押小双-标识4744#-300#5377130
2016-11-14 21:21:38#二八第792146期押小双-标识4767#-300#5376830
2016-11-14 21:22:52#二八第792146期押小双-标识4780#-300#5376530
2016-11-14 21:23:45#二八第792146期押小双-标识4788#-300#5376230
2016-11-14 21:25:15#二八第792147期押小双-标识4799#-300#5375930
2016-11-14 21:25:26#二八第792147期押小双-标识4801#-300#5375630
2016-11-14 21:28:00#二八第792147期押小双-标识4827#-300#5375330
2016-11-14 21:30:54#二八第792148期押小双-标识4850#-300#5375030
2016-11-14 21:32:46#二八第792148期押小双-标识4868#-300#5374730
2016-11-14 21:33:54#二八第792148期押小双-标识4877#-300#5374430
2016-11-14 21:35:40#二八第792149期押小双-标识4891#-300#5374130
2016-11-14 21:38:56#二八第792149期押小双-标识4922#-300#5373830
2016-11-14 21:39:28#二八第792149期押小双-标识4925#-300#5373530
2016-11-14 21:40:21#二八第792150期押尾号-标识4931#-1500#5372030
2016-11-14 21:40:58#二八第792150期押小双-标识4938#-300#5371730
2016-11-14 21:45:39#二八第792151期押小双-标识4977#-300#5371430
2016-11-14 21:46:32#二八第792151期押小双-标识4985#-300#5371130
2016-11-14 21:48:12#二八第792151期押小双-标识5001#-300#5370830
2016-11-14 21:50:57#二八第792152期押小单-标识5017#-300#5370530
2016-11-14 21:51:18#二八第792152期押小双-标识5020#-300#5370230
2016-11-14 21:55:06#二八第792153期押小双-标识5048#-300#5369930
2016-11-14 21:57:29#二八第792153期押小双-标识5074#-300#5369630
2016-11-14 21:58:06#二八第792153期押小双-标识5080#-300#5369330
2016-11-14 22:00:50#二八第792154期押尾号-标识5100#-900#5368430
2016-11-14 22:03:13#二八第792154期押小双-标识5125#-300#5368130
2016-11-14 22:04:06#二八第792154期押小双-标识5131#-300#5367830
2016-11-14 22:06:29#二八第792155期押小双-标识5150#-300#5367530
2016-11-14 22:11:36#二八第792156期押小双-标识5194#-300#5367230
2016-11-14 22:12:29#二八第792156期押小双-标识5202#-300#5366930
2016-11-14 22:13:06#二八第792156期押小单-标识5209#-300#5366630
2016-11-14 22:15:50#二八第792157期押小双-标识5230#-300#5366330
2016-11-14 22:19:06#二八第792157期押小双-标识5263#-300#5366030
2016-11-14 22:20:36#二八第792158期押小双-标识5275#-300#5365730
2016-11-14 22:23:10#二八第792158期押小双-标识5302#-300#5365430
2016-11-14 22:24:51#二八第792158期押小双-标识5312#-300#5365130
2016-11-14 22:26:26#二八第792159期押小双-标识5328#-300#5364830
2016-11-14 22:27:03#二八第792159期押小双-标识5335#-300#5364530
2016-11-14 22:29:26#二八第792159期押小双-标识5353#-300#5364230
2016-11-14 22:31:49#二八第792160期押小双-标识5373#-300#5363930
2016-11-14 22:32:42#二八第792160期押小双-标识5382#-300#5363630
2016-11-14 22:35:05#二八第792161期押小双-标识5400#-300#5363330
2016-11-14 22:36:03#二八第792161期押小双-标识5410#-300#5363030
2016-11-14 22:36:25#二八第792161期押小双-标识5413#-300#5362730
2016-11-14 22:40:34#二八第792162期押小双-标识5447#-300#5362430
2016-11-14 22:42:35#二八第792162期押小双-标识5468#-300#5362130
2016-11-14 22:43:13#二八第792162期押小单-标识5475#-300#5361830
2016-11-14 22:47:11#二八第792163期押小双-标识5512#-300#5361530
2016-11-14 22:49:02#二八第792163期押小双-标识5528#-300#5361230
2016-11-14 22:50:06#二八第792164期押小双-标识5534#-300#5360930
2016-11-14 22:50:43#二八第792164期押小双-标识5541#-300#5360630
2016-11-14 22:51:57#二八第792164期押小单-标识5555#-300#5360330
2016-11-14 22:55:45#二八第792165期押小双-标识5586#-300#5360030
2016-11-14 22:56:32#二八第792165期押小双-标识5594#-300#5359730
2016-11-14 22:57:36#二八第792165期押小双-标识5604#-300#5359430
2016-11-14 23:00:20#二八第792166期押小双-标识5626#-300#5359130
2016-11-14 23:01:29#二八第792166期押小双-标识5638#-300#5358830
2016-11-14 23:05:06#二八第792167期押小双-标识5668#-300#5358530
2016-11-14 23:06:15#二八第792167期押小双-标识5679#-300#5358230
2016-11-14 23:07:29#二八第792167期押小单-标识5693#-300#5357930
2016-11-14 23:10:45#二八第792168期押小双-标识5720#-300#5357630
2016-11-14 23:12:36#二八第792168期押小双-标识5738#-300#5357330
2016-11-14 23:13:45#二八第792168期押小双-标识5747#-300#5357030
2016-11-14 23:17:22#二八第792169期押小双-标识5776#-300#5356730
2016-11-14 23:18:15#二八第792169期押小双-标识5784#-300#5356430
2016-11-14 23:20:07#二八第792170期押小双-标识5795#-300#5356130
2016-11-14 23:20:17#二八第792170期押小双-标识5797#-300#5355830
2016-11-14 23:22:08#二八第792170期押小双-标识5817#-300#5355530
2016-11-14 23:25:46#二八第792171期押小双-标识5844#-300#5355230
2016-11-14 23:26:07#二八第792171期押小双-标识5848#-300#5354930
2016-11-14 23:27:16#二八第792171期押小双-标识5860#-300#5354630
2016-11-14 23:30:21#二八第792172期押小双-标识5883#-300#5354330
2016-11-14 23:31:30#二八第792172期押小双-标识5896#-300#5354030
2016-11-14 23:32:44#二八第792172期押小双-标识5909#-300#5353730
2016-11-14 23:35:18#二八第792173期押小双-标识5927#-300#5353430
2016-11-14 23:37:09#二八第792173期押小双-标识5947#-300#5353130
2016-11-14 23:37:30#二八第792173期押小双-标识5950#-300#5352830
2016-11-14 23:41:18#二八第792174期押小双-标识5985#-300#5352530
2016-11-14 23:42:11#二八第792174期押小双-标识5992#-300#5352230
2016-11-14 23:43:20#二八第792174期押小双-标识6003#-300#5351930
2016-11-14 23:45:22#二八第792175期押小单-标识6017#-300#5351630
2016-11-14 23:46:36#二八第792175期押小双-标识6031#-300#5351330
2016-11-14 23:48:59#二八第792175期押小双-标识6052#-300#5351030
2016-11-14 23:50:13#二八第792176期押小双-标识6059#-300#5350730
2016-11-14 23:51:11#二八第792176期押小双-标识6070#-300#5350430
2016-11-14 23:52:15#二八第792176期押小双-标识6082#-300#5350130
2016-11-14 23:57:01#二八第792177期押尾号-标识6118#-900#5349230
2016-11-14 23:58:15#二八第792177期押小双-标识6132#-300#5348930
2016-11-15 09:00:09#二八第792177期押小双-标识6144#-300#5348630
2016-11-15 09:00:46#二八第792177期押小单-标识6149#-300#5348330
2016-11-15 09:12:20#二八第792179期押小双-标识6212#-300#5348030
2016-11-15 09:13:34#二八第792179期押小双-标识6222#-300#5347730
2016-11-15 09:14:43#二八第792179期押小双-标识6229#-300#5347430
2016-11-15 09:15:15#二八第792180期押小双-标识6231#-300#5347130
2016-11-15 09:16:29#二八第792180期押小双-标识6245#-300#5346830
2016-11-15 09:17:06#二八第792180期押小双-标识6251#-300#5346530
2016-11-15 09:21:05#二八第792181期押小双-标识6281#-300#5346230
2016-11-15 09:22:03#二八第792181期押小双-标识6292#-300#5345930
2016-11-15 09:24:05#二八第792181期押小双-标识6307#-300#5345630
2016-11-15 09:27:10#二八第792182期押小双-标识6336#-300#5345330
2016-11-15 09:29:01#二八第792182期押小单-标识6354#-300#5345030
2016-11-15 09:29:12#二八第792182期押小双-标识6356#-300#5344730
2016-11-15 09:30:42#二八第792183期押小双-标识6370#-300#5344430
2016-11-15 09:31:56#二八第792183期押小双-标识6384#-300#5344130
2016-11-15 09:34:04#二八第792183期押小双-标识6404#-300#5343830
2016-11-15 09:36:05#二八第792184期押小双-标识6417#-300#5343530
2016-11-15 09:36:58#二八第792184期押小双-标识6426#-300#5343230
2016-11-15 09:39:43#二八第792184期押小双-标识6449#-300#5342930
2016-11-15 09:44:13#二八第792185期押小双-标识6489#-300#5342630
2016-11-15 09:45:27#二八第792186期押小双-标识6499#-300#5342330
2016-11-15 09:46:04#二八第792186期押小双-标识6505#-300#5342030
2016-11-15 09:48:59#二八第792186期押小双-标识6528#-300#5341730
2016-11-15 09:51:22#二八第792187期押小双-标识6547#-300#5341430
2016-11-15 09:51:59#二八第792187期押小双-标识6554#-300#5341130
2016-11-15 09:53:13#二八第792187期押小双-标识6567#-300#5340830
2016-11-15 09:55:15#二八第792188期押小双-标识6582#-300#5340530
2016-11-15 09:55:58#二八第792188期押小双-标识6590#-300#5340230
2016-11-15 09:57:59#二八第792188期押小双-标识6608#-300#5339930
2016-11-15 10:01:53#二八第792189期押小双-标识6639#-300#5339630
2016-11-15 10:09:44#二八第792190期押小双-标识6708#-300#5339330
2016-11-15 10:11:35#二八第792191期押小双-标识6727#-300#5339030
2016-11-15 10:12:49#二八第792191期押小双-标识6739#-300#5338730
2016-11-15 10:13:27#二八第792191期押小双-标识6744#-300#5338430
2016-11-15 10:15:28#二八第792192期押小双-标识6758#-300#5338130
2016-11-15 10:16:43#二八第792192期押小双-标识6772#-300#5337830
2016-11-15 10:19:27#二八第792192期押小双-标识6793#-300#5337530
2016-11-15 10:21:29#二八第792193期押小双-标识6811#-300#5337230
2016-11-15 10:23:41#二八第792193期押小双-标识6835#-300#5336930
2016-11-15 10:24:34#二八第792193期押小双-标识6840#-300#5336630
2016-11-15 10:26:57#二八第792194期押小双-标识6863#-300#5336330
2016-11-15 10:28:27#二八第792194期押小双-标识6874#-300#5336030
2016-11-15 10:29:52#二八第792194期押小双-标识6881#-300#5335730
2016-11-15 10:31:01#二八第792195期押小双-标识6893#-300#5335430
2016-11-15 10:32:15#二八第792195期押尾号-标识6907#-900#5334530
2016-11-15 10:35:10#二八第792196期押小双-标识6927#-300#5334230
2016-11-15 10:36:29#二八第792196期押小双-标识6941#-300#5333930
2016-11-15 10:37:22#二八第792196期押小双-标识6949#-300#5333630
2016-11-15 10:40:38#二八第792197期押小双-标识6973#-300#5333330
2016-11-15 10:45:08#二八第792198期押小双-标识7009#-300#5333030
2016-11-15 10:46:22#二八第792198期押小双-标识7023#-300#5332730
2016-11-15 10:47:52#二八第792198期押小双-标识7035#-300#5332430
2016-11-15 10:51:30#二八第792199期押小双-标识7067#-300#5332130
2016-11-15 10:52:07#二八第792199期押小双-标识7074#-300#5331830
2016-11-15 10:52:28#二八第792199期押小双-标识7078#-300#5331530
2016-11-15 10:55:12#二八第792200期押小双-标识7097#-300#5331230
2016-11-15 10:56:26#二八第792200期押小双-标识7110#-300#5330930
2016-11-15 10:58:07#二八第792200期押小双-标识7127#-300#5330630
2016-11-15 11:02:21#二八第792201期押小双-标识7163#-300#5330330
2016-11-15 11:03:35#二八第792201期押小双-标识7173#-300#5330030
2016-11-15 11:05:58#二八第792202期押小双-标识7191#-300#5329730
2016-11-15 11:07:18#二八第792202期押小双-标识7206#-300#5329430
2016-11-15 11:08:48#二八第792202期押小双-标识7218#-300#5329130
2016-11-15 11:12:52#二八第792203期押小双-标识7253#-300#5328830
2016-11-15 11:15:46#二八第792204期押小双-标识7276#-300#5328530
2016-11-15 11:18:09#二八第792204期押小双-标识7300#-300#5328230
2016-11-15 11:19:24#二八第792204期押小双-标识7310#-300#5327930
2016-11-15 11:20:22#二八第792205期押小单-标识7318#-300#5327630
2016-11-15 11:21:31#二八第792205期押小双-标识7330#-300#5327330
2016-11-15 11:23:06#二八第792205期押小双-标识7344#-300#5327030
2016-11-15 11:25:29#二八第792206期押小双-标识7363#-300#5326730
2016-11-15 11:26:27#二八第792206期押小单-标识7373#-300#5326430
2016-11-15 11:28:50#二八第792206期押小双-标识7395#-300#5326130
2016-11-15 11:31:35#二八第792207期押小双-标识7423#-300#5325830
2016-11-15 11:32:54#二八第792207期押小双-标识7434#-300#5325530
2016-11-15 11:34:03#二八第792207期押小双-标识7444#-300#5325230
2016-11-15 11:39:31#二八第792208期押小双-标识7488#-300#5324930
2016-11-15 11:40:51#二八第792209期押小双-标识7497#-300#5324630
2016-11-15 11:42:21#二八第792209期押小双-标识7512#-300#5324330
2016-11-15 11:45:05#二八第792210期押小双-标识7532#-300#5324030
2016-11-15 11:46:19#二八第792210期押尾号-标识7544#-1500#5322530
2016-11-15 11:51:32#二八第792211期押小双-标识7588#-300#5322230
2016-11-15 11:51:53#二八第792211期押小双-标识7591#-300#5321930
2016-11-15 11:53:44#二八第792211期押小双-标识7607#-300#5321630
2016-11-15 11:55:46#二八第792212期押小双-标识7620#-300#5321330
2016-11-15 11:56:29#二八第792212期押小双-标识7627#-300#5321030
2016-11-15 11:57:06#二八第792212期押小双-标识7633#-300#5320730
2016-11-15 12:00:27#二八第792213期押小双-标识7661#-300#5320430
2016-11-15 12:01:41#二八第792213期押小双-标识7674#-300#5320130
2016-11-15 12:02:03#二八第792213期押小双-标识7677#-300#5319830
2016-11-15 12:05:45#二八第792214期押小双-标识7707#-300#5319530
2016-11-15 12:07:05#二八第792214期押小双-标识7721#-300#5319230
2016-11-15 12:08:03#二八第792214期押小双-标识7731#-300#5318930
2016-11-15 12:10:47#二八第792215期押小双-标识7751#-300#5318630
2016-11-15 12:11:45#二八第792215期押小双-标识7760#-300#5318330
2016-11-15 12:12:07#二八第792215期押小单-标识7764#-300#5318030
2016-11-15 12:16:16#二八第792216期押小双-标识7796#-300#5317730
2016-11-15 12:18:07#二八第792216期押小双-标识7812#-300#5317430
2016-11-15 12:19:37#二八第792216期押小双-标识7823#-300#5317130
2016-11-15 12:20:19#二八第792217期押尾号-标识7826#-900#5316230
2016-11-15 12:20:41#二八第792217期押小双-标识7830#-300#5315930
2016-11-15 12:21:39#二八第792217期押小双-标识7840#-300#5315630
2016-11-15 12:28:01#二八第792218期押小双-标识7891#-300#5315330
2016-11-15 12:32:47#二八第792219期押小双-标识7934#-300#5315030
2016-11-15 12:34:01#二八第792219期押小双-标识7944#-300#5314730
2016-11-15 12:36:03#二八第792220期押小双-标识7956#-300#5314430
2016-11-15 12:36:40#二八第792220期押小双-标识7962#-300#5314130
2016-11-15 12:37:01#二八第792220期押小双-标识7966#-300#5313830
2016-11-15 12:42:08#二八第792221期押小双-标识8008#-300#5313530
2016-11-15 12:42:29#二八第792221期押小双-标识8012#-300#5313230
2016-11-15 12:43:06#二八第792221期押小双-标识8018#-300#5312930
2016-11-15 12:45:29#二八第792222期押小双-标识8037#-300#5312630
2016-11-15 12:46:44#二八第792222期押小双-标识8050#-300#5312330
2016-11-15 12:48:45#二八第792222期押尾号-标识8070#-900#5311430
2016-11-15 12:50:37#二八第792223期押小双-标识8083#-300#5311130
2016-11-15 12:53:00#二八第792223期押小单-标识8108#-300#5310830
2016-11-15 12:54:14#二八第792223期押小双-标识8119#-300#5310530
2016-11-15 12:55:07#二八第792224期押小双-标识8125#-300#5310230
2016-11-15 12:57:09#二八第792224期押小双-标识8146#-300#5309930
2016-11-15 12:58:07#二八第792224期押小双-标识8156#-300#5309630
2016-11-15 13:00:51#二八第792225期押小双-标识8175#-300#5309330
2016-11-15 13:02:05#二八第792225期押小双-标识8188#-300#5309030
2016-11-15 13:04:07#二八第792225期押小双-标识8206#-300#5308730
2016-11-15 13:05:05#二八第792226期押小双-标识8213#-300#5308430
2016-11-15 13:10:44#二八第792227期押小双-标识8262#-300#5308130
2016-11-15 13:11:32#二八第792227期押小双-标识8270#-300#5307830
2016-11-15 13:13:34#二八第792227期押小双-标识8290#-300#5307530
2016-11-15 13:15:41#二八第792228期押自选3,7,8,12,24-标识8305#-1500#5306030
2016-11-15 13:17:43#二八第792228期押小双-标识8326#-300#5305730
2016-11-15 13:21:36#二八第792229期押小双-标识8360#-300#5305430
2016-11-15 13:22:50#二八第792229期押尾号-标识8373#-900#5304530
2016-11-15 13:27:36#二八第792230期押小双-标识8412#-300#5304230
2016-11-15 13:28:34#二八第792230期押小双-标识8419#-300#5303930
2016-11-15 13:28:56#二八第792230期押小双-标识8421#-300#5303630
2016-11-15 13:32:33#二八第792231期押尾号-标识8455#-1500#5302130
2016-11-15 13:33:31#二八第792231期押小双-标识8463#-300#5301830
2016-11-15 13:35:54#二八第792232期押小双-标识8480#-300#5301530
2016-11-15 13:36:47#二八第792232期押小双-标识8490#-300#5301230
2016-11-15 13:40:30#二八第792233期押小双-标识8519#-300#5300930
2016-11-15 13:41:07#二八第792233期押小双-标识8526#-300#5300630
2016-11-15 13:43:30#二八第792233期押小双-标识8552#-300#5300330
2016-11-15 13:46:46#二八第792234期押小双-标识8580#-300#5300030
2016-11-15 13:47:28#二八第792234期押小双-标识8587#-300#5299730
2016-11-15 13:48:05#二八第792234期押小双-标识8593#-300#5299430
2016-11-15 13:51:21#二八第792235期押小双-标识8619#-300#5299130
2016-11-15 13:54:05#二八第792235期押小双-标识8641#-300#5298830
2016-11-15 13:54:58#二八第792235期押小双-标识8648#-300#5298530
2016-11-15 13:55:36#二八第792236期押小双-标识8655#-300#5298230
2016-11-15 13:56:50#二八第792236期押小双-标识8668#-300#5297930
2016-11-15 13:57:27#二八第792236期押小双-标识8675#-300#5297630
2016-11-15 14:00:43#二八第792237期押小双-标识8701#-300#5297330
2016-11-15 14:01:31#二八第792237期押小双-标识8708#-300#5297030
2016-11-15 14:03:32#二八第792237期押小双-标识8730#-300#5296730
2016-11-15 14:05:08#二八第792238期押小双-标识8739#-300#5296430
2016-11-15 14:06:17#二八第792238期押小双-标识8752#-300#5296130
2016-11-15 14:07:31#二八第792238期押小双-标识8765#-300#5295830
2016-11-15 14:10:10#二八第792239期押小双-标识8785#-300#5295530
2016-11-15 14:11:19#二八第792239期押小双-标识8798#-300#5295230
2016-11-15 14:12:54#二八第792239期押小双-标识8814#-300#5294930
2016-11-15 14:15:22#二八第792240期押小双-标识8831#-300#5294630
2016-11-15 14:15:44#二八第792240期押小双-标识8835#-300#5294330
2016-11-15 14:19:05#二八第792240期押小双-标识8865#-300#5294030
2016-11-15 14:20:19#二八第792241期押小双-标识8875#-300#5293730
2016-11-15 14:20:56#二八第792241期押小双-标识8882#-300#5293430
2016-11-15 14:21:17#二八第792241期押小双-标识8885#-300#5293130
2016-11-15 14:25:53#二八第792242期押小双-标识8928#-300#5292830
2016-11-15 14:26:51#二八第792242期押小单-标识8938#-300#5292530
2016-11-15 14:28:53#二八第792242期押小双-标识8953#-300#5292230
2016-11-15 14:31:16#二八第792243期押小双-标识8974#-300#5291930
2016-11-15 14:32:30#二八第792243期押小双-标识8987#-300#5291630
2016-11-15 14:32:51#二八第792243期押小双-标识8990#-300#5291330
2016-11-15 14:35:51#二八第792244期押小双-标识9013#-300#5291030
2016-11-15 14:36:13#二八第792244期押小双-标识9017#-300#5290730
2016-11-15 14:38:25#二八第792244期押小双-标识9038#-300#5290430
2016-11-15 14:41:46#二八第792245期押小双-标识9065#-300#5290130
2016-11-15 14:42:08#二八第792245期押小双-标识9068#-300#5289830
2016-11-15 14:43:17#二八第792245期押小双-标识9077#-300#5289530
2016-11-15 14:46:54#二八第792246期押小双-标识9107#-300#5289230
2016-11-15 14:47:52#二八第792246期押小双-标识9117#-300#5288930
2016-11-15 14:51:29#二八第792247期押尾号-标识9149#-900#5288030
2016-11-15 14:54:13#二八第792247期押小双-标识9174#-300#5287730
2016-11-15 14:54:51#二八第792247期押小双-标识9179#-300#5287430
2016-11-15 14:55:12#二八第792248期押小双-标识9181#-300#5287130
2016-11-15 14:56:21#二八第792248期押小双-标识9194#-300#5286830
2016-11-15 14:57:35#二八第792248期押小双-标识9207#-300#5286530
