2013-03-03 03:08:55#时时彩下注#-2952#2132170842
2013-03-03 03:09:24#时时彩下注#-2952#2132167890
2013-03-03 03:09:31#时时彩下注#-2952#2132164938
2013-03-04 00:10:47#时时猜消费#2952#2132167890
2013-03-04 00:10:47#时时猜消费#2952#2132170842
2013-03-04 00:10:47#时时猜消费#2952#2132173794
2013-03-04 00:11:11#时时猜消费#2952#2132176746
2013-03-04 00:11:14#时时猜消费#2952#2132179698
2013-03-04 00:11:14#时时猜消费#2952#2132182650
2013-03-04 23:21:30#时时猜消费#-1000#2132181650
2013-03-04 23:37:55#时时猜消费#-500#2132181150
2013-03-05 18:58:44#时时猜消费#-100#2132181050
2013-03-06 15:44:40#时时猜消费#-100#2132180950
2013-03-06 15:50:49#时时猜消费#-111#2132180839
2013-03-06 16:54:31#时时猜消费#-999#2132179840
2013-03-07 16:29:45#时时猜消费#-200#2132179640
2013-03-07 22:22:58#时时猜消费#-100#2132179540
2013-03-07 22:23:13#时时猜消费#-300#2132179240
2013-03-07 22:23:26#时时猜消费#-100#2132179140
2013-03-07 22:23:35#时时猜消费#-400#2132178740
2013-03-08 14:31:57#时时猜消费#-100#2132178640
2013-03-08 14:32:08#时时猜消费#-100#2132178540
2013-03-09 13:34:13#时时猜消费#-10000#2132168540
2013-03-09 13:34:34#时时猜消费#-1000#2132167540
2013-03-20 16:37:56#球彩下注#-100#2132167450
2013-03-21 23:21:17#系统撤销押注并退回本金#100#2132167550
2013-03-21 23:22:14#球彩下注#-1000#2132166550
2013-03-21 23:56:34#球彩下注#-1000#2132165550
2013-03-22 00:00:39#球彩下注#-1000#2132164550
2013-03-22 00:05:36#球彩下注#-1000#2132163550
2013-03-22 00:07:10#球彩下注#-1000#2132162550
2013-03-22 00:07:51#球彩下注#-1000#2132161550
2013-03-22 00:08:32#球彩下注#-1000#2132160550
2013-03-22 00:12:13#竞猜赛事ID15兑奖#13000#2132173550
2013-03-22 00:12:33#球彩重开奖，扣除已兑奖金币#-13000#2132160550
2013-03-22 00:13:07#竞猜赛事ID15兑奖#1000#2132161550
2013-03-28 16:42:00#球彩下注#-1000#2132160550
