2014-04-04 16:42:53#幸运28游戏消费#3596#2132150882
2014-04-04 16:42:53#幸运28游戏消费#3240#2132154122
2014-04-04 18:17:18#幸运28游戏消费#-200#2132153922
2014-04-04 18:20:10#幸运28游戏消费#-2800#2132151122
2014-04-04 20:33:43#幸运28游戏消费#-333#2132150789
2014-04-04 20:33:45#幸运28游戏消费#6018#2132156807
2014-04-04 20:35:16#幸运28游戏消费#-333#2132156474
2014-04-04 20:35:41#幸运28游戏消费#-333#2132156141
2014-04-04 20:36:45#幸运28游戏消费#-900#2132155241
2014-04-04 21:12:12#幸运28游戏消费#-300#2132154941
2014-04-04 21:16:16#幸运28游戏消费#-300#2132154641
2014-04-04 21:18:12#幸运28游戏消费#-900#2132153741
2014-04-04 21:18:23#幸运28游戏消费#-1400#2132152341
2014-04-05 21:45:29#幸运28游戏消费#6143#2132158484
2014-04-05 21:48:33#幸运28游戏消费#-610#2132157874
2014-04-05 21:48:58#幸运28游戏消费#-900#2132156974
2014-04-15 01:49:27#好彩一四季玩法投注:春#-111#2132156863
2014-04-15 01:56:11#好彩一投注:大#-1111#2132155752
2014-04-15 01:56:17#好彩一投注:大小#-1111#2132154641
2014-04-15 01:57:36#好彩一投注:单#-1111#2132153530
2014-04-15 02:01:56#好彩一投注:兔,虎,马,蛇,鼠,牛#-100#2132153430
2014-04-15 02:08:27#好彩一选号玩法投注:1,2,3,4,5,6,12,11,10,9,8,7,13,14,20,21,27,25,26,19,31,32,33,15,16,22,28,34,35,29,23,17,18,24,30,36#-3600#2132149830
2014-04-27 20:39:26#幸运28游戏消费#-7000000#2125149830
2014-04-27 20:39:31#幸运28游戏消费#-4200000#2120949830
2014-04-27 20:39:31#幸运28游戏消费#-4480000#2116469830
2014-04-27 20:39:32#幸运28游戏消费#-7840000#2108629830
2014-04-27 20:39:32#幸运28游戏消费#-2520000#2106109830
2014-04-27 20:39:37#幸运28游戏消费#-7280000#2098829830
2014-04-27 20:39:49#幸运28游戏消费#-5320000#2093509830
2014-04-27 20:39:49#幸运28游戏消费#-5600000#2087909830
2014-04-27 20:39:50#幸运28游戏消费#-1400000#2086509830
2014-04-27 20:40:20#幸运28游戏消费#-7840000#2078669830
2014-04-27 20:40:20#幸运28游戏消费#-3640000#2075029830
2014-04-27 20:40:21#幸运28游戏消费#-1120000#2073909830
2014-04-27 20:40:21#幸运28游戏消费#-7000000#2066909830
2014-04-27 20:40:22#幸运28游戏消费#-1960000#2064949830
2014-04-27 20:40:23#幸运28游戏消费#-8120000#2056829830
2014-04-27 20:40:48#幸运28游戏消费#-3640000#2053189830
2014-04-27 20:41:38#幸运28游戏消费#-7280000#2045909830
2014-04-27 20:41:39#幸运28游戏消费#-8120000#2037789830
2014-04-27 20:42:09#幸运28游戏消费#-4200000#2033589830
2014-04-27 20:42:36#幸运28游戏消费#-5600000#2027989830
2014-04-27 20:42:37#幸运28游戏消费#-3920000#2024069830
2014-04-27 20:43:02#幸运28游戏消费#-6160000#2017909830
2014-04-27 20:43:03#幸运28游戏消费#-3080000#2014829830
2014-04-27 20:43:03#幸运28游戏消费#-280000#2014549830
2014-04-27 20:43:52#幸运28游戏消费#-4760000#2009789830
2014-04-28 21:29:33#幸运28游戏消费#6650000#2016439830
2014-04-28 21:29:33#幸运28游戏消费#3990000#2020429830
2014-04-28 21:29:33#幸运28游戏消费#4256000#2024685830
2014-04-28 21:29:33#幸运28游戏消费#7448000#2032133830
2014-04-28 21:29:33#幸运28游戏消费#2394000#2034527830
2014-04-28 21:29:33#幸运28游戏消费#6916000#2041443830
2014-04-28 21:29:33#幸运28游戏消费#5054000#2046497830
2014-04-28 21:29:33#幸运28游戏消费#5320000#2051817830
2014-04-28 21:29:33#幸运28游戏消费#1330000#2053147830
2014-04-28 21:29:33#幸运28游戏消费#7448000#2060595830
2014-04-28 21:29:33#幸运28游戏消费#3458000#2064053830
2014-04-28 21:29:33#幸运28游戏消费#1064000#2065117830
2014-04-28 21:29:33#幸运28游戏消费#6650000#2071767830
2014-04-28 21:29:33#幸运28游戏消费#1862000#2073629830
2014-04-28 21:29:33#幸运28游戏消费#7714000#2081343830
2014-04-28 21:29:33#幸运28游戏消费#3458000#2084801830
2014-04-28 21:29:33#幸运28游戏消费#6916000#2091717830
2014-04-28 21:29:33#幸运28游戏消费#7714000#2099431830
2014-04-28 21:29:33#幸运28游戏消费#3990000#2103421830
2014-04-28 21:29:33#幸运28游戏消费#5320000#2108741830
2014-04-28 21:29:33#幸运28游戏消费#3724000#2112465830
2014-04-28 21:29:34#幸运28游戏消费#5852000#2118317830
2014-04-28 21:29:34#幸运28游戏消费#2926000#2121243830
2014-04-28 21:29:34#幸运28游戏消费#266000#2121509830
2014-04-28 21:29:34#幸运28游戏消费#4522000#2126031830
