2016-11-23 16:17:11#下注上证指数#-10000#40662962
2016-11-23 16:17:47#下注上证指数#-5000#40657962
2016-11-23 16:18:04#下注上证指数#-100#40657862
2016-11-23 16:18:25#下注上证指数#-3000#40654862
2016-11-23 16:20:23#下注上证指数#-500#40654362
2016-11-23 16:20:41#下注上证指数#-1000#40653362
2016-11-23 16:20:55#下注上证指数#-3000#40650362
2016-11-23 16:21:17#下注上证指数#-150#40650212
2016-11-23 16:21:25#下注上证指数#-150#40650062
2016-11-23 16:21:35#下注上证指数#-250#40649812
2016-11-23 16:21:45#下注上证指数#-250#40649562
2016-11-23 16:53:56#下注上证指数#-1000#40648562
2016-11-23 16:54:08#下注上证指数#-1000#40647562
2016-11-23 16:57:25#下注上证指数#-1000#40646562
2016-11-23 18:37:57#下注上证指数#-1000#40645562
2016-11-23 18:38:13#下注上证指数#-5000#40640562
2016-11-23 18:52:23#上证指数机器人：709自动下注#-145#40640417
2016-11-23 18:52:38#上证指数机器人：709自动下注#-153#40640264
2016-11-23 18:54:10#GM通过手动操作帮玩家退注#145#40640409
2016-11-23 18:54:38#GM通过手动操作帮玩家退注#153#40640562
2016-11-23 22:53:33#上证指数机器人：709自动下注#-120#40640442
2016-11-24 02:53:53#上证指数机器人：709自动下注#-132#40640310
2016-11-24 06:54:13#上证指数机器人：709自动下注#-144#40640166
2016-11-22 09:09:30#上证指数机器人：709自动下注#-116#40640050
2016-11-24 15:59:22#<a href="/bbs/uinfo.aspx?uid=709">测试709(709)</a>上证【20161125】期|标识(2020)|【猜涨】#-500#40639550
2016-11-24 15:59:31#<a href="/bbs/uinfo.aspx?uid=709">测试709(709)</a>上证【20161125】期|标识(2021)|【猜跌】#-1000#40638550
2016-11-24 15:59:37#<a href="/bbs/uinfo.aspx?uid=709">测试709(709)</a>上证【20161125】期|标识(2022)|【猜涨】#-300#40638250
2016-11-24 15:59:42#<a href="/bbs/uinfo.aspx?uid=709">测试709(709)</a>上证【20161125】期|标识(2023)|【猜跌】#-3000#40635250
2016-11-24 16:01:06#<a href="/bbs/uinfo.aspx?uid=0">新会员0(0)</a>上证【20161125】期申请退回|标识(2022)#300#40635550
2016-11-24 16:01:53#<a href="/bbs/uinfo.aspx?uid=0">新会员0(0)</a>上证【20161125】期申请退回|标识(2021)#1000#40636550
2016-11-24 16:40:54#上证指数机器人：709自动下注#-112#40636438
2016-11-24 20:07:49#上证指数机器人：709自动下注#-112#40636326
2016-11-24 20:08:34#上证指数机器人：709自动下注#-112#40636214
2016-11-24 20:08:49#上证指数机器人：709自动下注#-112#40636102
2016-11-24 20:09:24#上证指数机器人：709自动下注#-112#40635990
2016-11-24 20:09:39#上证指数机器人：709自动下注#-112#40635878
2016-11-24 20:12:14#上证指数机器人：709自动下注#-112#40635766
2016-11-24 20:12:49#上证指数机器人：709自动下注#-112#40635654
2016-11-24 20:13:04#上证指数机器人：709自动下注#-112#40635542
2016-11-24 20:13:49#上证指数机器人：709自动下注#-112#40635430
2016-11-24 20:14:04#上证指数机器人：709自动下注#-112#40635318
2016-11-24 20:14:19#上证指数机器人：709自动下注#-112#40635206
2016-11-24 20:14:54#上证指数机器人：709自动下注#-112#40635094
2016-11-24 20:17:29#上证指数机器人：709自动下注#-112#40634982
2016-11-24 20:17:44#上证指数机器人：709自动下注#-112#40634870
2016-11-24 20:18:19#上证指数机器人：709自动下注#-112#40634758
2016-11-24 20:19:04#上证指数机器人：709自动下注#-112#40634646
2016-11-24 20:19:19#上证指数机器人：709自动下注#-112#40634534
2016-11-24 20:19:34#上证指数机器人：709自动下注#-112#40634422
2016-11-24 20:20:56#<a href="/bbs/uinfo.aspx?uid=709">测试709(709)</a>上证【20161125】期|标识(2152)|【猜涨】#-1000#40633422
2016-11-24 20:22:44#上证指数机器人：709自动下注#-112#40633310
2016-11-24 20:22:59#上证指数机器人：709自动下注#-112#40633198
2016-11-24 20:23:57#<a href="/bbs/uinfo.aspx?uid=0">新会员0(0)</a>上证【20161125】期申请退回|标识(2168)#112#40633310
2016-11-24 20:24:19#上证指数机器人：709自动下注#-112#40633198
2016-11-24 20:24:34#上证指数机器人：709自动下注#-112#40633086
2016-11-24 20:24:49#上证指数机器人：709自动下注#-112#40632974
2016-11-24 20:25:09#<a href="/bbs/uinfo.aspx?uid=0">新会员0(0)</a>上证【20161125】期申请退回|标识(2170)#112#40633086
2016-11-24 20:25:31#<a href="/bbs/uinfo.aspx?uid=709">测试709(709)</a>上证【20161125】期|标识(2186)|【猜跌】#-300#40632786
2016-11-24 20:26:20#<a href="/bbs/uinfo.aspx?uid=709">测试709(709)</a>上证【20161125】期|标识(2187)|【猜跌】#-1000#40631786
2016-11-24 20:26:27#<a href="/bbs/uinfo.aspx?uid=709">测试709(709)</a>上证【20161125】期|标识(2188)|【猜跌】#-500#40631286
2016-11-24 20:26:33#<a href="/bbs/uinfo.aspx?uid=709">测试709(709)</a>上证【20161125】期|标识(2189)|【猜涨】#-300#40630986
2016-11-24 20:26:41#<a href="/bbs/uinfo.aspx?uid=709">测试709(709)</a>上证【20161125】期|标识(2190)|【猜涨】#-50000#40580986
2016-11-24 20:34:40#<a href="/bbs/uinfo.aspx?uid=709">测试709(709)</a>上证【20161125】期|标识(2191)|【猜跌】#-1000#40579986
2016-11-24 20:34:51#<a href="/bbs/uinfo.aspx?uid=709">测试709(709)</a>上证【20161125】期|标识(2192)|【猜涨】#-150#40579836
2016-11-24 20:34:59#<a href="/bbs/uinfo.aspx?uid=709">测试709(709)</a>上证【20161125】期|标识(2193)|【猜跌】#-200#40579636
2016-11-24 20:35:06#<a href="/bbs/uinfo.aspx?uid=709">测试709(709)</a>上证【20161125】期|标识(2194)|【猜跌】#-400#40579236
2016-11-24 20:35:18#<a href="/bbs/uinfo.aspx?uid=709">测试709(709)</a>上证【20161125】期|标识(2195)|【猜跌】#-3000#40576236
2016-11-24 20:36:13#<a href="/bbs/uinfo.aspx?uid=709">测试709(709)</a>上证【20161125】期|标识(2196)|【猜跌】#-1500#40574736
2016-11-24 20:45:27#<a href="/bbs/uinfo.aspx?uid=0">新会员0(0)</a>上证【20161125】期申请退回|标识(2196)#1500#40576236
2016-11-24 20:45:32#<a href="/bbs/uinfo.aspx?uid=0">新会员0(0)</a>上证【20161125】期申请退回|标识(2195)#3000#40579236
2016-11-24 20:45:36#<a href="/bbs/uinfo.aspx?uid=0">新会员0(0)</a>上证【20161125】期申请退回|标识(2194)#400#40579636
2016-11-25 10:32:17#上证指数机器人：709自动下注#-112#40579524
2016-11-25 10:33:17#上证指数机器人：709自动下注#-112#40579412
2016-11-25 10:33:52#上证指数机器人：709自动下注#-112#40579300
2016-11-25 10:34:07#上证指数机器人：709自动下注#-112#40579188
2016-11-25 10:34:22#上证指数机器人：709自动下注#-112#40579076
2016-11-25 10:34:52#上证指数机器人：709自动下注#-112#40578964
2016-11-25 10:35:07#上证指数机器人：709自动下注#-112#40578852
2016-11-25 10:35:22#上证指数机器人：709自动下注#-112#40578740
2016-11-25 10:35:42#上证指数机器人：709自动下注#-112#40578628
2016-11-25 10:35:57#上证指数机器人：709自动下注#-112#40578516
2016-11-25 10:37:32#上证指数机器人：709自动下注#-112#40578404
2016-11-25 10:38:32#上证指数机器人：709自动下注#-112#40578292
2016-11-25 10:38:47#上证指数机器人：709自动下注#-112#40578180
2016-11-25 10:39:22#上证指数机器人：709自动下注#-112#40578068
2016-11-25 10:39:37#上证指数机器人：709自动下注#-112#40577956
2016-11-25 10:40:07#上证指数机器人：709自动下注#-112#40577844
2016-11-25 10:40:22#上证指数机器人：709自动下注#-112#40577732
2016-11-25 10:40:37#上证指数机器人：709自动下注#-112#40577620
2016-11-25 10:42:12#上证指数机器人：709自动下注#-112#40577508
2016-11-25 10:42:47#上证指数机器人：709自动下注#-112#40577396
2016-11-25 10:49:02#上证|709期|标识:20161128：#-112#40577284
2016-11-25 10:49:28#上证|709期|标识:20161128：#-112#40577172
2016-11-25 10:54:43#上证|709期|标识:20161128：#-112#40577060
2016-11-25 10:56:52#上证|20161128期|标识:2398：#-112#40576948
2016-11-25 10:57:53#上证|20161128期|标识:2410：#-112#40576836
2016-11-25 10:58:08#上证|20161128期|标识:2413：#-112#40576724
2016-11-25 10:58:22#上证|20161128期|标识:2416：#-112#40576612
2016-11-25 10:58:52#上证|20161128期|标识:2422：#-112#40576500
2016-11-25 10:58:57#上证|20161128期|标识:2423：#-112#40576388
2016-11-25 10:59:28#上证|20161128期|标识:2429：#-112#40576276
2016-11-25 10:59:43#上证|20161128期|标识:2432：#-112#40576164
2016-11-25 10:59:58#上证|20161128期|标识:2435：#-112#40576052
2016-11-25 11:01:32#上证|20161128期|标识:2454：#-112#40575940
2016-11-25 11:03:08#上证|20161128期|标识:2473：#-112#40575828
2016-11-25 11:03:23#上证|20161128期|标识:2476：#-112#40575716
2016-11-25 11:03:37#上证|20161128期|标识:2479：#-112#40575604
2016-11-25 11:04:08#上证|20161128期|标识:2485：#-112#40575492
2016-11-25 11:04:43#上证|20161128期|标识:2492：#-112#40575380
2016-11-25 11:04:58#上证|20161128期|标识:2495：#-112#40575268
2016-11-25 11:05:13#上证|20161128期|标识:2498：#-112#40575156
2016-11-25 11:06:47#上证|20161128期|标识:2517：#-112#40575044
2016-11-25 11:07:33#上证|20161128期|标识:2526：#-112#40574932
2016-11-25 12:32:55#上证|20161128期|标识:2530|【猜跌】#-112#40574820
2016-11-25 12:34:30#上证|20161128期|标识:2549|【猜跌】#-112#40574708
2016-11-25 12:35:30#上证|20161128期|标识:2561|【猜跌】#-112#40574596
2016-11-25 12:36:05#上证|20161128期|标识:2568|【猜跌】#-112#40574484
2016-11-25 12:36:20#上证|20161128期|标识:2571|【猜跌】#-112#40574372
2016-11-25 12:36:35#上证|20161128期|标识:2574|【猜跌】#-112#40574260
2016-11-25 12:37:05#上证|20161128期|标识:2580|【猜跌】#-112#40574148
2016-11-25 12:37:20#上证|20161128期|标识:2583|【猜跌】#-112#40574036
2016-11-25 12:37:35#上证|20161128期|标识:2586|【猜跌】#-112#40573924
2016-11-25 12:38:10#上证|20161128期|标识:2593|【猜跌】#-112#40573812
2016-11-25 12:39:45#上证|20161128期|标识:2612|【猜跌】#-112#40573700
2016-11-25 12:40:45#上证|20161128期|标识:2624|【猜跌】#-112#40573588
2016-11-25 12:41:00#上证|20161128期|标识:2627|【猜跌】#-112#40573476
2016-11-25 12:41:35#上证|20161128期|标识:2634|【猜跌】#-112#40573364
2016-11-25 12:41:50#上证|20161128期|标识:2637|【猜跌】#-112#40573252
2016-11-25 12:42:20#上证|20161128期|标识:2643|【猜跌】#-112#40573140
2016-11-25 12:42:35#上证|20161128期|标识:2646|【猜跌】#-112#40573028
2016-11-25 12:42:50#上证|20161128期|标识:2649|【猜跌】#-112#40572916
2016-11-25 12:44:25#上证|20161128期|标识:2668|【猜跌】#-112#40572804
2016-11-25 12:45:00#上证|20161128期|标识:2675|【猜跌】#-112#40572692
2016-11-25 12:46:00#上证|20161128期|标识:2687|【猜跌】#-112#40572580
2016-11-25 12:46:15#上证|20161128期|标识:2690|【猜跌】#-112#40572468
2016-11-25 12:46:30#上证|20161128期|标识:2693|【猜跌】#-112#40572356
2016-11-25 12:47:05#上证|20161128期|标识:2700|【猜跌】#-112#40572244
2016-11-25 12:47:35#上证|20161128期|标识:2706|【猜跌】#-112#40572132
2016-11-25 12:47:50#上证|20161128期|标识:2709|【猜跌】#-112#40572020
2016-11-25 12:48:05#上证|20161128期|标识:2712|【猜跌】#-112#40571908
2016-11-25 12:49:40#上证|20161128期|标识:2731|【猜跌】#-112#40571796
2016-11-25 12:51:15#上证|20161128期|标识:2750|【猜跌】#-112#40571684
2016-11-25 12:51:30#上证|20161128期|标识:2753|【猜跌】#-112#40571572
2016-11-25 12:51:45#上证|20161128期|标识:2756|【猜跌】#-112#40571460
2016-11-25 12:52:15#上证|20161128期|标识:2762|【猜跌】#-112#40571348
2016-11-25 12:52:50#上证|20161128期|标识:2769|【猜跌】#-112#40571236
2016-11-25 12:53:05#上证|20161128期|标识:2772|【猜跌】#-112#40571124
2016-11-25 12:53:20#上证|20161128期|标识:2775|【猜跌】#-112#40571012
2016-11-25 12:54:55#上证|20161128期|标识:2794|【猜跌】#-112#40570900
2016-11-25 12:55:55#上证|20161128期|标识:2806|【猜跌】#-112#40570788
2016-11-25 12:56:30#上证|20161128期|标识:2813|【猜跌】#-112#40570676
2016-11-25 12:56:45#上证|20161128期|标识:2816|【猜跌】#-112#40570564
2016-11-25 12:57:00#上证|20161128期|标识:2819|【猜跌】#-112#40570452
2016-11-25 12:57:30#上证|20161128期|标识:2825|【猜跌】#-112#40570340
2016-11-25 12:57:45#上证|20161128期|标识:2828|【猜跌】#-112#40570228
2016-11-25 12:58:00#上证|20161128期|标识:2831|【猜跌】#-112#40570116
2016-11-25 12:58:20#上证|20161128期|标识:2835|【猜跌】#-112#40570004
2016-11-25 12:58:35#上证|20161128期|标识:2838|【猜跌】#-112#40569892
2016-11-25 13:00:10#上证|20161128期|标识:2857|【猜跌】#-112#40569780
2016-11-25 13:01:10#上证|20161128期|标识:2869|【猜跌】#-112#40569668
2016-11-25 13:01:25#上证|20161128期|标识:2872|【猜跌】#-112#40569556
2016-11-25 13:01:45#上证|20161128期|标识:2876|【猜跌】#-112#40569444
2016-11-25 13:02:00#上证|20161128期|标识:2879|【猜跌】#-112#40569332
2016-11-25 13:02:15#上证|20161128期|标识:2882|【猜跌】#-112#40569220
2016-11-25 13:02:45#上证|20161128期|标识:2888|【猜跌】#-112#40569108
2016-11-25 13:03:00#上证|20161128期|标识:2891|【猜跌】#-112#40568996
2016-11-25 13:03:15#上证|20161128期|标识:2894|【猜跌】#-112#40568884
2016-11-25 13:03:50#上证|20161128期|标识:2901|【猜跌】#-112#40568772
2016-11-25 13:04:50#上证|20161128期|标识:2913|【猜跌】#-112#40568660
2016-11-25 13:05:25#上证|20161128期|标识:2920|【猜跌】#-112#40568548
2016-11-25 13:06:25#上证|20161128期|标识:2932|【猜跌】#-112#40568436
2016-11-25 13:06:40#上证|20161128期|标识:2935|【猜跌】#-112#40568324
2016-11-25 13:06:55#上证|20161128期|标识:2938|【猜跌】#-112#40568212
2016-11-25 13:07:30#上证|20161128期|标识:2945|【猜跌】#-112#40568100
2016-11-25 13:08:00#上证|20161128期|标识:2951|【猜跌】#-112#40567988
2016-11-25 13:08:15#上证|20161128期|标识:2954|【猜跌】#-112#40567876
2016-11-25 13:08:30#上证|20161128期|标识:2957|【猜跌】#-112#40567764
2016-11-25 13:10:05#上证|20161128期|标识:2976|【猜跌】#-112#40567652
2016-11-25 13:11:40#上证|20161128期|标识:2995|【猜跌】#-112#40567540
2016-11-25 13:11:55#上证|20161128期|标识:2998|【猜跌】#-112#40567428
2016-11-25 13:12:10#上证|20161128期|标识:3001|【猜跌】#-112#40567316
2016-11-25 13:12:40#上证|20161128期|标识:3007|【猜跌】#-112#40567204
2016-11-25 13:13:15#上证|20161128期|标识:3014|【猜跌】#-112#40567092
2016-11-25 13:13:30#上证|20161128期|标识:3017|【猜跌】#-112#40566980
2016-11-25 13:13:45#上证|20161128期|标识:3020|【猜跌】#-112#40566868
2016-11-25 13:15:20#上证|20161128期|标识:3039|【猜跌】#-112#40566756
2016-11-25 13:16:55#上证|20161128期|标识:3058|【猜跌】#-112#40566644
2016-11-25 13:17:10#上证|20161128期|标识:3061|【猜跌】#-112#40566532
2016-11-25 13:17:25#上证|20161128期|标识:3064|【猜跌】#-112#40566420
2016-11-25 13:17:55#上证|20161128期|标识:3070|【猜跌】#-112#40566308
2016-11-25 13:18:10#上证|20161128期|标识:3073|【猜跌】#-112#40566196
2016-11-25 13:18:45#上证|20161128期|标识:3080|【猜跌】#-112#40566084
2016-11-25 13:19:00#上证|20161128期|标识:3083|【猜跌】#-112#40565972
2016-11-25 13:20:35#上证|20161128期|标识:3102|【猜跌】#-112#40565860
2016-11-25 13:21:35#上证|20161128期|标识:3114|【猜跌】#-112#40565748
2016-11-25 13:22:10#上证|20161128期|标识:3121|【猜跌】#-112#40565636
2016-11-25 13:22:25#上证|20161128期|标识:3124|【猜跌】#-112#40565524
2016-11-25 13:22:40#上证|20161128期|标识:3127|【猜跌】#-112#40565412
2016-11-25 13:23:10#上证|20161128期|标识:3133|【猜跌】#-112#40565300
2016-11-25 13:23:25#上证|20161128期|标识:3136|【猜跌】#-112#40565188
2016-11-25 13:23:40#上证|20161128期|标识:3139|【猜跌】#-112#40565076
2016-11-25 13:24:15#上证|20161128期|标识:3146|【猜跌】#-112#40564964
2016-11-25 13:25:15#上证|20161128期|标识:3158|【猜跌】#-112#40564852
2016-11-25 13:25:50#上证|20161128期|标识:3165|【猜跌】#-112#40564740
2016-11-25 13:26:50#上证|20161128期|标识:3177|【猜跌】#-112#40564628
2016-11-25 13:27:05#上证|20161128期|标识:3180|【猜跌】#-112#40564516
2016-11-25 13:27:20#上证|20161128期|标识:3183|【猜跌】#-112#40564404
2016-11-25 13:27:40#上证|20161128期|标识:3187|【猜跌】#-112#40564292
2016-11-25 13:27:55#上证|20161128期|标识:3190|【猜跌】#-112#40564180
2016-11-25 13:28:25#上证|20161128期|标识:3196|【猜跌】#-112#40564068
2016-11-25 13:28:40#上证|20161128期|标识:3199|【猜跌】#-112#40563956
2016-11-25 13:28:55#上证|20161128期|标识:3202|【猜跌】#-112#40563844
2016-11-25 13:30:30#上证|20161128期|标识:3221|【猜跌】#-112#40563732
2016-11-25 13:32:05#上证|20161128期|标识:3240|【猜跌】#-112#40563620
2016-11-25 13:32:20#上证|20161128期|标识:3243|【猜跌】#-112#40563508
2016-11-25 13:32:35#上证|20161128期|标识:3246|【猜跌】#-112#40563396
2016-11-25 13:33:10#上证|20161128期|标识:3253|【猜跌】#-112#40563284
2016-11-25 13:33:40#上证|20161128期|标识:3259|【猜跌】#-112#40563172
2016-11-25 13:33:55#上证|20161128期|标识:3262|【猜跌】#-112#40563060
2016-11-25 13:34:10#上证|20161128期|标识:3265|【猜跌】#-112#40562948
2016-11-25 13:35:45#上证|20161128期|标识:3284|【猜跌】#-112#40562836
2016-11-25 13:37:20#上证|20161128期|标识:3303|【猜跌】#-112#40562724
2016-11-25 13:37:35#上证|20161128期|标识:3306|【猜跌】#-112#40562612
2016-11-25 13:37:50#上证|20161128期|标识:3309|【猜跌】#-112#40562500
2016-11-25 13:38:20#上证|20161128期|标识:3315|【猜跌】#-112#40562388
2016-11-25 13:38:35#上证|20161128期|标识:3318|【猜跌】#-112#40562276
2016-11-25 13:38:55#上证|20161128期|标识:3322|【猜跌】#-112#40562164
2016-11-25 13:39:10#上证|20161128期|标识:3325|【猜跌】#-112#40562052
2016-11-25 13:39:25#上证|20161128期|标识:3328|【猜跌】#-112#40561940
2016-11-25 13:41:00#上证|20161128期|标识:3347|【猜跌】#-112#40561828
2016-11-25 13:42:00#上证|20161128期|标识:3359|【猜跌】#-112#40561716
2016-11-25 13:42:35#上证|20161128期|标识:3366|【猜跌】#-112#40561604
2016-11-25 13:42:50#上证|20161128期|标识:3369|【猜跌】#-112#40561492
2016-11-25 13:43:05#上证|20161128期|标识:3372|【猜跌】#-112#40561380
2016-11-25 13:43:35#上证|20161128期|标识:3378|【猜跌】#-112#40561268
2016-11-25 13:43:50#上证|20161128期|标识:3381|【猜跌】#-112#40561156
2016-11-25 13:44:05#上证|20161128期|标识:3384|【猜跌】#-112#40561044
2016-11-25 13:44:40#上证|20161128期|标识:3391|【猜跌】#-112#40560932
2016-11-25 13:46:15#上证|20161128期|标识:3410|【猜跌】#-112#40560820
2016-11-25 13:47:15#上证|20161128期|标识:3422|【猜跌】#-112#40560708
2016-11-25 13:47:30#上证|20161128期|标识:3425|【猜跌】#-112#40560596
2016-11-25 13:48:05#上证|20161128期|标识:3432|【猜跌】#-112#40560484
2016-11-25 13:48:20#上证|20161128期|标识:3435|【猜跌】#-112#40560372
2016-11-25 13:48:50#上证|20161128期|标识:3441|【猜跌】#-112#40560260
2016-11-25 13:49:05#上证|20161128期|标识:3444|【猜跌】#-112#40560148
2016-11-25 13:49:20#上证|20161128期|标识:3447|【猜跌】#-112#40560036
2016-11-25 13:50:55#上证|20161128期|标识:3466|【猜跌】#-112#40559924
2016-11-25 13:51:30#上证|20161128期|标识:3473|【猜跌】#-112#40559812
2016-11-25 13:52:30#上证|20161128期|标识:3485|【猜跌】#-112#40559700
2016-11-25 13:52:45#上证|20161128期|标识:3488|【猜跌】#-112#40559588
2016-11-25 13:53:00#上证|20161128期|标识:3491|【猜跌】#-112#40559476
2016-11-25 13:53:35#上证|20161128期|标识:3498|【猜跌】#-112#40559364
2016-11-25 13:54:05#上证|20161128期|标识:3504|【猜跌】#-112#40559252
2016-11-25 13:54:20#上证|20161128期|标识:3507|【猜跌】#-112#40559140
2016-11-25 13:54:35#上证|20161128期|标识:3510|【猜跌】#-112#40559028
2016-11-25 13:56:10#上证|20161128期|标识:3529|【猜跌】#-112#40558916
2016-11-25 13:57:45#上证|20161128期|标识:3548|【猜跌】#-112#40558804
2016-11-25 13:58:00#上证|20161128期|标识:3551|【猜跌】#-112#40558692
2016-11-25 13:58:15#上证|20161128期|标识:3554|【猜跌】#-112#40558580
2016-11-25 13:58:45#上证|20161128期|标识:3560|【猜跌】#-112#40558468
2016-11-25 13:59:20#上证|20161128期|标识:3567|【猜跌】#-112#40558356
2016-11-25 13:59:35#上证|20161128期|标识:3570|【猜跌】#-112#40558244
2016-11-25 13:59:50#上证|20161128期|标识:3573|【猜跌】#-112#40558132
2016-11-25 14:01:25#上证|20161128期|标识:3592|【猜跌】#-112#40558020
2016-11-25 14:03:00#上证|20161128期|标识:3611|【猜跌】#-112#40557908
2016-11-25 14:03:15#上证|20161128期|标识:3614|【猜跌】#-112#40557796
2016-11-25 14:03:30#上证|20161128期|标识:3617|【猜跌】#-112#40557684
2016-11-25 14:04:00#上证|20161128期|标识:3623|【猜跌】#-112#40557572
2016-11-25 14:04:15#上证|20161128期|标识:3626|【猜跌】#-112#40557460
2016-11-25 14:05:00#上证|20161128期|标识:3635|【猜跌】#-112#40557348
2016-11-25 14:05:15#上证|20161128期|标识:3638|【猜跌】#-112#40557236
2016-11-25 14:05:30#上证|20161128期|标识:3641|【猜跌】#-112#40557124
2016-11-25 14:06:00#上证|20161128期|标识:3647|【猜跌】#-112#40557012
2016-11-25 14:06:35#上证|20161128期|标识:3654|【猜跌】#-112#40556900
2016-11-25 14:06:50#上证|20161128期|标识:3657|【猜跌】#-112#40556788
2016-11-25 14:07:05#上证|20161128期|标识:3660|【猜跌】#-112#40556676
2016-11-25 14:08:35#上证|20161128期|标识:3678|【猜跌】#-112#40556564
2016-11-25 14:08:50#上证|20161128期|标识:3681|【猜跌】#-112#40556452
2016-11-25 14:09:05#上证|20161128期|标识:3684|【猜跌】#-112#40556340
2016-11-25 14:10:00#上证|20161128期|标识:3695|【猜跌】#-112#40556228
2016-11-25 14:10:40#上证|20161128期|标识:3703|【猜跌】#-112#40556116
2016-11-25 14:11:15#上证|20161128期|标识:3710|【猜跌】#-112#40556004
2016-11-25 14:12:15#上证|20161128期|标识:3722|【猜跌】#-112#40555892
2016-11-25 14:12:30#上证|20161128期|标识:3725|【猜跌】#-112#40555780
2016-11-25 14:12:45#上证|20161128期|标识:3728|【猜跌】#-112#40555668
2016-11-25 14:13:20#上证|20161128期|标识:3735|【猜跌】#-112#40555556
2016-11-25 14:13:40#上证|20161128期|标识:3739|【猜跌】#-112#40555444
2016-11-25 14:15:15#上证|20161128期|标识:3758|【猜跌】#-112#40555332
2016-11-25 14:15:40#上证|20161128期|标识:3763|【猜跌】#-112#40555220
2016-11-25 14:16:25#上证|20161128期|标识:3772|【猜跌】#-112#40555108
2016-11-25 14:16:40#上证|20161128期|标识:3775|【猜跌】#-112#40554996
2016-11-25 14:17:10#上证|20161128期|标识:3781|【猜跌】#-112#40554884
2016-11-25 14:17:25#上证|20161128期|标识:3784|【猜跌】#-112#40554772
2016-11-25 14:18:00#上证|20161128期|标识:3791|【猜跌】#-112#40554660
2016-11-25 14:18:15#上证|20161128期|标识:3794|【猜跌】#-112#40554548
2016-11-25 14:19:50#上证|20161128期|标识:3813|【猜跌】#-112#40554436
2016-11-25 14:20:50#上证|20161128期|标识:3825|【猜跌】#-112#40554324
2016-11-25 14:21:05#上证|20161128期|标识:3828|【猜跌】#-112#40554212
2016-11-25 14:21:25#上证|20161128期|标识:3832|【猜跌】#-112#40554100
2016-11-25 14:21:40#上证|20161128期|标识:3835|【猜跌】#-112#40553988
2016-11-25 14:21:55#上证|20161128期|标识:3838|【猜跌】#-112#40553876
2016-11-25 14:22:25#上证|20161128期|标识:3844|【猜跌】#-112#40553764
2016-11-25 14:22:40#上证|20161128期|标识:3847|【猜跌】#-112#40553652
2016-11-25 14:22:55#上证|20161128期|标识:3850|【猜跌】#-112#40553540
2016-11-25 14:23:30#上证|20161128期|标识:3857|【猜跌】#-112#40553428
2016-11-25 14:24:30#上证|20161128期|标识:3869|【猜跌】#-112#40553316
2016-11-25 14:25:05#上证|20161128期|标识:3876|【猜跌】#-112#40553204
2016-11-25 14:26:05#上证|20161128期|标识:3888|【猜跌】#-112#40553092
2016-11-25 14:26:20#上证|20161128期|标识:3891|【猜跌】#-112#40552980
2016-11-25 14:26:35#上证|20161128期|标识:3894|【猜跌】#-112#40552868
2016-11-25 14:27:10#上证|20161128期|标识:3901|【猜跌】#-112#40552756
2016-11-25 14:27:40#上证|20161128期|标识:3907|【猜跌】#-112#40552644
2016-11-25 14:27:55#上证|20161128期|标识:3910|【猜跌】#-112#40552532
2016-11-25 14:28:10#上证|20161128期|标识:3913|【猜跌】#-112#40552420
2016-11-25 14:29:45#上证|20161128期|标识:3932|【猜跌】#-112#40552308
2016-11-25 14:31:20#上证|20161128期|标识:3951|【猜跌】#-112#40552196
2016-11-25 14:31:35#上证|20161128期|标识:3954|【猜跌】#-112#40552084
2016-11-25 14:31:50#上证|20161128期|标识:3957|【猜跌】#-112#40551972
2016-11-25 14:32:20#上证|20161128期|标识:3963|【猜跌】#-112#40551860
2016-11-25 14:32:55#上证|20161128期|标识:3970|【猜跌】#-112#40551748
2016-11-25 14:33:10#上证|20161128期|标识:3973|【猜跌】#-112#40551636
2016-11-25 14:33:25#上证|20161128期|标识:3976|【猜跌】#-112#40551524
2016-11-25 18:09:36#上证|20161128期|标识:4024|【猜跌】#-112#40551412
2016-11-25 18:31:47#上证|20161128期|标识:4028|【猜跌】#-112#40551300
2016-11-25 21:24:37#上证|20161128期|标识:4062|【猜跌】#-112#40551188
2016-11-25 21:50:02#上证|20161128期|标识:4067|【猜跌】#-112#40551076
2016-11-25 22:00:12#上证|20161128期|标识:4069|【猜跌】#-112#40550964
2016-11-25 22:25:37#上证|20161128期|标识:4074|【猜跌】#-112#40550852
2016-11-25 22:30:37#上证|20161128期|标识:4075|【猜跌】#-112#40550740
2016-11-25 22:45:47#上证|20161128期|标识:4078|【猜跌】#-112#40550628
2016-11-25 22:55:57#上证|20161128期|标识:4080|【猜跌】#-112#40550516
2016-11-25 23:21:22#上证|20161128期|标识:4085|【猜跌】#-112#40550404
2016-11-25 23:56:57#上证|20161128期|标识:4092|【猜跌】#-112#40550292
2016-11-26 20:16:28#每日签到#30#40550322
2016-11-28 09:36:36#上证|20161129期|标识:4094|【猜跌】#-123#40550199
2016-11-28 09:51:51#上证|20161129期|标识:4098|【猜跌】#-112#40550087
2016-11-28 10:02:01#上证|20161129期|标识:4100|【猜跌】#-123#40549964
2016-11-28 12:37:11#上证|20161129期|标识:4137|【猜跌】#-123#40549841
2016-11-28 13:42:41#上证|20161129期|标识:4150|【猜跌】#-112#40549729
2016-11-28 13:57:51#上证|20161129期|标识:4153|【猜跌】#-123#40549606
2016-11-28 14:02:51#上证|20161129期|标识:4154|【猜跌】#-112#40549494
2016-11-28 15:11:15#上证|20161129期|标识:4168|【猜跌】#-300#40549194
2016-11-29 16:37:14#上证|20161130期|标识:4169|【猜涨】#-1000#40548194
2016-11-29 16:37:35#上证|20161130期|标识:4170|【猜涨】#-3000#40545194
2016-11-29 16:37:43#上证|20161130期|标识:4171|【猜涨】#-50000#40495194
2016-11-29 16:39:28#上证|20161130期|标识:4174|【猜跌】#-1000#40494194
2016-11-29 16:39:34#上证|20161130期|标识:4175|【猜跌】#-500#40493694
2016-11-30 16:56:40#上证|20161201期|标识:4178|【猜涨】#-50000#40443694
2016-11-30 16:56:47#上证|20161201期|标识:4179|【猜涨】#-3000#40440694
2016-11-30 16:56:54#上证|20161201期|标识:4180|【猜涨】#-1000#40439694
2016-11-30 16:57:05#上证|20161201期|标识:4181|【猜涨】#-500#40439194
2016-11-30 16:57:14#上证|20161201期|标识:4182|【猜跌】#-500#40438694
2016-11-29 16:05:35#上证|20161130期|标识:4268|【猜跌】#-123#40427631
2016-11-29 16:20:51#上证|20161130期|标识:4283|【猜跌】#-123#40427508
2016-11-30 17:10:19#上证|20161201期|标识:4300|【猜涨】#-300#40427208
2016-11-30 17:10:27#上证|20161201期|标识:4301|【猜跌】#-500#40426708
2016-11-30 17:10:34#上证|20161201期|标识:4302|【猜涨】#-50000#40376708
2016-11-30 17:10:39#上证|20161201期|标识:4303|【猜跌】#-3000#40373708
2016-11-29 17:21:20#上证|20161130期|标识:4304|【猜涨】#-500#40427008
2016-11-29 17:21:26#上证|20161130期|标识:4305|【猜跌】#-50000#40377008
2016-11-29 17:21:31#上证|20161130期|标识:4306|【猜涨】#-3000#40374008
2016-11-29 17:21:36#上证|20161130期|标识:4307|【猜跌】#-500#40373508
2016-11-30 17:23:06#<a href="/bbs/uinfo.aspx?uid=709">测试709(709)</a>上证【20161130】期平局退回|标识(4304)#500#40374008
2016-11-30 17:23:06#<a href="/bbs/uinfo.aspx?uid=709">测试709(709)</a>上证【20161130】期平局退回|标识(4305)#50000#40424008
2016-11-30 17:23:07#<a href="/bbs/uinfo.aspx?uid=709">测试709(709)</a>上证【20161130】期平局退回|标识(4306)#3000#40427008
2016-11-30 17:23:07#<a href="/bbs/uinfo.aspx?uid=709">测试709(709)</a>上证【20161130】期平局退回|标识(4307)#500#40427508
2016-11-30 17:23:31#二八第[url=./game/luck28.aspx?act=view&amp;id=675]774635[/url]兑奖-标识ID725#195#40427703
2016-11-30 17:23:42#上证|20161201期|标识:4308|【猜涨】#-50000#40377703
2016-11-30 17:23:47#上证|20161201期|标识:4309|【猜跌】#-50000#40327703
2016-11-30 17:23:53#上证|20161201期|标识:4310|【猜涨】#-3000#40324703
2016-11-30 17:24:13#上证|20161201期|标识:4311|【猜跌】#-5000#40319703
2016-11-30 20:14:03#上证【20161215】期兑奖|标识(4534)#25577#40415642
2016-11-30 20:14:38#上证【20161215】期兑奖|标识(4536)#4262#40419904
