2016-12-01 17:00:57#<a href="/bbs/uinfo.aspx?uid=709">测试709(709)</a>上证【20161201】期平局退回|标识(4178)#50000#40488694
2016-12-01 17:00:57#<a href="/bbs/uinfo.aspx?uid=709">测试709(709)</a>上证【20161201】期平局退回|标识(4179)#3000#40491694
2016-12-01 17:00:57#<a href="/bbs/uinfo.aspx?uid=709">测试709(709)</a>上证【20161201】期平局退回|标识(4180)#1000#40492694
2016-12-01 17:00:57#<a href="/bbs/uinfo.aspx?uid=709">测试709(709)</a>上证【20161201】期平局退回|标识(4181)#500#40493194
2016-12-01 17:00:57#<a href="/bbs/uinfo.aspx?uid=709">测试709(709)</a>上证【20161201】期平局退回|标识(4182)#500#40493694
2016-12-01 17:09:10#<a href="/bbs/uinfo.aspx?uid=709">测试709(709)</a>上证【20161130】期兑奖|标识(4175)#0#40493694
2016-12-01 17:11:09#<a href="/bbs/uinfo.aspx?uid=709">测试709(709)</a>上证【20161130】期兑奖|标识(4174)#0#40493694
2016-12-01 17:20:27#上证|20161202期|标识:4188|【猜涨】#-3000#40490694
2016-12-01 17:20:46#上证|20161202期|标识:4189|【猜涨】#-1000#40489694
2016-12-01 17:20:53#上证|20161202期|标识:4190|【猜涨】#-1000#40488694
2016-12-02 23:57:49#上证|20161205期|标识:4194|【猜涨】#-1000#40487694
2016-12-02 23:57:54#上证|20161205期|标识:4195|【猜涨】#-3000#40484694
2016-12-02 23:57:59#上证|20161205期|标识:4196|【猜跌】#-1000#40483694
2016-12-02 23:58:07#上证|20161205期|标识:4197|【猜跌】#-50000#40433694
2016-12-01 15:17:53#上证|20161202期|标识:4222|【猜跌】#-1000#40432694
2016-12-01 15:18:43#上证|20161202期|标识:4223|【猜涨】#-3000#40429694
2016-12-01 15:18:50#上证|20161202期|标识:4224|【猜跌】#-1000#40428694
2016-12-01 15:55:21#上证|20161202期|标识:4240|【猜跌】#-123#40428571
2016-12-02 15:55:33#上证|20161205期|标识:4244|【猜跌】#-123#40428448
2016-12-02 15:55:41#上证|20161205期|标识:4246|【猜跌】#-123#40428325
2016-12-02 15:55:47#上证|20161205期|标识:4248|【猜跌】#-112#40428213
2016-12-02 15:55:55#上证|20161205期|标识:4250|【猜跌】#-123#40428090
2016-12-02 15:56:01#上证|20161205期|标识:4252|【猜跌】#-112#40427978
2016-12-02 15:56:09#上证|20161205期|标识:4254|【猜跌】#-112#40427866
2016-12-02 15:56:23#上证|20161205期|标识:4258|【猜跌】#-112#40427754
2016-12-01 17:12:52#<a href="/bbs/uinfo.aspx?uid=709">测试709(709)</a>上证【20161201】期平局退回|标识(4300)#300#40374008
2016-12-01 17:12:52#<a href="/bbs/uinfo.aspx?uid=709">测试709(709)</a>上证【20161201】期平局退回|标识(4301)#500#40374508
2016-12-01 17:12:52#<a href="/bbs/uinfo.aspx?uid=709">测试709(709)</a>上证【20161201】期平局退回|标识(4302)#50000#40424508
2016-12-01 17:12:52#<a href="/bbs/uinfo.aspx?uid=709">测试709(709)</a>上证【20161201】期平局退回|标识(4303)#3000#40427508
2016-12-01 17:28:31#<a href="/bbs/uinfo.aspx?uid=709">测试709(709)</a>上证【20161201】期兑奖|标识(4308)#90781#40410484
2016-12-01 17:29:18#<a href="/bbs/uinfo.aspx?uid=709">测试709(709)</a>上证【20161201】期兑奖|标识(4310)#5446#40415930
2016-12-09 14:07:32#上证|20161212期|标识:4327|【猜跌】#-123#40415807
2016-12-09 14:08:07#上证|20161212期|标识:4334|【猜跌】#-112#40415695
2016-12-09 14:08:52#上证|20161212期|标识:4343|【猜跌】#-112#40415583
2016-12-09 14:09:07#上证|20161212期|标识:4346|【猜跌】#-112#40415471
2016-12-09 14:10:07#上证|20161212期|标识:4358|【猜跌】#-123#40415348
2016-12-09 14:10:42#上证|20161212期|标识:4365|【猜跌】#-112#40415236
2016-12-09 14:10:57#上证|20161212期|标识:4368|【猜跌】#-112#40415124
2016-12-09 14:12:17#上证|20161212期|标识:4384|【猜跌】#-112#40415012
2016-12-09 14:12:32#上证|20161212期|标识:4387|【猜跌】#-112#40414900
2016-12-09 14:12:47#上证|20161212期|标识:4390|【猜跌】#-123#40414777
2016-12-09 14:13:32#上证|20161212期|标识:4399|【猜跌】#-123#40414654
2016-12-09 14:14:07#上证|20161212期|标识:4406|【猜跌】#-112#40414542
2016-12-09 14:14:22#上证|20161212期|标识:4409|【猜跌】#-112#40414430
2016-12-09 14:15:22#上证|20161212期|标识:4421|【猜跌】#-123#40414307
2016-12-09 14:15:37#上证|20161212期|标识:4424|【猜跌】#-123#40414184
2016-12-09 14:15:57#上证|20161212期|标识:4428|【猜跌】#-112#40414072
2016-12-09 14:16:12#上证|20161212期|标识:4431|【猜跌】#-112#40413960
2016-12-09 14:16:57#上证|20161212期|标识:4440|【猜跌】#-123#40413837
2016-12-09 14:17:32#上证|20161212期|标识:4447|【猜跌】#-112#40413725
2016-12-09 14:17:47#上证|20161212期|标识:4450|【猜跌】#-112#40413613
2016-12-09 14:18:02#上证|20161212期|标识:4453|【猜跌】#-112#40413501
2016-12-09 14:18:47#上证|20161212期|标识:4462|【猜跌】#-123#40413378
2016-12-09 14:19:02#上证|20161212期|标识:4465|【猜跌】#-123#40413255
2016-12-09 14:19:22#上证|20161212期|标识:4469|【猜跌】#-112#40413143
2016-12-09 14:19:37#上证|20161212期|标识:4472|【猜跌】#-112#40413031
2016-12-09 14:20:37#上证|20161212期|标识:4484|【猜跌】#-123#40412908
2016-12-09 14:20:52#上证|20161212期|标识:4487|【猜跌】#-123#40412785
2016-12-09 14:21:27#上证|20161212期|标识:4494|【猜跌】#-112#40412673
2016-12-09 14:22:07#上证|20161212期|标识:4502|【猜涨】#-50000#40362673
2016-12-09 14:22:12#上证|20161212期|标识:4504|【猜跌】#-123#40362550
2016-12-09 14:22:27#上证|20161212期|标识:4507|【猜跌】#-123#40362427
2016-12-12 14:39:26#上证|20161213期|标识:4514|【猜涨】#-3000#40359427
2016-12-12 14:39:32#<a href="/bbs/uinfo.aspx?uid=709">测试709(709)</a>上证【20161212】期兑奖|标识(4502)#53810#40413237
2016-12-12 14:39:37#上证|20161213期|标识:4515|【猜跌】#-1000#40412237
2016-12-12 14:39:43#上证|20161213期|标识:4516|【猜涨】#-500#40411737
2016-12-12 14:39:51#上证|20161213期|标识:4517|【猜跌】#-3000#40408737
2016-12-12 14:41:51#上证|20161213期|申请退回|标识(4515)#1000#40409737
2016-12-13 14:43:24#<a href="/bbs/uinfo.aspx?uid=709">测试709(709)</a>上证【20161213】期平局退回|标识(4514)#3000#40412737
2016-12-13 14:43:24#<a href="/bbs/uinfo.aspx?uid=709">测试709(709)</a>上证【20161213】期平局退回|标识(4516)#500#40413237
2016-12-13 14:43:24#<a href="/bbs/uinfo.aspx?uid=709">测试709(709)</a>上证【20161213】期平局退回|标识(4517)#3000#40416237
2016-12-13 14:45:46#上证|20161214期|标识:4518|【猜涨】#-50000#40366237
2016-12-13 14:45:52#上证|20161214期|标识:4519|【猜涨】#-3000#40363237
2016-12-13 14:46:00#上证|20161214期|标识:4520|【猜涨】#-1000#40362237
2016-12-13 14:46:05#上证|20161214期|标识:4521|【猜涨】#-500#40361737
2016-12-14 14:53:29#上证|20161215期|标识:4524|【猜跌】#-1000#40360737
2016-12-14 14:53:34#上证|20161215期|标识:4525|【猜跌】#-500#40360237
2016-12-14 14:53:38#上证|20161215期|标识:4526|【猜跌】#-300#40359937
2016-12-14 14:58:03#上证|20161215期|标识:4531|【猜跌】#-3000#40356937
2016-12-14 14:58:10#上证|20161215期|标识:4532|【猜跌】#-1000#40355937
2016-12-14 14:58:38#上证|20161215期|标识:4534|【猜涨】#-3000#40352937
2016-12-14 14:58:46#上证|20161215期|标识:4535|【猜涨】#-5000#40347937
2016-12-14 14:58:51#上证|20161215期|标识:4536|【猜涨】#-500#40347437
2016-12-15 15:10:52#上证【20161215】期兑奖|标识(4535)#42628#40390065
2016-12-15 15:12:39#上证|20161216期|标识:4539|【猜涨】#-3000#40387065
2016-12-15 15:12:44#上证|20161216期|标识:4540|【猜跌】#-1000#40386065
2016-12-15 15:12:48#上证|20161216期|标识:4541|【猜跌】#-500#40385565
2016-12-15 15:12:53#上证|20161216期|标识:4542|【猜跌】#-300#40385265
2016-12-16 15:13:59#上证【20161216】期平局退回|标识(4539)#3000#40388265
2016-12-16 15:13:59#上证【20161216】期平局退回|标识(4540)#1000#40389265
2016-12-16 15:13:59#上证【20161216】期平局退回|标识(4541)#500#40389765
2016-12-16 15:13:59#上证【20161216】期平局退回|标识(4542)#300#40390065
