2016-03-01 16:19:55#球彩下注记录271648-1170585|[url=/bbs/guess2/showguess.aspx?gid=271648]承天顺化U19(中)(让半球)义安蓝江U19[/url]押承天顺化U19(中)(2),投100酷币#-100#233999900
2016-03-01 16:20:07#球彩下注记录271648-1170586|[url=/bbs/guess2/showguess.aspx?gid=271648]承天顺化U19(中)(让半球)义安蓝江U19[/url]押义安蓝江U19(1.82),投100酷币#-100#233999800
2016-03-01 16:20:20#球彩下注记录271648-1170587|[url=/bbs/guess2/showguess.aspx?gid=271648]承天顺化U19(中)(大小球2.5/3.0)义安蓝江U19[/url]押大球(1.95),投100酷币#-100#233999700
2016-03-01 16:20:32#球彩下注记录271648-1170588|[url=/bbs/guess2/showguess.aspx?gid=271648]承天顺化U19(中)(大小球2.5/3.0)义安蓝江U19[/url]押小球(1.85),投100酷币#-100#233999600
2016-03-01 16:20:45#球彩下注记录271648-1170589|[url=/bbs/guess2/showguess.aspx?gid=271648]承天顺化U19(中)(主2|平3.35|客3.1)义安蓝江U19[/url]押主胜(2),投100酷币#-100#233999500
2016-03-01 16:20:57#球彩下注记录271648-1170590|[url=/bbs/guess2/showguess.aspx?gid=271648]承天顺化U19(中)(主2|平3.35|客3.1)义安蓝江U19[/url]押平手(3.35),投100酷币#-100#233999400
2016-03-01 16:21:10#球彩下注记录271648-1170591|[url=/bbs/guess2/showguess.aspx?gid=271648]承天顺化U19(中)(主2|平3.35|客3.1)义安蓝江U19[/url]押客胜(3.1),投100酷币#-100#233999300
2016-03-01 19:14:21#每日签到#30#233999330
2016-03-01 19:37:59#球彩下注记录272357-1170592|[url=/bbs/guess2/showguess.aspx?gid=272357]FC东京(大小球3.5/4.0)平阳[/url]押小球(1.93)(50'@1:1),投100酷币#-100#233999230
2016-03-01 19:38:12#球彩下注记录272357-1170593|[url=/bbs/guess2/showguess.aspx?gid=272357]FC东京(大小球3.5/4.0)平阳[/url]押大球(1.93)(51'@1:1),投100酷币#-100#233999130
2016-03-01 19:39:25#串串下注#-400#233998730
2016-03-12 15:12:33#捕鱼达人返负#1500#233883428
2016-03-13 14:13:54#在0红包群发拼手气红包(128)消费 |2016/3/13 14:13:54#-300#233883128
2016-03-13 14:15:07#在29红包群发拼手气红包(129)消费 |2016/3/13 14:15:07#-20000#233863128
2016-03-13 14:15:15#抢红包(129)收入#1401#233864529
2016-03-13 14:19:09#每日签到#30#233864559
2016-03-13 14:19:23#在0红包群发拼手气红包(130)消费 |2016/3/13 14:19:23#-30#233864529
2016-03-13 14:19:34#抢红包(128)收入#20#233864549
2016-03-13 14:32:26#在0红包群发拼手气红包[口令](131)消费 |2016/3/13 14:32:26#-10000#233854549
2016-03-13 14:32:33#抢红包(130)收入#1#233854550
