2016-04-09 17:55:06#标识ID140云购商品过期未开奖返还#10000#233939487
2016-04-09 17:55:06#标识ID141云购商品过期未开奖返还#10000#233949487
2016-04-09 17:55:06#标识ID356云购商品过期未开奖返还押金#10000#233959487
2016-04-09 17:55:06#标识ID357云购商品过期未开奖返还押金#10000#233969487
2016-04-09 17:55:10#标识ID356云购商品过期未开奖返还押金#10000#233979487
2016-04-09 17:55:10#标识ID357云购商品过期未开奖返还押金#10000#233989487
2016-04-09 17:55:13#标识ID356云购商品过期未开奖返还押金#10000#233999487
2016-04-09 17:55:13#标识ID357云购商品过期未开奖返还押金#10000#234009487
2016-04-09 17:55:49#标识ID356云购商品过期未开奖返还押金#10000#234019487
2016-04-09 17:55:49#标识ID357云购商品过期未开奖返还押金#10000#234029487
2016-04-09 17:55:49#云购出售商品消费#-10000#234019487
2016-04-09 17:55:52#标识ID356云购商品过期未开奖返还押金#10000#234029487
2016-04-09 17:55:52#标识ID357云购商品过期未开奖返还押金#10000#234039487
2016-04-11 15:45:12#好彩一第2016057期生肖玩法投注:鼠|标识ID489#-100#234039387
2016-04-11 15:45:19#好彩一第2016057期生肖玩法投注:牛|标识ID490#-100#234039287
2016-04-11 15:45:28#好彩一第2016057期生肖玩法投注:虎|标识ID491#-100#234039187
2016-04-11 15:45:44#好彩一第2016057期生肖玩法投注:兔|标识ID492#-100#234039087
2016-04-11 15:45:54#好彩一第2016057期生肖玩法投注:龙|标识ID493#-100#234038987
2016-04-11 15:46:02#好彩一第2016057期生肖玩法投注:龙|标识ID494#-100#234038887
2016-04-11 15:46:09#好彩一第2016057期生肖玩法投注:蛇|标识ID495#-100#234038787
2016-04-11 15:46:19#好彩一第2016057期生肖玩法投注:马|标识ID496#-100#234038687
2016-04-11 15:46:38#好彩一第2016057期生肖玩法投注:鼠|标识ID497#-100#234038587
2016-04-11 15:46:46#好彩一第2016057期生肖玩法投注:猴|标识ID498#-100#234038487
2016-04-11 15:46:57#好彩一第2016057期生肖玩法投注:鸡|标识ID499#-100#234038387
2016-04-11 15:47:14#好彩一第2016057期生肖玩法投注:狗|标识ID500#-100#234038287
2016-04-11 15:47:21#好彩一第2016057期生肖玩法投注:猪|标识ID501#-100#234038187
2016-04-11 15:47:31#好彩一第2016057期四季玩法投注:春|标识ID502#-100#234038087
2016-04-11 15:47:38#好彩一第2016057期四季玩法投注:夏|标识ID503#-100#234037987
2016-04-11 15:47:49#好彩一第2016057期四季玩法投注:秋|标识ID504#-100#234037887
2016-04-11 15:47:55#好彩一第2016057期四季玩法投注:冬|标识ID505#-100#234037787
2016-04-11 15:48:17#好彩一第2016057期方位玩法投注:东|标识ID506#-100#234037687
2016-04-11 15:48:26#好彩一第2016057期方位玩法投注:南|标识ID507#-100#234037587
2016-04-11 15:48:32#好彩一第2016057期方位玩法投注:西|标识ID508#-100#234037487
2016-04-11 15:48:39#好彩一第2016057期方位玩法投注:北|标识ID509#-100#234037387
2016-04-11 15:48:49#好彩一第2016057期大小单双投注:大|标识ID510#-100#234037287
2016-04-11 15:48:56#好彩一第2016057期大小单双投注:小|标识ID511#-100#234037187
2016-04-11 15:49:01#好彩一第2016057期大小单双投注:单|标识ID512#-100#234037087
2016-04-11 15:49:07#好彩一第2016057期大小单双投注:双|标识ID513#-100#234036987
2016-04-11 15:49:23#好彩一第2016057期六肖中奖投注:鼠,牛,虎,兔,龙,蛇|标识ID514#-100#234036887
2016-04-11 15:49:41#好彩一第2016057期六肖中奖投注:马,羊,猴,鸡,狗,猪|标识ID515#-100#234036787
2016-04-11 15:49:54#好彩一第2016057期尾数大小投注:大|标识ID516#-100#234036687
2016-04-11 15:50:00#好彩一第2016057期尾数大小投注:小|标识ID517#-100#234036587
2016-04-11 15:50:06#好彩一第2016057期尾数单双投注:单|标识ID518#-100#234036487
2016-04-11 15:50:13#好彩一第2016057期尾数单双投注:双|标识ID519#-100#234036387
2016-04-11 15:50:18#好彩一第2016057期家禽野兽投注:家禽|标识ID520#-100#234036287
2016-04-11 15:50:23#好彩一第2016057期家禽野兽投注:野兽|标识ID521#-100#234036187
2016-04-11 15:50:44#好彩一第2016057期选号玩法投注:1|标识ID522#-100#234036087
2016-04-11 15:50:52#好彩一第2016057期选号玩法投注:2|标识ID523#-100#234035987
2016-04-11 15:50:59#好彩一第2016057期选号玩法投注:27|标识ID524#-100#234035887
2016-04-11 15:54:07#好彩一兑奖-标识ID522#2500#234038387
2016-04-11 15:54:07#好彩一兑奖-标识ID521#192#234038579
2016-04-11 15:54:07#好彩一兑奖-标识ID518#192#234038771
2016-04-11 15:54:07#好彩一兑奖-标识ID517#192#234038963
2016-04-11 15:54:07#好彩一兑奖-标识ID514#192#234039155
2016-04-11 15:54:07#好彩一兑奖-标识ID512#192#234039347
2016-04-11 15:54:07#好彩一兑奖-标识ID511#192#234039539
2016-04-11 15:54:07#好彩一兑奖-标识ID506#300#234039839
2016-04-11 15:54:07#好彩一兑奖-标识ID502#300#234040139
2016-04-11 15:54:07#好彩一兑奖-标识ID497#800#234040939
2016-04-11 15:54:09#好彩一兑奖-标识ID489#800#234041739
2016-04-11 15:55:18#好彩一第2016058期选号玩法投注:2|标识ID525#-100#234041639
2016-04-11 15:55:32#好彩一第2016058期选号玩法投注:30|标识ID526#-100#234041539
2016-04-11 15:55:38#好彩一第2016058期选号玩法投注:18|标识ID527#-100#234041439
2016-04-11 15:55:47#好彩一第2016058期生肖玩法投注:鼠|标识ID528#-100#234041339
2016-04-11 15:55:53#好彩一第2016058期生肖玩法投注:牛|标识ID529#-100#234041239
2016-04-11 15:55:58#好彩一第2016058期生肖玩法投注:兔|标识ID530#-100#234041139
2016-04-11 15:56:08#好彩一第2016058期方位玩法投注:东|标识ID531#-100#234041039
2016-04-11 15:56:16#好彩一第2016058期方位玩法投注:南|标识ID532#-100#234040939
2016-04-11 15:56:22#好彩一第2016058期方位玩法投注:西|标识ID533#-100#234040839
2016-04-11 15:56:28#好彩一第2016058期方位玩法投注:北|标识ID534#-100#234040739
2016-04-11 15:56:34#好彩一第2016058期四季玩法投注:春|标识ID535#-100#234040639
2016-04-11 15:56:43#好彩一第2016058期四季玩法投注:夏|标识ID536#-100#234040539
2016-04-11 15:56:50#好彩一第2016058期四季玩法投注:春|标识ID537#-100#234040439
2016-04-11 15:56:56#好彩一第2016058期四季玩法投注:冬|标识ID538#-100#234040339
2016-04-11 15:57:02#好彩一第2016058期大小单双投注:大|标识ID539#-100#234040239
2016-04-11 15:57:11#好彩一第2016058期大小单双投注:小|标识ID540#-100#234040139
2016-04-11 15:57:18#好彩一第2016058期大小单双投注:单|标识ID541#-100#234040039
2016-04-11 15:57:25#好彩一第2016058期大小单双投注:双|标识ID542#-100#234039939
2016-04-11 15:57:45#好彩一第2016058期六肖中奖投注:鼠,龙,猴,牛,蛇,鸡|标识ID543#-100#234039839
2016-04-11 15:57:59#好彩一第2016058期六肖中奖投注:鸡,虎,马,狗,猪,羊|标识ID544#-100#234039739
2016-04-11 15:58:07#好彩一第2016058期尾数大小投注:大|标识ID545#-100#234039639
2016-04-11 15:58:18#好彩一第2016058期尾数单双投注:单|标识ID546#-100#234039539
2016-04-11 15:58:23#好彩一第2016058期尾数单双投注:双|标识ID547#-100#234039439
2016-04-11 15:58:29#好彩一第2016058期家禽野兽投注:家禽|标识ID548#-100#234039339
2016-04-11 15:58:35#好彩一第2016058期家禽野兽投注:野兽|标识ID549#-100#234039239
2016-04-11 16:01:57#好彩一兑奖-标识ID548#192#234039431
2016-04-11 16:01:57#好彩一兑奖-标识ID547#192#234039623
2016-04-11 16:01:57#好彩一兑奖-标识ID543#192#234039815
2016-04-11 16:01:57#好彩一兑奖-标识ID542#192#234040007
2016-04-11 16:01:57#好彩一兑奖-标识ID540#192#234040199
2016-04-11 16:01:57#好彩一兑奖-标识ID537#300#234040499
2016-04-11 16:01:57#好彩一兑奖-标识ID535#300#234040799
2016-04-11 16:01:57#好彩一兑奖-标识ID532#300#234041099
2016-04-11 16:01:57#好彩一兑奖-标识ID529#800#234041899
2016-04-11 16:01:57#好彩一兑奖-标识ID525#2500#234044399
2016-04-11 16:02:10#好彩一第2016059期选号玩法投注:3|标识ID550#-100#234044299
2016-04-11 16:02:17#好彩一第2016059期选号玩法投注:21|标识ID551#-100#234044199
2016-04-11 16:02:30#好彩一第2016059期选号玩法投注:23|标识ID552#-100#234044099
2016-04-11 16:02:37#好彩一第2016059期生肖玩法投注:虎|标识ID553#-100#234043999
2016-04-11 16:02:42#好彩一第2016059期生肖玩法投注:牛|标识ID554#-100#234043899
2016-04-11 16:02:50#好彩一第2016059期生肖玩法投注:猪|标识ID555#-100#234043799
2016-04-11 16:02:57#好彩一第2016059期方位玩法投注:东|标识ID556#-100#234043699
2016-04-11 16:03:14#好彩一第2016059期方位玩法投注:东|标识ID557#-100#234043599
2016-04-11 16:03:29#好彩一第2016059期方位玩法投注:南|标识ID558#-100#234043499
2016-04-11 16:03:36#好彩一第2016059期方位玩法投注:西|标识ID559#-100#234043399
2016-04-11 16:03:52#好彩一第2016059期四季玩法投注:春|标识ID560#-100#234043299
2016-04-11 16:04:00#好彩一第2016059期四季玩法投注:夏|标识ID561#-100#234043199
2016-04-11 16:04:07#好彩一第2016059期大小单双投注:大|标识ID562#-100#234043099
2016-04-11 16:04:12#好彩一第2016059期大小单双投注:小|标识ID563#-100#234042999
2016-04-11 16:04:20#好彩一第2016059期大小单双投注:单|标识ID564#-100#234042899
2016-04-11 16:04:25#好彩一第2016059期大小单双投注:双|标识ID565#-100#234042799
2016-04-11 16:04:37#好彩一第2016059期六肖中奖投注:鼠,牛,虎,兔,龙,蛇|标识ID566#-100#234042699
2016-04-11 16:04:47#好彩一第2016059期六肖中奖投注:马,羊,猴,鸡,狗,猪|标识ID567#-100#234042599
2016-04-11 16:04:56#好彩一第2016059期尾数大小投注:大|标识ID568#-100#234042499
2016-04-11 16:05:02#好彩一第2016059期尾数大小投注:小|标识ID569#-100#234042399
2016-04-11 16:05:07#好彩一第2016059期尾数单双投注:单|标识ID570#-100#234042299
2016-04-11 16:05:14#好彩一第2016059期尾数单双投注:单|标识ID571#-100#234042199
2016-04-11 16:05:20#好彩一第2016059期尾数单双投注:双|标识ID572#-100#234042099
2016-04-11 16:05:56#好彩一第2016059期家禽野兽投注:家禽|标识ID573#-100#234041999
2016-04-11 16:06:01#好彩一第2016059期家禽野兽投注:野兽|标识ID574#-100#234041899
2016-04-11 16:12:04#好彩一兑奖-标识ID553#800#234042699
2016-04-11 16:12:04#好彩一兑奖-标识ID550#2500#234045199
2016-04-11 16:12:08#好彩一兑奖-标识ID574#192#234045391
2016-04-11 16:12:08#好彩一兑奖-标识ID571#192#234045583
2016-04-11 16:12:08#好彩一兑奖-标识ID570#192#234045775
2016-04-11 16:12:08#好彩一兑奖-标识ID569#192#234045967
2016-04-11 16:12:08#好彩一兑奖-标识ID566#192#234046159
2016-04-11 16:12:08#好彩一兑奖-标识ID564#192#234046351
2016-04-11 16:12:08#好彩一兑奖-标识ID563#192#234046543
2016-04-11 16:12:08#好彩一兑奖-标识ID560#300#234046843
2016-04-11 16:12:08#好彩一兑奖-标识ID557#300#234047143
2016-04-11 16:12:08#好彩一兑奖-标识ID556#300#234047443
2016-04-11 16:12:41#好彩一第2016060期选号玩法投注:4|标识ID575#-100#234047343
2016-04-11 16:12:48#好彩一第2016060期选号玩法投注:14|标识ID576#-100#234047243
2016-04-11 16:12:57#好彩一第2016060期选号玩法投注:34|标识ID577#-100#234047143
2016-04-11 16:13:34#好彩一第2016060期生肖玩法投注:鼠|标识ID578#-100#234047043
2016-04-11 16:13:41#好彩一第2016060期生肖玩法投注:牛|标识ID579#-100#234046943
2016-04-11 16:13:49#好彩一第2016060期生肖玩法投注:兔|标识ID580#-100#234046843
2016-04-11 16:13:56#好彩一第2016060期生肖玩法投注:蛇|标识ID581#-100#234046743
2016-04-11 16:14:28#好彩一第2016060期四季玩法投注:春|标识ID582#-100#234046643
2016-04-11 16:14:38#好彩一第2016060期四季玩法投注:秋|标识ID583#-100#234046543
2016-04-11 16:15:01#好彩一第2016060期方位玩法投注:南|标识ID584#-100#234046443
2016-04-11 16:15:13#好彩一第2016060期方位玩法投注:西|标识ID585#-100#234046343
2016-04-11 16:15:46#好彩一第2016060期大小单双投注:大|标识ID586#-100#234046243
2016-04-11 16:15:52#好彩一第2016060期大小单双投注:小|标识ID587#-100#234046143
2016-04-11 16:16:00#好彩一第2016060期大小单双投注:单|标识ID588#-100#234046043
2016-04-11 16:16:07#好彩一第2016060期大小单双投注:双|标识ID589#-100#234045943
2016-04-11 16:16:19#好彩一第2016060期六肖中奖投注:鼠,牛,虎,兔,龙,蛇|标识ID590#-100#234045843
2016-04-11 16:16:28#好彩一第2016060期六肖中奖投注:马,羊,猴,鸡,狗,猪|标识ID591#-100#234045743
2016-04-11 16:16:35#好彩一第2016060期尾数大小投注:大|标识ID592#-100#234045643
2016-04-11 16:16:41#好彩一第2016060期尾数大小投注:小|标识ID593#-100#234045543
2016-04-11 16:16:49#好彩一第2016060期尾数单双投注:单|标识ID594#-100#234045443
2016-04-11 16:16:55#好彩一第2016060期尾数单双投注:双|标识ID595#-100#234045343
2016-04-11 16:17:04#好彩一第2016060期家禽野兽投注:家禽|标识ID596#-100#234045243
2016-04-11 16:17:10#好彩一第2016060期家禽野兽投注:野兽|标识ID597#-100#234045143
2016-04-11 16:18:36#好彩一兑奖-标识ID597#192#234045335
2016-04-11 16:18:36#好彩一兑奖-标识ID595#192#234045527
2016-04-11 16:18:36#好彩一兑奖-标识ID593#192#234045719
2016-04-11 16:18:36#好彩一兑奖-标识ID590#192#234045911
2016-04-11 16:18:36#好彩一兑奖-标识ID589#192#234046103
2016-04-11 16:18:36#好彩一兑奖-标识ID587#192#234046295
2016-04-11 16:18:36#好彩一兑奖-标识ID584#300#234046595
2016-04-11 16:18:36#好彩一兑奖-标识ID582#300#234046895
2016-04-11 16:18:36#好彩一兑奖-标识ID580#800#234047695
2016-04-11 16:18:36#好彩一兑奖-标识ID575#2500#234050195
2016-04-11 16:18:59#好彩一第2016061期选号玩法投注:5|标识ID598#-100#234050095
2016-04-11 16:19:06#好彩一第2016061期选号玩法投注:9|标识ID599#-100#234049995
2016-04-11 16:19:17#好彩一第2016061期选号玩法投注:25|标识ID600#-100#234049895
2016-04-11 16:19:27#好彩一第2016061期生肖玩法投注:龙|标识ID601#-100#234049795
2016-04-11 16:19:34#好彩一第2016061期生肖玩法投注:牛|标识ID602#-100#234049695
2016-04-11 16:19:41#好彩一第2016061期生肖玩法投注:狗|标识ID603#-100#234049595
2016-04-11 16:19:48#好彩一第2016061期四季玩法投注:春|标识ID604#-100#234049495
2016-04-11 16:19:56#好彩一第2016061期四季玩法投注:秋|标识ID605#-100#234049395
2016-04-11 16:20:08#好彩一第2016061期方位玩法投注:东|标识ID606#-100#234049295
2016-04-11 16:20:20#好彩一第2016061期方位玩法投注:东|标识ID607#-100#234049195
2016-04-11 16:20:28#好彩一第2016061期大小单双投注:大|标识ID608#-100#234049095
2016-04-11 16:20:34#好彩一第2016061期大小单双投注:小|标识ID609#-100#234048995
2016-04-11 16:20:42#好彩一第2016061期大小单双投注:单|标识ID610#-100#234048895
2016-04-11 16:20:50#好彩一第2016061期大小单双投注:双|标识ID611#-100#234048795
2016-04-11 16:21:13#好彩一第2016061期六肖中奖投注:鼠,龙,猴,牛,蛇,鸡|标识ID612#-100#234048695
2016-04-11 16:21:22#好彩一第2016061期六肖中奖投注:虎,马,狗,兔,羊,猪|标识ID613#-100#234048595
2016-04-11 16:21:28#好彩一第2016061期尾数单双投注:单|标识ID614#-100#234048495
2016-04-11 16:21:34#好彩一第2016061期尾数单双投注:双|标识ID615#-100#234048395
2016-04-11 16:21:46#好彩一第2016061期家禽野兽投注:家禽|标识ID616#-100#234048295
2016-04-11 16:21:52#好彩一第2016061期家禽野兽投注:野兽|标识ID617#-100#234048195
2016-04-11 16:24:09#好彩一兑奖-标识ID617#192#234048387
2016-04-11 16:24:09#好彩一兑奖-标识ID614#192#234048579
2016-04-11 16:24:09#好彩一兑奖-标识ID612#192#234048771
2016-04-11 16:24:09#好彩一兑奖-标识ID610#192#234048963
2016-04-11 16:24:09#好彩一兑奖-标识ID609#192#234049155
2016-04-11 16:24:09#好彩一兑奖-标识ID607#300#234049455
2016-04-11 16:24:09#好彩一兑奖-标识ID606#300#234049755
2016-04-11 16:24:09#好彩一兑奖-标识ID604#300#234050055
2016-04-11 16:24:09#好彩一兑奖-标识ID601#800#234050855
2016-04-11 16:24:09#好彩一兑奖-标识ID598#2500#234053355
2016-04-11 16:24:54#好彩一第2016062期选号玩法投注:6|标识ID618#-100#234053255
2016-04-11 16:25:01#好彩一第2016062期选号玩法投注:9|标识ID619#-100#234053155
2016-04-11 16:25:09#好彩一第2016062期选号玩法投注:15|标识ID620#-100#234053055
2016-04-11 16:25:17#好彩一第2016062期生肖玩法投注:蛇|标识ID621#-100#234052955
2016-04-11 16:25:23#好彩一第2016062期生肖玩法投注:虎|标识ID622#-100#234052855
2016-04-11 16:25:31#好彩一第2016062期方位玩法投注:东|标识ID623#-100#234052755
2016-04-11 16:25:36#好彩一第2016062期方位玩法投注:南|标识ID624#-100#234052655
2016-04-11 16:25:45#好彩一第2016062期四季玩法投注:春|标识ID625#-100#234052555
2016-04-11 16:25:53#好彩一第2016062期四季玩法投注:秋|标识ID626#-100#234052455
2016-04-11 16:26:05#好彩一第2016062期六肖中奖投注:鼠,龙,猴,牛,蛇,鸡|标识ID627#-100#234052355
2016-04-11 16:26:55#好彩一第2016062期六肖中奖投注:兔,羊,猪,狗,马,虎|标识ID628#-100#234052255
2016-04-11 16:27:04#好彩一第2016062期家禽野兽投注:家禽|标识ID629#-100#234052155
2016-04-11 16:27:10#好彩一第2016062期家禽野兽投注:野兽|标识ID630#-100#234052055
2016-04-11 16:31:48#好彩一兑奖-标识ID627#192#234052247
2016-04-11 16:31:48#好彩一兑奖-标识ID625#300#234052547
2016-04-11 16:31:48#好彩一兑奖-标识ID624#300#234052847
2016-04-11 16:31:48#好彩一兑奖-标识ID621#800#234053647
2016-04-11 16:31:48#好彩一兑奖-标识ID618#2500#234056147
2016-04-11 16:31:58#好彩一第2016063期选号玩法投注:7|标识ID631#-100#234056047
2016-04-11 16:32:07#好彩一第2016063期选号玩法投注:21|标识ID632#-100#234055947
2016-04-11 16:32:17#好彩一第2016063期生肖玩法投注:马|标识ID633#-100#234055847
2016-04-11 16:32:27#好彩一第2016063期生肖玩法投注:鼠|标识ID634#-100#234055747
2016-04-11 16:32:37#好彩一第2016063期方位玩法投注:东|标识ID635#-100#234055647
2016-04-11 16:32:43#好彩一第2016063期方位玩法投注:北|标识ID636#-100#234055547
2016-04-11 16:32:51#好彩一第2016063期四季玩法投注:春|标识ID637#-100#234055447
2016-04-11 16:32:57#好彩一第2016063期四季玩法投注:秋|标识ID638#-100#234055347
2016-04-11 16:33:12#好彩一第2016063期六肖中奖投注:鼠,牛,虎,兔,龙,蛇|标识ID639#-100#234055247
2016-04-11 16:33:23#好彩一第2016063期六肖中奖投注:马,羊,猴,鸡,狗,猪|标识ID640#-100#234055147
2016-04-11 16:56:40#好彩一兑奖-标识ID640#192#234055339
2016-04-11 16:56:40#好彩一兑奖-标识ID637#300#234055639
2016-04-11 16:56:40#好彩一兑奖-标识ID635#300#234055939
2016-04-11 16:56:40#好彩一兑奖-标识ID633#800#234056739
2016-04-11 16:56:40#好彩一兑奖-标识ID631#2500#234059239
2016-04-11 17:01:58#好彩一第2016064期选号玩法投注:8|标识ID641#-100#234059139
2016-04-11 17:02:07#好彩一第2016064期选号玩法投注:15|标识ID642#-100#234059039
2016-04-11 17:02:16#好彩一第2016064期生肖玩法投注:羊|标识ID643#-100#234058939
2016-04-11 17:02:25#好彩一第2016064期生肖玩法投注:龙|标识ID644#-100#234058839
2016-04-11 17:02:35#好彩一第2016064期方位玩法投注:南|标识ID645#-100#234058739
2016-04-11 17:02:45#好彩一第2016064期生肖玩法投注:虎|标识ID646#-100#234058639
2016-04-11 17:03:13#好彩一第2016064期四季玩法投注:春|标识ID647#-100#234058539
2016-04-11 17:03:20#好彩一第2016064期四季玩法投注:秋|标识ID648#-100#234058439
2016-04-11 17:03:40#好彩一第2016064期六肖中奖投注:兔,羊,虎,牛,鼠,马|标识ID649#-100#234058339
2016-04-11 17:03:50#好彩一第2016064期六肖中奖投注:蛇,龙,猴,鸡,狗,猪|标识ID650#-100#234058239
2016-04-11 17:05:39#好彩一兑奖-标识ID649#192#234058431
2016-04-11 17:05:39#好彩一兑奖-标识ID647#300#234058731
2016-04-11 17:05:39#好彩一兑奖-标识ID645#300#234059031
2016-04-11 17:05:39#好彩一兑奖-标识ID643#800#234059831
2016-04-11 17:05:39#好彩一兑奖-标识ID641#2500#234062331
2016-04-11 17:05:50#好彩一第2016065期选号玩法投注:9|标识ID651#-100#234062231
2016-04-11 17:05:57#好彩一第2016065期选号玩法投注:23|标识ID652#-100#234062131
2016-04-11 17:06:05#好彩一第2016065期生肖玩法投注:虎|标识ID653#-100#234062031
2016-04-11 17:06:18#好彩一第2016065期生肖玩法投注:猴|标识ID654#-100#234061931
2016-04-11 17:06:35#好彩一第2016065期方位玩法投注:南|标识ID655#-100#234061831
2016-04-11 17:06:43#好彩一第2016065期方位玩法投注:西|标识ID656#-100#234061731
2016-04-11 17:06:49#好彩一第2016065期四季玩法投注:冬|标识ID657#-100#234061631
2016-04-11 17:06:57#好彩一第2016065期四季玩法投注:春|标识ID658#-100#234061531
2016-04-11 17:27:18#好彩一第2016065期六肖中奖投注:虎,马,蛇,龙,鼠,鸡|标识ID659#-100#234061431
2016-04-11 17:27:32#好彩一第2016065期六肖中奖投注:牛,狗,鸡,猴,猪,羊|标识ID660#-100#234061331
2016-04-11 17:28:09#好彩一第2016065期家禽野兽投注:家禽|标识ID661#-100#234061231
2016-04-11 17:28:14#好彩一第2016065期家禽野兽投注:野兽|标识ID662#-100#234061131
2016-04-11 17:28:40#好彩一兑奖-标识ID662#192#234061323
2016-04-11 17:28:40#好彩一兑奖-标识ID660#192#234061515
2016-04-11 17:28:40#好彩一兑奖-标识ID658#300#234061815
2016-04-11 17:28:40#好彩一兑奖-标识ID654#800#234062615
2016-04-11 17:28:40#好彩一兑奖-标识ID651#2500#234065115
2016-04-11 17:37:36#好彩一第2016066期选号玩法投注:10|标识ID663#-100#234065015
2016-04-11 17:39:49#好彩一第2016066期选号玩法投注:21|标识ID664#-100#234064915
2016-04-11 17:39:57#好彩一第2016066期生肖玩法投注:鸡|标识ID665#-100#234064815
2016-04-11 17:40:03#好彩一第2016066期生肖玩法投注:兔|标识ID666#-100#234064715
2016-04-11 17:40:15#好彩一第2016066期方位玩法投注:南|标识ID667#-100#234064615
2016-04-11 17:40:30#好彩一第2016066期方位玩法投注:北|标识ID668#-100#234064515
2016-04-11 17:40:39#好彩一第2016066期四季玩法投注:夏|标识ID669#-100#234064415
2016-04-11 17:40:45#好彩一第2016066期四季玩法投注:秋|标识ID670#-100#234064315
2016-04-11 18:17:47#好彩一兑奖-标识ID669#300#234064615
2016-04-11 18:17:47#好彩一兑奖-标识ID667#300#234064915
2016-04-11 18:17:47#好彩一兑奖-标识ID665#800#234065715
2016-04-11 18:17:47#好彩一兑奖-标识ID663#2500#234068215
2016-04-11 18:18:38#好彩一第2016067期选号玩法投注:11|标识ID671#-100#234068115
2016-04-11 18:18:45#好彩一第2016067期选号玩法投注:16|标识ID672#-100#234068015
2016-04-11 18:18:56#好彩一第2016067期生肖玩法投注:狗|标识ID673#-100#234067915
2016-04-11 18:19:02#好彩一第2016067期生肖玩法投注:牛|标识ID674#-100#234067815
2016-04-11 18:19:13#好彩一第2016067期方位玩法投注:东|标识ID675#-100#234067715
2016-04-11 18:19:19#好彩一第2016067期方位玩法投注:北|标识ID676#-100#234067615
2016-04-11 18:19:28#好彩一第2016067期四季玩法投注:夏|标识ID677#-100#234067515
2016-04-11 18:19:34#好彩一第2016067期四季玩法投注:秋|标识ID678#-100#234067415
2016-04-11 18:19:46#好彩一第2016067期六肖中奖投注:兔,羊,猪,狗,鸡,猴|标识ID679#-100#234067315
2016-04-11 18:19:55#好彩一第2016067期六肖中奖投注:鼠,牛,虎,马,蛇,龙|标识ID680#-100#234067215
2016-04-11 18:20:04#好彩一第2016067期家禽野兽投注:野兽|标识ID681#-100#234067115
2016-04-11 18:22:25#好彩一兑奖-标识ID679#192#234067307
2016-04-11 18:22:25#好彩一兑奖-标识ID677#300#234067607
2016-04-11 18:22:25#好彩一兑奖-标识ID675#300#234067907
2016-04-11 18:22:25#好彩一兑奖-标识ID673#800#234068707
2016-04-11 18:22:25#好彩一兑奖-标识ID671#2500#234071207
2016-04-11 18:23:04#好彩一第2016068期选号玩法投注:12|标识ID682#-100#234071107
2016-04-11 18:23:12#好彩一第2016068期选号玩法投注:9|标识ID683#-100#234071007
2016-04-11 18:23:21#好彩一第2016068期生肖玩法投注:猪|标识ID684#-100#234070907
2016-04-11 18:23:27#好彩一第2016068期生肖玩法投注:虎|标识ID685#-100#234070807
2016-04-11 18:23:37#好彩一第2016068期方位玩法投注:南|标识ID686#-100#234070707
2016-04-11 18:23:44#好彩一第2016068期方位玩法投注:北|标识ID687#-100#234070607
2016-04-11 18:26:22#好彩一第2016068期四季玩法投注:夏|标识ID688#-100#234070507
2016-04-11 18:26:28#好彩一第2016068期四季玩法投注:冬|标识ID689#-100#234070407
2016-04-11 18:26:41#好彩一第2016068期六肖中奖投注:猪,蛇,虎,牛,鼠,猴|标识ID690#-100#234070307
2016-04-11 19:04:12#好彩一兑奖-标识ID690#192#234070499
2016-04-11 19:04:12#好彩一兑奖-标识ID688#300#234070799
2016-04-11 19:04:12#好彩一兑奖-标识ID686#300#234071099
2016-04-11 19:04:12#好彩一兑奖-标识ID684#800#234071899
2016-04-11 19:04:12#好彩一兑奖-标识ID682#2500#234074399
2016-04-11 19:04:24#好彩一第2016069期选号玩法投注:13|标识ID691#-100#234074299
2016-04-11 19:05:01#好彩一第2016069期选号玩法投注:33|标识ID692#-100#234074199
2016-04-11 19:05:14#好彩一第2016069期生肖玩法投注:鼠|标识ID693#-100#234074099
2016-04-11 19:05:20#好彩一第2016069期生肖玩法投注:兔|标识ID694#-100#234073999
2016-04-11 19:05:30#好彩一第2016069期四季玩法投注:夏|标识ID695#-100#234073899
2016-04-11 19:05:43#好彩一第2016069期方位玩法投注:北|标识ID696#-100#234073799
2016-04-11 19:05:51#好彩一第2016069期方位玩法投注:东|标识ID697#-100#234073699
2016-04-11 19:06:41#好彩一第2016070期选号玩法投注:14|标识ID698#-100#234073599
2016-04-11 19:06:58#好彩一第2016070期选号玩法投注:24|标识ID699#-100#234073499
2016-04-11 19:07:05#好彩一第2016070期生肖玩法投注:牛|标识ID700#-100#234073399
2016-04-11 19:07:12#好彩一第2016070期生肖玩法投注:兔|标识ID701#-100#234073299
2016-04-11 19:07:23#好彩一第2016070期六肖中奖投注:狗,马,牛,龙,蛇,鸡|标识ID702#-100#234073199
2016-04-11 19:07:28#好彩一兑奖-标识ID697#300#234073499
2016-04-11 19:07:28#好彩一兑奖-标识ID695#300#234073799
2016-04-11 19:07:28#好彩一兑奖-标识ID693#800#234074599
2016-04-11 19:07:28#好彩一兑奖-标识ID691#2500#234077099
2016-04-11 19:07:43#好彩一第2016070期四季玩法投注:夏|标识ID703#-100#234076999
2016-04-11 19:07:55#好彩一第2016070期方位玩法投注:东|标识ID704#-100#234076899
2016-04-11 19:08:00#好彩一第2016070期方位玩法投注:南|标识ID705#-100#234076799
2016-04-11 19:10:39#好彩一兑奖-标识ID705#300#234077099
2016-04-11 19:10:39#好彩一兑奖-标识ID703#300#234077399
2016-04-11 19:10:39#好彩一兑奖-标识ID702#192#234077591
2016-04-11 19:10:39#好彩一兑奖-标识ID700#800#234078391
2016-04-11 19:10:39#好彩一兑奖-标识ID698#2500#234080891
2016-04-11 19:11:04#好彩一第2016071期选号玩法投注:15|标识ID706#-100#234080791
2016-04-11 19:11:14#好彩一第2016071期选号玩法投注:15,16|标识ID707#-200#234080591
2016-04-11 19:11:23#好彩一第2016071期生肖玩法投注:虎|标识ID708#-100#234080491
2016-04-11 19:11:34#好彩一第2016071期生肖玩法投注:鼠|标识ID709#-100#234080391
2016-04-11 19:11:45#好彩一第2016071期方位玩法投注:东|标识ID710#-100#234080291
2016-04-11 19:11:51#好彩一第2016071期方位玩法投注:北|标识ID711#-100#234080191
2016-04-11 19:11:57#好彩一第2016071期四季玩法投注:夏|标识ID712#-100#234080091
2016-04-11 19:12:27#好彩一第2016071期四季玩法投注:秋|标识ID713#-100#234079991
2016-04-11 19:24:35#好彩一兑奖-标识ID712#300#234080291
2016-04-11 19:24:35#好彩一兑奖-标识ID710#300#234080591
2016-04-11 19:24:35#好彩一兑奖-标识ID708#800#234081391
2016-04-11 19:24:35#好彩一兑奖-标识ID707#2500#234083891
2016-04-11 19:24:35#好彩一兑奖-标识ID706#2500#234086391
2016-04-11 19:57:53#好彩一第2016072期选号玩法投注:16,17,27,34|标识ID714#-400#234085991
2016-04-11 19:58:05#好彩一第2016072期生肖玩法投注:兔|标识ID715#-100#234085891
2016-04-11 19:58:16#好彩一第2016072期生肖玩法投注:狗|标识ID716#-100#234085791
2016-04-11 19:58:40#好彩一第2016072期方位玩法投注:南|标识ID717#-100#234085691
2016-04-11 19:58:50#好彩一第2016072期方位玩法投注:西|标识ID718#-100#234085591
2016-04-11 19:58:56#好彩一第2016072期四季玩法投注:秋|标识ID719#-100#234085491
2016-04-11 19:59:03#好彩一第2016072期四季玩法投注:夏|标识ID720#-100#234085391
2016-04-11 20:01:34#好彩一兑奖-标识ID720#300#234085691
2016-04-11 20:01:34#好彩一兑奖-标识ID717#300#234085991
2016-04-11 20:01:34#好彩一兑奖-标识ID715#800#234086791
2016-04-11 20:01:34#好彩一兑奖-标识ID714#2500#234089291
2016-04-11 20:01:51#好彩一第2016073期选号玩法投注:17,21,27,26|标识ID721#-400#234088891
2016-04-11 20:02:03#好彩一第2016073期生肖玩法投注:龙|标识ID722#-100#234088791
2016-04-11 20:02:10#好彩一第2016073期生肖玩法投注:虎|标识ID723#-100#234088691
2016-04-11 20:02:17#好彩一第2016073期四季玩法投注:春|标识ID724#-100#234088591
2016-04-11 20:02:23#好彩一第2016073期四季玩法投注:夏|标识ID725#-100#234088491
2016-04-11 20:02:31#好彩一第2016073期方位玩法投注:东|标识ID726#-100#234088391
2016-04-11 20:02:37#好彩一第2016073期方位玩法投注:北|标识ID727#-100#234088291
2016-04-11 20:03:12#好彩一第2016073期方位玩法投注:东|标识ID728#-100#234088191
2016-04-11 20:04:27#好彩一第2016074期选号玩法投注:18,19,35,34,17|标识ID729#-500#234087691
2016-04-11 20:04:33#好彩一兑奖-标识ID728#300#234087991
2016-04-11 20:04:33#好彩一兑奖-标识ID726#300#234088291
2016-04-11 20:04:33#好彩一兑奖-标识ID725#300#234088591
2016-04-11 20:04:33#好彩一兑奖-标识ID722#800#234089391
2016-04-11 20:04:33#好彩一兑奖-标识ID721#2500#234091891
2016-04-11 20:04:46#好彩一第2016074期生肖玩法投注:蛇|标识ID730#-100#234091791
2016-04-11 20:04:52#好彩一第2016074期生肖玩法投注:鸡|标识ID731#-100#234091691
2016-04-11 20:04:59#好彩一第2016074期方位玩法投注:南|标识ID732#-100#234091591
2016-04-11 20:05:06#好彩一第2016074期方位玩法投注:北|标识ID733#-100#234091491
2016-04-11 20:05:40#好彩一第2016074期四季玩法投注:夏|标识ID734#-100#234091391
2016-04-11 20:05:48#好彩一第2016074期四季玩法投注:冬|标识ID735#-100#234091291
2016-04-11 20:09:05#好彩一兑奖-标识ID734#300#234091591
2016-04-11 20:09:05#好彩一兑奖-标识ID732#300#234091891
2016-04-11 20:09:05#好彩一兑奖-标识ID730#800#234092691
2016-04-11 20:09:05#好彩一兑奖-标识ID729#2500#234095191
2016-04-11 20:10:09#好彩一第2016075期选号玩法投注:19,20,21,22,34,35|标识ID736#-600#234094591
2016-04-11 20:10:26#好彩一第2016075期生肖玩法投注:马|标识ID737#-100#234094491
2016-04-11 20:10:33#好彩一第2016075期生肖玩法投注:兔|标识ID738#-100#234094391
2016-04-11 20:11:41#好彩一第2016075期四季玩法投注:秋|标识ID739#-100#234094291
2016-04-11 20:11:50#好彩一第2016075期四季玩法投注:夏|标识ID740#-100#234094191
2016-04-11 20:11:57#好彩一第2016075期方位玩法投注:西|标识ID741#-100#234094091
2016-04-11 20:12:05#好彩一第2016075期方位玩法投注:南|标识ID742#-100#234093991
2016-04-11 20:17:42#好彩一兑奖-标识ID741#300#234094291
2016-04-11 20:17:42#好彩一兑奖-标识ID739#300#234094591
2016-04-11 20:17:42#好彩一兑奖-标识ID737#800#234095391
2016-04-11 20:17:42#好彩一兑奖-标识ID736#2500#234097891
2016-04-11 20:18:07#好彩一第2016076期选号玩法投注:20,26,32,27,33|标识ID743#-500#234097391
2016-04-11 20:22:19#好彩一第2016076期生肖玩法投注:羊|标识ID744#-100#234097291
2016-04-11 20:22:26#好彩一第2016076期生肖玩法投注:牛|标识ID745#-100#234097191
2016-04-11 20:22:40#好彩一第2016076期生肖玩法投注:虎|标识ID746#-100#234097091
2016-04-11 20:22:48#好彩一第2016076期方位玩法投注:北|标识ID747#-100#234096991
2016-04-11 20:22:54#好彩一第2016076期方位玩法投注:南|标识ID748#-100#234096891
2016-04-11 20:23:04#好彩一第2016076期四季玩法投注:冬|标识ID749#-100#234096791
2016-04-11 20:23:10#好彩一第2016076期四季玩法投注:秋|标识ID750#-100#234096691
2016-04-11 20:25:04#好彩一兑奖-标识ID750#300#234096991
2016-04-11 20:25:04#好彩一兑奖-标识ID747#300#234097291
2016-04-11 20:25:04#好彩一兑奖-标识ID744#800#234098091
2016-04-11 20:25:04#好彩一兑奖-标识ID743#2500#234100591
2016-04-11 20:25:32#好彩一第2016077期选号玩法投注:21,26,27,16|标识ID751#-400#234100191
2016-04-11 20:25:43#好彩一第2016077期生肖玩法投注:猴|标识ID752#-100#234100091
2016-04-11 20:25:49#好彩一第2016077期生肖玩法投注:兔|标识ID753#-100#234099991
2016-04-11 20:25:55#好彩一第2016077期方位玩法投注:北|标识ID754#-100#234099891
2016-04-11 20:26:01#好彩一第2016077期方位玩法投注:西|标识ID755#-100#234099791
2016-04-11 20:26:09#好彩一第2016077期四季玩法投注:秋|标识ID756#-100#234099691
2016-04-11 20:26:15#好彩一第2016077期四季玩法投注:夏|标识ID757#-100#234099591
2016-04-11 20:26:36#好彩一第2016077期六肖中奖投注:兔,羊,猪,狗,蛇,马|标识ID758#-100#234099491
2016-04-11 20:27:32#好彩一兑奖-标识ID756#300#234099791
2016-04-11 20:27:32#好彩一兑奖-标识ID755#300#234100091
2016-04-11 20:27:32#好彩一兑奖-标识ID752#800#234100891
2016-04-11 20:27:32#好彩一兑奖-标识ID751#2500#234103391
2016-04-11 20:27:50#好彩一第2016078期选号玩法投注:22,28,29,23,33,34,21,20,14,8,2,10,17,30|标识ID759#-1400#234101991
2016-04-11 20:27:59#好彩一第2016078期生肖玩法投注:鸡|标识ID760#-100#234101891
2016-04-11 20:28:08#好彩一第2016078期生肖玩法投注:狗|标识ID761#-100#234101791
2016-04-11 20:28:18#好彩一第2016078期方位玩法投注:北|标识ID762#-100#234101691
2016-04-11 20:28:26#好彩一第2016078期方位玩法投注:西|标识ID763#-100#234101591
2016-04-11 20:28:33#好彩一第2016078期四季玩法投注:秋|标识ID764#-100#234101491
2016-04-11 20:28:39#好彩一第2016078期四季玩法投注:夏|标识ID765#-100#234101391
2016-04-11 20:28:54#好彩一第2016078期大小单双投注:小|标识ID766#-100#234101291
2016-04-11 20:29:00#好彩一第2016078期大小单双投注:双|标识ID767#-100#234101191
2016-04-11 20:31:23#好彩一兑奖-标识ID767#192#234101383
2016-04-11 20:31:23#好彩一兑奖-标识ID764#300#234101683
2016-04-11 20:31:23#好彩一兑奖-标识ID762#300#234101983
2016-04-11 20:31:23#好彩一兑奖-标识ID760#800#234102783
2016-04-11 20:31:23#好彩一兑奖-标识ID759#2500#234105283
2016-04-11 20:34:12#好彩一第2016079期选号玩法投注:23,3,26,27,36,35,34,33,14,15|标识ID768#-1000#234104283
2016-04-11 20:34:55#好彩一第2016079期生肖玩法投注:狗|标识ID769#-100#234104183
2016-04-11 20:35:01#好彩一第2016079期生肖玩法投注:龙|标识ID770#-100#234104083
2016-04-11 20:35:07#好彩一第2016079期方位玩法投注:北|标识ID771#-100#234103983
2016-04-11 20:35:22#好彩一第2016079期六肖中奖投注:狗,猪,马,龙,牛,羊|标识ID772#-100#234103883
2016-04-11 20:35:37#好彩一第2016079期四季玩法投注:秋|标识ID773#-100#234103783
2016-04-11 20:35:43#好彩一第2016079期四季玩法投注:夏|标识ID774#-100#234103683
2016-04-11 20:35:49#好彩一第2016079期大小单双投注:单|标识ID775#-100#234103583
2016-04-11 20:35:58#好彩一第2016079期尾数大小投注:大|标识ID776#-100#234103483
2016-04-11 20:37:08#好彩一兑奖-标识ID775#192#234103675
2016-04-11 20:37:08#好彩一兑奖-标识ID773#300#234103975
2016-04-11 20:37:08#好彩一兑奖-标识ID772#192#234104167
2016-04-11 20:37:08#好彩一兑奖-标识ID769#800#234104967
2016-04-11 20:37:08#好彩一兑奖-标识ID768#2500#234107467
2016-04-11 20:37:24#好彩一第2016080期选号玩法投注:24,29,28,22,16,9,14,26|标识ID777#-800#234106667
2016-04-11 20:37:37#好彩一第2016080期生肖玩法投注:猪|标识ID778#-100#234106567
2016-04-11 20:37:43#好彩一第2016080期生肖玩法投注:兔|标识ID779#-100#234106467
2016-04-11 20:37:48#好彩一第2016080期四季玩法投注:冬|标识ID780#-100#234106367
2016-04-11 20:37:58#好彩一第2016080期大小单双投注:小|标识ID781#-100#234106267
2016-04-11 20:38:04#好彩一第2016080期家禽野兽投注:家禽|标识ID782#-100#234106167
2016-04-11 20:38:13#好彩一第2016080期六肖中奖投注:兔,虎,牛,蛇,鸡,猴|标识ID783#-100#234106067
2016-04-11 20:43:06#好彩一兑奖-标识ID782#192#234106259
2016-04-11 20:43:06#好彩一兑奖-标识ID778#800#234107059
2016-04-11 20:43:06#好彩一兑奖-标识ID777#2500#234109559
2016-04-11 20:43:21#好彩一第2016081期选号玩法投注:25,32,33,34,35,36,28|标识ID784#-700#234108859
2016-04-11 20:43:28#好彩一第2016081期生肖玩法投注:鼠|标识ID785#-100#234108759
2016-04-11 20:43:34#好彩一第2016081期生肖玩法投注:兔|标识ID786#-100#234108659
2016-04-11 20:43:41#好彩一第2016081期尾数单双投注:双|标识ID787#-100#234108559
2016-04-11 20:43:49#好彩一第2016081期家禽野兽投注:野兽|标识ID788#-100#234108459
2016-04-11 20:44:01#好彩一第2016081期方位玩法投注:西|标识ID789#-100#234108359
2016-04-11 20:44:13#好彩一第2016081期方位玩法投注:东|标识ID790#-100#234108259
2016-04-11 20:44:56#好彩一兑奖-标识ID789#300#234108559
2016-04-11 20:44:56#好彩一兑奖-标识ID788#192#234108751
2016-04-11 20:44:56#好彩一兑奖-标识ID785#800#234109551
2016-04-11 20:44:56#好彩一兑奖-标识ID784#2500#234112051
2016-04-11 21:04:46#好彩一第2016082期选号玩法投注:26,27,15,21,3,9,10,36,33,32|标识ID791#-1000#234111051
2016-04-11 21:04:58#好彩一第2016082期生肖玩法投注:牛|标识ID792#-100#234110951
2016-04-11 21:05:05#好彩一第2016082期生肖玩法投注:兔|标识ID793#-100#234110851
2016-04-11 21:05:15#好彩一第2016082期四季玩法投注:秋|标识ID794#-200#234110651
2016-04-11 21:05:21#好彩一第2016082期四季玩法投注:冬|标识ID795#-300#234110351
2016-04-11 21:05:30#好彩一第2016082期方位玩法投注:北|标识ID796#-100#234110251
2016-04-11 21:05:37#好彩一第2016082期方位玩法投注:东|标识ID797#-500#234109751
2016-04-11 21:05:42#好彩一第2016082期尾数单双投注:双|标识ID798#-100#234109651
2016-04-11 21:05:49#好彩一第2016082期家禽野兽投注:家禽|标识ID799#-100#234109551
2016-04-11 21:05:58#好彩一第2016082期六肖中奖投注:兔,牛,蛇,马,狗,鸡|标识ID800#-150#234109401
2016-04-11 21:06:46#好彩一兑奖-标识ID800#288#234109689
2016-04-11 21:06:46#好彩一兑奖-标识ID799#192#234109881
2016-04-11 21:06:46#好彩一兑奖-标识ID798#192#234110073
2016-04-11 21:06:46#好彩一兑奖-标识ID796#300#234110373
2016-04-11 21:06:46#好彩一兑奖-标识ID794#600#234110973
2016-04-11 21:06:46#好彩一兑奖-标识ID792#800#234111773
2016-04-11 21:06:46#好彩一兑奖-标识ID791#2500#234114273
2016-04-11 21:06:46#好彩一兑奖-标识ID789#300#234114573
2016-04-11 21:06:46#好彩一兑奖-标识ID788#192#234114765
2016-04-11 21:06:46#好彩一兑奖-标识ID785#800#234115565
2016-04-11 21:06:48#好彩一兑奖-标识ID784#2500#234118065
2016-04-11 21:08:47#好彩一第2016083期选号玩法投注:27,26,32,20,14,2,1,7|标识ID801#-800#234117265
2016-04-11 21:08:54#好彩一第2016083期生肖玩法投注:虎|标识ID802#-100#234117165
2016-04-11 21:09:00#好彩一第2016083期生肖玩法投注:猪|标识ID803#-100#234117065
2016-04-11 21:09:06#好彩一第2016083期方位玩法投注:北|标识ID804#-100#234116965
2016-04-11 21:09:13#好彩一第2016083期四季玩法投注:春|标识ID805#-100#234116865
2016-04-11 21:09:18#好彩一第2016083期尾数单双投注:单|标识ID806#-100#234116765
2016-04-11 21:10:24#好彩一兑奖-标识ID806#192#234116957
2016-04-11 21:10:24#好彩一兑奖-标识ID802#800#234117757
2016-04-11 21:10:24#好彩一兑奖-标识ID801#2500#234120257
2016-04-11 21:11:19#好彩一第2016084期选号玩法投注:28,27,33,11,10,9|标识ID807#-600#234119657
2016-04-11 21:11:24#好彩一第2016084期生肖玩法投注:兔|标识ID808#-100#234119557
2016-04-11 21:11:36#好彩一第2016084期方位玩法投注:东|标识ID809#-100#234119457
2016-04-11 21:11:42#好彩一第2016084期方位玩法投注:西|标识ID810#-100#234119357
2016-04-11 21:11:51#好彩一第2016084期大小单双投注:单|标识ID811#-100#234119257
2016-04-11 21:11:57#好彩一第2016084期尾数大小投注:大|标识ID812#-100#234119157
2016-04-11 21:12:05#好彩一第2016084期六肖中奖投注:兔,虎,蛇,鸡,狗,马|标识ID813#-100#234119057
2016-04-11 21:12:17#好彩一第2016084期家禽野兽投注:野兽|标识ID814#-100#234118957
2016-04-11 21:12:30#好彩一兑奖-标识ID814#192#234119149
2016-04-11 21:12:30#好彩一兑奖-标识ID813#192#234119341
2016-04-11 21:12:30#好彩一兑奖-标识ID812#192#234119533
2016-04-11 21:12:30#好彩一兑奖-标识ID808#800#234120333
2016-04-11 21:12:30#好彩一兑奖-标识ID807#2500#234122833
2016-04-11 21:14:09#好彩一第2016085期选号玩法投注:29,34,33,32,20,15,21|标识ID815#-3500#234119333
2016-04-11 21:14:16#好彩一第2016085期生肖玩法投注:兔|标识ID816#-100#234119233
2016-04-11 21:14:22#好彩一第2016085期生肖玩法投注:蛇|标识ID817#-100#234119133
2016-04-11 21:14:29#好彩一第2016085期四季玩法投注:冬|标识ID818#-400#234118733
2016-04-11 21:14:36#好彩一第2016085期四季玩法投注:夏|标识ID819#-1000#234117733
2016-04-11 21:14:42#好彩一第2016085期方位玩法投注:西|标识ID820#-4100#234113633
2016-04-11 21:14:48#好彩一第2016085期大小单双投注:单|标识ID821#-410#234113223
2016-04-11 21:15:22#好彩一第2016085期家禽野兽投注:野兽|标识ID822#-100#234113123
2016-04-11 21:16:06#好彩一兑奖-标识ID822#192#234113315
2016-04-11 21:16:06#好彩一兑奖-标识ID821#787#234114102
2016-04-11 21:16:06#好彩一兑奖-标识ID820#12300#234126402
2016-04-11 21:16:06#好彩一兑奖-标识ID818#1200#234127602
2016-04-11 21:16:06#好彩一兑奖-标识ID815#12500#234140102
2016-04-11 21:16:44#好彩一第2016086期选号玩法投注:30,35,20,14,8,9,15,21,27,33|标识ID823#-1000#234139102
2016-04-11 21:16:49#好彩一第2016086期生肖玩法投注:虎|标识ID824#-100#234139002
2016-04-11 21:16:55#好彩一第2016086期生肖玩法投注:虎|标识ID825#-1000#234138002
2016-04-11 21:17:18#好彩一第2016086期六肖中奖投注:马,龙,鸡,猪,狗,蛇|标识ID826#-500#234137502
2016-04-11 21:17:29#好彩一第2016086期生肖玩法投注:鼠|标识ID827#-100#234137402
2016-04-11 21:17:34#好彩一第2016086期大小单双投注:大|标识ID828#-400#234137002
2016-04-11 21:17:43#好彩一第2016086期尾数单双投注:单|标识ID829#-4100#234132902
2016-04-11 21:17:49#好彩一第2016086期家禽野兽投注:家禽|标识ID830#-401#234132501
2016-04-11 21:18:07#好彩一兑奖-标识ID828#768#234133269
2016-04-11 21:18:07#好彩一兑奖-标识ID826#960#234134229
2016-04-11 21:18:07#好彩一兑奖-标识ID823#2500#234136729
2016-04-11 21:23:04#好彩一第2016087期选号玩法投注:1,13,25,27,31,35,33,32|标识ID831#-800#234135929
2016-04-11 21:23:10#好彩一第2016087期生肖玩法投注:虎|标识ID832#-100#234135829
2016-04-11 21:23:18#好彩一第2016087期生肖玩法投注:猪|标识ID833#-100#234135729
2016-04-11 21:23:24#好彩一第2016087期尾数单双投注:单|标识ID834#-100#234135629
2016-04-11 21:23:33#好彩一第2016087期六肖中奖投注:牛,蛇,猴,狗,马,虎|标识ID835#-500#234135129
2016-04-11 21:23:39#好彩一第2016087期家禽野兽投注:野兽|标识ID836#-500#234134629
2016-04-11 21:23:46#好彩一第2016087期尾数大小投注:小|标识ID837#-400#234134229
2016-04-11 21:24:52#好彩一兑奖-标识ID837#768#234134997
2016-04-11 21:24:52#好彩一兑奖-标识ID835#960#234135957
2016-04-11 21:24:52#好彩一兑奖-标识ID834#192#234136149
2016-04-11 21:24:52#好彩一兑奖-标识ID831#2500#234138649
2016-04-11 21:26:41#好彩一第2016088期选号玩法投注:33,32,3,4,10,9,15,21|标识ID838#-800#234137849
2016-04-11 21:26:49#好彩一第2016088期生肖玩法投注:狗|标识ID839#-100#234137749
2016-04-11 21:26:54#好彩一第2016088期生肖玩法投注:虎|标识ID840#-100#234137649
2016-04-11 21:27:00#好彩一第2016088期方位玩法投注:东|标识ID841#-200#234137449
2016-04-11 21:27:06#好彩一第2016088期方位玩法投注:西|标识ID842#-100#234137349
2016-04-11 21:27:11#好彩一第2016088期四季玩法投注:春|标识ID843#-300#234137049
2016-04-11 21:27:17#好彩一第2016088期四季玩法投注:冬|标识ID844#-520#234136529
2016-04-11 21:27:31#好彩一第2016088期六肖中奖投注:虎,蛇,狗,鸡,猪,羊|标识ID845#-200#234136329
2016-04-11 21:27:39#好彩一第2016088期尾数大小投注:大|标识ID846#-200#234136129
2016-04-11 21:27:45#好彩一第2016088期大小单双投注:大|标识ID847#-200#234135929
2016-04-11 21:28:27#好彩一兑奖-标识ID847#384#234136313
2016-04-11 21:28:27#好彩一兑奖-标识ID845#384#234136697
2016-04-11 21:28:27#好彩一兑奖-标识ID844#1560#234138257
2016-04-11 21:28:27#好彩一兑奖-标识ID838#2500#234140757
2016-04-11 21:32:22#好彩一第2016089期选号玩法投注:33|标识ID848#-100#234140657
2016-04-11 21:32:34#好彩一第2016089期选号玩法投注:14,9,15,17|标识ID849#-400#234140257
2016-04-11 21:32:40#好彩一第2016089期生肖玩法投注:兔|标识ID850#-100#234140157
2016-04-11 21:32:47#好彩一第2016089期生肖玩法投注:兔|标识ID851#-100#234140057
2016-04-11 21:32:56#好彩一第2016089期六肖中奖投注:虎,蛇,马,羊,狗,鸡|标识ID852#-100#234139957
2016-04-11 21:33:02#好彩一第2016089期方位玩法投注:南|标识ID853#-100#234139857
2016-04-11 21:33:08#好彩一第2016089期方位玩法投注:北|标识ID854#-1000#234138857
2016-04-11 21:33:15#好彩一第2016089期大小单双投注:小|标识ID855#-100#234138757
2016-04-11 21:33:23#好彩一第2016089期尾数单双投注:单|标识ID856#-100#234138657
2016-04-11 21:33:29#好彩一第2016089期家禽野兽投注:家禽|标识ID857#-100#234138557
2016-04-11 21:34:23#好彩一兑奖-标识ID856#192#234138749
2016-04-11 21:34:23#好彩一兑奖-标识ID848#2500#234141249
2016-04-11 21:34:37#好彩一第2016090期选号玩法投注:34,9,14,17,16,21,22,23|标识ID858#-800#234140449
2016-04-11 21:34:44#好彩一第2016090期四季玩法投注:秋|标识ID859#-100#234140349
2016-04-11 21:34:50#好彩一第2016090期生肖玩法投注:兔|标识ID860#-100#234140249
2016-04-11 21:35:17#好彩一第2016090期大小单双投注:大|标识ID861#-100#234140149
2016-04-11 21:35:23#好彩一第2016090期尾数大小投注:小|标识ID862#-100#234140049
2016-04-11 21:35:31#好彩一第2016090期尾数单双投注:单|标识ID863#-100#234139949
2016-04-11 21:35:38#好彩一第2016090期家禽野兽投注:野兽|标识ID864#-100#234139849
2016-04-11 21:37:25#好彩一第2016090期六肖中奖投注:羊,马,狗,鸡,猴,兔|标识ID865#-100#234139749
2016-04-11 21:38:50#好彩一第2016090期大小单双投注:单|标识ID866#-100#234139649
2016-04-11 21:40:46#好彩一兑奖-标识ID865#192#234139841
2016-04-11 21:40:46#好彩一兑奖-标识ID862#192#234140033
2016-04-11 21:40:46#好彩一兑奖-标识ID861#192#234140225
2016-04-11 21:40:46#好彩一兑奖-标识ID858#2500#234142725
2016-04-11 21:41:02#好彩一第20160901期选号玩法投注:35,17,12,24,23,22,21,27,28,29|标识ID867#-1000#234141725
2016-04-11 21:41:36#好彩一第20160901期生肖玩法投注:虎|标识ID868#-100#234141625
2016-04-11 21:41:43#好彩一第20160901期生肖玩法投注:猪|标识ID869#-100#234141525
2016-04-11 21:41:49#好彩一第20160901期生肖玩法投注:狗|标识ID870#-100#234141425
2016-04-11 21:41:55#好彩一第20160901期方位玩法投注:西|标识ID871#-100#234141325
2016-04-11 21:42:02#好彩一第20160901期方位玩法投注:北|标识ID872#-100#234141225
2016-04-11 21:42:11#好彩一第20160901期六肖中奖投注:牛,蛇,鸡,狗,猪,马|标识ID873#-100#234141125
2016-04-11 21:42:18#好彩一第20160901期尾数大小投注:小|标识ID874#-100#234141025
2016-04-11 21:42:24#好彩一第20160901期大小单双投注:单|标识ID875#-100#234140925
2016-04-11 21:42:40#好彩一第20160901期家禽野兽投注:野兽|标识ID876#-100#234140825
2016-04-11 21:42:48#好彩一第20160901期家禽野兽投注:家禽|标识ID877#-100#234140725
2016-04-11 21:42:53#好彩一第20160901期尾数单双投注:单|标识ID878#-100#234140625
2016-04-11 21:42:59#好彩一第20160901期尾数单双投注:双|标识ID879#-100#234140525
2016-04-11 21:44:13#好彩一第2016091期选号玩法投注:24,29,28,22,16,9,14|标识ID880#-700#234139825
2016-04-11 21:44:17#好彩一兑奖-标识ID878#192#234140017
2016-04-11 21:44:17#好彩一兑奖-标识ID877#192#234140209
2016-04-11 21:44:17#好彩一兑奖-标识ID875#192#234140401
2016-04-11 21:44:17#好彩一兑奖-标识ID873#192#234140593
2016-04-11 21:44:17#好彩一兑奖-标识ID871#300#234140893
2016-04-11 21:44:17#好彩一兑奖-标识ID870#800#234141693
2016-04-11 21:44:17#好彩一兑奖-标识ID867#2500#234144193
2016-04-11 21:44:24#好彩一第2016091期四季玩法投注:冬|标识ID881#-100#234144093
2016-04-11 21:44:30#好彩一第2016091期生肖玩法投注:牛|标识ID882#-100#234143993
2016-04-11 21:44:35#好彩一第2016091期方位玩法投注:北|标识ID883#-100#234143893
2016-04-11 21:44:40#好彩一第2016091期方位玩法投注:西|标识ID884#-100#234143793
2016-04-11 21:44:45#好彩一第2016091期大小单双投注:单|标识ID885#-100#234143693
2016-04-11 21:44:51#好彩一第2016091期大小单双投注:双|标识ID886#-100#234143593
2016-04-11 21:44:56#好彩一第2016091期大小单双投注:小|标识ID887#-100#234143493
2016-04-11 21:45:01#好彩一第2016091期尾数大小投注:大|标识ID888#-100#234143393
2016-04-11 21:45:10#好彩一第2016091期家禽野兽投注:家禽|标识ID889#-100#234143293
2016-04-11 21:45:16#好彩一第2016091期家禽野兽投注:野兽|标识ID890#-100#234143193
2016-04-11 21:45:27#好彩一第2016091期六肖中奖投注:猪,狗,马,虎,兔,蛇|标识ID891#-100#234143093
2016-04-11 21:45:43#好彩一兑奖-标识ID891#192#234143285
2016-04-11 21:45:43#好彩一兑奖-标识ID889#192#234143477
2016-04-11 21:45:43#好彩一兑奖-标识ID888#192#234143669
2016-04-11 21:45:43#好彩一兑奖-标识ID886#192#234143861
2016-04-11 21:45:43#好彩一兑奖-标识ID883#300#234144161
2016-04-11 21:45:43#好彩一兑奖-标识ID881#300#234144461
2016-04-12 15:36:08#标识ID144云购购买商品消费#-9000#234135461
2016-04-12 15:39:46#标识ID141云购中奖商品兑奖#9880#234145341
2016-04-12 15:39:57#标识ID144云购中奖商品兑奖#9940#234155281
2016-04-12 15:40:01#标识ID142云购中奖商品兑奖#9940#234165221
2016-04-12 15:50:09#标识ID356云购商品过期未开奖返还押金#10000#234175221
2016-04-12 15:50:09#标识ID357云购商品过期未开奖返还押金#10000#234185221
2016-04-12 15:50:09#标识ID359云购商品过期未开奖返还押金#10000#234195221
2016-04-12 15:50:11#标识ID356云购商品过期未开奖返还押金#10000#234205221
2016-04-12 15:50:11#标识ID357云购商品过期未开奖返还押金#10000#234215221
2016-04-12 15:50:11#标识ID359云购商品过期未开奖返还押金#10000#234225221
2016-04-12 15:50:15#标识ID356云购商品过期未开奖返还押金#10000#234235221
2016-04-12 15:50:15#标识ID357云购商品过期未开奖返还押金#10000#234245221
2016-04-12 15:50:15#标识ID359云购商品过期未开奖返还押金#10000#234255221
2016-04-12 15:51:02#标识ID356云购商品过期未开奖返还押金#10000#234265221
2016-04-12 15:51:02#标识ID357云购商品过期未开奖返还押金#10000#234275221
2016-04-12 15:51:02#标识ID359云购商品过期未开奖返还押金#10000#234285221
2016-04-12 15:51:02#云购出售商品消费#-20000#234265221
2016-04-12 15:51:05#标识ID356云购商品过期未开奖返还押金#10000#234275221
2016-04-12 15:51:05#标识ID357云购商品过期未开奖返还押金#10000#234285221
2016-04-12 15:51:05#标识ID359云购商品过期未开奖返还押金#10000#234295221
2016-04-12 15:51:12#标识ID356云购商品过期未开奖返还押金#10000#234305221
2016-04-12 15:51:12#标识ID357云购商品过期未开奖返还押金#10000#234315221
2016-04-12 15:51:12#标识ID359云购商品过期未开奖返还押金#10000#234325221
2016-04-12 15:51:12#标识ID356云购商品过期未开奖返还押金#10000#234335221
2016-04-12 15:51:12#标识ID357云购商品过期未开奖返还押金#10000#234345221
2016-04-12 15:51:12#标识ID359云购商品过期未开奖返还押金#10000#234355221
2016-04-12 15:58:28#标识ID146云购购买商品消费#-12000#234343221
2016-04-12 16:01:04#云购出售商品盈利#1600#234344821
2016-04-12 16:01:05#云购出售商品盈利#1600#234346421
2016-04-12 16:01:06#云购出售商品盈利#1600#234348021
2016-04-12 16:01:27#云购出售商品盈利#1600#234349621
2016-04-12 16:02:51#云购出售商品盈利#1600#234351221
2016-04-12 16:02:54#云购出售商品盈利#1600#234352821
2016-04-12 16:03:13#云购出售商品盈利#1600#234354421
2016-04-12 16:03:14#云购出售商品盈利#1600#234356021
2016-04-12 16:13:09#云购出售商品盈利#1600#234357621
2016-04-12 16:13:12#标识ID356云购商品过期未开奖返还押金#10000#234367621
2016-04-12 16:13:12#标识ID357云购商品过期未开奖返还押金#10000#234377621
2016-04-12 16:13:12#标识ID359云购商品过期未开奖返还押金#10000#234387621
2016-04-12 16:13:12#标识ID146云购商品过期未开奖返还#12000#234399621
2016-04-12 16:13:12#标识ID361云购商品过期未开奖返还押金#20000#234419621
2016-04-12 16:13:13#标识ID356云购商品过期未开奖返还押金#10000#234429621
2016-04-12 16:13:13#标识ID357云购商品过期未开奖返还押金#10000#234439621
2016-04-12 16:13:13#标识ID359云购商品过期未开奖返还押金#10000#234449621
2016-04-12 16:13:13#标识ID361云购商品过期未开奖返还押金#20000#234469621
2016-04-12 16:13:14#标识ID356云购商品过期未开奖返还押金#10000#234479621
2016-04-12 16:13:14#标识ID357云购商品过期未开奖返还押金#10000#234489621
2016-04-12 16:13:14#标识ID359云购商品过期未开奖返还押金#10000#234499621
2016-04-12 16:13:14#标识ID361云购商品过期未开奖返还押金#20000#234519621
2016-04-12 16:13:57#标识ID356云购商品过期未开奖返还押金#10000#234529621
2016-04-12 16:13:57#标识ID357云购商品过期未开奖返还押金#10000#234539621
2016-04-12 16:13:57#标识ID359云购商品过期未开奖返还押金#10000#234549621
2016-04-12 16:13:57#标识ID361云购商品过期未开奖返还押金#20000#234569621
2016-04-12 16:13:57#云购出售商品消费#-15000#234554621
2016-04-12 16:14:00#标识ID356云购商品过期未开奖返还押金#10000#234564621
2016-04-12 16:14:00#标识ID357云购商品过期未开奖返还押金#10000#234574621
2016-04-12 16:14:00#标识ID359云购商品过期未开奖返还押金#10000#234584621
2016-04-12 16:14:00#标识ID361云购商品过期未开奖返还押金#20000#234604621
2016-04-12 16:14:05#标识ID356云购商品过期未开奖返还押金#10000#234614621
2016-04-12 16:14:05#标识ID357云购商品过期未开奖返还押金#10000#234624621
2016-04-12 16:14:05#标识ID359云购商品过期未开奖返还押金#10000#234634621
2016-04-12 16:14:05#标识ID361云购商品过期未开奖返还押金#20000#234654621
2016-04-12 16:15:20#标识ID148云购购买商品消费#-7500#234647121
2016-04-12 16:15:34#标识ID149云购购买商品消费#-5000#234642121
2016-04-18 08:40:31#标识ID356云购商品过期未开奖返还押金#10000#234652121
2016-04-18 08:40:31#标识ID357云购商品过期未开奖返还押金#10000#234662121
2016-04-18 08:40:31#标识ID359云购商品过期未开奖返还押金#10000#234672121
2016-04-18 08:40:31#标识ID361云购商品过期未开奖返还押金#20000#234692121
2016-04-18 08:40:31#标识ID148云购商品过期未开奖返还#7500#234699621
2016-04-18 08:40:32#标识ID149云购商品过期未开奖返还#5000#234704621
2016-04-18 08:40:32#标识ID362云购商品过期未开奖返还押金#15000#234719621
2016-04-18 08:40:37#标识ID356云购商品过期未开奖返还押金#10000#234729621
2016-04-18 08:40:37#标识ID357云购商品过期未开奖返还押金#10000#234739621
2016-04-18 08:40:37#标识ID359云购商品过期未开奖返还押金#10000#234749621
2016-04-18 08:40:37#标识ID361云购商品过期未开奖返还押金#20000#234769621
2016-04-18 08:40:37#标识ID362云购商品过期未开奖返还押金#15000#234784621
2016-04-18 08:40:49#标识ID356云购商品过期未开奖返还押金#10000#234794621
2016-04-18 08:40:49#标识ID357云购商品过期未开奖返还押金#10000#234804621
2016-04-18 08:40:49#标识ID359云购商品过期未开奖返还押金#10000#234814621
2016-04-18 08:40:49#标识ID361云购商品过期未开奖返还押金#20000#234834621
2016-04-18 08:40:49#标识ID362云购商品过期未开奖返还押金#15000#234849621
2016-04-18 08:48:06#标识ID356云购商品过期未开奖返还押金#10000#234859621
2016-04-18 08:48:07#标识ID357云购商品过期未开奖返还押金#10000#234869621
2016-04-18 08:48:07#标识ID359云购商品过期未开奖返还押金#10000#234879621
2016-04-18 08:48:07#标识ID361云购商品过期未开奖返还押金#20000#234899621
2016-04-18 08:48:07#标识ID362云购商品过期未开奖返还押金#15000#234914621
2016-04-18 08:50:08#标识ID150云购购买商品消费#-18000#234896621
2016-04-18 09:08:41#标识ID151云购购买商品消费#-10000#234886621
2016-04-18 09:08:59#标识ID152云购购买商品消费#-2700#234883921
2016-04-18 09:09:29#标识ID153云购购买商品消费#-60000#234823921
2016-04-18 09:09:56#标识ID154云购购买商品消费#-990000#233833921
2016-04-18 09:13:16#标识ID154云购中奖商品兑奖#994000#234827921
2016-04-20 15:13:28#云购出售标识367#-50000#234778071
2016-04-20 15:14:09#云购参与367#ID155#-10000#234768071
2016-04-20 15:14:50#云购参与367#ID156#-15000#234753071
2016-04-20 15:15:19#云购参与367#ID157#-20000#234733071
2016-04-20 15:18:04#云购出售商品盈利#4000#234737071
2016-04-20 15:19:30#云购出售商品盈利#4000#234741071
2016-04-20 15:19:30#云购出售商品盈利#4000#234745071
2016-04-20 15:25:44#云购出售商品盈利#4000#234749071
2016-04-20 15:31:28#云购出售商品盈利#4000#234753071
2016-04-20 15:31:30#云购出售商品盈利#4000#234757071
2016-04-20 15:31:30#云购出售商品盈利#4000#234761071
2016-04-20 15:32:29#云购出售商品盈利#4000#234765071
2016-04-20 15:32:43#云购出售商品盈利#4000#234769071
2016-04-20 15:32:45#云购出售商品盈利#4000#234773071
2016-04-20 15:32:48#云购出售商品盈利#4000#234777071
2016-04-20 15:32:50#云购出售商品盈利#4000#234781071
2016-04-20 15:32:50#云购出售商品盈利#4000#234785071
2016-04-20 15:32:51#云购出售商品盈利#4000#234789071
2016-04-20 15:32:53#云购出售商品盈利#4000#234793071
2016-04-20 15:32:56#云购出售商品盈利#4000#234797071
2016-04-20 15:33:02#云购出售商品盈利#4000#234801071
2016-04-20 15:33:30#云购出售商品盈利#4000#234805071
2016-04-20 15:34:20#云购出售商品盈利#4000#234809071
2016-04-20 15:34:40#云购出售商品盈利#4000#234813071
2016-04-20 15:35:35#云购出售商品盈利#4000#234817071
2016-04-20 15:35:52#云购出售商品盈利#4000#234821071
2016-04-20 15:36:00#云购出售商品盈利#4000#234825071
2016-04-20 15:36:00#云购出售商品盈利#4000#234829071
2016-04-20 15:37:53#云购出售商品盈利#4000#234833071
2016-04-20 15:38:17#云购出售商品盈利#4000#234837071
2016-04-20 15:38:19#云购出售商品盈利#4000#234841071
2016-04-20 15:38:24#云购出售商品盈利#4000#234845071
2016-04-20 15:38:28#云购出售商品盈利#4000#234849071
2016-04-20 15:38:30#云购出售商品盈利#4000#234853071
2016-04-20 15:38:30#云购出售商品盈利#4000#234857071
2016-04-20 15:38:32#云购出售商品盈利#4000#234861071
2016-04-20 15:38:36#云购出售商品盈利#4000#234865071
2016-04-20 15:38:39#云购出售商品盈利#4000#234869071
2016-04-20 15:38:41#云购出售商品盈利#4000#234873071
2016-04-20 15:38:44#云购出售商品盈利#4000#234877071
2016-04-20 15:38:57#云购出售商品盈利#4000#234881071
2016-04-20 15:38:57#云购出售商品盈利#4000#234885071
2016-04-20 15:39:35#云购出售商品盈利#4000#234889071
2016-04-20 15:45:54#标识ID156云购中奖商品兑奖#49640#234938711
2016-04-20 16:03:38#云购出售标识368#-60000#234878711
2016-04-21 10:14:58#云购出售368未开奖返还#60000#234938711
2016-04-21 15:10:47#云购出售标识371#-49980#234888731
2016-04-21 15:22:17#云购出售标识372#-49980#234838751
2016-04-21 15:26:28#云购参与371#ID163#-8330#234830421
2016-04-21 15:26:36#云购参与371#ID164#-16660#234813761
2016-04-21 15:26:43#云购参与371#ID165#-1666#234812095
2016-04-21 15:28:50#云购出售商品标识371盈利#6664#234818759
2016-04-21 15:30:14#云购参与371#ID165中奖兑奖#49580#234868339
2016-04-21 15:35:26#云购参与372#ID171#-49980#234818359
2016-04-21 15:38:50#云购出售商品标识372盈利#6664#234825023
2016-04-21 15:39:19#云购参与372#ID171中奖兑奖#49580#234874603
2016-04-21 15:44:53#云购出售标识373#-30000#234844603
2016-04-21 15:50:25#云购出售标识374#-100000#234744603
2016-04-21 15:51:52#云购参与374#ID173#-60000#234684603
2016-04-21 15:55:20#云购出售商品标识374盈利#4000#234688603
2016-04-21 16:06:26#云购出售标识375#-49980#234638623
2016-04-22 12:53:59#好彩一第2016092期选号玩法投注:3|标识ID894#-100#234638523
2016-04-22 12:54:10#好彩一第2016092期选号玩法投注:3|标识ID895#-100#234638423
2016-04-22 12:54:28#好彩一第2016092期选号玩法投注:3|标识ID896#-100#234638323
2016-04-22 12:54:35#好彩一第2016092期选号玩法投注:3|标识ID897#-100#234638223
2016-04-22 12:54:43#好彩一第2016092期生肖玩法投注:虎|标识ID898#-100#234638123
2016-04-22 12:54:50#好彩一第2016092期方位玩法投注:东|标识ID899#-100#234638023
2016-04-22 12:55:00#好彩一第2016092期四季玩法投注:春|标识ID900#-100#234637923
2016-04-22 12:55:09#好彩一第2016092期大小单双投注:小|标识ID901#-100#234637823
2016-04-22 12:55:23#好彩一第2016092期六肖中奖投注:虎,马,蛇,龙,猴,鸡|标识ID902#-100#234637723
2016-04-22 12:55:30#好彩一第2016092期尾数大小投注:小|标识ID903#-100#234637623
2016-04-22 12:55:35#好彩一第2016092期尾数单双投注:单|标识ID904#-100#234637523
2016-04-22 12:55:42#好彩一第2016092期家禽野兽投注:野兽|标识ID905#-100#234637423
2016-04-22 13:01:11#好彩一兑奖-期号-2016092-标识ID905#192#234637615
2016-04-22 13:01:11#好彩一兑奖-期号-2016092-标识ID904#192#234637807
2016-04-22 13:01:11#好彩一兑奖-期号-2016092-标识ID903#192#234637999
2016-04-22 13:01:11#好彩一兑奖-期号-2016092-标识ID902#192#234638191
2016-04-22 13:01:11#好彩一兑奖-期号-2016092-标识ID901#192#234638383
2016-04-22 13:01:11#好彩一兑奖-期号-2016092-标识ID900#300#234638683
2016-04-22 13:01:11#好彩一兑奖-期号-2016092-标识ID899#300#234638983
2016-04-22 13:01:11#好彩一兑奖-期号-2016092-标识ID898#800#234639783
2016-04-22 13:01:11#好彩一兑奖-期号-2016092-标识ID897#2500#234642283
2016-04-22 13:01:11#好彩一兑奖-期号-2016092-标识ID896#2500#234644783
2016-04-22 13:01:15#好彩一兑奖-期号-2016092-标识ID895#2500#234647283
2016-04-22 13:01:15#好彩一兑奖-期号-2016092-标识ID894#2500#234649783
2016-04-23 09:03:58#云购出售373未开奖返还#30000#234679783
2016-04-23 09:03:58#云购出售375未开奖返还#49980#234729763
