2016-05-06 15:57:49#云购出售标识405#-100000#234371802
2016-05-06 15:59:17#云购参与405#ID253#-50000#234321802
2016-05-06 16:02:13#云购参与405#ID256#-50000#234271802
2016-05-06 16:02:23#云购参与405#ID257#-20000#234251802
2016-05-06 16:17:22#云购出售标识406#-80000#234171802
2016-05-06 16:17:58#云购参与406#ID258#-40000#234131802
2016-05-06 16:18:27#云购参与406#ID259#-2000#234129802
2016-05-06 16:18:36#云购参与406#ID260#-4000#234125802
2016-05-06 16:18:48#云购参与406#ID261#-6000#234119802
2016-05-06 16:27:31#云购出售商品标识405盈利#40000#234159802
2016-05-06 16:27:31#云购商品出售成功后退回押金标识405#100000#234259802
2016-05-06 16:27:31#云购出售商品标识406盈利#8000#234267802
2016-05-06 16:27:31#云购商品出售成功后退回押金标识406#80000#234347802
2016-05-06 16:30:07#云购参与406#ID258中奖兑奖#79520#234427322
2016-05-06 22:13:00#百家乐消费#-1000#234426322
2016-05-06 22:15:42#百家乐消费#-10000#234416322
2016-05-06 22:16:22#百家乐消费#-1000#234415322
2016-05-06 22:17:37#百家乐消费#-10000#234405322
2016-05-06 22:18:03#百家乐消费#-10000#234395322
2016-05-06 22:18:44#百家乐消费#19614#234414936
2016-05-06 23:11:00#百家乐消费#-800000#233614936
2016-05-06 23:18:13#百家乐消费#-500000#233114936
2016-05-06 23:18:45#百家乐消费#-300000#232814936
2016-05-06 23:50:02#百家乐消费#-10000#232804936
2016-05-06 23:50:59#百家乐消费#-10000#232794936
2016-05-06 23:50:59#百家乐消费#-10000#232784936
2016-05-06 23:50:59#百家乐消费#-10000#232774936
2016-05-06 23:51:14#百家乐消费#19614#232794550
2016-05-07 00:13:27#百家乐消费#-158888#232635662
2016-05-07 15:02:57#百家乐消费#-10000#232625662
2016-05-07 15:02:57#百家乐消费#-10000#232615662
2016-05-07 15:02:57#百家乐消费#-10000#232605662
2016-05-07 15:02:57#百家乐消费#-10000#232595662
2016-05-07 15:02:57#百家乐消费#-10000#232585662
2016-05-07 15:02:57#百家乐消费#-10000#232575662
2016-05-07 15:02:57#百家乐消费#-10000#232565662
2016-05-07 15:02:57#百家乐消费#-10000#232555662
2016-05-07 15:04:04#百家乐消费#19614#232575276
2016-05-07 15:04:04#百家乐消费#19614#232594890
2016-05-07 15:04:04#百家乐消费#19614#232614504
2016-05-07 15:04:04#百家乐消费#15690#232630194
