2016-01-04 17:03:19#捕鱼达人兑奖—标识id119#161#50299961
2016-01-04 17:03:25#捕鱼达人入场费#-200#50299761
2016-01-04 17:11:21#捕鱼达人兑奖—标识id118#12415#50312176
2016-01-04 17:11:32#捕鱼达人入场费#-200#50311976
2016-01-05 14:45:55#捕鱼购买体力花费#-36600#41288791
2016-01-05 14:45:59#捕鱼达人入场费#-50000#41238791
2016-01-05 14:46:13#捕鱼达人入场费#-50000#41188791
2016-01-05 14:46:24#捕鱼达人入场费#-50000#41138791
2016-01-05 14:47:16#捕鱼达人入场费#-50000#41088791
2016-01-05 14:47:28#捕鱼达人入场费#-50000#41038791
2016-01-05 14:47:39#捕鱼达人入场费#-50000#40988791
2016-01-05 14:47:49#捕鱼达人入场费#-50000#40938791
2016-01-05 14:48:00#捕鱼达人入场费#-50000#40888791
2016-01-05 14:48:12#捕鱼达人入场费#-50000#40838791
2016-01-05 14:48:45#捕鱼达人入场费#-50000#40788791
2016-01-05 14:48:55#捕鱼达人入场费#-50000#40738791
2016-01-05 14:49:06#捕鱼达人入场费#-50000#40688791
2016-01-05 14:49:18#捕鱼达人入场费#-50000#40638791
2016-01-05 14:49:27#捕鱼达人入场费#-50000#40588791
2016-01-05 14:49:40#捕鱼达人入场费#-50000#40538791
2016-01-05 14:49:51#捕鱼达人入场费#-50000#40488791
2016-01-05 14:51:00#捕鱼达人入场费#-50000#40438791
2016-01-05 14:51:43#捕鱼达人入场费#-50000#40388791
2016-01-05 14:51:55#捕鱼达人入场费#-50000#40338791
2016-01-05 14:52:10#捕鱼达人入场费#-50000#40288791
2016-01-05 14:52:25#捕鱼达人入场费#-50000#40238791
2016-01-05 14:52:37#捕鱼达人入场费#-50000#40188791
2016-01-05 14:52:49#捕鱼达人入场费#-50000#40138791
2016-01-05 14:53:03#捕鱼达人入场费#-50000#40088791
2016-01-05 14:53:14#捕鱼达人入场费#-200#40088591
2016-01-05 14:53:24#捕鱼达人入场费#-200#40088391
2016-01-05 14:53:33#捕鱼达人入场费#-200#40088191
2016-01-05 14:54:12#捕鱼达人入场费#-200#40087991
2016-01-05 14:54:23#捕鱼达人入场费#-50000#40037991
2016-01-05 14:54:33#捕鱼达人入场费#-50000#39987991
2016-01-05 14:54:43#捕鱼达人入场费#-50000#39937991
2016-01-05 14:54:58#捕鱼达人入场费#-50000#39887991
2016-01-05 14:55:10#捕鱼达人入场费#-50000#39837991
2016-01-05 15:00:10#捕鱼达人入场费#-50000#39787991
2016-01-05 15:00:29#捕鱼达人入场费#-50000#39737991
2016-01-05 15:00:47#捕鱼达人入场费#-50000#39687991
2016-01-05 15:07:19#捕鱼达人入场费#-50000#39637991
2016-01-05 15:07:42#捕鱼达人入场费#-50000#39587991
2016-01-05 15:08:05#捕鱼达人入场费#-50000#39537991
2016-01-05 15:08:17#捕鱼达人入场费#-50000#39487991
2016-01-05 15:08:40#捕鱼达人入场费#-50000#39437991
2016-01-05 15:12:31#捕鱼达人入场费#-50000#39387991
2016-01-05 15:14:41#捕鱼达人入场费#-50000#39337991
2016-01-05 15:15:16#捕鱼达人入场费#-50000#39287991
2016-01-05 15:16:22#捕鱼达人入场费#-50000#39237991
2016-01-05 15:18:05#捕鱼达人入场费#-50000#39187991
2016-01-05 15:18:33#捕鱼达人入场费#-50000#39137991
2016-01-05 15:44:18#捕鱼达人入场费#-200#39137791
2016-01-05 15:44:35#捕鱼达人入场费#-200#39137591
2016-01-05 15:44:59#捕鱼达人入场费#-200#39137391
2016-01-05 15:45:15#捕鱼达人入场费#-200#39137191
2016-01-05 16:25:08#捕鱼达人入场费#-200#39131491
2016-01-19 16:20:53#捕鱼达人入场费#-50000#4931471
2016-01-19 16:21:18#捕鱼达人入场费#-20000#4911471
2016-01-19 16:21:30#捕鱼达人入场费#-1000#4910471
2016-01-19 16:21:45#捕鱼达人入场费#-20000#4890471
2016-01-19 17:17:42#捕鱼达人入场费#-50000#4840471
2016-01-19 17:38:13#捕鱼达人入场费#-50000#4790471
2016-01-19 17:41:35#捕鱼达人入场费#-50000#4740471
2016-01-21 17:14:16#分享好友#-100#4856049
2016-01-21 17:14:16#分享好友#-100#4855949
2016-01-21 17:14:16#分享好友#-100#4855849
2016-01-28 10:28:30#抢红包收入#26#18765
