2016-01-23 14:27:07#捕鱼达人入场费#-50000#43329457
2016-01-23 14:28:47#捕鱼达人入场费#-50000#43279457
2016-01-23 14:29:24#捕鱼达人入场费#-50000#43229457
2016-01-23 14:29:33#捕鱼达人入场费#-50000#43179457
2016-01-23 14:29:40#捕鱼达人入场费#-20000#43159457
2016-01-23 14:29:58#捕鱼达人入场费#-20000#43139457
2016-01-23 14:30:13#捕鱼达人兑奖-标识ID993#23576#43163033
2016-01-23 14:30:13#捕鱼达人兑奖-标识ID991#11507#43174540
2016-01-23 14:30:13#捕鱼达人兑奖-标识ID989#52233#43226773
2016-01-23 14:30:13#捕鱼达人兑奖-标识ID987#42066#43268839
2016-01-23 14:30:13#捕鱼达人兑奖-标识ID985#57835#43326674
2016-01-23 14:30:13#捕鱼达人兑奖-标识ID982#70123#43396797
2016-01-23 14:30:13#捕鱼达人兑奖-标识ID477#197#43396994
2016-01-23 14:30:13#捕鱼达人兑奖-标识ID476#661#43397655
2016-01-23 14:30:13#捕鱼达人兑奖-标识ID475#5782#43403437
2016-01-23 14:30:13#捕鱼达人兑奖-标识ID474#2877#43406314
2016-01-23 14:30:15#捕鱼达人兑奖-标识ID473#18645#43424959
2016-01-23 14:30:15#捕鱼达人兑奖-标识ID472#27183#43452142
2016-01-23 14:30:15#捕鱼达人兑奖-标识ID471#188699#43640841
2016-01-23 14:30:15#捕鱼达人兑奖-标识ID470#92#43640933
2016-01-23 14:30:15#捕鱼达人兑奖-标识ID439#5222#43646155
2016-01-23 14:30:15#捕鱼达人兑奖-标识ID438#4505#43650660
2016-01-23 14:30:15#捕鱼达人兑奖-标识ID437#332#43650992
2016-01-23 14:30:15#捕鱼达人兑奖-标识ID436#1137#43652129
2016-01-23 14:30:15#捕鱼达人兑奖-标识ID435#3266#43655395
2016-01-23 14:30:15#捕鱼达人兑奖-标识ID434#11109#43666504
2016-01-23 14:30:25#捕鱼达人兑奖-标识ID433#25095#43691599
2016-01-23 14:36:32#捕鱼达人入场费#-10000#43681599
2016-01-23 14:37:30#捕鱼达人兑奖—标识id1009#7992#43689591
2016-01-23 14:39:22#捕鱼捐款消费#-1000#43688591
2016-01-23 14:39:51#捕鱼达人入场费#-50000#43638591
2016-01-23 14:42:56#捕鱼达人兑奖-标识ID1013#188699#43827290
2016-01-23 14:46:22#捕鱼达人入场费#-5000#43822290
2016-01-23 14:47:29#捕鱼达人兑奖-标识ID1018#3807#43826097
2016-01-23 14:49:03#捕鱼购买体力花费#-10#43826087
