2016-11-14 15:57:25#二八第791725期押三段-标识1994#-300#807946
2016-11-14 15:57:44#二八第791725期押三段-标识1998#-300#807646
2016-11-14 15:59:27#二八第792081期押三段-标识2022#-300#807346
2016-11-14 16:00:57#二八第792082期押三段-标识2037#-300#807046
2016-11-14 16:01:55#二八第792082期押三段-标识2048#-300#806746
2016-11-14 16:04:13#二八第792082期押三段-标识2068#-300#806446
2016-11-14 16:05:53#二八第792083期押三段-标识2080#-300#806146
2016-11-14 16:06:46#二八第792083期押单-标识2089#-300#805846
2016-11-14 16:11:27#二八第792084期押三段-标识2129#-300#805546
2016-11-14 16:12:04#二八第792084期押三段-标识2136#-300#805246
2016-11-14 16:12:36#二八第792084期押三段-标识2140#-300#804946
2016-11-14 16:17:06#二八第792085期押三段-标识2178#-300#804646
2016-11-14 16:18:20#二八第792085期押三段-标识2190#-300#804346
2016-11-14 16:18:52#二八第792085期押三段-标识2194#-300#804046
2016-11-14 16:23:28#二八第792086期押三段-标识2233#-300#803746
2016-11-14 16:24:20#二八第792086期押三段-标识2239#-300#803446
2016-11-14 16:26:06#二八第792087期押三段-标识2255#-300#803146
2016-11-14 16:28:08#二八第792087期押三段-标识2275#-300#802846
2016-11-14 16:29:54#二八第792087期押三段-标识2286#-300#802546
2016-11-14 16:30:37#二八第792088期押三段-标识2293#-300#802246
2016-11-14 16:33:11#二八第792088期押三段-标识2317#-300#801946
2016-11-14 16:33:48#二八第792088期押三段-标识2322#-300#801646
2016-11-14 16:35:55#二八第792089期押三段-标识2341#-300#801346
2016-11-14 16:38:18#二八第792089期押三段-标识2364#-300#801046
2016-11-14 16:41:50#二八第792090期押三段-标识2397#-300#800746
2016-11-14 16:43:25#二八第792090期押三段-标识2412#-300#800446
2016-11-14 16:46:09#二八第792091期押三段-标识2434#-300#800146
2016-11-14 16:47:18#二八第792091期押单-标识2447#-300#799846
2016-11-14 16:48:38#二八第792091期押三段-标识2458#-300#799546
2016-11-14 16:50:39#二八第792092期押三段-标识2477#-300#799246
2016-11-14 16:51:01#二八第792092期押三段-标识2481#-300#798946
2016-11-14 16:53:24#二八第792092期押单-标识2505#-300#798646
2016-11-14 16:55:41#二八第792093期押三段-标识2519#-300#798346
2016-11-14 16:57:11#二八第792093期押三段-标识2534#-300#798046
2016-11-14 17:00:27#二八第792094期押三段-标识2559#-300#797746
2016-11-14 17:00:49#二八第792094期押三段-标识2563#-300#797446
2016-11-14 17:03:22#二八第792094期押三段-标识2588#-300#797146
2016-11-14 17:05:24#二八第792095期押一段-标识2598#-300#796846
2016-11-14 17:06:38#二八第792095期押一段-标识2611#-300#796546
2016-11-14 17:07:31#二八第792095期押三段-标识2618#-300#796246
2016-11-14 17:10:05#二八第792096期押三段-标识2639#-300#795946
2016-11-14 17:12:17#二八第792096期押三段-标识2662#-300#795646
2016-11-14 17:13:47#二八第792096期押三段-标识2675#-300#795346
2016-11-14 17:17:56#二八第792097期押三段-标识2712#-300#795046
2016-11-14 17:21:39#二八第792098期押三段-标识2743#-300#794746
2016-11-14 17:24:02#二八第792098期押三段-标识2764#-300#794446
2016-11-14 17:25:47#二八第792099期押三段-标识2775#-300#794146
2016-11-14 17:27:55#二八第792099期押三段-标识2796#-300#793846
2016-11-14 17:28:48#二八第792099期押三段-标识2803#-300#793546
2016-11-14 17:32:25#二八第792100期押三段-标识2834#-300#793246
2016-11-14 17:35:25#二八第792101期押三段-标识2856#-300#792946
2016-11-14 17:36:39#二八第792101期押三段-标识2869#-300#792646
2016-11-14 17:38:41#二八第792101期押三段-标识2889#-300#792346
2016-11-14 17:40:06#二八第792102期押单-标识2897#-300#792046
2016-11-14 17:40:27#二八第792102期押三段-标识2901#-300#791746
2016-11-14 17:41:20#二八第792102期押三段-标识2910#-300#791446
2016-11-14 17:45:13#二八第792103期押三段-标识2944#-300#791146
2016-11-14 17:47:15#二八第792103期押单-标识2966#-300#790846
2016-11-14 17:50:52#二八第792104期押三段-标识2991#-300#790546
2016-11-14 17:51:02#二八第792104期押三段-标识2993#-300#790246
2016-11-14 17:52:01#二八第792104期押三段-标识3004#-300#789946
2016-11-14 17:55:17#二八第792105期押三段-标识3029#-300#789646
2016-11-14 17:56:52#二八第792105期押三段-标识3045#-300#789346
2016-11-14 17:58:27#二八第792105期押一段-标识3060#-300#789046
2016-11-14 18:01:01#二八第792106期押三段-标识3078#-300#788746
2016-11-14 18:02:52#二八第792106期押三段-标识3093#-300#788446
2016-11-14 18:03:45#二八第792106期押三段-标识3101#-300#788146
2016-11-14 18:05:47#二八第792107期押三段-标识3117#-300#787846
2016-11-14 18:09:40#二八第792107期押三段-标识3141#-300#787546
2016-11-14 18:10:12#二八第792108期押三段-标识3144#-300#787246
2016-11-14 18:13:07#二八第792108期押三段-标识3175#-300#786946
2016-11-14 18:16:06#二八第792109期押三段-标识3195#-300#786646
2016-11-14 18:16:59#二八第792109期押三段-标识3205#-300#786346
2016-11-14 18:17:37#二八第792109期押三段-标识3212#-300#786046
2016-11-14 18:20:26#二八第792110期押三段-标识3233#-300#785746
2016-11-14 18:24:24#二八第792110期押三段-标识3265#-300#785446
2016-11-14 18:25:49#二八第792111期押三段-标识3276#-300#785146
2016-11-14 18:26:10#二八第792111期押三段-标识3280#-300#784846
2016-11-14 18:28:12#二八第792111期押三段-标识3300#-300#784546
2016-11-14 18:30:45#二八第792112期押三段-标识3319#-300#784246
2016-11-14 18:31:38#二八第792112期押三段-标识3328#-300#783946
2016-11-14 18:32:53#二八第792112期押三段-标识3340#-300#783646
2016-11-14 18:35:05#二八第792113期押三段-标识3353#-300#783346
2016-11-14 18:35:58#二八第792113期押三段-标识3363#-300#783046
2016-11-14 18:37:12#二八第792113期押三段-标识3376#-300#782746
2016-11-14 18:41:37#二八第792114期押三段-标识3409#-300#782446
2016-11-14 18:42:30#二八第792114期押三段-标识3418#-300#782146
2016-11-14 18:43:23#二八第792114期押三段-标识3426#-300#781846
2016-11-14 18:45:51#二八第792115期押三段-标识3441#-300#781546
2016-11-14 18:47:00#二八第792115期押三段-标识3452#-300#781246
2016-11-14 18:48:56#二八第792115期押三段-标识3469#-300#780946
2016-11-14 18:51:30#二八第792116期押三段-标识3486#-300#780646
2016-11-14 18:52:12#二八第792116期押三段-标识3493#-300#780346
2016-11-14 18:53:05#二八第792116期押三段-标识3502#-300#780046
2016-11-14 18:55:49#二八第792117期押三段-标识3522#-300#779746
2016-11-14 18:57:35#二八第792117期押三段-标识3538#-300#779446
2016-11-14 19:03:25#二八第792118期押三段-标识3584#-300#779146
2016-11-14 19:05:42#二八第792119期押三段-标识3602#-300#778846
2016-11-14 19:06:35#二八第792119期押三段-标识3610#-300#778546
2016-11-14 19:07:44#二八第792119期押三段-标识3623#-300#778246
2016-11-14 19:11:11#二八第792120期押三段-标识3652#-300#777946
2016-11-14 19:14:58#二八第792120期押三段-标识3685#-300#777646
2016-11-14 19:16:44#二八第792121期押三段-标识3705#-300#777346
2016-11-14 19:20:11#二八第792122期押三段-标识3730#-300#777046
2016-11-14 19:22:13#二八第792122期押三段-标识3751#-300#776746
2016-11-14 19:24:09#二八第792122期押三段-标识3768#-300#776446
2016-11-14 19:25:13#二八第792123期押三段-标识3772#-300#776146
2016-11-14 19:25:34#二八第792123期押三段-标识3776#-300#775846
2016-11-14 19:29:22#二八第792123期押三段-标识3811#-300#775546
2016-11-14 19:30:25#二八第792124期押三段-标识3817#-300#775246
2016-11-14 19:32:00#二八第792124期押三段-标识3834#-300#774946
2016-11-14 19:33:52#二八第792124期押三段-标识3851#-300#774646
2016-11-14 19:35:06#二八第792125期押三段-标识3859#-300#774346
2016-11-14 19:36:36#二八第792125期押三段-标识3876#-300#774046
2016-11-14 19:37:50#二八第792125期押三段-标识3888#-300#773746
2016-11-14 19:41:27#二八第792126期押三段-标识3910#-300#773446
2016-11-14 19:42:20#二八第792126期押三段-标识3918#-300#773146
2016-11-14 19:42:52#二八第792126期押三段-标识3922#-300#772846
2016-11-14 19:45:57#二八第792127期押三段-标识3945#-300#772546
2016-11-14 19:46:50#二八第792127期押三段-标识3954#-300#772246
2016-11-14 19:47:11#二八第792127期押三段-标识3958#-300#771946
2016-11-14 19:50:06#二八第792128期押三段-标识3978#-300#771646
2016-11-14 19:50:16#二八第792128期押三段-标识3979#-300#771346
2016-11-14 19:52:08#二八第792128期押三段-标识3998#-300#771046
2016-11-14 19:56:17#二八第792129期押三段-标识4035#-300#770746
2016-11-14 19:56:38#二八第792129期押三段-标识4039#-300#770446
2016-11-14 19:57:10#二八第792129期押三段-标识4043#-300#770146
2016-11-14 20:01:34#二八第792130期押一段-标识4078#-300#769846
2016-11-14 20:04:29#二八第792130期押三段-标识4104#-300#769546
2016-11-14 20:05:54#二八第792131期押三段-标识4117#-300#769246
2016-11-14 20:06:47#二八第792131期押三段-标识4127#-300#768946
2016-11-14 20:07:40#二八第792131期押三段-标识4135#-300#768646
2016-11-14 20:10:35#二八第792132期押三段-标识4157#-300#768346
2016-11-14 20:11:43#二八第792132期押三段-标识4168#-300#768046
2016-11-14 20:12:36#二八第792132期押单-标识4177#-300#767746
2016-11-14 20:16:56#二八第792133期押三段-标识4211#-300#767446
2016-11-14 20:17:49#二八第792133期押三段-标识4219#-300#767146
2016-11-14 20:18:58#二八第792133期押三段-标识4230#-300#766846
2016-11-14 20:24:52#二八第792134期押三段-标识4279#-300#766546
2016-11-14 20:25:24#二八第792135期押三段-标识4283#-300#766246
2016-11-14 20:26:33#二八第792135期押三段-标识4295#-300#765946
2016-11-14 20:30:53#二八第792136期押三段-标识4327#-300#765646
2016-11-14 20:32:07#二八第792136期押三段-标识4340#-300#765346
2016-11-14 20:33:16#二八第792136期押三段-标识4352#-300#765046
2016-11-14 20:36:26#二八第792137期押三段-标识4378#-300#764746
2016-11-14 20:37:03#二八第792137期押三段-标识4385#-300#764446
2016-11-14 20:40:51#二八第792138期押三段-标识4417#-300#764146
2016-11-14 20:43:03#二八第792138期押三段-标识4438#-300#763846
2016-11-14 20:44:02#二八第792138期押三段-标识4447#-300#763546
2016-11-14 20:46:57#二八第792139期押三段-标识4470#-300#763246
2016-11-14 20:47:50#二八第792139期押三段-标识4479#-300#762946
2016-11-14 20:49:51#二八第792139期押三段-标识4496#-300#762646
2016-11-14 20:51:05#二八第792140期押三段-标识4509#-300#762346
2016-11-14 20:52:36#二八第792140期押三段-标识4525#-300#762046
2016-11-14 20:53:28#二八第792140期押三段-标识4529#-300#761746
2016-11-14 20:56:44#二八第792141期押小-标识4558#-300#761446
2016-11-14 20:58:15#二八第792141期押三段-标识4573#-300#761146
2016-11-14 21:00:38#二八第792142期押三段-标识4588#-300#760846
2016-11-14 21:01:30#二八第792142期押一段-标识4597#-300#760546
2016-11-14 21:03:32#二八第792142期押三段-标识4614#-300#760246
2016-11-14 21:05:39#二八第792143期押三段-标识4632#-300#759946
2016-11-14 21:08:08#二八第792143期押三段-标识4657#-300#759646
2016-11-14 21:09:01#二八第792143期押三段-标识4663#-300#759346
2016-11-14 21:13:26#二八第792144期押三段-标识4700#-300#759046
2016-11-14 21:15:01#二八第792144期押三段-标识4709#-300#758746
2016-11-14 21:16:31#二八第792145期押三段-标识4725#-300#758446
2016-11-14 21:22:10#二八第792146期押三段-标识4773#-300#758146
2016-11-14 21:23:08#二八第792146期押三段-标识4782#-300#757846
2016-11-14 21:23:40#二八第792146期押三段-标识4787#-300#757546
2016-11-14 21:30:12#二八第792148期押三段-标识4842#-300#757246
2016-11-14 21:31:10#二八第792148期押三段-标识4852#-300#756946
2016-11-14 21:32:03#二八第792148期押三段-标识4861#-300#756646
2016-11-14 21:35:19#二八第792149期押三段-标识4887#-300#756346
2016-11-14 21:37:21#二八第792149期押三段-标识4909#-300#756046
2016-11-14 21:38:14#二八第792149期押三段-标识4917#-300#755746
2016-11-14 21:40:16#二八第792150期押三段-标识4930#-300#755446
2016-11-14 21:40:37#二八第792150期押三段-标识4934#-300#755146
2016-11-14 21:44:25#二八第792150期押三段-标识4968#-300#754846
2016-11-14 21:47:51#二八第792151期押三段-标识4998#-300#754546
2016-11-14 21:49:53#二八第792151期押三段-标识5007#-300#754246
2016-11-14 21:52:16#二八第792152期押三段-标识5031#-300#753946
2016-11-14 21:53:09#二八第792152期押三段-标识5039#-300#753646
2016-11-14 21:54:23#二八第792152期押三段-标识5045#-300#753346
2016-11-14 21:56:25#二八第792153期押三段-标识5062#-300#753046
2016-11-14 21:56:46#二八第792153期押三段-标识5066#-300#752746
2016-11-14 21:57:23#二八第792153期押三段-标识5073#-300#752446
2016-11-14 22:00:39#二八第792154期押三段-标识5098#-300#752146
2016-11-14 22:01:22#二八第792154期押三段-标识5106#-300#751846
2016-11-14 22:05:25#二八第792155期押三段-标识5139#-300#751546
2016-11-14 22:05:46#二八第792155期押一段-标识5143#-300#751246
2016-11-14 22:07:48#二八第792155期押三段-标识5163#-300#750946
2016-11-14 22:10:33#二八第792156期押三段-标识5183#-300#750646
2016-11-14 22:10:54#二八第792156期押三段-标识5187#-300#750346
2016-11-14 22:11:47#二八第792156期押单-标识5196#-300#750046
2016-11-14 22:16:22#二八第792157期押三段-标识5235#-300#749746
2016-11-14 22:18:24#二八第792157期押三段-标识5256#-300#749446
2016-11-14 22:21:08#二八第792158期押三段-标识5280#-300#749146
2016-11-14 22:22:07#二八第792158期押三段-标识5290#-300#748846
2016-11-14 22:22:28#二八第792158期押小-标识5294#-300#748546
2016-11-14 22:25:22#二八第792159期押三段-标识5316#-300#748246
2016-11-14 22:25:44#二八第792159期押三段-标识5320#-300#747946
2016-11-14 22:26:21#二八第792159期押三段-标识5327#-300#747646
2016-11-14 22:32:00#二八第792160期押三段-标识5375#-300#747346
2016-11-14 22:33:14#二八第792160期押三段-标识5388#-300#747046
2016-11-14 22:33:51#二八第792160期押尾号-标识5393#-900#746146
2016-11-14 22:35:21#二八第792161期押三段-标识5402#-300#745846
2016-11-14 22:36:35#二八第792161期押三段-标识5415#-300#745546
2016-11-14 22:36:56#二八第792161期押三段-标识5419#-300#745246
2016-11-14 22:40:12#二八第792162期押三段-标识5443#-300#744946
2016-11-14 22:41:53#二八第792162期押单-标识5460#-300#744646
2016-11-14 22:43:44#二八第792162期押三段-标识5480#-300#744346
2016-11-14 22:46:29#二八第792163期押三段-标识5505#-300#744046
2016-11-14 22:47:43#二八第792163期押三段-标识5517#-300#743746
2016-11-14 22:48:20#二八第792163期押三段-标识5522#-300#743446
2016-11-14 22:51:15#二八第792164期押一段-标识5547#-300#743146
2016-11-14 22:52:29#二八第792164期押小-标识5561#-300#742846
2016-11-14 22:54:31#二八第792164期押三段-标识5578#-300#742546
2016-11-14 22:56:54#二八第792165期押三段-标识5598#-300#742246
2016-11-14 22:57:31#二八第792165期押三段-标识5603#-300#741946
2016-11-14 22:58:24#二八第792165期押一段-标识5610#-300#741646
2016-11-14 23:03:15#二八第792166期押小-标识5655#-300#741346
2016-11-14 23:03:52#二八第792166期押三段-标识5661#-300#741046
2016-11-14 23:04:24#二八第792166期押一段-标识5664#-300#740746
2016-11-14 23:06:47#二八第792167期押三段-标识5685#-300#740446
2016-11-14 23:09:10#二八第792167期押三段-标识5707#-300#740146
2016-11-14 23:10:03#二八第792167期押三段-标识5712#-300#739846
2016-11-14 23:10:24#二八第792168期押三段-标识5716#-300#739546
2016-11-14 23:11:54#二八第792168期押三段-标识5732#-300#739246
2016-11-14 23:13:03#二八第792168期押三段-标识5742#-300#738946
2016-11-14 23:17:12#二八第792169期押三段-标识5774#-300#738646
2016-11-14 23:26:55#二八第792171期押三段-标识5857#-300#738346
2016-11-14 23:28:25#二八第792171期押三段-标识5868#-300#738046
2016-11-14 23:28:46#二八第792171期押三段-标识5871#-300#737746
2016-11-14 23:31:09#二八第792172期押三段-标识5892#-300#737446
2016-11-14 23:32:02#二八第792172期押三段-标识5902#-300#737146
2016-11-14 23:33:53#二八第792172期押三段-标识5919#-300#736846
2016-11-14 23:36:27#二八第792173期押三段-标识5940#-300#736546
2016-11-14 23:36:48#二八第792173期押三段-标识5943#-300#736246
2016-11-14 23:37:41#二八第792173期押三段-标识5952#-300#735946
2016-11-14 23:40:36#二八第792174期押三段-标识5978#-300#735646
2016-11-14 23:43:30#二八第792174期押三段-标识6004#-300#735346
2016-11-14 23:44:07#二八第792174期押三段-标识6010#-300#735046
2016-11-14 23:45:53#二八第792175期押三段-标识6023#-300#734746
2016-11-14 23:48:16#二八第792175期押三段-标识6045#-300#734446
2016-11-14 23:49:30#二八第792175期押三段-标识6056#-300#734146
2016-11-14 23:50:29#二八第792176期押三段-标识6062#-300#733846
2016-11-14 23:51:32#二八第792176期押单-标识6074#-300#733546
2016-11-14 23:52:09#二八第792176期押三段-标识6081#-300#733246
2016-11-14 23:55:09#二八第792177期押三段-标识6098#-300#732946
2016-11-14 23:56:18#二八第792177期押三段-标识6110#-300#732646
2016-11-14 23:57:32#二八第792177期押三段-标识6124#-300#732346
2016-11-15 09:03:04#二八第792177期押三段-标识6167#-300#732046
2016-11-15 09:03:47#二八第792177期押三段-标识6172#-300#731746
2016-11-15 09:04:24#二八第792177期押三段-标识6174#-300#731446
2016-11-15 09:10:08#二八第792179期押三段-标识6190#-300#731146
2016-11-15 09:11:38#二八第792179期押三段-标识6205#-300#730846
2016-11-15 09:12:52#二八第792179期押三段-标识6217#-300#730546
2016-11-15 09:15:47#二八第792180期押三段-标识6237#-300#730246
2016-11-15 09:18:36#二八第792180期押三段-标识6263#-300#729946
2016-11-15 09:20:22#二八第792181期押三段-标识6273#-300#729646
2016-11-15 09:20:59#二八第792181期押三段-标识6280#-300#729346
2016-11-15 09:21:21#二八第792181期押三段-标识6284#-300#729046
2016-11-15 09:26:28#二八第792182期押三段-标识6329#-300#728746
2016-11-15 09:28:19#二八第792182期押三段-标识6347#-300#728446
2016-11-15 09:30:00#二八第792182期押三段-标识6362#-300#728146
2016-11-15 09:31:14#二八第792183期押三段-标识6376#-300#727846
2016-11-15 09:33:21#二八第792183期押三段-标识6396#-300#727546
2016-11-15 09:33:58#二八第792183期押三段-标识6403#-300#727246
2016-11-15 09:38:18#二八第792184期押三段-标识6438#-300#726946
2016-11-15 09:39:21#二八第792184期押三段-标识6446#-300#726646
2016-11-15 09:40:20#二八第792185期押三段-标识6452#-300#726346
2016-11-15 09:41:18#二八第792185期押三段-标识6463#-300#726046
2016-11-15 09:41:39#二八第792185期押三段-标识6467#-300#725746
2016-11-15 09:45:22#二八第792186期押三段-标识6498#-300#725446
2016-11-15 09:46:36#二八第792186期押一段-标识6511#-300#725146
2016-11-15 09:46:57#二八第792186期押三段-标识6515#-300#724846
2016-11-15 09:50:19#二八第792187期押三段-标识6536#-300#724546
2016-11-15 09:51:17#二八第792187期押三段-标识6546#-300#724246
2016-11-15 09:52:31#二八第792187期押三段-标识6560#-300#723946
2016-11-15 09:57:17#二八第792188期押三段-标识6603#-300#723646
2016-11-15 09:58:47#二八第792188期押三段-标识6612#-300#723346
2016-11-15 09:59:40#二八第792188期押三段-标识6617#-300#723046
2016-11-15 10:02:46#二八第792189期押三段-标识6646#-300#722746
2016-11-15 10:04:47#二八第792189期押三段-标识6661#-300#722446
2016-11-15 10:09:02#二八第792190期押三段-标识6703#-300#722146
2016-11-15 10:12:07#二八第792191期押三段-标识6732#-300#721846
2016-11-15 10:12:44#二八第792191期押三段-标识6738#-300#721546
2016-11-15 10:14:46#二八第792191期押三段-标识6752#-300#721246
2016-11-15 10:16:00#二八第792192期押三段-标识6764#-300#720946
2016-11-15 10:18:44#二八第792192期押三段-标识6788#-300#720646
2016-11-15 10:20:36#二八第792193期押三段-标识6801#-300#720346
2016-11-15 10:20:46#二八第792193期押三段-标识6803#-300#720046
2016-11-15 10:22:37#二八第792193期押三段-标识6823#-300#719746
2016-11-15 10:25:53#二八第792194期押三段-标识6851#-300#719446
2016-11-15 10:26:15#二八第792194期押三段-标识6855#-300#719146
2016-11-15 10:27:13#二八第792194期押三段-标识6865#-300#718846
2016-11-15 10:30:18#二八第792195期押三段-标识6885#-300#718546
2016-11-15 10:31:32#二八第792195期押单-标识6899#-300#718246
2016-11-15 10:35:41#二八第792196期押三段-标识6932#-300#717946
2016-11-15 10:36:40#二八第792196期押三段-标识6942#-300#717646
2016-11-15 10:38:41#二八第792196期押三段-标识6960#-300#717346
2016-11-15 10:41:57#二八第792197期押三段-标识6986#-300#717046
2016-11-15 10:42:19#二八第792197期押三段-标识6990#-300#716746
2016-11-15 10:43:49#二八第792197期押三段-标识7002#-300#716446
2016-11-15 10:45:40#二八第792198期押三段-标识7015#-300#716146
2016-11-15 10:48:03#二八第792198期押三段-标识7037#-300#715846
2016-11-15 10:48:24#二八第792198期押三段-标识7039#-300#715546
2016-11-15 10:50:47#二八第792199期押三段-标识7059#-300#715246
2016-11-15 10:51:24#二八第792199期押一段-标识7066#-300#714946
2016-11-15 10:53:00#二八第792199期押三段-标识7083#-300#714646
2016-11-15 10:55:44#二八第792200期押三段-标识7102#-300#714346
2016-11-15 10:57:46#二八第792200期押三段-标识7124#-300#714046
2016-11-15 10:58:55#二八第792200期押三段-标识7133#-300#713746
2016-11-15 11:00:09#二八第792201期押一段-标识7139#-300#713446
2016-11-15 11:01:39#二八第792201期押三段-标识7155#-300#713146
2016-11-15 11:02:53#二八第792201期押三段-标识7168#-300#712846
2016-11-15 11:05:16#二八第792202期押三段-标识7183#-300#712546
2016-11-15 11:05:53#二八第792202期押三段-标识7190#-300#712246
2016-11-15 11:06:35#二八第792202期押三段-标识7198#-300#711946
2016-11-15 11:10:50#二八第792203期押三段-标识7231#-300#711646
2016-11-15 11:11:11#二八第792203期押三段-标识7235#-300#711346
2016-11-15 11:12:09#二八第792203期押三段-标识7246#-300#711046
2016-11-15 11:16:18#二八第792204期押三段-标识7281#-300#710746
2016-11-15 11:17:27#二八第792204期押三段-标识7292#-300#710446
2016-11-15 11:18:41#二八第792204期押三段-标识7304#-300#710146
2016-11-15 11:22:03#二八第792205期押三段-标识7334#-300#709846
2016-11-15 11:22:24#二八第792205期押三段-标识7338#-300#709546
2016-11-15 11:24:47#二八第792205期押三段-标识7356#-300#709246
2016-11-15 11:27:47#二八第792206期押三段-标识7385#-300#708946
2016-11-15 11:28:29#二八第792206期押三段-标识7392#-300#708646
2016-11-15 11:30:52#二八第792207期押三段-标识7415#-300#708346
2016-11-15 11:32:12#二八第792207期押三段-标识7428#-300#708046
2016-11-15 11:38:39#二八第792208期押三段-标识7482#-300#707746
2016-11-15 11:41:39#二八第792209期押三段-标识7504#-300#707446
2016-11-15 11:44:23#二八第792209期押三段-标识7528#-300#707146
2016-11-15 11:45:37#二八第792210期押单-标识7536#-300#706846
2016-11-15 11:46:14#二八第792210期押三段-标识7543#-300#706546
2016-11-15 11:46:35#二八第792210期押一段-标识7547#-300#706246
2016-11-15 11:50:13#二八第792211期押三段-标识7573#-300#705946
2016-11-15 11:50:50#二八第792211期押三段-标识7580#-300#705646
2016-11-15 11:53:02#二八第792211期押三段-标识7602#-300#705346
2016-11-15 11:57:38#二八第792212期押三段-标识7639#-300#705046
2016-11-15 11:57:59#二八第792212期押三段-标识7642#-300#704746
2016-11-15 11:58:36#二八第792212期押三段-标识7647#-300#704446
2016-11-15 12:00:59#二八第792213期押三段-标识7667#-300#704146
2016-11-15 12:03:43#二八第792213期押单-标识7692#-300#703846
2016-11-15 12:05:40#二八第792214期押三段-标识7706#-300#703546
2016-11-15 12:07:52#二八第792214期押押大-标识7729#-300#703246
2016-11-15 12:10:05#二八第792215期押三段-标识7743#-300#702946
2016-11-15 12:11:03#二八第792215期押三段-标识7753#-300#702646
2016-11-15 12:13:37#二八第792215期押三段-标识7778#-300#702346
2016-11-15 12:17:25#二八第792216期押三段-标识7806#-300#702046
2016-11-15 12:18:39#二八第792216期押三段-标识7815#-300#701746
2016-11-15 12:23:25#二八第792217期押三段-标识7855#-300#701446
2016-11-15 12:23:46#二八第792217期押三段-标识7857#-300#701146
2016-11-15 12:27:13#二八第792218期押三段-标识7883#-300#700846
2016-11-15 12:28:27#二八第792218期押三段-标识7894#-300#700546
2016-11-15 12:29:41#二八第792218期押三段-标识7906#-300#700246
2016-11-15 12:31:43#二八第792219期押三段-标识7923#-300#699946
2016-11-15 12:32:04#二八第792219期押三段-标识7927#-300#699646
2016-11-15 12:33:18#二八第792219期押三段-标识7938#-300#699346
2016-11-15 12:35:20#二八第792220期押三段-标识7948#-300#699046
2016-11-15 12:35:57#二八第792220期押三段-标识7955#-300#698746
2016-11-15 12:37:33#二八第792220期押三段-标识7970#-300#698446
2016-11-15 12:40:17#二八第792221期押三段-标识7989#-300#698146
2016-11-15 12:42:24#二八第792221期押三段-标识8011#-300#697846
2016-11-15 12:43:38#二八第792221期押三段-标识8023#-300#697546
2016-11-15 12:46:01#二八第792222期押单-标识8042#-300#697246
2016-11-15 12:48:24#二八第792222期押三段-标识8067#-300#696946
2016-11-15 12:49:17#二八第792222期押三段-标识8073#-300#696646
2016-11-15 12:51:08#二八第792223期押一段-标识8089#-300#696346
2016-11-15 12:52:17#二八第792223期押三段-标识8101#-300#696046
2016-11-15 12:53:31#二八第792223期押三段-标识8113#-300#695746
2016-11-15 12:56:26#二八第792224期押三段-标识8139#-300#695446
2016-11-15 12:58:39#二八第792224期押三段-标识8161#-300#695146
2016-11-15 13:00:09#二八第792225期押三段-标识8167#-300#694846
2016-11-15 13:00:30#二八第792225期押三段-标识8171#-300#694546
2016-11-15 13:01:23#二八第792225期押小-标识8180#-300#694246
2016-11-15 13:05:16#二八第792226期押三段-标识8215#-300#693946
2016-11-15 13:07:18#二八第792226期押三段-标识8237#-300#693646
2016-11-15 13:07:39#二八第792226期押三段-标识8240#-300#693346
2016-11-15 13:12:52#二八第792227期押三段-标识8282#-300#693046
2016-11-15 13:13:13#二八第792227期押三段-标识8286#-300#692746
2016-11-15 13:14:06#二八第792227期押三段-标识8295#-300#692446
2016-11-15 13:17:01#二八第792228期押单-标识8319#-300#692146
2016-11-15 13:18:15#二八第792228期押三段-标识8332#-300#691846
2016-11-15 13:18:52#二八第792228期押三段-标识8336#-300#691546
2016-11-15 13:20:54#二八第792229期押三段-标识8352#-300#691246
2016-11-15 13:22:08#二八第792229期押三段-标识8365#-300#690946
2016-11-15 13:24:10#二八第792229期押三段-标识8383#-300#690646
2016-11-15 13:29:06#二八第792230期押三段-标识8423#-300#690346
2016-11-15 13:31:08#二八第792231期押三段-标识8440#-300#690046
2016-11-15 13:31:29#二八第792231期押三段-标识8444#-300#689746
2016-11-15 13:32:49#二八第792231期押三段-标识8458#-300#689446
2016-11-15 13:35:12#二八第792232期押三段-标识8472#-300#689146
2016-11-15 13:38:28#二八第792232期押三段-标识8505#-300#688846
2016-11-15 13:39:47#二八第792232期押一段-标识8514#-300#688546
2016-11-15 13:40:19#二八第792233期押大单-标识8517#-300#688246
2016-11-15 13:40:24#二八第792233期押三段-标识8518#-300#687946
2016-11-15 13:41:39#二八第792233期押三段-标识8532#-300#687646
2016-11-15 13:45:16#二八第792234期押三段-标识8563#-300#687346
2016-11-15 13:48:37#二八第792234期押三段-标识8596#-300#687046
2016-11-15 13:51:00#二八第792235期押三段-标识8615#-300#686746
2016-11-15 13:51:53#二八第792235期押三段-标识8625#-300#686446
2016-11-15 13:54:16#二八第792235期押三段-标识8643#-300#686146
2016-11-15 13:56:07#二八第792236期押三段-标识8660#-300#685846
2016-11-15 13:57:59#二八第792236期押三段-标识8679#-300#685546
2016-11-15 14:00:00#二八第792236期押三段-标识8693#-300#685246
2016-11-15 14:01:41#二八第792237期押一段-标识8710#-300#684946
2016-11-15 14:02:50#二八第792237期押三段-标识8722#-300#684646
2016-11-15 14:04:25#二八第792237期押三段-标识8735#-300#684346
2016-11-15 14:06:48#二八第792238期押三段-标识8757#-300#684046
2016-11-15 14:09:27#二八第792238期押三段-标识8781#-300#683746
2016-11-15 14:11:50#二八第792239期押三段-标识8803#-300#683446
2016-11-15 14:12:12#二八第792239期押小-标识8807#-300#683146
2016-11-15 14:13:21#二八第792239期押三段-标识8819#-300#682846
2016-11-15 14:16:10#二八第792240期押三段-标识8839#-300#682546
2016-11-15 14:16:52#二八第792240期押三段-标识8847#-300#682246
2016-11-15 14:19:37#二八第792240期押三段-标识8869#-300#681946
2016-11-15 14:20:14#二八第792241期押三段-标识8874#-300#681646
2016-11-15 14:20:35#二八第792241期押三段-标识8878#-300#681346
2016-11-15 14:22:26#二八第792241期押三段-标识8897#-300#681046
2016-11-15 14:25:10#二八第792242期押三段-标识8920#-300#680746
2016-11-15 14:28:11#二八第792242期押三段-标识8947#-300#680446
2016-11-15 14:29:46#二八第792242期押三段-标识8960#-300#680146
2016-11-15 14:31:48#二八第792243期押单-标识8979#-300#679846
2016-11-15 14:35:09#二八第792244期押三段-标识9005#-300#679546
2016-11-15 14:37:00#二八第792244期押三段-标识9025#-300#679246
2016-11-15 14:40:06#二八第792245期押三段-标识9046#-300#678946
2016-11-15 14:41:04#二八第792245期押三段-标识9057#-300#678646
2016-11-15 14:44:10#二八第792245期押三段-标识9085#-300#678346
2016-11-15 14:46:11#二八第792246期押三段-标识9100#-300#678046
2016-11-15 14:48:03#二八第792246期押三段-标识9119#-300#677746
2016-11-15 14:50:26#二八第792247期押单-标识9137#-300#677446
2016-11-15 14:50:47#二八第792247期押三段-标识9141#-300#677146
2016-11-15 14:53:31#二八第792247期押三段-标识9171#-300#676846
2016-11-15 14:55:38#二八第792248期押一段-标识9186#-300#676546
2016-11-15 14:56:52#二八第792248期押三段-标识9199#-300#676246
