2016-11-14 15:57:02#二八第791725期押双-标识1980#-300#36259
2016-11-14 15:57:21#二八第791725期押单-标识1993#-300#35959
2016-11-14 16:00:04#二八第792082期押双-标识2028#-300#35659
2016-11-14 16:01:44#二八第792082期押单-标识2046#-300#35359
2016-11-14 16:05:43#二八第792083期押双-标识2078#-300#35059
2016-11-14 16:06:36#二八第792083期押双-标识2087#-300#34759
2016-11-14 16:10:39#二八第792084期押小-标识2120#-300#34459
2016-11-14 16:11:00#二八第792084期押小-标识2124#-300#34159
2016-11-14 16:15:42#二八第792085期押双-标识2162#-300#33859
2016-11-14 16:16:56#二八第792085期押双-标识2176#-300#33559
2016-11-14 16:17:49#二八第792085期押单-标识2185#-300#33259
2016-11-14 16:20:22#二八第792086期押双-标识2204#-300#32959
2016-11-14 16:21:26#二八第792086期押双-标识2214#-300#32659
2016-11-14 16:25:03#二八第792086期押单-标识2243#-300#32359
2016-11-14 16:26:43#二八第792087期押双-标识2261#-300#32059
2016-11-14 16:27:58#二八第792087期押双-标识2273#-300#31759
2016-11-14 16:31:14#二八第792088期押双-标识2300#-300#31459
2016-11-14 16:31:51#二八第792088期押双-标识2305#-300#31159
2016-11-14 16:33:37#二八第792088期押双-标识2320#-300#30859
2016-11-14 16:36:32#二八第792089期押双-标识2347#-300#30559
2016-11-14 16:36:53#二八第792089期押双-标识2351#-300#30259
2016-11-14 16:38:44#二八第792089期押押大-标识2368#-300#29959
2016-11-14 16:40:46#二八第792090期押双-标识2385#-300#29659
2016-11-14 16:41:07#二八第792090期押双-标识2389#-300#29359
2016-11-14 16:44:02#二八第792090期押双-标识2417#-300#29059
2016-11-14 16:45:16#二八第792091期押双-标识2425#-300#28759
2016-11-14 16:46:46#二八第792091期押双-标识2441#-300#28459
2016-11-14 16:48:27#二八第792091期押单-标识2457#-300#28159
2016-11-14 16:50:29#二八第792092期押双-标识2475#-300#27859
2016-11-14 16:53:13#二八第792092期押双-标识2503#-300#27559
2016-11-14 16:54:17#二八第792092期押双-标识2508#-300#27259
2016-11-14 16:57:01#二八第792093期押双-标识2532#-300#26959
2016-11-14 17:00:17#二八第792094期押双-标识2557#-300#26659
2016-11-14 17:01:47#二八第792094期押单-标识2573#-300#26359
2016-11-14 17:03:49#二八第792094期押双-标识2591#-300#26059
2016-11-14 17:05:13#二八第792095期押双-标识2596#-300#25759
2016-11-14 17:06:27#二八第792095期押小双-标识2609#-300#25459
2016-11-14 17:08:08#二八第792095期押双-标识2624#-300#25159
2016-11-14 17:12:54#二八第792096期押双-标识2668#-300#24859
2016-11-14 17:13:15#二八第792096期押三段-标识2671#-300#24559
2016-11-14 17:13:37#二八第792096期押双-标识2673#-300#24259
2016-11-14 17:17:45#二八第792097期押单-标识2710#-300#23959
2016-11-14 17:18:23#二八第792097期押双-标识2717#-300#23659
2016-11-14 17:18:54#二八第792097期押双-标识2723#-300#23359
2016-11-14 17:22:37#二八第792098期押双-标识2751#-300#23059
2016-11-14 17:23:51#二八第792098期押小双-标识2762#-300#22759
2016-11-14 17:26:25#二八第792099期押双-标识2782#-300#22459
2016-11-14 17:27:02#二八第792099期押双-标识2788#-300#22159
2016-11-14 17:27:44#二八第792099期押小-标识2794#-300#21859
2016-11-14 17:31:32#二八第792100期押双-标识2825#-300#21559
2016-11-14 17:32:51#二八第792100期押单-标识2838#-300#21259
2016-11-14 17:33:23#二八第792100期押双-标识2844#-300#20959
2016-11-14 17:35:14#二八第792101期押双-标识2854#-300#20659
2016-11-14 17:37:16#二八第792101期押双-标识2876#-300#20359
2016-11-14 17:37:37#二八第792101期押双-标识2880#-300#20059
2016-11-14 17:42:02#二八第792102期押双-标识2918#-300#19759
2016-11-14 17:43:16#二八第792102期押双-标识2929#-300#19459
2016-11-14 17:47:04#二八第792103期押双-标识2964#-300#19159
2016-11-14 17:47:57#二八第792103期押小双-标识2973#-300#18859
2016-11-14 17:48:24#二八第792103期押单-标识2975#-300#18559
2016-11-14 17:55:06#二八第792105期押双-标识3027#-300#18259
2016-11-14 17:58:17#二八第792105期押双-标识3059#-300#17959
2016-11-14 18:03:19#二八第792106期押双-标识3097#-300#17659
2016-11-14 18:03:51#二八第792106期押双-标识3102#-300#17359
2016-11-14 18:04:44#二八第792106期押押大-标识3108#-300#17059
2016-11-14 18:10:49#二八第792108期押双-标识3151#-300#16759
2016-11-14 18:12:56#二八第792108期押双-标识3173#-300#16459
2016-11-14 18:15:40#二八第792109期押双-标识3191#-300#16159
2016-11-14 18:16:33#二八第792109期押双-标识3200#-300#15859
2016-11-14 18:17:26#二八第792109期押单-标识3210#-300#15559
2016-11-14 18:21:03#二八第792110期押一段-标识3240#-300#15259
2016-11-14 18:22:38#二八第792110期押单-标识3254#-300#14959
2016-11-14 18:24:14#二八第792110期押双-标识3263#-300#14659
2016-11-14 18:26:47#二八第792111期押双-标识3286#-300#14359
2016-11-14 18:28:38#二八第792111期押双-标识3304#-300#14059
2016-11-14 18:29:10#二八第792111期押双-标识3307#-300#13759
2016-11-14 18:30:35#二八第792112期押双-标识3317#-300#13459
2016-11-14 18:33:51#二八第792112期押双-标识3348#-300#13159
2016-11-14 18:34:23#二八第792112期押双-标识3351#-300#12859
2016-11-14 18:35:47#二八第792113期押双-标识3361#-300#12559
2016-11-14 18:36:24#二八第792113期押双-标识3368#-300#12259
2016-11-14 18:37:39#二八第792113期押押大-标识3380#-300#11959
2016-11-14 18:41:05#二八第792114期押双-标识3404#-300#11659
2016-11-14 18:47:26#二八第792115期押双-标识3457#-300#11359
2016-11-14 18:48:19#二八第792115期押双-标识3466#-300#11059
2016-11-14 18:49:55#二八第792115期押双-标识3471#-300#10759
2016-11-14 18:50:26#二八第792116期押双-标识3476#-300#10459
2016-11-14 18:51:19#二八第792116期押双-标识3484#-300#10159
2016-11-14 18:54:14#二八第792116期押一段-标识3509#-300#9859
2016-11-14 18:55:39#二八第792117期押双-标识3520#-300#9559
2016-11-14 18:57:41#二八第792117期押双-标识3539#-300#9259
2016-11-14 18:59:37#二八第792117期押双-标识3549#-300#8959
2016-11-14 19:03:14#二八第792118期押双-标识3582#-300#8659
2016-11-14 19:03:35#二八第792118期押单-标识3586#-300#8359
2016-11-14 19:06:09#二八第792119期押单-标识3607#-300#8059
2016-11-14 19:07:12#二八第792119期押一段-标识3617#-300#7759
2016-11-14 19:07:50#二八第792119期押小-标识3624#-300#7459
2016-11-14 19:11:00#二八第792120期押小双-标识3650#-300#7159
2016-11-14 19:13:02#二八第792120期押双-标识3672#-300#6859
2016-11-14 19:13:55#二八第792120期押双-标识3679#-300#6559
2016-11-14 19:15:41#二八第792121期押双-标识3693#-300#6259
2016-11-14 19:16:18#二八第792121期押双-标识3700#-300#5959
2016-11-14 19:17:43#二八第792121期押双-标识3714#-300#5659
2016-11-14 19:20:48#二八第792122期押双-标识3737#-300#5359
2016-11-14 19:22:02#二八第792122期押双-标识3749#-300#5059
2016-11-14 19:26:22#二八第792123期押单-标识3785#-300#4759
2016-11-14 19:26:32#二八第792123期押一段-标识3786#-300#4459
2016-11-14 19:27:57#二八第792123期押双-标识3800#-300#4159
2016-11-14 19:31:34#二八第792124期押双-标识3829#-300#3859
2016-11-14 19:32:27#二八第792124期押双-标识3838#-300#3559
2016-11-14 19:33:41#二八第792124期押小双-标识3849#-300#3259
2016-11-14 19:36:04#二八第792125期押双-标识3870#-300#2959
2016-11-14 19:36:25#二八第792125期押双-标识3874#-300#2659
2016-11-14 19:37:02#二八第792125期押双-标识3880#-300#2359
2016-11-14 19:45:46#二八第792127期押双-标识3943#-300#2059
2016-11-14 19:46:39#二八第792127期押双-标识3952#-300#1759
2016-11-14 19:47:38#二八第792127期押单-标识3962#-300#1459
2016-11-14 19:50:43#二八第792128期押双-标识3984#-300#1159
2016-11-14 19:51:57#二八第792128期押双-标识3996#-300#859
2016-11-14 19:53:27#二八第792128期押双-标识4009#-300#559
2016-11-14 19:55:13#二八第792129期押双-标识4023#-300#259
2016-11-14 19:55:45#系统机器人自动操作#300#1159
2016-11-14 19:55:45#二八第792129期押尾号-标识4029#-900#259
2016-11-14 19:56:06#系统机器人自动操作#300#559
2016-11-14 19:56:06#二八第792129期押单-标识4033#-300#259
2016-11-14 20:00:10#系统机器人自动操作#300#559
2016-11-14 20:00:10#二八第792130期押双-标识4064#-300#259
2016-11-14 20:01:24#系统机器人自动操作#300#559
2016-11-14 20:01:24#二八第792130期押双-标识4076#-300#259
2016-11-14 20:03:26#系统机器人自动操作#300#559
2016-11-14 20:03:26#二八第792130期押双-标识4096#-300#259
2016-11-14 20:05:43#系统机器人自动操作#300#559
2016-11-14 20:05:43#二八第792131期押双-标识4115#-300#259
2016-11-14 20:06:20#系统机器人自动操作#300#559
2016-11-14 20:06:20#二八第792131期押双-标识4122#-300#259
2016-11-14 20:06:52#系统机器人自动操作#300#559
2016-11-14 20:06:52#二八第792131期押双-标识4128#-300#259
2016-11-14 20:10:19#系统机器人自动操作#300#559
2016-11-14 20:10:19#二八第792132期押双-标识4154#-300#259
2016-11-14 20:12:26#系统机器人自动操作#300#559
2016-11-14 20:12:26#二八第792132期押双-标识4175#-300#259
2016-11-14 20:15:21#系统机器人自动操作#300#559
2016-11-14 20:15:21#二八第792133期押单-标识4195#-300#259
2016-11-14 20:15:31#系统机器人自动操作#300#559
2016-11-14 20:15:31#二八第792133期押双-标识4197#-300#259
2016-11-14 20:18:47#系统机器人自动操作#300#559
2016-11-14 20:18:47#二八第792133期押双-标识4228#-300#259
2016-11-14 20:20:12#系统机器人自动操作#300#559
2016-11-14 20:20:12#二八第792134期押小双-标识4239#-300#259
2016-11-14 20:22:03#系统机器人自动操作#300#559
2016-11-14 20:22:03#二八第792134期押双-标识4257#-300#259
2016-11-14 20:24:26#系统机器人自动操作#300#559
2016-11-14 20:24:26#二八第792134期押双-标识4277#-300#259
2016-11-14 20:25:51#系统机器人自动操作#300#559
2016-11-14 20:25:51#二八第792135期押单-标识4288#-300#259
2016-11-14 20:26:01#系统机器人自动操作#300#559
2016-11-14 20:26:01#二八第792135期押双-标识4290#-300#259
2016-11-14 20:27:00#系统机器人自动操作#300#559
2016-11-14 20:27:00#二八第792135期押双-标识4300#-300#259
2016-11-14 20:30:42#系统机器人自动操作#300#559
2016-11-14 20:30:42#二八第792136期押双-标识4325#-300#259
2016-11-14 20:32:44#系统机器人自动操作#300#559
2016-11-14 20:32:44#二八第792136期押双-标识4346#-300#259
2016-11-14 20:33:58#系统机器人自动操作#300#559
2016-11-14 20:33:58#二八第792136期押双-标识4357#-300#259
2016-11-14 20:35:39#系统机器人自动操作#300#559
2016-11-14 20:35:39#二八第792137期押双-标识4370#-300#259
2016-11-14 20:36:53#系统机器人自动操作#300#559
2016-11-14 20:36:53#二八第792137期押单-标识4383#-300#259
2016-11-14 20:38:33#系统机器人自动操作#300#559
2016-11-14 20:38:33#二八第792137期押双-标识4397#-300#259
2016-11-14 20:40:40#系统机器人自动操作#300#559
2016-11-14 20:40:40#二八第792138期押双-标识4415#-300#259
2016-11-14 20:46:04#系统机器人自动操作#300#559
2016-11-14 20:46:04#二八第792139期押双-标识4462#-300#259
2016-11-14 20:48:48#系统机器人自动操作#300#559
2016-11-14 20:48:48#二八第792139期押一段-标识4488#-300#259
2016-11-14 20:49:41#系统机器人自动操作#300#559
2016-11-14 20:49:41#二八第792139期押双-标识4494#-300#259
2016-11-14 20:50:39#系统机器人自动操作#300#559
2016-11-14 20:50:39#二八第792140期押双-标识4504#-300#259
2016-11-14 20:51:32#系统机器人自动操作#300#559
2016-11-14 20:51:32#二八第792140期押双-标识4514#-300#259
2016-11-14 20:52:25#系统机器人自动操作#300#559
2016-11-14 20:52:25#二八第792140期押押大-标识4523#-300#259
2016-11-14 20:57:22#系统机器人自动操作#300#559
2016-11-14 20:57:22#二八第792141期押一段-标识4564#-300#259
2016-11-14 20:58:04#系统机器人自动操作#300#559
2016-11-14 20:58:04#二八第792141期押双-标识4571#-300#259
2016-11-14 20:58:41#系统机器人自动操作#300#559
2016-11-14 20:58:41#二八第792141期押双-标识4577#-300#259
2016-11-14 21:00:06#系统机器人自动操作#300#559
2016-11-14 21:00:06#二八第792142期押双-标识4582#-300#259
2016-11-14 21:00:27#系统机器人自动操作#300#559
2016-11-14 21:00:27#二八第792142期押单-标识4586#-300#259
2016-11-14 21:02:08#系统机器人自动操作#300#559
2016-11-14 21:02:08#二八第792142期押双-标识4603#-300#259
2016-11-14 21:06:16#系统机器人自动操作#300#559
2016-11-14 21:06:16#二八第792143期押双-标识4639#-300#259
2016-11-14 21:06:38#系统机器人自动操作#300#559
2016-11-14 21:06:38#二八第792143期押双-标识4643#-300#259
2016-11-14 21:07:15#系统机器人自动操作#300#559
2016-11-14 21:07:15#二八第792143期押双-标识4649#-300#259
2016-11-14 21:10:31#系统机器人自动操作#300#559
2016-11-14 21:10:31#二八第792144期押双-标识4673#-300#259
2016-11-14 21:13:15#系统机器人自动操作#300#559
2016-11-14 21:13:15#二八第792144期押双-标识4699#-300#259
2016-11-14 21:14:08#系统机器人自动操作#300#559
2016-11-14 21:14:08#二八第792144期押三段-标识4704#-300#259
2016-11-14 21:15:06#系统机器人自动操作#300#559
2016-11-14 21:15:06#二八第792145期押双-标识4710#-300#259
2016-11-14 21:17:29#系统机器人自动操作#300#559
2016-11-14 21:17:29#二八第792145期押小双-标识4735#-300#259
2016-11-14 21:18:43#系统机器人自动操作#300#559
2016-11-14 21:18:43#二八第792145期押单-标识4746#-300#259
2016-11-14 21:21:44#系统机器人自动操作#300#559
2016-11-14 21:21:44#二八第792146期押双-标识4768#-300#259
2016-11-14 21:22:36#系统机器人自动操作#300#559
2016-11-14 21:22:36#二八第792146期押双-标识4777#-300#259
2016-11-14 21:23:29#系统机器人自动操作#300#559
2016-11-14 21:23:29#二八第792146期押押大-标识4785#-300#259
2016-11-14 21:25:10#系统机器人自动操作#300#559
2016-11-14 21:25:10#二八第792147期押小-标识4798#-300#259
2016-11-14 21:26:45#系统机器人自动操作#300#559
2016-11-14 21:26:45#二八第792147期押单-标识4815#-300#259
2016-11-14 21:27:54#系统机器人自动操作#300#559
2016-11-14 21:27:54#二八第792147期押一段-标识4826#-300#259
2016-11-14 21:30:38#系统机器人自动操作#300#559
2016-11-14 21:30:38#二八第792148期押押大-标识4847#-300#259
2016-11-14 21:32:40#系统机器人自动操作#300#559
2016-11-14 21:32:40#二八第792148期押双-标识4867#-300#259
2016-11-14 21:34:16#系统机器人自动操作#300#559
2016-11-14 21:34:16#二八第792148期押小双-标识4881#-300#259
2016-11-14 21:36:49#系统机器人自动操作#300#559
2016-11-14 21:36:49#二八第792149期押双-标识4903#-300#259
2016-11-14 21:37:10#系统机器人自动操作#300#559
2016-11-14 21:37:10#二八第792149期押双-标识4907#-300#259
2016-11-14 21:37:48#系统机器人自动操作#300#559
2016-11-14 21:37:48#二八第792149期押双-标识4913#-300#259
2016-11-14 21:40:05#系统机器人自动操作#300#559
2016-11-14 21:40:05#二八第792150期押押大-标识4928#-300#259
2016-11-14 21:42:07#系统机器人自动操作#300#559
2016-11-14 21:42:07#二八第792150期押双-标识4950#-300#259
2016-11-14 21:42:28#系统机器人自动操作#300#559
2016-11-14 21:42:28#二八第792150期押双-标识4954#-300#259
2016-11-14 21:46:26#系统机器人自动操作#300#559
2016-11-14 21:46:26#二八第792151期押双-标识4984#-300#259
2016-11-14 21:47:19#系统机器人自动操作#300#559
2016-11-14 21:47:19#二八第792151期押双-标识4993#-300#259
2016-11-14 21:47:57#系统机器人自动操作#300#559
2016-11-14 21:47:57#二八第792151期押双-标识4999#-300#259
2016-11-14 21:52:05#系统机器人自动操作#300#559
2016-11-14 21:52:05#二八第792152期押双-标识5029#-300#259
2016-11-14 21:52:58#系统机器人自动操作#300#559
2016-11-14 21:52:58#二八第792152期押双-标识5037#-300#259
2016-11-14 21:54:50#系统机器人自动操作#300#559
2016-11-14 21:54:50#二八第792152期押单-标识5047#-300#259
2016-11-14 21:59:15#系统机器人自动操作#300#559
2016-11-14 21:59:15#二八第792153期押双-标识5090#-300#259
2016-11-14 22:00:07#系统机器人自动操作#300#559
2016-11-14 22:00:07#二八第792154期押双-标识5092#-300#259
2016-11-14 22:01:59#系统机器人自动操作#300#559
2016-11-14 22:01:59#二八第792154期押双-标识5113#-300#259
2016-11-14 22:02:57#系统机器人自动操作#300#559
2016-11-14 22:02:57#二八第792154期押双-标识5122#-300#259
2016-11-14 22:05:15#系统机器人自动操作#300#559
2016-11-14 22:05:15#二八第792155期押双-标识5137#-300#259
2016-11-14 22:07:38#系统机器人自动操作#300#559
2016-11-14 22:07:38#二八第792155期押双-标识5161#-300#259
2016-11-14 22:08:20#系统机器人自动操作#300#559
2016-11-14 22:08:20#二八第792155期押单-标识5168#-300#259
2016-11-14 22:10:22#系统机器人自动操作#300#559
2016-11-14 22:10:22#二八第792156期押双-标识5181#-300#259
2016-11-14 22:10:59#系统机器人自动操作#300#559
2016-11-14 22:10:59#二八第792156期押小-标识5188#-300#259
2016-11-14 22:12:13#系统机器人自动操作#300#559
2016-11-14 22:12:13#二八第792156期押双-标识5200#-300#259
2016-11-14 22:15:29#系统机器人自动操作#300#559
2016-11-14 22:15:29#二八第792157期押双-标识5226#-300#259
2016-11-14 22:16:59#系统机器人自动操作#300#559
2016-11-14 22:16:59#二八第792157期押双-标识5242#-300#259
2016-11-14 22:18:50#系统机器人自动操作#300#559
2016-11-14 22:18:50#二八第792157期押双-标识5260#-300#259
2016-11-14 22:21:35#系统机器人自动操作#300#559
2016-11-14 22:21:35#二八第792158期押小双-标识5284#-300#259
2016-11-14 22:21:56#系统机器人自动操作#300#559
2016-11-14 22:21:56#二八第792158期押单-标识5288#-300#259
2016-11-14 22:23:05#系统机器人自动操作#300#559
2016-11-14 22:23:05#二八第792158期押双-标识5301#-300#259
2016-11-14 22:26:10#系统机器人自动操作#300#559
2016-11-14 22:26:10#二八第792159期押单-标识5325#-300#259
2016-11-14 22:30:56#系统机器人自动操作#300#559
2016-11-14 22:30:56#二八第792160期押双-标识5364#-300#259
2016-11-14 22:32:26#系统机器人自动操作#300#559
2016-11-14 22:32:26#二八第792160期押双-标识5379#-300#259
2016-11-14 22:33:40#系统机器人自动操作#300#559
2016-11-14 22:33:40#二八第792160期押单-标识5391#-300#259
2016-11-14 22:37:55#系统机器人自动操作#300#559
2016-11-14 22:37:55#二八第792161期押双-标识5428#-300#259
2016-11-14 22:38:48#系统机器人自动操作#300#559
2016-11-14 22:38:48#二八第792161期押双-标识5434#-300#259
2016-11-14 22:40:18#系统机器人自动操作#300#559
2016-11-14 22:40:18#二八第792162期押押大-标识5444#-300#259
2016-11-14 22:42:20#系统机器人自动操作#300#559
2016-11-14 22:42:20#二八第792162期押双-标识5465#-300#259
2016-11-14 22:43:34#系统机器人自动操作#300#559
2016-11-14 22:43:34#二八第792162期押双-标识5478#-300#259
2016-11-14 22:46:18#系统机器人自动操作#300#559
2016-11-14 22:46:18#二八第792163期押小双-标识5503#-300#259
2016-11-14 22:46:55#系统机器人自动操作#300#559
2016-11-14 22:46:55#二八第792163期押双-标识5509#-300#259
2016-11-14 22:48:57#系统机器人自动操作#300#559
2016-11-14 22:48:57#二八第792163期押双-标识5527#-300#259
2016-11-14 22:51:04#系统机器人自动操作#300#559
2016-11-14 22:51:04#二八第792164期押双-标识5545#-300#259
2016-11-14 22:53:06#系统机器人自动操作#300#559
2016-11-14 22:53:06#二八第792164期押双-标识5567#-300#259
2016-11-14 22:55:29#系统机器人自动操作#300#559
2016-11-14 22:55:29#二八第792165期押小-标识5583#-300#259
2016-11-14 22:56:27#系统机器人自动操作#300#559
2016-11-14 22:56:27#二八第792165期押双-标识5593#-300#259
2016-11-14 22:57:20#系统机器人自动操作#300#559
2016-11-14 22:57:20#二八第792165期押双-标识5602#-300#259
2016-11-14 23:01:50#系统机器人自动操作#300#559
2016-11-14 23:01:50#二八第792166期押双-标识5642#-300#259
2016-11-14 23:02:27#系统机器人自动操作#300#559
2016-11-14 23:02:27#二八第792166期押双-标识5649#-300#259
2016-11-14 23:06:36#系统机器人自动操作#300#559
2016-11-14 23:06:36#二八第792167期押小双-标识5683#-300#259
2016-11-14 23:09:52#系统机器人自动操作#300#559
2016-11-14 23:09:52#二八第792167期押双-标识5711#-300#259
2016-11-14 23:10:29#系统机器人自动操作#300#559
2016-11-14 23:10:29#二八第792168期押双-标识5717#-300#259
2016-11-14 23:14:06#系统机器人自动操作#300#559
2016-11-14 23:14:06#二八第792168期押单-标识5750#-300#259
2016-11-14 23:15:47#系统机器人自动操作#300#559
2016-11-14 23:15:47#二八第792169期押一段-标识5762#-300#259
2016-11-14 23:17:01#系统机器人自动操作#300#559
2016-11-14 23:17:01#二八第792169期押双-标识5772#-300#259
2016-11-14 23:18:00#系统机器人自动操作#300#559
2016-11-14 23:18:00#二八第792169期押双-标识5781#-300#259
2016-11-14 23:21:16#系统机器人自动操作#300#559
2016-11-14 23:21:16#二八第792170期押小双-标识5807#-300#259
2016-11-14 23:21:37#系统机器人自动操作#300#559
2016-11-14 23:21:37#二八第792170期押单-标识5811#-300#259
2016-11-14 23:23:17#系统机器人自动操作#300#559
2016-11-14 23:23:17#二八第792170期押双-标识5828#-300#259
2016-11-14 23:25:30#系统机器人自动操作#300#559
2016-11-14 23:25:30#二八第792171期押双-标识5841#-300#259
2016-11-14 23:25:51#系统机器人自动操作#300#559
2016-11-14 23:25:51#二八第792171期押单-标识5845#-300#259
2016-11-14 23:28:14#系统机器人自动操作#300#559
2016-11-14 23:28:14#二八第792171期押双-标识5866#-300#259
2016-11-14 23:30:16#系统机器人自动操作#300#559
2016-11-14 23:30:16#二八第792172期押双-标识5882#-300#259
2016-11-14 23:31:51#系统机器人自动操作#300#559
2016-11-14 23:31:51#二八第792172期押小双-标识5900#-300#259
2016-11-14 23:32:28#系统机器人自动操作#300#559
2016-11-14 23:32:28#二八第792172期押双-标识5907#-300#259
2016-11-14 23:36:16#系统机器人自动操作#300#559
2016-11-14 23:36:16#二八第792173期押双-标识5938#-300#259
2016-11-14 23:39:32#系统机器人自动操作#300#559
2016-11-14 23:39:32#二八第792173期押双-标识5968#-300#259
2016-11-14 23:40:25#系统机器人自动操作#300#559
2016-11-14 23:40:25#二八第792174期押小双-标识5976#-300#259
2016-11-14 23:41:02#系统机器人自动操作#300#559
2016-11-14 23:41:02#二八第792174期押双-标识5982#-300#259
2016-11-14 23:41:55#系统机器人自动操作#300#559
2016-11-14 23:41:55#二八第792174期押单-标识5990#-300#259
2016-11-14 23:45:43#系统机器人自动操作#300#559
2016-11-14 23:45:43#二八第792175期押双-标识6021#-300#259
2016-11-14 23:47:45#系统机器人自动操作#300#559
2016-11-14 23:47:45#二八第792175期押双-标识6040#-300#259
2016-11-14 23:48:06#系统机器人自动操作#300#559
2016-11-14 23:48:06#二八第792175期押双-标识6043#-300#259
2016-11-14 23:51:06#系统机器人自动操作#300#559
2016-11-14 23:51:06#二八第792176期押双-标识6069#-300#259
2016-11-14 23:51:59#系统机器人自动操作#300#559
2016-11-14 23:51:59#二八第792176期押双-标识6079#-300#259
2016-11-14 23:55:47#系统机器人自动操作#300#559
2016-11-14 23:55:47#二八第792177期押双-标识6105#-300#259
2016-11-14 23:57:06#系统机器人自动操作#300#559
2016-11-14 23:57:06#二八第792177期押双-标识6119#-300#259
2016-11-14 23:57:59#系统机器人自动操作#300#559
2016-11-14 23:57:59#二八第792177期押单-标识6129#-300#259
2016-11-15 09:00:25#系统机器人自动操作#300#559
2016-11-15 09:00:25#二八第792177期押双-标识6146#-300#259
2016-11-15 09:01:34#系统机器人自动操作#300#559
2016-11-15 09:01:34#二八第792177期押小单-标识6156#-300#259
2016-11-15 09:02:54#系统机器人自动操作#300#559
2016-11-15 09:02:54#二八第792177期押双-标识6165#-300#259
2016-11-15 09:09:57#系统机器人自动操作#300#559
2016-11-15 09:09:57#二八第792178期押单-标识6188#-300#259
2016-11-15 09:11:27#系统机器人自动操作#300#559
2016-11-15 09:11:27#二八第792179期押双-标识6204#-300#259
2016-11-15 09:12:04#系统机器人自动操作#300#559
2016-11-15 09:12:04#二八第792179期押双-标识6209#-300#259
2016-11-15 09:13:19#系统机器人自动操作#300#559
2016-11-15 09:13:19#二八第792179期押双-标识6220#-300#259
2016-11-15 09:16:24#系统机器人自动操作#300#559
2016-11-15 09:16:24#二八第792180期押双-标识6244#-300#259
2016-11-15 09:17:33#系统机器人自动操作#300#559
2016-11-15 09:17:33#二八第792180期押双-标识6255#-300#259
2016-11-15 09:18:26#系统机器人自动操作#300#559
2016-11-15 09:18:26#二八第792180期押双-标识6262#-300#259
2016-11-15 09:20:49#系统机器人自动操作#300#559
2016-11-15 09:20:49#二八第792181期押双-标识6278#-300#259
2016-11-15 09:21:58#系统机器人自动操作#300#559
2016-11-15 09:21:58#二八第792181期押小-标识6291#-300#259
2016-11-15 09:23:12#系统机器人自动操作#300#559
2016-11-15 09:23:12#二八第792181期押双-标识6301#-300#259
2016-11-15 09:25:35#系统机器人自动操作#300#559
2016-11-15 09:25:35#二八第792182期押双-标识6320#-300#259
2016-11-15 09:26:54#系统机器人自动操作#300#559
2016-11-15 09:26:54#二八第792182期押双-标识6333#-300#259
2016-11-15 09:28:56#系统机器人自动操作#300#559
2016-11-15 09:28:56#二八第792182期押双-标识6353#-300#259
2016-11-15 09:31:03#系统机器人自动操作#300#559
2016-11-15 09:31:03#二八第792183期押单-标识6374#-300#259
2016-11-15 09:33:48#系统机器人自动操作#300#559
2016-11-15 09:33:48#二八第792183期押双-标识6401#-300#259
2016-11-15 09:35:12#系统机器人自动操作#300#559
2016-11-15 09:35:12#二八第792184期押双-标识6408#-300#259
2016-11-15 09:37:14#系统机器人自动操作#300#559
2016-11-15 09:37:14#二八第792184期押双-标识6428#-300#259
2016-11-15 09:38:07#系统机器人自动操作#300#559
2016-11-15 09:38:07#二八第792184期押双-标识6436#-300#259
2016-11-15 09:40:46#系统机器人自动操作#300#559
2016-11-15 09:40:46#二八第792185期押小-标识6457#-300#259
2016-11-15 09:41:07#系统机器人自动操作#300#559
2016-11-15 09:41:07#二八第792185期押单-标识6461#-300#259
2016-11-15 09:42:06#系统机器人自动操作#300#559
2016-11-15 09:42:06#二八第792185期押双-标识6472#-300#259
2016-11-15 09:45:11#系统机器人自动操作#300#559
2016-11-15 09:45:11#二八第792186期押双-标识6496#-300#259
2016-11-15 09:46:25#系统机器人自动操作#300#559
2016-11-15 09:46:25#二八第792186期押单-标识6509#-300#259
2016-11-15 09:47:45#系统机器人自动操作#300#559
2016-11-15 09:47:45#二八第792186期押双-标识6522#-300#259
2016-11-15 09:50:45#系统机器人自动操作#300#559
2016-11-15 09:50:45#二八第792187期押双-标识6541#-300#259
2016-11-15 09:51:06#系统机器人自动操作#300#559
2016-11-15 09:51:06#二八第792187期押押大-标识6544#-300#259
2016-11-15 09:53:08#系统机器人自动操作#300#559
2016-11-15 09:53:08#二八第792187期押双-标识6566#-300#259
2016-11-15 09:57:44#系统机器人自动操作#300#559
2016-11-15 09:57:44#二八第792188期押双-标识6605#-300#259
2016-11-15 09:58:37#系统机器人自动操作#300#559
2016-11-15 09:58:37#二八第792188期押双-标识6611#-300#259
2016-11-15 09:59:30#系统机器人自动操作#300#559
2016-11-15 09:59:30#二八第792188期押单-标识6616#-300#259
2016-11-15 10:00:38#系统机器人自动操作#300#559
2016-11-15 10:00:38#二八第792189期押双-标识6627#-300#259
2016-11-15 10:02:14#系统机器人自动操作#300#559
2016-11-15 10:02:14#二八第792189期押单-标识6641#-300#259
2016-11-15 10:03:23#系统机器人自动操作#300#559
2016-11-15 10:03:23#二八第792189期押双-标识6651#-300#259
2016-11-15 10:05:14#系统机器人自动操作#300#559
2016-11-15 10:05:14#二八第792190期押双-标识6666#-300#259
2016-11-15 10:07:37#系统机器人自动操作#300#559
2016-11-15 10:07:37#二八第792190期押双-标识6689#-300#259
2016-11-15 10:08:51#系统机器人自动操作#300#559
2016-11-15 10:08:51#二八第792190期押双-标识6701#-300#259
2016-11-15 10:10:42#系统机器人自动操作#300#559
2016-11-15 10:10:42#二八第792191期押双-标识6717#-300#259
2016-11-15 10:11:19#系统机器人自动操作#300#559
2016-11-15 10:11:19#二八第792191期押双-标识6724#-300#259
2016-11-15 10:12:34#系统机器人自动操作#300#559
2016-11-15 10:12:34#二八第792191期押单-标识6736#-300#259
2016-11-15 10:15:50#系统机器人自动操作#300#559
2016-11-15 10:15:50#二八第792192期押单-标识6762#-300#259
2016-11-15 10:18:13#系统机器人自动操作#300#559
2016-11-15 10:18:13#二八第792192期押双-标识6785#-300#259
2016-11-15 10:19:11#系统机器人自动操作#300#559
2016-11-15 10:19:11#二八第792192期押双-标识6791#-300#259
2016-11-15 10:21:13#系统机器人自动操作#300#559
2016-11-15 10:21:13#二八第792193期押双-标识6808#-300#259
2016-11-15 10:22:27#系统机器人自动操作#300#559
2016-11-15 10:22:27#二八第792193期押双-标识6821#-300#259
2016-11-15 10:24:29#系统机器人自动操作#300#559
2016-11-15 10:24:29#二八第792193期押双-标识6839#-300#259
2016-11-15 10:25:43#系统机器人自动操作#300#559
2016-11-15 10:25:43#二八第792194期押双-标识6849#-300#259
2016-11-15 10:26:41#系统机器人自动操作#300#559
2016-11-15 10:26:41#二八第792194期押双-标识6860#-300#259
2016-11-15 10:29:15#系统机器人自动操作#300#559
2016-11-15 10:29:15#二八第792194期押双-标识6877#-300#259
2016-11-15 10:31:22#系统机器人自动操作#300#559
2016-11-15 10:31:22#二八第792195期押单-标识6897#-300#259
2016-11-15 10:34:17#系统机器人自动操作#300#559
2016-11-15 10:34:17#二八第792195期押双-标识6921#-300#259
2016-11-15 10:34:54#系统机器人自动操作#300#559
2016-11-15 10:34:54#二八第792195期押双-标识6925#-300#259
2016-11-15 10:36:08#系统机器人自动操作#300#559
2016-11-15 10:36:08#二八第792196期押三段-标识6937#-300#259
2016-11-15 10:38:31#系统机器人自动操作#300#559
2016-11-15 10:38:31#二八第792196期押双-标识6958#-300#259
2016-11-15 10:40:33#系统机器人自动操作#300#559
2016-11-15 10:40:33#二八第792197期押双-标识6972#-300#259
2016-11-15 10:41:47#系统机器人自动操作#300#559
2016-11-15 10:41:47#二八第792197期押双-标识6985#-300#259
2016-11-15 10:42:45#系统机器人自动操作#300#559
2016-11-15 10:42:45#二八第792197期押小单-标识6995#-300#259
2016-11-15 10:45:29#系统机器人自动操作#300#559
2016-11-15 10:45:29#二八第792198期押双-标识7013#-300#259
2016-11-15 10:49:12#系统机器人自动操作#300#559
2016-11-15 10:49:12#二八第792198期押单-标识7046#-300#259
2016-11-15 10:49:22#系统机器人自动操作#300#559
2016-11-15 10:49:22#二八第792198期押双-标识7047#-300#259
2016-11-15 10:53:26#系统机器人自动操作#300#559
2016-11-15 10:53:26#二八第792199期押双-标识7087#-300#259
2016-11-15 10:54:19#系统机器人自动操作#300#559
2016-11-15 10:54:19#二八第792199期押小双-标识7092#-300#259
2016-11-15 10:56:21#系统机器人自动操作#300#559
2016-11-15 10:56:21#二八第792200期押双-标识7109#-300#259
2016-11-15 10:57:51#系统机器人自动操作#300#559
2016-11-15 10:57:51#二八第792200期押双-标识7125#-300#259
2016-11-15 10:58:44#系统机器人自动操作#300#559
2016-11-15 10:58:44#二八第792200期押双-标识7131#-300#259
2016-11-15 11:01:28#系统机器人自动操作#300#559
2016-11-15 11:01:28#二八第792201期押双-标识7153#-300#259
2016-11-15 11:02:42#系统机器人自动操作#300#559
2016-11-15 11:02:42#二八第792201期押单-标识7167#-300#259
2016-11-15 11:03:19#系统机器人自动操作#300#559
2016-11-15 11:03:19#二八第792201期押押大-标识7171#-300#259
2016-11-15 11:05:42#系统机器人自动操作#300#559
2016-11-15 11:05:42#二八第792202期押双-标识7188#-300#259
2016-11-15 11:07:13#系统机器人自动操作#300#559
2016-11-15 11:07:13#二八第792202期押一段-标识7205#-300#259
2016-11-15 11:07:34#系统机器人自动操作#300#559
2016-11-15 11:07:34#二八第792202期押一段-标识7208#-300#259
2016-11-15 11:10:18#系统机器人自动操作#300#559
2016-11-15 11:10:18#二八第792203期押一段-标识7226#-300#259
2016-11-15 11:14:00#系统机器人自动操作#300#559
2016-11-15 11:14:00#二八第792203期押双-标识7262#-300#259
2016-11-15 11:14:53#系统机器人自动操作#300#559
2016-11-15 11:14:53#二八第792203期押双-标识7268#-300#259
2016-11-15 11:17:16#系统机器人自动操作#300#559
2016-11-15 11:17:16#二八第792204期押双-标识7290#-300#259
2016-11-15 11:17:54#系统机器人自动操作#300#559
2016-11-15 11:17:54#二八第792204期押双-标识7297#-300#259
2016-11-15 11:18:15#系统机器人自动操作#300#559
2016-11-15 11:18:15#二八第792204期押双-标识7301#-300#259
2016-11-15 11:20:38#系统机器人自动操作#300#559
2016-11-15 11:20:38#二八第792205期押双-标识7320#-300#259
2016-11-15 11:21:52#系统机器人自动操作#300#559
2016-11-15 11:21:52#二八第792205期押双-标识7332#-300#259
2016-11-15 11:23:01#系统机器人自动操作#300#559
2016-11-15 11:23:01#二八第792205期押双-标识7343#-300#259
2016-11-15 11:25:13#系统机器人自动操作#300#559
2016-11-15 11:25:13#二八第792206期押押大-标识7360#-300#259
2016-11-15 11:27:36#系统机器人自动操作#300#559
2016-11-15 11:27:36#二八第792206期押双-标识7383#-300#259
2016-11-15 11:29:28#系统机器人自动操作#300#559
2016-11-15 11:29:28#二八第792206期押双-标识7402#-300#259
2016-11-15 11:30:42#系统机器人自动操作#300#559
2016-11-15 11:30:42#二八第792207期押双-标识7414#-300#259
2016-11-15 11:31:19#系统机器人自动操作#300#559
2016-11-15 11:31:19#二八第792207期押小-标识7420#-300#259
2016-11-15 11:32:49#系统机器人自动操作#300#559
2016-11-15 11:32:49#二八第792207期押双-标识7433#-300#259
2016-11-15 11:36:26#系统机器人自动操作#300#559
2016-11-15 11:36:26#二八第792208期押双-标识7463#-300#259
2016-11-15 11:39:16#系统机器人自动操作#300#559
2016-11-15 11:39:16#二八第792208期押双-标识7485#-300#259
2016-11-15 11:41:07#系统机器人自动操作#300#559
2016-11-15 11:41:07#二八第792209期押一段-标识7499#-300#259
2016-11-15 11:41:28#系统机器人自动操作#300#559
2016-11-15 11:41:28#二八第792209期押双-标识7502#-300#259
2016-11-15 11:41:49#系统机器人自动操作#300#559
2016-11-15 11:41:49#二八第792209期押双-标识7506#-300#259
2016-11-15 11:46:04#系统机器人自动操作#300#559
2016-11-15 11:46:04#二八第792210期押双-标识7541#-300#259
2016-11-15 11:47:55#系统机器人自动操作#300#559
2016-11-15 11:47:55#二八第792210期押双-标识7558#-300#259
2016-11-15 11:48:48#系统机器人自动操作#300#559
2016-11-15 11:48:48#二八第792210期押双-标识7564#-300#259
2016-11-15 11:51:16#系统机器人自动操作#300#559
2016-11-15 11:51:16#二八第792211期押双-标识7585#-300#259
2016-11-15 11:53:39#系统机器人自动操作#300#559
2016-11-15 11:53:39#二八第792211期押双-标识7606#-300#259
2016-11-15 11:54:53#系统机器人自动操作#300#559
2016-11-15 11:54:53#二八第792211期押双-标识7613#-300#259
2016-11-15 11:59:13#系统机器人自动操作#300#559
2016-11-15 11:59:13#二八第792212期押双-标识7653#-300#259
2016-11-15 12:00:48#系统机器人自动操作#300#559
2016-11-15 12:00:48#二八第792213期押单-标识7665#-300#259
2016-11-15 12:01:57#系统机器人自动操作#300#559
2016-11-15 12:01:57#二八第792213期押双-标识7676#-300#259
2016-11-15 12:03:33#系统机器人自动操作#300#559
2016-11-15 12:03:33#二八第792213期押单-标识7690#-300#259
2016-11-15 12:05:29#系统机器人自动操作#300#559
2016-11-15 12:05:29#二八第792214期押双-标识7704#-300#259
2016-11-15 12:06:59#系统机器人自动操作#300#559
2016-11-15 12:06:59#二八第792214期押双-标识7720#-300#259
2016-11-15 12:07:42#系统机器人自动操作#300#559
2016-11-15 12:07:42#二八第792214期押双-标识7727#-300#259
2016-11-15 12:10:31#系统机器人自动操作#300#559
2016-11-15 12:10:31#二八第792215期押双-标识7748#-300#259
2016-11-15 12:12:01#系统机器人自动操作#300#559
2016-11-15 12:12:01#二八第792215期押双-标识7763#-300#259
2016-11-15 12:12:44#系统机器人自动操作#300#559
2016-11-15 12:12:44#二八第792215期押双-标识7770#-300#259
2016-11-15 12:17:14#系统机器人自动操作#300#559
2016-11-15 12:17:14#二八第792216期押双-标识7804#-300#259
2016-11-15 12:20:35#系统机器人自动操作#300#559
2016-11-15 12:20:35#二八第792217期押双-标识7829#-300#259
2016-11-15 12:21:23#系统机器人自动操作#300#559
2016-11-15 12:21:23#二八第792217期押小-标识7837#-300#259
2016-11-15 12:23:14#系统机器人自动操作#300#559
2016-11-15 12:23:14#二八第792217期押双-标识7853#-300#259
2016-11-15 12:27:55#系统机器人自动操作#300#559
2016-11-15 12:27:55#二八第792218期押双-标识7890#-300#259
2016-11-15 12:29:09#系统机器人自动操作#300#559
2016-11-15 12:29:09#二八第792218期押双-标识7900#-300#259
2016-11-15 12:29:31#系统机器人自动操作#300#559
2016-11-15 12:29:31#二八第792218期押单-标识7904#-300#259
2016-11-15 12:30:39#系统机器人自动操作#300#559
2016-11-15 12:30:39#二八第792219期押双-标识7913#-300#259
2016-11-15 12:31:32#系统机器人自动操作#300#559
2016-11-15 12:31:32#二八第792219期押双-标识7921#-300#259
2016-11-15 12:31:54#系统机器人自动操作#300#559
2016-11-15 12:31:54#二八第792219期押双-标识7925#-300#259
2016-11-15 12:35:47#系统机器人自动操作#300#559
2016-11-15 12:35:47#二八第792220期押双-标识7953#-300#259
2016-11-15 12:37:59#系统机器人自动操作#300#559
2016-11-15 12:37:59#二八第792220期押双-标识7974#-300#259
2016-11-15 12:40:54#系统机器人自动操作#300#559
2016-11-15 12:40:54#二八第792221期押双-标识7996#-300#259
2016-11-15 12:41:31#系统机器人自动操作#300#559
2016-11-15 12:41:31#二八第792221期押双-标识8002#-300#259
2016-11-15 12:44:15#系统机器人自动操作#300#559
2016-11-15 12:44:15#二八第792221期押双-标识8028#-300#259
2016-11-15 12:45:51#系统机器人自动操作#300#559
2016-11-15 12:45:51#二八第792222期押单-标识8040#-300#259
2016-11-15 12:47:52#系统机器人自动操作#300#559
2016-11-15 12:47:52#二八第792222期押一段-标识8061#-300#259
2016-11-15 12:48:30#系统机器人自动操作#300#559
2016-11-15 12:48:30#二八第792222期押双-标识8068#-300#259
2016-11-15 12:52:07#系统机器人自动操作#300#559
2016-11-15 12:52:07#二八第792223期押双-标识8099#-300#259
2016-11-15 12:53:21#系统机器人自动操作#300#559
2016-11-15 12:53:21#二八第792223期押单-标识8111#-300#259
2016-11-15 12:54:51#系统机器人自动操作#300#559
2016-11-15 12:54:51#二八第792223期押单-标识8123#-300#259
2016-11-15 12:56:00#系统机器人自动操作#300#559
2016-11-15 12:56:00#二八第792224期押双-标识8134#-300#259
2016-11-15 12:56:53#系统机器人自动操作#300#559
2016-11-15 12:56:53#二八第792224期押双-标识8143#-300#259
2016-11-15 12:57:14#系统机器人自动操作#300#559
2016-11-15 12:57:14#二八第792224期押双-标识8147#-300#259
2016-11-15 13:02:00#系统机器人自动操作#300#559
2016-11-15 13:02:00#二八第792225期押双-标识8187#-300#259
2016-11-15 13:03:51#系统机器人自动操作#300#559
2016-11-15 13:03:51#二八第792225期押小-标识8203#-300#259
2016-11-15 13:07:07#系统机器人自动操作#300#559
2016-11-15 13:07:07#二八第792226期押小双-标识8235#-300#259
2016-11-15 13:07:28#系统机器人自动操作#300#559
2016-11-15 13:07:28#二八第792226期押双-标识8239#-300#259
2016-11-15 13:09:30#系统机器人自动操作#300#559
2016-11-15 13:09:30#二八第792226期押双-标识8253#-300#259
2016-11-15 13:10:29#系统机器人自动操作#300#559
2016-11-15 13:10:29#二八第792227期押双-标识8259#-300#259
2016-11-15 13:13:55#系统机器人自动操作#300#559
2016-11-15 13:13:55#二八第792227期押单-标识8293#-300#259
2016-11-15 13:15:57#系统机器人自动操作#300#559
2016-11-15 13:15:57#二八第792228期押双-标识8308#-300#259
2016-11-15 13:16:50#系统机器人自动操作#300#559
2016-11-15 13:16:50#二八第792228期押双-标识8317#-300#259
2016-11-15 13:17:27#系统机器人自动操作#300#559
2016-11-15 13:17:27#二八第792228期押双-标识8323#-300#259
2016-11-15 13:21:04#系统机器人自动操作#300#559
2016-11-15 13:21:04#二八第792229期押双-标识8354#-300#259
2016-11-15 13:21:57#系统机器人自动操作#300#559
2016-11-15 13:21:57#二八第792229期押单-标识8363#-300#259
2016-11-15 13:23:59#系统机器人自动操作#300#559
2016-11-15 13:23:59#二八第792229期押双-标识8381#-300#259
2016-11-15 13:27:20#系统机器人自动操作#300#559
2016-11-15 13:27:20#二八第792230期押双-标识8409#-300#259
2016-11-15 13:30:57#系统机器人自动操作#300#559
2016-11-15 13:30:58#二八第792231期押双-标识8438#-300#259
2016-11-15 13:31:56#系统机器人自动操作#300#559
2016-11-15 13:31:56#二八第792231期押双-标识8449#-300#259
2016-11-15 13:33:26#系统机器人自动操作#300#559
2016-11-15 13:33:26#二八第792231期押双-标识8462#-300#259
2016-11-15 13:36:42#系统机器人自动操作#300#559
2016-11-15 13:36:42#二八第792232期押双-标识8489#-300#259
2016-11-15 13:37:56#系统机器人自动操作#300#559
2016-11-15 13:37:56#二八第792232期押双-标识8499#-300#259
2016-11-15 13:38:17#系统机器人自动操作#300#559
2016-11-15 13:38:17#二八第792232期押单-标识8503#-300#259
2016-11-15 13:42:37#系统机器人自动操作#300#559
2016-11-15 13:42:37#二八第792233期押双-标识8543#-300#259
2016-11-15 13:43:51#系统机器人自动操作#300#559
2016-11-15 13:43:51#二八第792233期押双-标识8555#-300#259
2016-11-15 13:45:00#系统机器人自动操作#300#559
2016-11-15 13:45:00#二八第792233期押双-标识8560#-300#259
2016-11-15 13:45:53#系统机器人自动操作#300#559
2016-11-15 13:45:53#二八第792234期押双-标识8570#-300#259
2016-11-15 13:46:30#系统机器人自动操作#300#559
2016-11-15 13:46:30#二八第792234期押双-标识8577#-300#259
2016-11-15 13:49:14#系统机器人自动操作#300#559
2016-11-15 13:49:14#二八第792234期押双-标识8601#-300#259
2016-11-15 13:50:28#系统机器人自动操作#300#559
2016-11-15 13:50:28#二八第792235期押双-标识8609#-300#259
2016-11-15 13:52:20#系统机器人自动操作#300#559
2016-11-15 13:52:20#二八第792235期押单-标识8630#-300#259
2016-11-15 13:52:30#系统机器人自动操作#300#559
2016-11-15 13:52:30#二八第792235期押双-标识8632#-300#259
2016-11-15 13:56:44#系统机器人自动操作#300#559
2016-11-15 13:56:44#二八第792236期押双-标识8667#-300#259
2016-11-15 13:59:50#系统机器人自动操作#300#559
2016-11-15 13:59:50#二八第792236期押双-标识8691#-300#259
2016-11-15 14:00:27#系统机器人自动操作#300#559
2016-11-15 14:00:27#二八第792237期押双-标识8698#-300#259
2016-11-15 14:02:39#系统机器人自动操作#300#559
2016-11-15 14:02:39#二八第792237期押双-标识8720#-300#259
2016-11-15 14:07:15#系统机器人自动操作#300#559
2016-11-15 14:07:15#二八第792238期押双-标识8762#-300#259
2016-11-15 14:08:34#系统机器人自动操作#300#559
2016-11-15 14:08:34#二八第792238期押双-标识8774#-300#259
2016-11-15 14:10:04#系统机器人自动操作#300#559
2016-11-15 14:10:04#二八第792239期押双-标识8784#-300#259
2016-11-15 14:11:40#系统机器人自动操作#300#559
2016-11-15 14:11:40#二八第792239期押单-标识8801#-300#259
2016-11-15 14:12:49#系统机器人自动操作#300#559
2016-11-15 14:12:49#二八第792239期押双-标识8813#-300#259
2016-11-15 14:15:38#系统机器人自动操作#300#559
2016-11-15 14:15:38#二八第792240期押双-标识8834#-300#259
2016-11-15 14:15:59#系统机器人自动操作#300#559
2016-11-15 14:15:59#二八第792240期押双-标识8837#-300#259
2016-11-15 14:17:51#系统机器人自动操作#300#559
2016-11-15 14:17:51#二八第792240期押双-标识8856#-300#259
2016-11-15 14:21:54#系统机器人自动操作#300#559
2016-11-15 14:21:54#二八第792241期押小双-标识8892#-300#259
2016-11-15 14:22:16#系统机器人自动操作#300#559
2016-11-15 14:22:16#二八第792241期押单-标识8895#-300#259
2016-11-15 14:23:25#系统机器人自动操作#300#559
2016-11-15 14:23:25#二八第792241期押双-标识8906#-300#259
2016-11-15 14:25:37#系统机器人自动操作#300#559
2016-11-15 14:25:37#二八第792242期押押大-标识8925#-300#259
2016-11-15 14:26:46#系统机器人自动操作#300#559
2016-11-15 14:26:46#二八第792242期押双-标识8937#-300#259
2016-11-15 14:28:00#系统机器人自动操作#300#559
2016-11-15 14:28:00#二八第792242期押双-标识8946#-300#259
2016-11-15 14:30:23#系统机器人自动操作#300#559
2016-11-15 14:30:23#二八第792243期押双-标识8964#-300#259
2016-11-15 14:31:37#系统机器人自动操作#300#559
2016-11-15 14:31:37#二八第792243期押小双-标识8977#-300#259
2016-11-15 14:32:14#系统机器人自动操作#300#559
2016-11-15 14:32:14#二八第792243期押双-标识8984#-300#259
2016-11-15 14:37:43#系统机器人自动操作#300#559
2016-11-15 14:37:43#二八第792244期押三段-标识9032#-300#259
2016-11-15 14:40:54#系统机器人自动操作#300#559
2016-11-15 14:40:54#二八第792245期押单-标识9055#-300#259
2016-11-15 14:42:02#系统机器人自动操作#300#559
2016-11-15 14:42:02#二八第792245期押双-标识9067#-300#259
2016-11-15 14:43:38#系统机器人自动操作#300#559
2016-11-15 14:43:38#二八第792245期押小双-标识9080#-300#259
2016-11-15 14:46:38#系统机器人自动操作#300#559
2016-11-15 14:46:38#二八第792246期押双-标识9104#-300#259
2016-11-15 14:49:01#系统机器人自动操作#300#559
2016-11-15 14:49:01#二八第792246期押双-标识9127#-300#259
2016-11-15 14:50:15#系统机器人自动操作#300#559
2016-11-15 14:50:15#二八第792247期押双-标识9135#-300#259
2016-11-15 14:50:36#系统机器人自动操作#300#559
2016-11-15 14:50:36#二八第792247期押单-标识9139#-300#259
2016-11-15 14:53:58#系统机器人自动操作#300#559
2016-11-15 14:53:58#二八第792247期押押大-标识9173#-300#259
2016-11-15 14:55:28#系统机器人自动操作#300#559
2016-11-15 14:55:28#二八第792248期押双-标识9184#-300#259
2016-11-15 14:56:42#系统机器人自动操作#300#559
2016-11-15 14:56:42#二八第792248期押单-标识9197#-300#259
2016-11-15 14:59:35#系统机器人自动操作#300#559
2016-11-15 14:59:35#二八第792248期押双-标识9219#-300#259
