2016-11-14 15:58:02#二八第791725期押大单-标识2005#-300#2061779
2016-11-14 15:58:11#二八第791725期押小单-标识2009#-300#2061479
2016-11-14 15:59:37#二八第792081期押二段-标识2024#-300#2061179
2016-11-14 16:01:07#二八第792082期押小单-标识2039#-300#2060879
2016-11-14 16:01:50#二八第792082期押大单-标识2047#-300#2060579
2016-11-14 16:02:43#二八第792082期押大单-标识2056#-300#2060279
2016-11-14 16:07:50#二八第792083期押大单-标识2099#-300#2059979
2016-11-14 16:09:36#二八第792083期押大单-标识2110#-300#2059679
2016-11-14 16:10:29#二八第792084期押二段-标识2118#-300#2059379
2016-11-14 16:11:37#二八第792084期押小单-标识2131#-300#2059079
2016-11-14 16:12:30#二八第792084期押大单-标识2139#-300#2058779
2016-11-14 16:18:31#二八第792085期押大单-标识2192#-300#2058479
2016-11-14 16:19:03#二八第792085期押大单-标识2196#-300#2058179
2016-11-14 16:19:35#二八第792085期押大单-标识2198#-300#2057879
2016-11-14 16:20:06#二八第792086期押二段-标识2201#-300#2057579
2016-11-14 16:24:47#二八第792086期押大单-标识2241#-300#2057279
2016-11-14 16:26:17#二八第792087期押大单-标识2256#-300#2056979
2016-11-14 16:27:31#二八第792087期押大单-标识2269#-300#2056679
2016-11-14 16:28:40#二八第792087期押二段-标识2279#-300#2056379
2016-11-14 16:30:48#二八第792088期押大单-标识2295#-300#2056079
2016-11-14 16:34:35#二八第792088期押大单-标识2329#-300#2055779
2016-11-14 16:36:05#二八第792089期押大单-标识2342#-300#2055479
2016-11-14 16:38:07#二八第792089期押小单-标识2362#-300#2055179
2016-11-14 16:38:28#二八第792089期押大单-标识2366#-300#2054879
2016-11-14 16:40:51#二八第792090期押小单-标识2386#-300#2054579
2016-11-14 16:41:44#二八第792090期押大单-标识2396#-300#2054279
2016-11-14 16:43:36#二八第792090期押大单-标识2413#-300#2053979
2016-11-14 16:46:20#二八第792091期押大单-标识2436#-300#2053679
2016-11-14 16:48:11#二八第792091期押大单-标识2454#-300#2053379
2016-11-14 16:50:02#二八第792091期押大单-标识2470#-300#2053079
2016-11-14 16:51:11#二八第792092期押小单-标识2483#-300#2052779
2016-11-14 16:51:54#二八第792092期押大单-标识2490#-300#2052479
2016-11-14 16:52:47#二八第792092期押大单-标识2498#-300#2052179
2016-11-14 16:55:52#二八第792093期押大单-标识2521#-300#2051879
2016-11-14 16:56:45#二八第792093期押大单-标识2529#-300#2051579
2016-11-14 17:00:38#二八第792094期押大单-标识2561#-300#2051279
2016-11-14 17:02:45#二八第792094期押大单-标识2582#-300#2050979
2016-11-14 17:06:12#二八第792095期押大单-标识2606#-300#2050679
2016-11-14 17:06:49#二八第792095期押单-标识2612#-300#2050379
2016-11-14 17:07:42#二八第792095期押大单-标识2620#-300#2050079
2016-11-14 17:11:51#二八第792096期押大单-标识2657#-300#2049779
2016-11-14 17:12:44#二八第792096期押大单-标识2667#-300#2049479
2016-11-14 17:14:14#二八第792096期押大单-标识2678#-300#2049179
2016-11-14 17:16:37#二八第792097期押单-标识2697#-300#2048879
2016-11-14 17:17:14#二八第792097期押小单-标识2704#-300#2048579
2016-11-14 17:18:07#二八第792097期押大单-标识2714#-300#2048279
2016-11-14 17:21:23#二八第792098期押大单-标识2740#-300#2047979
2016-11-14 17:22:10#二八第792098期押大单-标识2747#-300#2047679
2016-11-14 17:24:12#二八第792098期押大单-标识2766#-300#2047379
2016-11-14 17:25:58#二八第792099期押大单-标识2777#-300#2047079
2016-11-14 17:27:49#二八第792099期押大单-标识2795#-300#2046779
2016-11-14 17:31:05#二八第792100期押大单-标识2821#-300#2046479
2016-11-14 17:32:14#二八第792100期押大单-标识2832#-300#2046179
2016-11-14 17:32:35#二八第792100期押二段-标识2836#-300#2045879
2016-11-14 17:36:13#二八第792101期押二段-标识2864#-300#2045579
2016-11-14 17:36:50#二八第792101期押大单-标识2871#-300#2045279
2016-11-14 17:38:04#二八第792101期押大单-标识2885#-300#2044979
2016-11-14 17:40:16#二八第792102期押小单-标识2899#-300#2044679
2016-11-14 17:43:00#二八第792102期押大单-标识2927#-300#2044379
2016-11-14 17:44:15#二八第792102期押大单-标识2937#-300#2044079
2016-11-14 17:45:23#二八第792103期押大单-标识2946#-300#2043779
2016-11-14 17:46:38#二八第792103期押大单-标识2959#-300#2043479
2016-11-14 17:47:46#二八第792103期押大单-标识2971#-300#2043179
2016-11-14 17:50:25#二八第792104期押大单-标识2986#-300#2042879
2016-11-14 17:52:48#二八第792104期押大单-标识3012#-300#2042579
2016-11-14 17:57:03#二八第792105期押大单-标识3047#-300#2042279
2016-11-14 17:57:24#二八第792105期押大单-标识3051#-300#2041979
2016-11-14 17:58:01#二八第792105期押大单-标识3058#-300#2041679
2016-11-14 18:01:12#二八第792106期押大单-标识3080#-300#2041379
2016-11-14 18:03:03#二八第792106期押大单-标识3095#-300#2041079
2016-11-14 18:05:21#二八第792107期押大单-标识3112#-300#2040779
2016-11-14 18:06:14#二八第792107期押大单-标识3121#-300#2040479
2016-11-14 18:06:51#二八第792107期押大单-标识3126#-300#2040179
2016-11-14 18:10:22#二八第792108期押大单-标识3146#-300#2039879
2016-11-14 18:11:15#二八第792108期押大单-标识3156#-300#2039579
2016-11-14 18:13:17#二八第792108期押大单-标识3177#-300#2039279
2016-11-14 18:16:17#二八第792109期押二段-标识3197#-300#2038979
2016-11-14 18:17:10#二八第792109期押大单-标识3207#-300#2038679
2016-11-14 18:18:24#二八第792109期押二段-标识3220#-300#2038379
2016-11-14 18:20:37#二八第792110期押大单-标识3235#-300#2038079
2016-11-14 18:24:35#二八第792110期押小单-标识3266#-300#2037779
2016-11-14 18:26:21#二八第792111期押大单-标识3282#-300#2037479
2016-11-14 18:28:44#二八第792111期押大单-标识3305#-300#2037179
2016-11-14 18:30:08#二八第792112期押大单-标识3312#-300#2036879
2016-11-14 18:30:19#二八第792112期押小单-标识3314#-300#2036579
2016-11-14 18:31:49#二八第792112期押大单-标识3330#-300#2036279
2016-11-14 18:35:21#二八第792113期押大单-标识3356#-300#2035979
2016-11-14 18:37:23#二八第792113期押大单-标识3378#-300#2035679
2016-11-14 18:38:42#二八第792113期押大单-标识3388#-300#2035379
2016-11-14 18:40:17#二八第792114期押大单-标识3396#-300#2035079
2016-11-14 18:40:39#二八第792114期押大单-标识3399#-300#2034779
2016-11-14 18:40:49#二八第792114期押小单-标识3401#-300#2034479
2016-11-14 18:46:02#二八第792115期押大单-标识3443#-300#2034179
2016-11-14 18:51:03#二八第792116期押小单-标识3482#-300#2033879
2016-11-14 18:52:23#二八第792116期押大单-标识3495#-300#2033579
2016-11-14 18:52:44#二八第792116期押大单-标识3499#-300#2033279
2016-11-14 18:55:12#二八第792117期押大单-标识3515#-300#2032979
2016-11-14 18:57:46#二八第792117期押大单-标识3540#-300#2032679
2016-11-14 18:58:18#二八第792117期押小单-标识3544#-300#2032379
2016-11-14 19:04:28#二八第792118期押单-标识3592#-300#2032079
2016-11-14 19:05:00#二八第792118期押大单-标识3594#-300#2031779
2016-11-14 19:05:53#二八第792119期押大单-标识3604#-300#2031479
2016-11-14 19:06:46#二八第792119期押大单-标识3612#-300#2031179
2016-11-14 19:10:44#二八第792120期押大单-标识3647#-300#2030879
2016-11-14 19:12:35#二八第792120期押大单-标识3668#-300#2030579
2016-11-14 19:13:28#二八第792120期押大单-标识3676#-300#2030279
2016-11-14 19:17:27#二八第792121期押大单-标识3712#-300#2029979
2016-11-14 19:19:13#二八第792121期押大单-标识3725#-300#2029679
2016-11-14 19:21:36#二八第792122期押大单-标识3745#-300#2029379
2016-11-14 19:21:46#二八第792122期押小单-标识3747#-300#2029079
2016-11-14 19:23:48#二八第792122期押大单-标识3766#-300#2028779
2016-11-14 19:26:59#二八第792123期押大单-标识3790#-300#2028479
2016-11-14 19:29:59#二八第792123期押大单-标识3813#-300#2028179
2016-11-14 19:30:51#二八第792124期押大单-标识3822#-300#2027879
2016-11-14 19:33:25#二八第792124期押大单-标识3848#-300#2027579
2016-11-14 19:34:02#二八第792124期押大单-标识3853#-300#2027279
2016-11-14 19:35:16#二八第792125期押大单-标识3861#-300#2026979
2016-11-14 19:35:38#二八第792125期押大单-标识3865#-300#2026679
2016-11-14 19:36:46#二八第792125期押大单-标识3878#-300#2026379
2016-11-14 19:42:31#二八第792126期押大单-标识3919#-300#2026079
2016-11-14 19:43:02#二八第792126期押大单-标识3924#-300#2025779
2016-11-14 19:43:55#二八第792126期押大单-标识3930#-300#2025479
2016-11-14 19:45:20#二八第792127期押大单-标识3938#-300#2025179
2016-11-14 19:47:01#二八第792127期押大单-标识3956#-300#2024879
2016-11-14 19:47:22#二八第792127期押大单-标识3960#-300#2024579
2016-11-14 19:51:41#二八第792128期押大单-标识3994#-300#2024279
2016-11-14 19:53:01#二八第792128期押大单-标识4005#-300#2023979
2016-11-14 19:56:27#二八第792129期押大单-标识4037#-300#2023679
2016-11-14 19:57:20#二八第792129期押大单-标识4045#-300#2023379
2016-11-14 20:01:45#二八第792130期押大单-标识4080#-300#2023079
2016-11-14 20:02:59#二八第792130期押大单-标识4093#-300#2022779
2016-11-14 20:06:57#二八第792131期押大单-标识4129#-300#2022479
2016-11-14 20:07:50#二八第792131期押大单-标识4137#-300#2022179
2016-11-14 20:08:43#二八第792131期押大单-标识4145#-300#2021879
2016-11-14 20:10:08#二八第792132期押大单-标识4152#-300#2021579
2016-11-14 20:10:45#二八第792132期押大单-标识4158#-300#2021279
2016-11-14 20:12:47#二八第792132期押大单-标识4179#-300#2020979
2016-11-14 20:15:05#二八第792133期押二段-标识4192#-300#2020679
2016-11-14 20:16:19#二八第792133期押大单-标识4205#-300#2020379
2016-11-14 20:19:56#二八第792133期押二段-标识4236#-300#2020079
2016-11-14 20:21:37#二八第792134期押大单-标识4253#-300#2019779
2016-11-14 20:25:35#二八第792135期押大单-标识4285#-300#2019479
2016-11-14 20:26:49#二八第792135期押押大-标识4298#-300#2019179
2016-11-14 20:28:30#二八第792135期押大单-标识4314#-300#2018879
2016-11-14 20:30:26#二八第792136期押大单-标识4322#-300#2018579
2016-11-14 20:31:03#二八第792136期押大单-标识4329#-300#2018279
2016-11-14 20:32:17#二八第792136期押大单-标识4342#-300#2017979
2016-11-14 20:36:37#二八第792137期押大单-标识4380#-300#2017679
2016-11-14 20:37:51#二八第792137期押大单-标识4391#-300#2017379
2016-11-14 20:39:21#二八第792137期押大单-标识4403#-300#2017079
2016-11-14 20:41:02#二八第792138期押大单-标识4419#-300#2016779
2016-11-14 20:43:14#二八第792138期押二段-标识4440#-300#2016479
2016-11-14 20:44:28#二八第792138期押大单-标识4450#-300#2016179
2016-11-14 20:48:00#二八第792139期押大单-标识4481#-300#2015879
2016-11-14 20:51:16#二八第792140期押大单-标识4511#-300#2015579
2016-11-14 20:55:25#二八第792141期押大单-标识4543#-300#2015279
2016-11-14 20:55:36#二八第792141期押小单-标识4545#-300#2014979
2016-11-14 20:59:18#二八第792141期押大单-标识4579#-300#2014679
2016-11-14 21:01:04#二八第792142期押大单-标识4592#-300#2014379
2016-11-14 21:03:06#二八第792142期押小单-标识4611#-300#2014079
2016-11-14 21:04:36#二八第792142期押大单-标识4623#-300#2013779
2016-11-14 21:05:50#二八第792143期押大单-标识4634#-300#2013479
2016-11-14 21:08:02#二八第792143期押大单-标识4656#-300#2013179
2016-11-14 21:08:34#二八第792143期押大单-标识4660#-300#2012879
2016-11-14 21:11:34#二八第792144期押大单-标识4684#-300#2012579
2016-11-14 21:13:41#二八第792144期押大单-标识4701#-300#2012279
2016-11-14 21:16:04#二八第792145期押二段-标识4720#-300#2011979
2016-11-14 21:17:35#二八第792145期押大单-标识4736#-300#2011679
2016-11-14 21:18:12#二八第792145期押小单-标识4742#-300#2011379
2016-11-14 21:22:21#二八第792146期押大单-标识4775#-300#2011079
2016-11-14 21:26:08#二八第792147期押大单-标识4808#-300#2010779
2016-11-14 21:27:07#二八第792147期押大单-标识4819#-300#2010479
2016-11-14 21:27:28#二八第792147期押大单-标识4823#-300#2010179
2016-11-14 21:30:23#二八第792148期押大单-标识4844#-300#2009879
2016-11-14 21:31:37#二八第792148期押大单-标识4857#-300#2009579
2016-11-14 21:33:44#二八第792148期押小单-标识4875#-300#2009279
2016-11-14 21:35:09#二八第792149期押大单-标识4885#-300#2008979
2016-11-14 21:36:23#二八第792149期押大单-标识4899#-300#2008679
2016-11-14 21:38:25#二八第792149期押大单-标识4919#-300#2008379
2016-11-14 21:41:03#二八第792150期押大单-标识4939#-300#2008079
2016-11-14 21:41:41#二八第792150期押大单-标识4945#-300#2007779
2016-11-14 21:45:07#二八第792151期押大单-标识4972#-300#2007479
2016-11-14 21:49:27#二八第792151期押大单-标识5005#-300#2007179
2016-11-14 21:51:39#二八第792152期押大单-标识5024#-300#2006879
2016-11-14 21:52:32#二八第792152期押大单-标识5033#-300#2006579
2016-11-14 21:53:41#二八第792152期押大单-标识5042#-300#2006279
2016-11-14 21:55:48#二八第792153期押大单-标识5056#-300#2005979
2016-11-14 21:56:57#二八第792153期押大单-标识5068#-300#2005679
2016-11-14 21:58:11#二八第792153期押大单-标识5081#-300#2005379
2016-11-14 22:01:32#二八第792154期押大单-标识5108#-300#2005079
2016-11-14 22:04:27#二八第792154期押二段-标识5132#-300#2004779
2016-11-14 22:04:59#二八第792154期押二段-标识5134#-300#2004479
2016-11-14 22:07:11#二八第792155期押单-标识5157#-300#2004179
2016-11-14 22:09:34#二八第792155期押大单-标识5176#-300#2003879
2016-11-14 22:09:55#二八第792155期押大单-标识5178#-300#2003579
2016-11-14 22:11:04#二八第792156期押小单-标识5189#-300#2003279
2016-11-14 22:11:57#二八第792156期押大单-标识5198#-300#2002979
2016-11-14 22:13:11#二八第792156期押大单-标识5210#-300#2002679
2016-11-14 22:15:13#二八第792157期押大单-标识5223#-300#2002379
2016-11-14 22:16:33#二八第792157期押大单-标识5237#-300#2002079
2016-11-14 22:16:54#二八第792157期押大单-标识5241#-300#2001779
2016-11-14 22:20:42#二八第792158期押大单-标识5276#-300#2001479
2016-11-14 22:21:19#二八第792158期押小单-标识5281#-300#2001179
2016-11-14 22:22:38#二八第792158期押单-标识5296#-300#2000879
2016-11-14 22:25:54#二八第792159期押大单-标识5322#-300#2000579
2016-11-14 22:27:46#二八第792159期押大单-标识5342#-300#2000279
2016-11-14 22:28:54#二八第792159期押小单-标识5349#-300#1999979
2016-11-14 22:30:09#二八第792160期押大单-标识5356#-300#1999679
2016-11-14 22:33:25#二八第792160期押大单-标识5390#-300#1999379
2016-11-14 22:34:44#二八第792160期押大单-标识5397#-300#1999079
2016-11-14 22:39:09#二八第792161期押二段-标识5437#-300#1998779
2016-11-14 22:40:02#二八第792161期押二段-标识5441#-300#1998479
2016-11-14 22:41:16#二八第792162期押大单-标识5454#-300#1998179
2016-11-14 22:43:18#二八第792162期押二段-标识5476#-300#1997879
2016-11-14 22:43:55#二八第792162期押小双-标识5482#-300#1997579
2016-11-14 22:46:39#二八第792163期押大单-标识5507#-300#1997279
2016-11-14 22:50:48#二八第792164期押二段-标识5542#-300#1996979
2016-11-14 22:51:25#二八第792164期押大单-标识5549#-300#1996679
2016-11-14 22:52:39#二八第792164期押大单-标识5563#-300#1996379
2016-11-14 22:55:13#二八第792165期押小单-标识5580#-300#1996079
2016-11-14 22:55:34#二八第792165期押大单-标识5584#-300#1995779
2016-11-14 22:55:55#二八第792165期押大单-标识5588#-300#1995479
2016-11-14 23:00:10#二八第792166期押大单-标识5624#-300#1995179
2016-11-14 23:02:11#二八第792166期押二段-标识5646#-300#1994879
2016-11-14 23:03:26#二八第792166期押大单-标识5657#-300#1994579
2016-11-14 23:05:49#二八第792167期押大单-标识5675#-300#1994279
2016-11-14 23:06:20#二八第792167期押大单-标识5680#-300#1993979
2016-11-14 23:06:57#二八第792167期押大单-标识5687#-300#1993679
2016-11-14 23:10:13#二八第792168期押大单-标识5714#-300#1993379
2016-11-14 23:11:28#二八第792168期押大单-标识5727#-300#1993079
2016-11-14 23:13:19#二八第792168期押大单-标识5745#-300#1992779
2016-11-14 23:17:44#二八第792169期押大单-标识5780#-300#1992479
2016-11-14 23:19:19#二八第792169期押二段-标识5791#-300#1992179
2016-11-14 23:21:00#二八第792170期押二段-标识5804#-300#1991879
2016-11-14 23:21:21#二八第792170期押大单-标识5808#-300#1991579
2016-11-14 23:21:58#二八第792170期押大单-标识5815#-300#1991279
2016-11-14 23:25:35#二八第792171期押大单-标识5842#-300#1990979
2016-11-14 23:26:28#二八第792171期押大单-标识5852#-300#1990679
2016-11-14 23:29:49#二八第792171期押大单-标识5877#-300#1990379
2016-11-14 23:32:12#二八第792172期押大单-标识5904#-300#1990079
2016-11-14 23:33:27#二八第792172期押大单-标识5915#-300#1989779
2016-11-14 23:36:00#二八第792173期押大单-标识5935#-300#1989479
2016-11-14 23:36:58#二八第792173期押大单-标识5945#-300#1989179
2016-11-14 23:37:51#二八第792173期押大单-标识5954#-300#1988879
2016-11-14 23:40:46#二八第792174期押大单-标识5980#-300#1988579
2016-11-14 23:41:07#二八第792174期押大单-标识5983#-300#1988279
2016-11-14 23:42:53#二八第792174期押大单-标识5999#-300#1987979
2016-11-14 23:45:27#二八第792175期押大单-标识6018#-300#1987679
2016-11-14 23:46:04#二八第792175期押大单-标识6025#-300#1987379
2016-11-14 23:47:18#二八第792175期押大单-标识6037#-300#1987079
2016-11-14 23:50:55#二八第792176期押大单-标识6067#-300#1986779
2016-11-14 23:52:04#二八第792176期押大单-标识6080#-300#1986479
2016-11-14 23:53:34#二八第792176期押大单-标识6090#-300#1986179
2016-11-14 23:57:43#二八第792177期押大单-标识6126#-300#1985879
2016-11-14 23:58:57#二八第792177期押大单-标识6137#-300#1985579
2016-11-15 09:00:30#二八第792177期押大单-标识6147#-300#1985279
2016-11-15 09:00:52#二八第792177期押大单-标识6150#-300#1984979
2016-11-15 09:01:45#二八第792177期押大单-标识6158#-300#1984679
2016-11-15 09:10:40#二八第792179期押大单-标识6196#-300#1984379
2016-11-15 09:11:01#二八第792179期押大单-标识6200#-300#1984079
2016-11-15 09:13:03#二八第792179期押大单-标识6219#-300#1983779
2016-11-15 09:15:20#二八第792180期押大单-标识6232#-300#1983479
2016-11-15 09:15:57#二八第792180期押大单-标识6239#-300#1983179
2016-11-15 09:17:17#二八第792180期押单-标识6253#-300#1982879
2016-11-15 09:20:33#二八第792181期押大单-标识6275#-300#1982579
2016-11-15 09:20:54#二八第792181期押大单-标识6279#-300#1982279
2016-11-15 09:22:45#二八第792181期押大单-标识6298#-300#1981979
2016-11-15 09:25:08#二八第792182期押大单-标识6315#-300#1981679
2016-11-15 09:26:38#二八第792182期押大单-标识6331#-300#1981379
2016-11-15 09:27:53#二八第792182期押大单-标识6343#-300#1981079
2016-11-15 09:31:24#二八第792183期押单-标识6378#-300#1980779
2016-11-15 09:33:32#二八第792183期押小单-标识6398#-300#1980479
2016-11-15 09:34:25#二八第792183期押大单-标识6406#-300#1980179
2016-11-15 09:37:41#二八第792184期押大单-标识6433#-300#1979879
2016-11-15 09:40:30#二八第792185期押大单-标识6454#-300#1979579
2016-11-15 09:40:51#二八第792185期押大单-标识6458#-300#1979279
2016-11-15 09:46:10#二八第792186期押大单-标识6506#-300#1978979
2016-11-15 09:46:47#二八第792186期押单-标识6513#-300#1978679
2016-11-15 09:47:08#二八第792186期押大单-标识6516#-300#1978379
2016-11-15 09:50:50#二八第792187期押大单-标识6542#-300#1978079
2016-11-15 09:52:05#二八第792187期押大单-标识6555#-300#1977779
2016-11-15 09:56:19#二八第792188期押大单-标识6594#-300#1977479
2016-11-15 09:59:14#二八第792188期押大单-标识6614#-300#1977179
2016-11-15 10:00:12#二八第792189期押大单-标识6622#-300#1976879
2016-11-15 10:02:56#二八第792189期押大单-标识6648#-300#1976579
2016-11-15 10:04:58#二八第792189期押小单-标识6663#-300#1976279
2016-11-15 10:05:19#二八第792190期押大单-标识6667#-300#1975979
2016-11-15 10:07:10#二八第792190期押大单-标识6685#-300#1975679
2016-11-15 10:07:42#二八第792190期押小单-标识6690#-300#1975379
2016-11-15 10:12:18#二八第792191期押大单-标识6734#-300#1975079
2016-11-15 10:13:32#二八第792191期押大单-标识6745#-300#1974779
2016-11-15 10:14:09#二八第792191期押大单-标识6750#-300#1974479
2016-11-15 10:16:11#二八第792192期押大单-标识6766#-300#1974179
2016-11-15 10:18:55#二八第792192期押大单-标识6789#-300#1973879
2016-11-15 10:20:09#二八第792193期押大单-标识6797#-300#1973579
2016-11-15 10:22:11#二八第792193期押大单-标识6819#-300#1973279
2016-11-15 10:22:48#二八第792193期押小单-标识6825#-300#1972979
2016-11-15 10:26:04#二八第792194期押小单-标识6853#-300#1972679
2016-11-15 10:26:25#二八第792194期押二段-标识6857#-300#1972379
2016-11-15 10:27:39#二八第792194期押大单-标识6870#-300#1972079
2016-11-15 10:32:57#二八第792195期押大单-标识6913#-300#1971779
2016-11-15 10:33:50#二八第792195期押大单-标识6919#-300#1971479
2016-11-15 10:35:52#二八第792196期押大单-标识6934#-300#1971179
2016-11-15 10:38:15#二八第792196期押大单-标识6956#-300#1970879
2016-11-15 10:38:52#二八第792196期押小单-标识6961#-300#1970579
2016-11-15 10:40:06#二八第792197期押大单-标识6967#-300#1970279
2016-11-15 10:42:50#二八第792197期押大单-标识6996#-300#1969979
2016-11-15 10:43:12#二八第792197期押二段-标识6999#-300#1969679
2016-11-15 10:45:13#二八第792198期押二段-标识7010#-300#1969379
2016-11-15 10:45:51#二八第792198期押大单-标识7017#-300#1969079
2016-11-15 10:47:26#二八第792198期押大单-标识7032#-300#1968779
2016-11-15 10:50:10#二八第792199期押二段-标识7053#-300#1968479
2016-11-15 10:52:12#二八第792199期押大单-标识7075#-300#1968179
2016-11-15 10:53:10#二八第792199期押大单-标识7084#-300#1967879
2016-11-15 10:59:42#二八第792200期押大单-标识7136#-300#1967579
2016-11-15 11:00:19#二八第792201期押大单-标识7141#-300#1967279
2016-11-15 11:03:04#二八第792201期押大单-标识7169#-300#1966979
2016-11-15 11:04:18#二八第792201期押大单-标识7178#-300#1966679
2016-11-15 11:05:27#二八第792202期押小单-标识7185#-300#1966379
2016-11-15 11:06:46#二八第792202期押大单-标识7200#-300#1966079
2016-11-15 11:09:51#二八第792202期押大单-标识7222#-300#1965779
2016-11-15 11:13:34#二八第792203期押大单-标识7260#-300#1965479
2016-11-15 11:15:15#二八第792204期押小单-标识7270#-300#1965179
2016-11-15 11:16:50#二八第792204期押二段-标识7287#-300#1964879
2016-11-15 11:18:52#二八第792204期押大单-标识7306#-300#1964579
2016-11-15 11:22:34#二八第792205期押单-标识7340#-300#1964279
2016-11-15 11:23:48#二八第792205期押大单-标识7349#-300#1963979
2016-11-15 11:24:57#二八第792205期押二段-标识7358#-300#1963679
2016-11-15 11:26:12#二八第792206期押大单-标识7370#-300#1963379
2016-11-15 11:26:33#二八第792206期押大单-标识7374#-300#1963079
2016-11-15 11:29:01#二八第792206期押大单-标识7397#-300#1962779
2016-11-15 11:31:03#二八第792207期押小单-标识7417#-300#1962479
2016-11-15 11:33:47#二八第792207期押大单-标识7441#-300#1962179
2016-11-15 11:34:08#二八第792207期押大单-标识7445#-300#1961879
2016-11-15 11:36:00#二八第792208期押大单-标识7459#-300#1961579
2016-11-15 11:37:51#二八第792208期押大单-标识7478#-300#1961279
2016-11-15 11:38:12#二八第792208期押二段-标识7480#-300#1960979
2016-11-15 11:43:03#二八第792209期押大单-标识7518#-300#1960679
2016-11-15 11:43:46#二八第792209期押大单-标识7523#-300#1960379
2016-11-15 11:45:48#二八第792210期押大单-标识7538#-300#1960079
2016-11-15 11:47:28#二八第792210期押大单-标识7554#-300#1959779
2016-11-15 11:47:39#二八第792210期押小单-标识7556#-300#1959479
2016-11-15 11:52:36#二八第792211期押大单-标识7597#-300#1959179
2016-11-15 11:54:37#二八第792211期押大单-标识7612#-300#1958879
2016-11-15 11:58:09#二八第792212期押二段-标识7644#-300#1958579
2016-11-15 12:00:01#二八第792212期押大单-标识7656#-300#1958279
2016-11-15 12:00:32#二八第792213期押大单-标识7662#-300#1957979
2016-11-15 12:01:10#二八第792213期押大单-标识7668#-300#1957679
2016-11-15 12:03:54#二八第792213期押大单-标识7694#-300#1957379
2016-11-15 12:05:08#二八第792214期押大单-标识7700#-300#1957079
2016-11-15 12:06:33#二八第792214期押大单-标识7716#-300#1956779
2016-11-15 12:08:35#二八第792214期押大单-标识7734#-300#1956479
2016-11-15 12:10:15#二八第792215期押大单-标识7745#-300#1956179
2016-11-15 12:11:51#二八第792215期押大单-标识7761#-300#1955879
2016-11-15 12:12:28#二八第792215期押大单-标识7768#-300#1955579
2016-11-15 12:15:28#二八第792216期押大单-标识7788#-300#1955279
2016-11-15 12:16:58#二八第792216期押大单-标识7801#-300#1954979
2016-11-15 12:18:49#二八第792216期押大单-标识7817#-300#1954679
2016-11-15 12:22:48#二八第792217期押大单-标识7849#-300#1954379
2016-11-15 12:23:57#二八第792217期押小单-标识7859#-300#1954079
2016-11-15 12:25:32#二八第792218期押大单-标识7869#-300#1953779
2016-11-15 12:27:23#二八第792218期押二段-标识7885#-300#1953479
2016-11-15 12:28:53#二八第792218期押大单-标识7898#-300#1953179
2016-11-15 12:31:06#二八第792219期押大单-标识7918#-300#1952879
2016-11-15 12:33:29#二八第792219期押大单-标识7940#-300#1952579
2016-11-15 12:35:52#二八第792220期押大单-标识7954#-300#1952279
2016-11-15 12:36:45#二八第792220期押二段-标识7963#-300#1951979
2016-11-15 12:40:27#二八第792221期押大单-标识7991#-300#1951679
2016-11-15 12:43:12#二八第792221期押大单-标识8019#-300#1951379
2016-11-15 12:45:03#二八第792221期押大单-标识8032#-300#1951079
2016-11-15 12:46:12#二八第792222期押大单-标识8044#-300#1950779
2016-11-15 12:47:26#二八第792222期押大单-标识8057#-300#1950479
2016-11-15 12:49:28#二八第792222期押大单-标识8075#-300#1950179
2016-11-15 12:50:42#二八第792223期押大单-标识8084#-300#1949879
2016-11-15 12:51:40#二八第792223期押大单-标识8094#-300#1949579
2016-11-15 12:53:42#二八第792223期押大单-标识8115#-300#1949279
2016-11-15 12:55:49#二八第792224期押大单-标识8132#-300#1948979
2016-11-15 12:57:51#二八第792224期押二段-标识8154#-300#1948679
2016-11-15 12:58:12#二八第792224期押大单-标识8157#-300#1948379
2016-11-15 13:00:19#二八第792225期押小单-标识8169#-300#1948079
2016-11-15 13:00:41#二八第792225期押大单-标识8173#-300#1947779
2016-11-15 13:03:35#二八第792225期押小单-标识8201#-300#1947479
2016-11-15 13:09:04#二八第792226期押大单-标识8251#-300#1947179
2016-11-15 13:10:34#二八第792227期押大单-标识8260#-300#1946879
2016-11-15 13:11:16#二八第792227期押大单-标识8267#-300#1946579
2016-11-15 13:11:37#二八第792227期押大单-标识8271#-300#1946279
2016-11-15 13:15:09#二八第792228期押大单-标识8299#-300#1945979
2016-11-15 13:18:25#二八第792228期押二段-标识8334#-300#1945679
2016-11-15 13:19:39#二八第792228期押大单-标识8341#-300#1945379
2016-11-15 13:20:17#二八第792229期押大单-标识8345#-300#1945079
2016-11-15 13:23:33#二八第792229期押大单-标识8379#-300#1944779
2016-11-15 13:24:25#二八第792229期押二段-标识8385#-300#1944479
2016-11-15 13:25:56#二八第792230期押大单-标识8396#-300#1944179
2016-11-15 13:26:17#二八第792230期押大单-标识8400#-300#1943879
2016-11-15 13:28:19#二八第792230期押大单-标识8418#-300#1943579
2016-11-15 13:31:40#二八第792231期押大单-标识8446#-300#1943279
2016-11-15 13:32:01#二八第792231期押大单-标识8450#-300#1942979
2016-11-15 13:34:24#二八第792231期押大单-标识8470#-300#1942679
2016-11-15 13:35:22#二八第792232期押大单-标识8474#-300#1942379
2016-11-15 13:36:15#二八第792232期押大单-标识8484#-300#1942079
2016-11-15 13:38:38#二八第792232期押大单-标识8507#-300#1941779
2016-11-15 13:41:49#二八第792233期押单-标识8534#-300#1941479
2016-11-15 13:44:12#二八第792233期押大单-标识8557#-300#1941179
2016-11-15 13:45:26#二八第792234期押大单-标识8565#-300#1940879
2016-11-15 13:48:11#二八第792234期押大单-标识8594#-300#1940579
2016-11-15 13:48:48#二八第792234期押大单-标识8598#-300#1940279
2016-11-15 13:52:25#二八第792235期押大单-标识8631#-300#1939979
2016-11-15 13:54:27#二八第792235期押大单-标识8645#-300#1939679
2016-11-15 13:56:18#二八第792236期押大单-标识8662#-300#1939379
2016-11-15 13:58:09#二八第792236期押大单-标识8681#-300#1939079
2016-11-15 13:59:23#二八第792236期押大单-标识8689#-300#1938779
2016-11-15 14:01:15#二八第792237期押大单-标识8706#-300#1938479
2016-11-15 14:03:22#二八第792237期押小单-标识8728#-300#1938179
2016-11-15 14:04:36#二八第792237期押大单-标识8736#-300#1937879
2016-11-15 14:06:59#二八第792238期押大单-标识8759#-300#1937579
2016-11-15 14:08:19#二八第792238期押大单-标识8772#-300#1937279
2016-11-15 14:09:38#二八第792238期押大单-标识8782#-300#1936979
2016-11-15 14:12:01#二八第792239期押二段-标识8805#-300#1936679
2016-11-15 14:12:22#二八第792239期押大单-标识8809#-300#1936379
2016-11-15 14:17:03#二八第792240期押大单-标识8849#-300#1936079
2016-11-15 14:19:47#二八第792240期押大单-标识8871#-300#1935779
2016-11-15 14:21:01#二八第792241期押大单-标识8883#-300#1935479
2016-11-15 14:21:39#二八第792241期押大单-标识8889#-300#1935179
2016-11-15 14:22:58#二八第792241期押大单-标识8902#-300#1934879
2016-11-15 14:25:21#二八第792242期押大单-标识8922#-300#1934579
2016-11-15 14:26:35#二八第792242期押大单-标识8935#-300#1934279
2016-11-15 14:27:34#二八第792242期押大单-标识8943#-300#1933979
2016-11-15 14:31:58#二八第792243期押大单-标识8981#-300#1933679
2016-11-15 14:33:34#二八第792243期押大单-标识8996#-300#1933379
2016-11-15 14:34:43#二八第792243期押大单-标识9004#-300#1933079
2016-11-15 14:37:53#二八第792244期押大单-标识9034#-300#1932779
2016-11-15 14:39:08#二八第792244期押大单-标识9043#-300#1932479
2016-11-15 14:40:16#二八第792245期押小单-标识9048#-300#1932179
2016-11-15 14:40:38#二八第792245期押大单-标识9052#-300#1931879
2016-11-15 14:44:20#二八第792245期押大单-标识9086#-300#1931579
2016-11-15 14:47:36#二八第792246期押大单-标识9114#-300#1931279
2016-11-15 14:48:34#二八第792246期押大单-标识9124#-300#1930979
2016-11-15 14:50:57#二八第792247期押大单-标识9143#-300#1930679
2016-11-15 14:53:42#二八第792247期押大单-标识9172#-300#1930379
2016-11-15 14:54:56#二八第792247期押大单-标识9180#-300#1930079
2016-11-15 14:57:03#二八第792248期押大单-标识9201#-300#1929779
2016-11-15 14:59:01#二八第792248期押单-标识9217#-300#1929479
