2015-01-07 20:39:40#半单球彩下注记录1137-11|[url=/bbs/guessbc/showguess.aspx?gid=1137](上半场)印尼弗伦兹联U18(让平手)广州恒大青年队(中)[/url][41'](0-0)押(上半场)印尼弗伦兹联U18(1.45),投1000金币#-1000#2127961743
2015-01-07 20:40:38#半单球彩下注记录1137-12|[url=/bbs/guessbc/showguess.aspx?gid=1137](上半场)印尼弗伦兹联U18(让平手)广州恒大青年队(中)[/url][42'](0-0)押广州恒大青年队(中)(2.37),投1000金币#-1000#2127960743
2015-01-07 20:49:31#走地[url=/bbs/guessbc/showguess.aspx?gid=1137](上半场)印尼弗伦兹联U18(让平手)广州恒大青年队(中)[/url][42'](0-0)押广州恒大青年队(中)(2.37),投1000金币下注失败退回#1000#2127961743
2015-01-07 20:49:32#走地[url=/bbs/guessbc/showguess.aspx?gid=1137](上半场)印尼弗伦兹联U18(让平手)广州恒大青年队(中)[/url][41'](0-0)押(上半场)印尼弗伦兹联U18(1.45),投1000金币下注失败退回#1000#2127962743
2015-01-07 20:50:15#半单球彩下注记录1137-13|[url=/bbs/guessbc/showguess.aspx?gid=1137](上半场)印尼弗伦兹联U18(让平手)广州恒大青年队(中)[/url][45+'](0-0)押(上半场)印尼弗伦兹联U18(0.45),投1000金币#-1000#2127961743
2015-01-07 20:50:29#半单球彩下注记录1137-14|[url=/bbs/guessbc/showguess.aspx?gid=1137](上半场)印尼弗伦兹联U18(让平手)广州恒大青年队(中)[/url][45+'](0-0)押广州恒大青年队(中)(1.37),投1000金币#-1000#2127960743
2015-01-07 20:50:58#走地[url=/bbs/guessbc/showguess.aspx?gid=1137](上半场)印尼弗伦兹联U18(让平手)广州恒大青年队(中)[/url][45+'](0-0)押(上半场)印尼弗伦兹联U18(0.45),投1000金币下注失败退回#1000#2127961743
2015-01-07 20:51:02#半单球彩下注记录1269-15|[url=/bbs/guessbc/showguess.aspx?gid=1269](上半场)天行元朗(中)(让平手)标準流浪[/url][45+'](0-0)押(上半场)天行元朗(中)(0.75),投1000金币#-1000#2127960743
2015-01-07 20:51:16#走地[url=/bbs/guessbc/showguess.aspx?gid=1137](上半场)印尼弗伦兹联U18(让平手)广州恒大青年队(中)[/url][45+'](0-0)押广州恒大青年队(中)(1.37),投1000金币下注失败退回#1000#2127961743
2015-01-07 20:51:45#走地[url=/bbs/guessbc/showguess.aspx?gid=1269](上半场)天行元朗(中)(让平手)标準流浪[/url][45+'](0-0)押(上半场)天行元朗(中)(0.75),投1000金币下注失败退回#1000#2127962743
2015-01-07 21:31:32#半单球彩下注记录1139-16|[url=/bbs/guessbc/showguess.aspx?gid=1139](上半场)加索洛(受让平手/半球)雷沃德亚高斯[/url][31'](0-0)押(上半场)加索洛(1.4),投1000金币#-1000#2127961743
2015-01-07 21:32:13#走地[url=/bbs/guessbc/showguess.aspx?gid=1139](上半场)加索洛(受让平手/半球)雷沃德亚高斯[/url][31'](0-0)押(上半场)加索洛(1.4),投1000金币下注失败退回#1000#2127962743
2015-01-07 21:33:45#半单球彩下注记录1139-17|[url=/bbs/guessbc/showguess.aspx?gid=1139](上半场)加索洛(受让平手/半球)雷沃德亚高斯[/url][33'](0-0)押(上半场)加索洛(1.4),投1000金币#-1000#2127961743
2015-01-07 21:33:57#半单球彩下注记录1139-18|[url=/bbs/guessbc/showguess.aspx?gid=1139](上半场)加索洛(受让平手/半球)雷沃德亚高斯[/url][33'](0-0)押雷沃德亚高斯(2.48),投1000金币#-1000#2127960743
2015-01-07 21:34:25#走地[url=/bbs/guessbc/showguess.aspx?gid=1139](上半场)加索洛(受让平手/半球)雷沃德亚高斯[/url][33'](0-0)押(上半场)加索洛(1.4),投1000金币下注失败退回#1000#2127961743
2015-01-07 21:34:37#走地[url=/bbs/guessbc/showguess.aspx?gid=1139](上半场)加索洛(受让平手/半球)雷沃德亚高斯[/url][33'](0-0)押雷沃德亚高斯(2.48),投1000金币下注失败退回#1000#2127962743
2015-01-07 21:36:43#半单球彩下注记录1141-19|[url=/bbs/guessbc/showguess.aspx?gid=1141](上半场)维瑞亚(让平手)亚波罗迈尼斯[/url][35'](0-0)押(上半场)维瑞亚(1.4),投1000金币#-1000#2127961743
2015-01-07 21:37:27#走地[url=/bbs/guessbc/showguess.aspx?gid=1141](上半场)维瑞亚(让平手)亚波罗迈尼斯[/url][35'](0-0)押(上半场)维瑞亚(1.4),投1000金币下注失败退回#1000#2127962743
2015-01-07 21:43:27#半单球彩下注记录1141-20|[url=/bbs/guessbc/showguess.aspx?gid=1141](上半场)维瑞亚(让平手)亚波罗迈尼斯[/url][42'](0-0)押(上半场)维瑞亚(1.38),投1000金币#-1000#2127961743
2015-01-07 21:43:42#半单球彩下注记录1141-21|[url=/bbs/guessbc/showguess.aspx?gid=1141](上半场)维瑞亚(让平手)亚波罗迈尼斯[/url][42'](0-0)押亚波罗迈尼斯(2.5),投1000金币#-1000#2127960743
2015-01-07 22:59:54#走地[url=/bbs/guessbc/showguess.aspx?gid=1141](上半场)维瑞亚(让平手)亚波罗迈尼斯[/url][42'](0-0)押亚波罗迈尼斯(2.5),投1000金币下注失败退回#1000#2127961743
2015-01-07 22:59:55#走地[url=/bbs/guessbc/showguess.aspx?gid=1141](上半场)维瑞亚(让平手)亚波罗迈尼斯[/url][42'](0-0)押(上半场)维瑞亚(1.38),投1000金币下注失败退回#1000#2127962743
2015-01-07 23:16:41#半单球彩下注记录1151-22|[url=/bbs/guessbc/showguess.aspx?gid=1151](上半场)El伊蒂哈德(让平手)哈伊赫多[/url][21'](0-0)押(上半场)El伊蒂哈德(1.68),投1000金币#-1000#2127961743
2015-01-07 23:16:49#半单球彩下注记录1151-23|[url=/bbs/guessbc/showguess.aspx?gid=1151](上半场)El伊蒂哈德(让平手)哈伊赫多[/url][21'](0-0)押哈伊赫多(2.18),投1000金币#-1000#2127960743
2015-01-08 18:13:48#竞猜赛事ID1151#记录ID23兑奖#1000#2127961743
2015-01-08 18:13:48#竞猜赛事ID1151#记录ID22兑奖#1000#2127962743
2015-01-08 18:14:24#半单球彩下注记录1317-24|[url=/bbs/guessbc/showguess.aspx?gid=1317](上半场)塞曼巴东(让平手)普萨马尼亚[/url][中](1-0)押(上半场)塞曼巴东(0.38),投111金币#-111#2127962632
2015-01-16 16:33:23#球彩下注记录1456-17|[url=/bbs/guess2/showguess.aspx?gid=1456]克罗伊登国王(让一球/球半)阿德莱德SC[/url]押克罗伊登国王(1.77),投1111金币#-1111#2127961521
2015-01-18 13:40:10#球彩下注记录1467-18|[url=/bbs/guess2/showguess.aspx?gid=1467]人民公安U19(受让平手)广宁U19[/url]押人民公安U19(2.07),投111金币#-111#2127961410
2015-01-18 13:41:02#球彩下注记录1467-19|[url=/bbs/guess2/showguess.aspx?gid=1467]人民公安U19(受让平手)广宁U19[/url]押人民公安U19(2.07),投1212金币#-1212#2127960198
2015-01-18 13:41:32#球彩下注记录1467-20|[url=/bbs/guess2/showguess.aspx?gid=1467]人民公安U19(受让平手)广宁U19[/url]押人民公安U19(2.01),投1231金币#-1231#2127958967
2015-01-18 13:43:19#[url=/bbs/guess2/showguess.aspx?gid=1467]人民公安U19(受让平手)广宁U19[/url]押人民公安U19(2.01),投1231金币下注失败退回#1231#2127960198
2015-01-18 13:46:25#球彩下注记录1467-21|[url=/bbs/guess2/showguess.aspx?gid=1467]人民公安U19(让半球/一球)广宁U19[/url]押人民公安U19(2.6),投1232金币#-1232#2127958966
2015-01-18 13:47:43#球彩下注记录1467-22|[url=/bbs/guess2/showguess.aspx?gid=1467]人民公安U19(受让平手)广宁U19[/url]押人民公安U19(2.16),投1232金币#-1232#2127957734
2015-01-18 13:47:45#[url=/bbs/guess2/showguess.aspx?gid=1467]人民公安U19(让半球/一球)广宁U19[/url]押人民公安U19(2.6),投1232金币下注失败退回#1232#2127958966
