2015-12-24 16:07:09#捕鱼达人入场费#-50000#99999950000
2015-12-24 16:08:57#捕鱼达人入场费#-50000#99999900000
2015-12-24 16:10:08##-4026#45974
2015-12-24 16:11:34#捕鱼消费#-45000#974
2015-12-24 16:12:31#捕鱼达人兑奖—标识id33#36896#36901
2015-12-24 16:12:34#捕鱼达人兑奖—标识id32#53061#89962
2015-12-24 16:12:50#捕鱼达人入场费#-50000#39962
2015-12-26 13:56:42#捕鱼达人入场费#-200#9223372036854775607
2015-12-26 14:03:35#捕鱼捐款消费#-999999999#9223372035854775608
2015-12-26 14:05:42#捕鱼捐款消费#-999999999#9223372034854775609
2015-12-26 14:05:49#捕鱼捐款消费#-999999999#9223372033854775610
2015-12-26 14:06:02#捕鱼捐款消费#-999999999#9223372032854775611
2015-12-26 14:06:09#捕鱼捐款消费#-999999999#9223372031854775612
2015-12-26 14:06:16#捕鱼捐款消费#-999999999#9223372030854775613
2015-12-26 14:06:26#捕鱼捐款消费#-999999999#9223372029854775614
2015-12-26 14:07:09#捕鱼达人兑奖—标识id34#48259#1048259
2015-12-26 14:07:11#捕鱼达人兑奖—标识id55#259#1048518
2015-12-26 14:08:04#捕鱼达人入场费#-50000#98950000
2015-12-26 14:12:09#捕鱼达人入场费#-50000#98900000
2015-12-26 14:12:25#捕鱼达人兑奖—标识id57#36477#98936477
2015-12-26 14:12:27#捕鱼达人兑奖—标识id56#59103#98995580
2015-12-26 14:13:05#捕鱼达人入场费#-200#98995380
2015-12-26 14:13:21#捕鱼达人兑奖—标识id58#152#98995532
2015-12-26 14:20:06#捕鱼达人入场费#-200#98995332
2015-12-26 14:20:25#捕鱼达人入场费#-200#98995132
2015-12-26 14:20:47#捕鱼达人入场费#-200#98994932
2015-12-26 14:21:11#捕鱼达人入场费#-50000#98944932
2015-12-26 14:21:34#捕鱼达人兑奖—标识id66#66876#99011808
2015-12-26 14:21:35#捕鱼达人兑奖—标识id65#193#99012001
2015-12-26 14:21:37#捕鱼达人兑奖—标识id64#218#99012219
2015-12-26 14:21:40#捕鱼达人兑奖-标识ID63#162#99012381
2015-12-26 14:21:47#捕鱼达人入场费#-10000#99002381
2015-12-26 14:22:55#捕鱼达人入场费#-50000#98952381
2015-12-26 14:23:30#捕鱼达人兑奖-标识ID68#47553#98999934
2015-12-26 14:23:30#捕鱼达人兑奖-标识ID67#6552#99006486
2015-12-29 14:35:17#捕鱼捐款消费#-1000000#96402979
2015-12-29 14:36:34#捕鱼达人入场费#-50000#96352979
2015-12-29 14:36:54#捕鱼达人兑奖-标识ID25#35673#96388652
2015-12-29 14:37:15#捕鱼达人兑奖-标识ID26#146#96388798
