2016-11-14 15:56:46#二八第791725期押押大-标识1972#-300#5175220
2016-11-14 15:57:00#二八第791725期押三段-标识1978#-300#5174920
2016-11-14 15:58:05#二八第791725期押自选3,8,16,20-标识2008#-1200#5173720
2016-11-14 16:00:14#二八第792082期押三段-标识2030#-300#5173420
2016-11-14 16:02:58#二八第792082期押三段-标识2058#-300#5173120
2016-11-14 16:04:39#二八第792082期押自选12,23,25-标识2070#-900#5172220
2016-11-14 16:05:11#二八第792083期押自选9,13,18,26-标识2073#-1200#5171020
2016-11-14 16:14:48#二八第792084期押自选4,10,16,23-标识2154#-1200#5169820
2016-11-14 16:15:31#二八第792085期押押大-标识2160#-300#5169520
2016-11-14 16:17:01#二八第792085期押自选8,13,19,20-标识2177#-1200#5168320
2016-11-14 16:19:50#二八第792085期押单-标识2200#-300#5168020
2016-11-14 16:23:38#二八第792086期押自选0,18,23-标识2235#-900#5167120
2016-11-14 16:25:40#二八第792087期押二段-标识2250#-300#5166820
2016-11-14 16:26:54#二八第792087期押一段-标识2263#-300#5166520
2016-11-14 16:31:25#二八第792088期押三段-标识2301#-300#5166220
2016-11-14 16:35:28#二八第792089期押自选0,5,8,15,20-标识2336#-1500#5164720
2016-11-14 16:36:42#二八第792089期押三段-标识2349#-300#5164420
2016-11-14 16:42:59#二八第792090期押自选0,1,6,9,24-标识2408#-1500#5162920
2016-11-14 16:44:13#二八第792090期押三段-标识2419#-300#5162620
2016-11-14 16:46:57#二八第792091期押三段-标识2443#-300#5162320
2016-11-14 16:49:25#二八第792091期押自选3,13,19,25-标识2464#-1200#5161120
2016-11-14 16:52:10#二八第792092期押单-标识2493#-300#5160820
2016-11-14 16:53:55#二八第792092期押三段-标识2507#-300#5160520
2016-11-14 16:57:59#二八第792093期押自选7,14,16,25-标识2542#-1200#5159320
2016-11-14 16:58:52#二八第792093期押一段-标识2548#-300#5159020
2016-11-14 17:08:19#二八第792095期押三段-标识2626#-300#5158720
2016-11-14 17:12:28#二八第792096期押三段-标识2664#-300#5158420
2016-11-14 17:15:38#二八第792097期押自选1,5,12,18-标识2687#-1200#5157220
2016-11-14 17:15:59#二八第792097期押二段-标识2691#-300#5156920
2016-11-14 17:18:44#二八第792097期押押大-标识2721#-300#5156620
2016-11-14 17:20:30#二八第792098期押三段-标识2731#-300#5156320
2016-11-14 17:21:54#二八第792098期押自选4,12,13,14-标识2745#-1200#5155120
2016-11-14 17:26:35#二八第792099期押三段-标识2783#-300#5154820
2016-11-14 17:28:05#二八第792099期押单-标识2798#-300#5154520
2016-11-14 17:30:28#二八第792100期押自选14,23,26-标识2815#-900#5153620
2016-11-14 17:33:12#二八第792100期押单-标识2842#-300#5153320
2016-11-14 17:37:27#二八第792101期押自选0,2,17,19-标识2878#-1200#5152120
2016-11-14 17:44:30#二八第792102期押单-标识2939#-300#5151820
2016-11-14 17:46:00#二八第792103期押一段-标识2953#-300#5151520
2016-11-14 17:53:04#二八第792104期押单-标识3014#-300#5151220
2016-11-14 17:53:41#二八第792104期押自选3,17,22,24-标识3019#-1200#5150020
2016-11-14 17:59:36#二八第792105期押自选10,13,15-标识3064#-900#5149120
2016-11-14 18:00:35#二八第792106期押自选0,15,22,25-标识3073#-1200#5147920
2016-11-14 18:05:58#二八第792107期押三段-标识3118#-300#5147620
2016-11-14 18:07:59#二八第792107期押三段-标识3135#-300#5147320
2016-11-14 18:08:31#二八第792107期押自选2,3,6,18-标识3137#-1200#5146120
2016-11-14 18:14:37#二八第792108期押双-标识3182#-300#5145820
2016-11-14 18:21:14#二八第792110期押一段-标识3242#-300#5145520
2016-11-14 18:24:51#二八第792110期押自选8,10,11,26-标识3267#-1200#5144320
2016-11-14 18:26:58#二八第792111期押单-标识3288#-300#5144020
2016-11-14 18:29:53#二八第792111期押三段-标识3311#-300#5143720
2016-11-14 18:31:33#二八第792112期押自选8,14,19,26-标识3327#-1200#5142520
2016-11-14 18:38:58#二八第792113期押一段-标识3390#-300#5142220
2016-11-14 18:41:32#二八第792114期押自选3,8,12,15-标识3408#-1200#5141020
2016-11-14 18:45:25#二八第792115期押单-标识3436#-300#5140720
2016-11-14 18:50:37#二八第792116期押三段-标识3478#-300#5140420
2016-11-14 18:52:07#二八第792116期押自选8,11,22,25-标识3492#-1200#5139220
2016-11-14 18:54:25#二八第792116期押三段-标识3511#-300#5138920
2016-11-14 18:58:33#二八第792117期押双-标识3546#-300#5138620
2016-11-14 19:01:18#二八第792118期押自选1,12,16,22-标识3565#-1200#5137420
2016-11-14 19:07:23#二八第792119期押三段-标识3619#-300#5137120
2016-11-14 19:11:21#二八第792120期押单-标识3654#-300#5136820
2016-11-14 19:11:58#二八第792120期押自选0,10,16,22-标识3661#-1200#5135620
2016-11-14 19:14:06#二八第792120期押三段-标识3681#-300#5135320
2016-11-14 19:20:21#二八第792122期押三段-标识3732#-300#5135020
2016-11-14 19:20:59#二八第792122期押自选13,14,23-标识3739#-900#5134120
2016-11-14 19:26:00#二八第792123期押自选17,19,21,24-标识3781#-1200#5132920
2016-11-14 19:28:07#二八第792123期押三段-标识3802#-300#5132620
2016-11-14 19:32:37#二八第792124期押三段-标识3840#-300#5132320
2016-11-14 19:39:30#二八第792125期押双-标识3894#-300#5132020
2016-11-14 19:41:38#二八第792126期押单-标识3911#-300#5131720
2016-11-14 19:42:46#二八第792126期押自选11,15,20-标识3921#-900#5130820
2016-11-14 19:43:39#二八第792126期押三段-标识3929#-300#5130520
2016-11-14 19:48:52#二八第792127期押三段-标识3972#-300#5130220
2016-11-14 19:53:38#二八第792128期押一段-标识4011#-300#5129920
2016-11-14 20:00:20#二八第792130期押三段-标识4066#-300#5129620
2016-11-14 20:02:22#二八第792130期押自选15,18,24-标识4087#-900#5128720
2016-11-14 20:03:36#二八第792130期押单-标识4098#-300#5128420
2016-11-14 20:09:52#二八第792131期押三段-标识4150#-300#5128120
2016-11-14 20:11:22#二八第792132期押一段-标识4165#-300#5127820
2016-11-14 20:15:42#二八第792133期押单-标识4199#-300#5127520
2016-11-14 20:21:10#二八第792134期押自选0,16,17,23-标识4249#-1200#5126320
2016-11-14 20:23:54#二八第792134期押单-标识4273#-300#5126020
2016-11-14 20:31:40#二八第792136期押自选4,7,10,25-标识4336#-1200#5124820
2016-11-14 20:32:54#二八第792136期押单-标识4348#-300#5124520
2016-11-14 20:38:07#二八第792137期押三段-标识4394#-300#5124220
2016-11-14 20:39:47#二八第792137期押自选0,7,10-标识4406#-900#5123320
2016-11-14 20:46:14#二八第792139期押三段-标识4464#-300#5123020
2016-11-14 20:48:58#二八第792139期押三段-标识4489#-300#5122720
2016-11-14 20:53:39#二八第792140期押三段-标识4531#-300#5122420
2016-11-14 20:54:16#二八第792140期押自选4,9,19,25-标识4535#-1200#5121220
2016-11-14 20:56:18#二八第792141期押自选12,14,18,23-标识4553#-1200#5120020
2016-11-14 21:01:41#二八第792142期押三段-标识4598#-300#5119720
2016-11-14 21:02:18#二八第792142期押自选19,22,23-标识4605#-900#5118820
2016-11-14 21:09:48#二八第792143期押三段-标识4668#-300#5118520
2016-11-14 21:10:41#二八第792144期押三段-标识4675#-300#5118220
2016-11-14 21:12:11#二八第792144期押自选10,13,17-标识4691#-900#5117320
2016-11-14 21:17:50#二八第792145期押双-标识4738#-300#5117020
2016-11-14 21:18:28#二八第792145期押自选10,19,22,26-标识4745#-1200#5115820
2016-11-14 21:23:51#二八第792146期押单-标识4789#-300#5115520
2016-11-14 21:24:12#二八第792146期押三段-标识4793#-300#5115220
2016-11-14 21:24:44#二八第792146期押三段-标识4794#-300#5114920
2016-11-14 21:25:21#二八第792147期押三段-标识4800#-300#5114620
2016-11-14 21:26:30#二八第792147期押自选1,4,16,25-标识4812#-1200#5113420
2016-11-14 21:28:05#二八第792147期押三段-标识4828#-300#5113120
2016-11-14 21:32:14#二八第792148期押三段-标识4863#-300#5112820
2016-11-14 21:32:51#二八第792148期押三段-标识4869#-300#5112520
2016-11-14 21:34:00#二八第792148期押自选7,8,10,24-标识4878#-1200#5111320
2016-11-14 21:35:46#二八第792149期押二段-标识4892#-300#5111020
2016-11-14 21:37:00#二八第792149期押三段-标识4905#-300#5110720
2016-11-14 21:40:26#二八第792150期押自选4,11,12-标识4932#-900#5109820
2016-11-14 21:42:18#二八第792150期押三段-标识4952#-300#5109520
2016-11-14 21:46:37#二八第792151期押三段-标识4986#-300#5109220
2016-11-14 21:47:30#二八第792151期押三段-标识4995#-300#5108920
2016-11-14 21:53:25#二八第792152期押自选9,12,15,19-标识5040#-1200#5107720
2016-11-14 21:55:11#二八第792153期押自选12,15,17,22,23,26-标识5049#-1800#5105920
2016-11-14 22:00:55#二八第792154期押自选2,3,4,7,21-标识5101#-1500#5104420
2016-11-14 22:02:09#二八第792154期押三段-标识5114#-300#5104120
2016-11-14 22:05:36#二八第792155期押小双-标识5141#-300#5103820
2016-11-14 22:06:34#二八第792155期押自选1,21,22,24-标识5151#-1200#5102620
2016-11-14 22:12:34#二八第792156期押单-标识5203#-300#5102320
2016-11-14 22:14:04#二八第792156期押二段-标识5217#-300#5102020
2016-11-14 22:14:57#二八第792156期押三段-标识5222#-300#5101720
2016-11-14 22:15:56#二八第792157期押二段-标识5231#-300#5101420
2016-11-14 22:17:10#二八第792157期押三段-标识5243#-300#5101120
2016-11-14 22:20:05#二八第792158期押单-标识5269#-300#5100820
2016-11-14 22:24:08#二八第792158期押三段-标识5307#-300#5100520
2016-11-14 22:26:31#二八第792159期押自选3,10,25-标识5329#-900#5099620
2016-11-14 22:28:33#二八第792159期押小双-标识5348#-300#5099320
2016-11-14 22:30:46#二八第792160期押三段-标识5362#-300#5099020
2016-11-14 22:32:47#二八第792160期押双-标识5383#-300#5098720
2016-11-14 22:35:00#二八第792160期押三段-标识5399#-300#5098420
2016-11-14 22:42:30#二八第792162期押三段-标识5467#-300#5098120
2016-11-14 22:42:41#二八第792162期押双-标识5469#-300#5097820
2016-11-14 22:44:00#二八第792162期押自选0,7,16,26-标识5483#-1200#5096620
2016-11-14 22:48:30#二八第792163期押单-标识5523#-300#5096320
2016-11-14 22:50:00#二八第792163期押三段-标识5533#-300#5096020
2016-11-14 22:50:11#二八第792164期押自选1,9,20-标识5535#-900#5095120
2016-11-14 22:52:02#二八第792164期押二段-标识5556#-300#5094820
2016-11-14 22:53:16#二八第792164期押三段-标识5569#-300#5094520
2016-11-14 22:57:41#二八第792165期押自选2,3,20-标识5605#-900#5093620
2016-11-14 23:00:47#二八第792166期押三段-标识5630#-300#5093320
2016-11-14 23:04:03#二八第792166期押三段-标识5663#-300#5093020
2016-11-14 23:04:34#二八第792166期押三段-标识5665#-300#5092720
2016-11-14 23:05:33#二八第792167期押三段-标识5672#-300#5092420
2016-11-14 23:07:34#二八第792167期押自选7,10,20,25-标识5694#-1200#5091220
2016-11-14 23:12:05#二八第792168期押单-标识5733#-300#5090920
2016-11-14 23:14:12#二八第792168期押自选4,5,16,18-标识5751#-1200#5089720
2016-11-14 23:19:03#二八第792169期押三段-标识5788#-300#5089420
2016-11-14 23:22:14#二八第792170期押自选10,11,17,21-标识5818#-1200#5088220
2016-11-14 23:27:05#二八第792171期押小双-标识5858#-300#5087920
2016-11-14 23:29:12#二八第792171期押自选2,14,15,23-标识5872#-1200#5086720
2016-11-14 23:30:26#二八第792172期押三段-标识5884#-300#5086420
2016-11-14 23:31:35#二八第792172期押二段-标识5897#-300#5086120
2016-11-14 23:38:28#二八第792173期押一段-标识5958#-300#5085820
2016-11-14 23:50:18#二八第792176期押单-标识6060#-300#5085520
2016-11-14 23:52:20#二八第792176期押双-标识6083#-300#5085220
2016-11-14 23:53:18#二八第792176期押自选0,11,14,25-标识6089#-1200#5084020
2016-11-14 23:55:57#二八第792177期押三段-标识6107#-300#5083720
2016-11-15 09:06:04#二八第792177期押一段-标识6181#-300#5083420
2016-11-15 09:07:40#二八第792177期押双-标识6185#-300#5083120
2016-11-15 09:16:34#二八第792180期押三段-标识6246#-300#5082820
2016-11-15 09:17:43#二八第792180期押三段-标识6257#-300#5082520
2016-11-15 09:21:10#二八第792181期押自选21,26-标识6282#-600#5081920
2016-11-15 09:21:31#二八第792181期押三段-标识6286#-300#5081620
2016-11-15 09:25:45#二八第792182期押三段-标识6322#-300#5081320
2016-11-15 09:28:30#二八第792182期押三段-标识6349#-300#5081020
2016-11-15 09:29:07#二八第792182期押三段-标识6355#-300#5080720
2016-11-15 09:30:10#二八第792183期押自选2,4,23-标识6364#-900#5079820
2016-11-15 09:36:11#二八第792184期押自选5,9,15,17-标识6418#-1200#5078620
2016-11-15 09:41:29#二八第792185期押自选7,13,22-标识6465#-900#5077720
2016-11-15 09:41:55#二八第792185期押三段-标识6470#-300#5077420
2016-11-15 09:44:39#二八第792185期押三段-标识6491#-300#5077120
2016-11-15 09:51:28#二八第792187期押单-标识6548#-300#5076820
2016-11-15 09:53:19#二八第792187期押三段-标识6568#-300#5076520
2016-11-15 09:55:21#二八第792188期押自选3,4,14,19-标识6583#-1200#5075320
2016-11-15 10:00:49#二八第792189期押三段-标识6629#-300#5075020
2016-11-15 10:03:33#二八第792189期押三段-标识6653#-300#5074720
2016-11-15 10:07:47#二八第792190期押三段-标识6691#-300#5074420
2016-11-15 10:07:58#二八第792190期押自选4,10,24-标识6693#-900#5073520
2016-11-15 10:09:49#二八第792190期押押大-标识6709#-300#5073220
2016-11-15 10:10:11#二八第792191期押单-标识6711#-300#5072920
2016-11-15 10:12:55#二八第792191期押自选1,6,24-标识6740#-900#5072020
2016-11-15 10:15:55#二八第792192期押自选5,13,23,24-标识6763#-1200#5070820
2016-11-15 10:21:23#二八第792193期押三段-标识6810#-300#5070520
2016-11-15 10:23:25#二八第792193期押二段-标识6832#-300#5070220
2016-11-15 10:24:39#二八第792193期押三段-标识6841#-300#5069920
2016-11-15 10:28:48#二八第792194期押三段-标识6875#-300#5069620
2016-11-15 10:29:57#二八第792194期押三段-标识6882#-300#5069320
2016-11-15 10:33:13#二八第792195期押自选10,11,18,23,25,26-标识6915#-1800#5067520
2016-11-15 10:36:50#二八第792196期押三段-标识6944#-300#5067220
2016-11-15 10:37:27#二八第792196期押一段-标识6950#-300#5066920
2016-11-15 10:40:43#二八第792197期押三段-标识6974#-300#5066620
2016-11-15 10:51:35#二八第792199期押双-标识7068#-300#5066320
2016-11-15 10:56:32#二八第792200期押三段-标识7111#-300#5066020
2016-11-15 10:59:05#二八第792200期押双-标识7134#-300#5065720
2016-11-15 11:06:04#二八第792202期押自选10,14,19-标识7192#-900#5064820
2016-11-15 11:06:25#二八第792202期押自选0,10,24-标识7196#-900#5063920
2016-11-15 11:12:20#二八第792203期押三段-标识7248#-300#5063620
2016-11-15 11:12:57#二八第792203期押一段-标识7254#-300#5063320
2016-11-15 11:19:50#二八第792204期押三段-标识7313#-300#5063020
2016-11-15 11:20:48#二八第792205期押三段-标识7322#-300#5062720
2016-11-15 11:20:59#二八第792205期押自选5,11,24-标识7324#-900#5061820
2016-11-15 11:27:57#二八第792206期押自选3,10,26-标识7387#-900#5060920
2016-11-15 11:28:56#二八第792206期押小单-标识7396#-300#5060620
2016-11-15 11:29:38#二八第792206期押单-标识7403#-300#5060320
2016-11-15 11:32:22#二八第792207期押单-标识7429#-300#5060020
2016-11-15 11:36:37#二八第792208期押三段-标识7464#-300#5059720
2016-11-15 11:40:19#二八第792209期押自选10,19-标识7491#-600#5059120
2016-11-15 11:53:13#二八第792211期押三段-标识7603#-300#5058820
2016-11-15 11:53:50#二八第792211期押三段-标识7608#-300#5058520
2016-11-15 11:56:34#二八第792212期押三段-标识7628#-300#5058220
2016-11-15 11:57:11#二八第792212期押双-标识7634#-300#5057920
2016-11-15 11:58:47#二八第792212期押三段-标识7649#-300#5057620
2016-11-15 12:02:08#二八第792213期押自选17,18,19,22,23,24-标识7678#-1800#5055820
2016-11-15 12:05:50#二八第792214期押自选4,15,20-标识7708#-900#5054920
2016-11-15 12:06:12#二八第792214期押自选3,5,21-标识7712#-900#5054020
2016-11-15 12:12:12#二八第792215期押三段-标识7765#-300#5053720
2016-11-15 12:12:49#二八第792215期押自选6,14,22,24-标识7771#-1200#5052520
2016-11-15 12:20:25#二八第792217期押单-标识7827#-300#5052220
2016-11-15 12:23:36#二八第792217期押自选4,5,18-标识7856#-900#5051320
2016-11-15 12:30:50#二八第792219期押三段-标识7915#-300#5051020
2016-11-15 12:36:08#二八第792220期押自选2,6,18-标识7957#-900#5050120
2016-11-15 12:41:05#二八第792221期押三段-标识7997#-300#5049820
2016-11-15 12:42:35#二八第792221期押自选8,20,22-标识8013#-900#5048920
2016-11-15 12:44:26#二八第792221期押一段-标识8029#-300#5048620
2016-11-15 12:48:03#二八第792222期押单-标识8063#-300#5048320
2016-11-15 12:50:05#二八第792223期押自选5,11,13-标识8077#-900#5047420
2016-11-15 12:54:19#二八第792223期押单-标识8120#-300#5047120
2016-11-15 13:02:11#二八第792225期押三段-标识8189#-300#5046820
2016-11-15 13:05:27#二八第792226期押三段-标识8217#-300#5046520
2016-11-15 13:09:41#二八第792226期押三段-标识8254#-300#5046220
2016-11-15 13:13:02#二八第792227期押自选4,9,24-标识8284#-900#5045320
2016-11-15 13:13:39#二八第792227期押二段-标识8291#-300#5045020
2016-11-15 13:15:46#二八第792228期押单-标识8306#-300#5044720
2016-11-15 13:17:48#二八第792228期押双-标识8327#-300#5044420
2016-11-15 13:19:02#二八第792228期押自选8,14,22-标识8337#-900#5043520
2016-11-15 13:22:55#二八第792229期押二段-标识8374#-300#5043220
2016-11-15 13:27:31#二八第792230期押三段-标识8411#-300#5042920
2016-11-15 13:29:54#二八第792230期押自选1,11,17,25-标识8428#-1200#5041720
2016-11-15 13:32:59#二八第792231期押三段-标识8459#-300#5041420
2016-11-15 13:40:35#二八第792233期押自选4,15,26-标识8520#-900#5040520
2016-11-15 13:42:47#二八第792233期押三段-标识8545#-300#5040220
2016-11-15 13:47:34#二八第792234期押自选7,17,20-标识8588#-900#5039320
2016-11-15 13:49:25#二八第792234期押三段-标识8602#-300#5039020
2016-11-15 13:51:27#二八第792235期押二段-标识8620#-300#5038720
2016-11-15 13:55:04#二八第792235期押自选19,26-标识8649#-600#5038120
2016-11-15 13:56:02#二八第792236期押自选0,9,14,26-标识8659#-1200#5036920
2016-11-15 13:59:07#二八第792236期押三段-标识8686#-300#5036620
2016-11-15 14:03:01#二八第792237期押自选0,5,7,8-标识8724#-1200#5035420
2016-11-15 14:05:13#二八第792238期押三段-标识8740#-300#5035120
2016-11-15 14:07:57#二八第792238期押三段-标识8768#-300#5034820
2016-11-15 14:09:22#二八第792238期押自选11,21,26-标识8780#-900#5033920
2016-11-15 14:10:15#二八第792239期押三段-标识8786#-300#5033620
2016-11-15 14:12:59#二八第792239期押单-标识8815#-300#5033320
2016-11-15 14:14:29#二八第792239期押自选1,4,23-标识8824#-900#5032420
2016-11-15 14:18:01#二八第792240期押三段-标识8858#-300#5032120
2016-11-15 14:20:24#二八第792241期押自选16,18-标识8876#-600#5031520
2016-11-15 14:23:35#二八第792241期押三段-标识8907#-300#5031220
2016-11-15 14:28:21#二八第792242期押自选17,24,25-标识8948#-900#5030320
2016-11-15 14:30:34#二八第792243期押三段-标识8966#-300#5030020
2016-11-15 14:35:20#二八第792244期押自选3,15,22-标识9007#-900#5029120
2016-11-15 14:41:15#二八第792245期押自选1,5,23-标识9059#-900#5028220
2016-11-15 14:48:13#二八第792246期押自选9,23,25-标识9121#-900#5027320
2016-11-15 14:49:11#二八第792246期押三段-标识9128#-300#5027020
2016-11-15 14:51:56#二八第792247期押三段-标识9154#-300#5026720
2016-11-15 14:53:05#二八第792247期押双-标识9166#-300#5026420
2016-11-15 14:54:19#二八第792247期押自选4,8,9-标识9175#-900#5025520
2016-11-15 14:55:17#二八第792248期押一段-标识9182#-300#5025220
2016-11-15 14:55:49#二八第792248期押自选19,20,23-标识9188#-900#5024320
