2016-11-15 17:04:36#上证指数机器人：50169自动下注#-3650#-3645
2016-11-15 17:05:00#上证指数机器人：50169自动下注#-3221#-6866
2016-11-15 17:05:13#上证指数机器人：50169自动下注#-3148#-10014
2016-11-15 17:05:15#上证指数机器人：50169自动下注#-3461#-13475
2016-11-15 17:05:18#上证指数机器人：50169自动下注#-2640#-16115
2016-11-15 17:05:22#上证指数机器人：50169自动下注#-3375#-19490
2016-11-15 17:05:25#上证指数机器人：50169自动下注#-3106#-22596
2016-11-15 17:05:28#上证指数机器人：50169自动下注#-3355#-25951
2016-11-15 17:05:38#上证指数机器人：50169自动下注#-2374#-28325
2016-11-15 17:05:47#上证指数机器人：50169自动下注#-4016#-32341
2016-11-15 17:05:48#上证指数机器人：50169自动下注#-2191#-34532
2016-11-15 17:06:27#上证指数机器人：50169自动下注#-3762#-38294
2016-11-15 17:58:54#上证指数机器人：50169自动下注#-3247#-41541
2016-11-15 17:58:55#上证指数机器人：50169自动下注#-3182#-44723
2016-11-15 18:00:11#上证指数机器人：50169自动下注#-2318#-47041
2016-11-16 10:17:59#上证指数机器人：50169自动下注#-132#-47173
2016-11-16 10:18:14#上证指数机器人：50169自动下注#-134#-47307
2016-11-17 11:05:59#上证指数机器人：50169自动下注#-139#-47446
2016-11-17 14:08:51#上证指数机器人：50169自动下注#-138#-47445
2016-11-17 14:10:26#上证指数机器人：50169自动下注#-134#-47579
2016-11-17 14:10:41#上证指数机器人：50169自动下注#-136#-47715
2016-11-17 14:10:56#上证指数机器人：50169自动下注#-138#-47853
2016-11-17 14:14:41#上证指数机器人：50169自动下注#-124#-47977
2016-11-17 14:14:56#上证指数机器人：50169自动下注#-126#-48103
2016-11-17 14:16:16#上证指数机器人：50169自动下注#-120#-48223
2016-11-17 14:16:31#上证指数机器人：50169自动下注#-122#-48345
2016-11-17 14:16:46#上证指数机器人：50169自动下注#-124#-48469
2016-11-17 14:19:21#上证指数机器人：50169自动下注#-133#-48602
2016-11-17 14:19:36#上证指数机器人：50169自动下注#-135#-48737
2016-11-17 14:20:56#上证指数机器人：50169自动下注#-129#-48866
2016-11-17 14:21:11#上证指数机器人：50169自动下注#-131#-48997
2016-11-17 14:21:26#上证指数机器人：50169自动下注#-133#-49130
2016-11-17 14:25:26#上证指数机器人：50169自动下注#-121#-49251
2016-11-17 14:25:36#上证指数机器人：50169自动下注#-138#-49389
2016-11-17 14:29:51#上证指数机器人：50169自动下注#-128#-49517
2016-11-17 14:30:06#上证指数机器人：50169自动下注#-130#-49647
2016-11-17 14:31:26#上证指数机器人：50169自动下注#-124#-49771
2016-11-17 14:31:41#上证指数机器人：50169自动下注#-126#-49897
2016-11-17 14:31:56#上证指数机器人：50169自动下注#-128#-50025
2016-11-17 14:34:31#上证指数机器人：50169自动下注#-137#-50162
2016-11-17 14:34:46#上证指数机器人：50169自动下注#-139#-50301
2016-11-17 14:36:06#上证指数机器人：50169自动下注#-133#-50434
2016-11-17 14:36:21#上证指数机器人：50169自动下注#-135#-50569
2016-11-17 14:36:36#上证指数机器人：50169自动下注#-137#-50706
2016-11-18 16:46:15#上证指数机器人：50169自动下注#-134#-50840
2016-11-21 16:46:48#上证指数机器人：50169自动下注#-122#-50828
2016-11-21 16:46:58#上证指数机器人：50169自动下注#-128#-50956
2016-11-21 16:47:13#上证指数机器人：50169自动下注#-130#-51086
2016-11-21 16:49:48#上证指数机器人：50169自动下注#-138#-51224
2016-11-21 16:51:23#上证指数机器人：50169自动下注#-134#-51358
2016-11-21 16:51:38#上证指数机器人：50169自动下注#-136#-51494
2016-11-21 16:51:53#上证指数机器人：50169自动下注#-139#-51633
2016-11-21 17:29:24#上证指数机器人：50169自动下注#-121#-51754
2016-11-21 17:44:34#上证指数机器人：50169自动下注#-125#-51879
2016-11-21 17:54:41#上证指数机器人：50169自动下注#-137#-52016
2016-11-21 18:09:56#上证指数机器人：50169自动下注#-128#-52144
2016-11-21 18:20:06#上证指数机器人：50169自动下注#-136#-52280
2016-11-21 18:35:21#上证指数机器人：50169自动下注#-124#-52404
2016-11-21 18:45:31#上证指数机器人：50169自动下注#-132#-52536
2016-11-21 19:10:56#上证指数机器人：50169自动下注#-129#-52665
2016-11-21 19:21:06#上证指数机器人：50169自动下注#-137#-52802
2016-11-21 19:46:31#上证指数机器人：50169自动下注#-133#-52935
2016-11-21 20:01:46#上证指数机器人：50169自动下注#-122#-53057
2016-11-21 20:22:06#上证指数机器人：50169自动下注#-138#-53195
2016-11-21 20:37:21#上证指数机器人：50169自动下注#-127#-53322
2016-11-21 20:52:31#上证指数机器人：50169自动下注#-131#-53453
2016-11-21 21:17:56#上证指数机器人：50169自动下注#-127#-53580
2016-11-21 21:28:06#上证指数机器人：50169自动下注#-135#-53715
2016-11-21 21:43:21#上证指数机器人：50169自动下注#-123#-53838
2016-11-21 21:53:31#上证指数机器人：50169自动下注#-131#-53969
2016-11-21 22:18:56#上证指数机器人：50169自动下注#-128#-54097
2016-11-21 22:29:06#上证指数机器人：50169自动下注#-136#-54233
2016-11-21 22:54:31#上证指数机器人：50169自动下注#-132#-54365
2016-11-21 23:30:06#上证指数机器人：50169自动下注#-137#-54502
2016-11-22 01:11:46#上证指数机器人：50169自动下注#-123#-54625
2016-11-22 01:47:21#上证指数机器人：50169自动下注#-128#-54753
2016-11-22 02:22:56#上证指数机器人：50169自动下注#-132#-54885
2016-11-22 02:58:31#上证指数机器人：50169自动下注#-137#-55022
2016-11-22 04:55:21#上证指数机器人：50169自动下注#-121#-55143
2016-11-22 05:30:56#上证指数机器人：50169自动下注#-126#-55269
2016-11-22 05:56:21#上证指数机器人：50169自动下注#-122#-55391
2016-11-22 06:06:31#上证指数机器人：50169自动下注#-130#-55521
2016-11-22 06:31:56#上证指数机器人：50169自动下注#-127#-55648
2016-11-22 06:42:06#上证指数机器人：50169自动下注#-135#-55783
2016-11-22 06:57:21#上证指数机器人：50169自动下注#-123#-55906
2016-11-22 07:07:31#上证指数机器人：50169自动下注#-131#-56037
2016-11-22 07:17:41#上证指数机器人：50169自动下注#-139#-56176
2016-11-22 07:32:56#上证指数机器人：50169自动下注#-127#-56303
2016-11-22 07:43:06#上证指数机器人：50169自动下注#-136#-56439
2016-11-22 08:08:31#上证指数机器人：50169自动下注#-132#-56571
2016-11-22 08:23:46#上证指数机器人：50169自动下注#-121#-56692
2016-11-22 08:44:06#上证指数机器人：50169自动下注#-137#-56829
2016-11-22 08:59:21#上证指数机器人：50169自动下注#-126#-56955
2016-11-22 09:29:36#上证指数机器人：50169自动下注#-136#-57091
2016-11-22 09:34:36#上证指数机器人：50169自动下注#-132#-57223
2016-11-22 09:39:36#上证指数机器人：50169自动下注#-127#-57350
2016-11-22 09:49:46#上证指数机器人：50169自动下注#-135#-57485
2016-11-22 10:19:56#上证指数机器人：50169自动下注#-126#-57611
2016-11-22 10:24:56#上证指数机器人：50169自动下注#-121#-57732
2016-11-22 10:50:01#上证指数机器人：50169自动下注#-131#-57863
2016-11-22 11:05:11#上证指数机器人：50169自动下注#-134#-57997
2016-11-22 11:10:11#上证指数机器人：50169自动下注#-130#-58127
2016-11-22 12:20:46#上证指数机器人：50169自动下注#-134#-58261
2016-11-22 12:35:56#上证指数机器人：50169自动下注#-138#-58399
2016-11-22 12:40:56#上证指数机器人：50169自动下注#-133#-58532
2016-11-22 12:45:56#上证指数机器人：50169自动下注#-128#-58660
2016-11-22 13:11:01#上证指数机器人：50169自动下注#-138#-58798
2016-11-22 13:36:11#上证指数机器人：50169自动下注#-133#-58931
2016-11-22 13:51:21#上证指数机器人：50169自动下注#-137#-59068
2016-11-22 13:56:21#上证指数机器人：50169自动下注#-132#-59200
2016-11-22 14:01:21#上证指数机器人：50169自动下注#-127#-59327
2016-11-22 14:11:31#上证指数机器人：50169自动下注#-136#-59463
2016-11-22 14:16:31#上证指数机器人：50169自动下注#-131#-59594
2016-11-22 15:41:46#上证指数机器人：50169自动下注#-135#-59729
2016-11-22 16:30:55#上证指数机器人：50169自动下注#-129#-59858
2016-11-22 16:35:55#上证指数机器人：50169自动下注#-124#-59982
2016-11-22 17:51:45#上证指数机器人：50169自动下注#-126#-60108
2016-11-22 17:56:45#上证指数机器人：50169自动下注#-121#-60229
2016-11-22 18:06:55#上证指数机器人：50169自动下注#-130#-60359
2016-11-22 18:11:55#上证指数机器人：50169自动下注#-125#-60484
2016-11-22 18:27:05#上证指数机器人：50169自动下注#-128#-60612
2016-11-22 18:37:15#上证指数机器人：50169自动下注#-137#-60749
2016-11-22 18:52:30#上证指数机器人：50169自动下注#-125#-60874
2016-11-22 19:17:40#上证指数机器人：50169自动下注#-120#-60994
2016-11-22 19:32:50#上证指数机器人：50169自动下注#-124#-61118
2016-11-22 19:48:00#上证指数机器人：50169自动下注#-127#-61245
2016-11-22 20:03:10#上证指数机器人：50169自动下注#-131#-61376
2016-11-22 20:08:10#上证指数机器人：50169自动下注#-126#-61502
2016-11-22 20:18:20#上证指数机器人：50169自动下注#-134#-61636
2016-11-22 20:33:35#上证指数机器人：50169自动下注#-122#-61758
2016-11-22 20:43:45#上证指数机器人：50169自动下注#-131#-61889
2016-11-22 21:16:01#上证指数机器人：50169自动下注#-127#-62016
2016-11-22 21:21:01#上证指数机器人：50169自动下注#-122#-62138
2016-11-22 21:31:11#上证指数机器人：50169自动下注#-131#-62269
2016-11-22 21:41:21#上证指数机器人：50169自动下注#-139#-62408
2016-11-22 21:56:36#上证指数机器人：50169自动下注#-127#-62535
2016-11-22 22:06:46#上证指数机器人：50169自动下注#-135#-62670
2016-11-22 22:27:01#上证指数机器人：50169自动下注#-120#-62790
2016-11-22 22:47:21#上证指数机器人：50169自动下注#-135#-62925
2016-11-22 23:02:36#上证指数机器人：50169自动下注#-124#-63049
2016-11-22 23:17:46#上证指数机器人：50169自动下注#-128#-63177
2016-11-22 23:43:11#上证指数机器人：50169自动下注#-124#-63301
2016-11-22 23:53:21#上证指数机器人：50169自动下注#-132#-63433
2016-11-23 00:08:36#上证指数机器人：50169自动下注#-120#-63553
2016-11-23 00:18:46#上证指数机器人：50169自动下注#-129#-63682
2016-11-23 00:28:56#上证指数机器人：50169自动下注#-137#-63819
2016-11-23 00:44:11#上证指数机器人：50169自动下注#-125#-63944
2016-11-23 00:54:21#上证指数机器人：50169自动下注#-133#-64077
2016-11-23 00:59:21#上证指数机器人：50169自动下注#-128#-64205
2016-11-23 01:09:31#上证指数机器人：50169自动下注#-137#-64342
2016-11-23 01:34:56#上证指数机器人：50169自动下注#-133#-64475
2016-11-23 02:10:31#上证指数机器人：50169自动下注#-138#-64613
2016-11-23 03:31:46#上证指数机器人：50169自动下注#-123#-64736
2016-11-23 04:37:41#上证指数机器人：50169自动下注#-135#-64871
2016-11-23 04:52:51#上证指数机器人：50169自动下注#-138#-65009
2016-11-23 06:08:51#上证指数机器人：50169自动下注#-121#-65130
2016-11-23 06:49:26#上证指数机器人：50169自动下注#-120#-65250
2016-11-23 06:59:36#上证指数机器人：50169自动下注#-129#-65379
2016-11-23 07:14:46#上证指数机器人：50169自动下注#-132#-65511
2016-11-23 07:29:56#上证指数机器人：50169自动下注#-136#-65647
2016-11-23 07:45:06#上证指数机器人：50169自动下注#-139#-65786
2016-11-23 08:00:21#上证指数机器人：50169自动下注#-127#-65913
2016-11-23 08:15:31#上证指数机器人：50169自动下注#-131#-66044
2016-11-23 08:25:41#上证指数机器人：50169自动下注#-139#-66183
2016-11-25 09:19:54#上证指数机器人：50169自动下注#-123#-66306
2016-11-25 09:20:09#上证指数机器人：50169自动下注#-125#-66431
2016-11-25 09:22:44#上证指数机器人：50169自动下注#-134#-66565
2016-11-25 09:22:59#上证指数机器人：50169自动下注#-136#-66701
2016-11-25 09:24:19#上证指数机器人：50169自动下注#-130#-66831
2016-11-25 09:24:34#上证指数机器人：50169自动下注#-132#-66963
2016-11-25 09:24:49#上证指数机器人：50169自动下注#-134#-67097
2016-11-23 11:34:40#上证指数机器人：50169自动下注#-135#-67232
2016-11-23 11:34:55#上证指数机器人：50169自动下注#-137#-67369
2016-11-23 11:36:15#上证指数机器人：50169自动下注#-131#-67500
2016-11-23 11:36:30#上证指数机器人：50169自动下注#-133#-67633
2016-11-23 11:36:45#上证指数机器人：50169自动下注#-135#-67768
2016-11-23 11:40:30#上证指数机器人：50169自动下注#-121#-67889
2016-11-23 11:40:45#上证指数机器人：50169自动下注#-123#-68012
2016-11-25 11:55:36#上证指数机器人：50169自动下注#-125#-68137
2016-11-25 11:55:51#上证指数机器人：50169自动下注#-127#-68264
2016-11-25 11:57:11#上证指数机器人：50169自动下注#-120#-68384
2016-11-25 11:57:26#上证指数机器人：50169自动下注#-123#-68507
2016-11-25 11:57:41#上证指数机器人：50169自动下注#-125#-68632
2016-11-25 12:00:01#上证指数机器人：50169自动下注#-120#-68752
2016-11-25 12:00:11#上证指数机器人：50169自动下注#-137#-68889
2016-11-25 12:00:26#上证指数机器人：50169自动下注#-139#-69028
2016-11-25 12:03:54#上证指数机器人：50169自动下注#-139#-69167
2016-11-25 12:05:34#上证指数机器人：50169自动下注#-121#-69288
2016-11-25 12:08:09#上证指数机器人：50169自动下注#-129#-69417
2016-11-25 12:08:24#上证指数机器人：50169自动下注#-132#-69549
2016-11-25 12:09:44#上证指数机器人：50169自动下注#-125#-69674
2016-11-25 12:09:59#上证指数机器人：50169自动下注#-127#-69801
2016-11-25 12:10:14#上证指数机器人：50169自动下注#-130#-69931
2016-11-25 12:12:49#上证指数机器人：50169自动下注#-138#-70069
2016-11-25 12:14:24#上证指数机器人：50169自动下注#-134#-70203
2016-11-25 12:14:39#上证指数机器人：50169自动下注#-136#-70339
2016-11-25 12:14:54#上证指数机器人：50169自动下注#-138#-70477
2016-11-23 14:23:27#上证指数机器人：50169自动下注#-127#-70604
2016-11-23 14:23:42#上证指数机器人：50169自动下注#-129#-70733
2016-11-23 14:24:27#上证指数机器人：50169自动下注#-134#-70867
2016-11-23 14:24:42#上证指数机器人：50169自动下注#-137#-71004
2016-11-23 14:27:12#上证指数机器人：50169自动下注#-137#-71141
2016-11-23 14:27:32#上证指数机器人：50169自动下注#-124#-71265
2016-11-23 14:27:47#上证指数机器人：50169自动下注#-126#-71391
2016-11-23 14:28:02#上证指数机器人：50169自动下注#-128#-71519
2016-11-23 14:30:37#上证指数机器人：50169自动下注#-137#-71656
2016-11-23 14:30:52#上证指数机器人：50169自动下注#-139#-71795
2016-11-23 14:31:12#上证指数机器人：50169自动下注#-126#-71921
2016-11-23 14:31:27#上证指数机器人：50169自动下注#-128#-72049
2016-11-23 14:32:12#上证指数机器人：50169自动下注#-133#-72182
2016-11-23 14:32:27#上证指数机器人：50169自动下注#-135#-72317
2016-11-23 14:32:42#上证指数机器人：50169自动下注#-137#-72454
2016-11-23 14:32:47#上证指数机器人：50169自动下注#-121#-72575
2016-11-23 14:33:02#上证指数机器人：50169自动下注#-123#-72698
2016-11-23 14:33:17#上证指数机器人：50169自动下注#-126#-72824
2016-11-17 14:35:39#上证指数机器人：50169自动下注#-134#-72958
2016-11-17 14:35:54#上证指数机器人：50169自动下注#-136#-73094
2016-11-17 14:36:09#上证指数机器人：50169自动下注#-138#-73232
2016-11-18 14:37:12#上证指数机器人：50169自动下注#-130#-73362
2016-11-18 14:37:27#上证指数机器人：50169自动下注#-132#-73494
2016-11-18 14:37:42#上证指数机器人：50169自动下注#-134#-73628
2016-11-18 14:38:02#上证指数机器人：50169自动下注#-121#-73749
2016-11-18 14:38:17#上证指数机器人：50169自动下注#-123#-73872
2016-11-18 14:39:17#上证指数机器人：50169自动下注#-136#-74008
2016-11-21 14:40:48#上证指数机器人：50169自动下注#-132#-74140
2016-11-21 14:41:03#上证指数机器人：50169自动下注#-134#-74274
2016-11-21 14:41:18#上证指数机器人：50169自动下注#-136#-74410
2016-11-21 14:41:23#上证指数机器人：50169自动下注#-120#-74530
2016-11-22 14:42:21#上证指数机器人：50169自动下注#-128#-74658
2016-11-22 14:43:31#GM通过手动操作帮玩家退注#128#-74530
2016-11-23 14:52:23#上证指数机器人：50169自动下注#-122#-74652
2016-11-23 14:52:58#上证指数机器人：50169自动下注#-130#-74782
2016-11-23 14:53:13#上证指数机器人：50169自动下注#-132#-74914
2016-11-23 14:53:43#上证指数机器人：50169自动下注#-135#-75049
2016-11-23 15:02:34#上证指数机器人：50169自动下注#-131#-75180
2016-11-23 15:02:49#上证指数机器人：50169自动下注#-133#-75313
2016-11-23 15:03:04#上证指数机器人：50169自动下注#-136#-75449
2016-11-23 15:03:09#上证指数机器人：50169自动下注#-120#-75569
2016-11-23 15:03:24#上证指数机器人：50169自动下注#-122#-75691
2016-11-23 15:03:34#上证指数机器人：50169自动下注#-139#-75830
2016-11-23 15:03:39#上证指数机器人：50169自动下注#-124#-75954
2016-11-23 15:04:09#上证指数机器人：50169自动下注#-127#-76081
2016-11-23 15:04:24#上证指数机器人：50169自动下注#-129#-76210
2016-11-23 15:04:39#上证指数机器人：50169自动下注#-131#-76341
2016-11-23 15:05:14#上证指数机器人：50169自动下注#-120#-76461
2016-11-23 15:06:14#上证指数机器人：50169自动下注#-133#-76594
2016-11-23 15:06:49#上证指数机器人：50169自动下注#-121#-76715
2016-11-23 15:07:49#上证指数机器人：50169自动下注#-129#-76844
2016-11-23 15:08:04#上证指数机器人：50169自动下注#-131#-76975
2016-11-23 15:08:19#上证指数机器人：50169自动下注#-133#-77108
2016-11-23 15:08:49#上证指数机器人：50169自动下注#-136#-77244
2016-11-23 15:08:54#上证指数机器人：50169自动下注#-122#-77366
2016-11-23 15:09:04#上证指数机器人：50169自动下注#-138#-77504
2016-11-23 15:09:24#上证指数机器人：50169自动下注#-125#-77629
2016-11-23 15:09:39#上证指数机器人：50169自动下注#-127#-77756
2016-11-23 15:09:54#上证指数机器人：50169自动下注#-129#-77885
2016-11-23 15:11:29#上证指数机器人：50169自动下注#-130#-78015
2016-11-23 15:12:29#上证指数机器人：50169自动下注#-252#-78267
2016-11-23 15:13:04#上证指数机器人：50169自动下注#-206#-78473
2016-11-23 15:13:19#上证指数机器人：50169自动下注#-215#-78688
2016-11-23 15:13:34#上证指数机器人：50169自动下注#-223#-78911
2016-11-23 15:14:19#上证指数机器人：50169自动下注#-244#-79155
2016-11-23 15:14:34#上证指数机器人：50169自动下注#-252#-79407
2016-11-23 15:14:39#上证指数机器人：50169自动下注#-190#-79597
2016-11-23 15:14:54#上证指数机器人：50169自动下注#-198#-79795
2016-11-23 15:15:09#上证指数机器人：50169自动下注#-206#-80001
2016-11-23 15:16:09#上证指数机器人：50169自动下注#-258#-80259
2016-11-23 15:16:44#上证指数机器人：50169自动下注#-212#-80471
2016-11-23 15:17:51#上证指数机器人：50169自动下注#-232#-80703
2016-11-23 15:18:06#上证指数机器人：50169自动下注#-241#-80944
2016-11-23 15:18:51#上证指数机器人：50169自动下注#-218#-81162
2016-11-23 15:19:51#上证指数机器人：50169自动下注#-247#-81409
2016-11-23 15:20:06#上证指数机器人：50169自动下注#-256#-81665
2016-11-23 15:20:26#上证指数机器人：50169自动下注#-202#-81867
2016-11-23 15:20:41#上证指数机器人：50169自动下注#-210#-82077
2016-11-23 15:20:56#上证指数机器人：50169自动下注#-218#-82295
2016-11-23 15:21:26#上证指数机器人：50169自动下注#-231#-82526
2016-11-23 15:21:41#上证指数机器人：50169自动下注#-239#-82765
2016-11-23 15:22:01#上证指数机器人：50169自动下注#-185#-82950
2016-11-23 15:22:16#上证指数机器人：50169自动下注#-194#-83144
2016-11-23 15:22:31#上证指数机器人：50169自动下注#-202#-83346
2016-11-23 15:24:52#上证指数机器人：50169自动下注#-184#-83530
2016-11-23 15:25:02#上证指数机器人：50169自动下注#-250#-83780
2016-11-23 15:25:07#上证指数机器人：50169自动下注#-192#-83972
2016-11-23 15:25:17#上证指数机器人：50169自动下注#-259#-84231
2016-11-23 15:25:37#上证指数机器人：50169自动下注#-205#-84436
2016-11-23 15:25:52#上证指数机器人：50169自动下注#-213#-84649
2016-11-23 15:26:07#上证指数机器人：50169自动下注#-222#-84871
2016-11-23 15:27:02#上证指数机器人：50169自动下注#-200#-85071
2016-11-23 15:27:42#上证指数机器人：50169自动下注#-227#-85298
2016-11-23 15:28:17#上证指数机器人：50169自动下注#-182#-85480
2016-11-23 15:28:42#上证指数机器人：50169自动下注#-256#-85736
2016-11-23 15:29:17#上证指数机器人：50169自动下注#-211#-85947
2016-11-23 15:29:32#上证指数机器人：50169自动下注#-219#-86166
2016-11-23 15:29:47#上证指数机器人：50169自动下注#-228#-86394
2016-11-23 15:30:17#上证指数机器人：50169自动下注#-240#-86634
2016-11-23 15:30:22#上证指数机器人：50169自动下注#-182#-86816
2016-11-23 15:30:32#上证指数机器人：50169自动下注#-248#-87064
2016-11-23 15:30:47#上证指数机器人：50169自动下注#-257#-87321
2016-11-23 15:30:52#上证指数机器人：50169自动下注#-194#-87515
2016-11-23 15:31:07#上证指数机器人：50169自动下注#-203#-87718
2016-11-23 15:31:22#上证指数机器人：50169自动下注#-211#-87929
2016-11-23 15:32:02#上证指数机器人：50169自动下注#-188#-88117
2016-11-23 15:32:57#上证指数机器人：50169自动下注#-217#-88334
2016-11-23 15:33:57#上证指数机器人：50169自动下注#-246#-88580
2016-11-23 15:34:12#上证指数机器人：50169自动下注#-254#-88834
2016-11-23 15:34:32#上证指数机器人：50169自动下注#-200#-89034
2016-11-23 15:34:47#上证指数机器人：50169自动下注#-209#-89243
2016-11-23 15:35:02#上证指数机器人：50169自动下注#-217#-89460
2016-11-23 15:35:32#上证指数机器人：50169自动下注#-230#-89690
2016-11-23 15:35:47#上证指数机器人：50169自动下注#-238#-89928
2016-11-23 15:36:02#上证指数机器人：50169自动下注#-246#-90174
2016-11-23 15:36:07#上证指数机器人：50169自动下注#-184#-90358
2016-11-23 15:36:22#上证指数机器人：50169自动下注#-192#-90550
2016-11-23 15:36:37#上证指数机器人：50169自动下注#-201#-90751
2016-11-23 15:37:37#上证指数机器人：50169自动下注#-252#-91003
2016-11-22 16:46:43#上证指数机器人：50169自动下注#-213#-91216
2016-11-23 18:52:43#上证指数机器人：50169自动下注#-304#-91520
2016-11-23 20:53:23#上证指数机器人：50169自动下注#-314#-91834
2016-11-24 00:53:43#上证指数机器人：50169自动下注#-326#-92160
2016-11-22 09:08:45#上证指数机器人：50169自动下注#-282#-92442
2016-11-22 09:09:00#上证指数机器人：50169自动下注#-290#-92732
2016-11-22 09:09:15#上证指数机器人：50169自动下注#-299#-93031
2016-11-22 09:09:45#上证指数机器人：50169自动下注#-311#-93342
2016-11-22 09:10:00#上证指数机器人：50169自动下注#-319#-93661
2016-11-22 09:10:15#上证指数机器人：50169自动下注#-328#-93989
2016-11-24 16:40:59#上证指数机器人：50169自动下注#-123#-94112
2016-11-24 20:10:29#上证指数机器人：50169自动下注#-123#-94235
2016-11-24 20:10:44#上证指数机器人：50169自动下注#-123#-94358
2016-11-24 20:11:29#上证指数机器人：50169自动下注#-123#-94481
2016-11-24 20:11:44#上证指数机器人：50169自动下注#-123#-94604
2016-11-24 20:12:19#上证指数机器人：50169自动下注#-123#-94727
2016-11-24 20:12:34#上证指数机器人：50169自动下注#-123#-94850
2016-11-24 20:15:09#上证指数机器人：50169自动下注#-123#-94973
2016-11-24 20:15:44#上证指数机器人：50169自动下注#-123#-95096
2016-11-24 20:15:59#上证指数机器人：50169自动下注#-123#-95219
2016-11-24 20:16:44#上证指数机器人：50169自动下注#-123#-95342
2016-11-24 20:16:59#上证指数机器人：50169自动下注#-123#-95465
2016-11-24 20:17:14#上证指数机器人：50169自动下注#-123#-95588
2016-11-24 20:17:49#上证指数机器人：50169自动下注#-123#-95711
2016-11-24 20:20:24#上证指数机器人：50169自动下注#-123#-95834
2016-11-24 20:20:39#上证指数机器人：50169自动下注#-123#-95957
2016-11-24 20:21:14#上证指数机器人：50169自动下注#-123#-96080
2016-11-24 20:21:59#上证指数机器人：50169自动下注#-123#-96203
2016-11-24 20:22:14#上证指数机器人：50169自动下注#-123#-96326
2016-11-24 20:22:29#上证指数机器人：50169自动下注#-123#-96449
2016-11-25 10:31:46#上证指数机器人：50169自动下注#-123#-96572
2016-11-25 10:32:02#上证指数机器人：50169自动下注#-123#-96695
2016-11-25 10:32:32#上证指数机器人：50169自动下注#-123#-96818
2016-11-25 10:32:47#上证指数机器人：50169自动下注#-123#-96941
2016-11-25 10:33:07#上证指数机器人：50169自动下注#-123#-97064
2016-11-25 10:33:22#上证指数机器人：50169自动下注#-123#-97187
2016-11-25 10:33:37#上证指数机器人：50169自动下注#-123#-97310
2016-11-25 10:35:12#上证指数机器人：50169自动下注#-123#-97433
2016-11-25 10:36:12#上证指数机器人：50169自动下注#-123#-97556
2016-11-25 10:36:47#上证指数机器人：50169自动下注#-123#-97679
2016-11-25 10:37:02#上证指数机器人：50169自动下注#-123#-97802
2016-11-25 10:37:17#上证指数机器人：50169自动下注#-123#-97925
2016-11-25 10:37:47#上证指数机器人：50169自动下注#-123#-98048
2016-11-25 10:38:02#上证指数机器人：50169自动下注#-123#-98171
2016-11-25 10:38:17#上证指数机器人：50169自动下注#-123#-98294
2016-11-25 10:38:37#上证指数机器人：50169自动下注#-123#-98417
2016-11-25 10:38:52#上证指数机器人：50169自动下注#-123#-98540
2016-11-25 10:40:27#上证指数机器人：50169自动下注#-123#-98663
2016-11-25 10:41:27#上证指数机器人：50169自动下注#-123#-98786
2016-11-25 10:41:42#上证指数机器人：50169自动下注#-123#-98909
2016-11-25 10:42:17#上证指数机器人：50169自动下注#-123#-99032
2016-11-25 10:42:32#上证指数机器人：50169自动下注#-123#-99155
2016-11-25 10:43:02#上证指数机器人：50169自动下注#-123#-99278
2016-11-25 10:43:17#上证指数机器人：50169自动下注#-123#-99401
2016-11-25 10:43:32#上证指数机器人：50169自动下注#-123#-99524
2016-11-25 10:47:47#上证|50169期|标识:20161128：#-123#-99647
2016-11-25 10:48:17#上证|50169期|标识:20161128：#-123#-99770
2016-11-25 10:48:32#上证|50169期|标识:20161128：#-123#-99893
2016-11-25 10:48:47#上证|50169期|标识:20161128：#-123#-100016
2016-11-25 10:49:17#上证|50169期|标识:20161128：#-123#-100139
2016-11-25 10:54:28#上证|50169期|标识:20161128：#-123#-100262
2016-11-25 10:54:32#上证|50169期|标识:20161128：#-123#-100385
2016-11-25 10:55:33#上证|50169期|标识:20161128：#-123#-100508
2016-11-25 10:55:48#上证|50169期|标识:20161128：#-123#-100631
2016-11-25 10:56:23#上证|20161128期|标识:2392：#-123#-100754
2016-11-25 10:56:37#上证|20161128期|标识:2395：#-123#-100877
2016-11-25 10:57:08#上证|20161128期|标识:2401：#-123#-101000
2016-11-25 10:57:23#上证|20161128期|标识:2404：#-123#-101123
2016-11-25 10:59:47#上证|20161128期|标识:2433：#-123#-101246
2016-11-25 11:00:48#上证|20161128期|标识:2445：#-123#-101369
2016-11-25 11:01:03#上证|20161128期|标识:2448：#-123#-101492
2016-11-25 11:01:17#上证|20161128期|标识:2451：#-123#-101615
2016-11-25 11:01:52#上证|20161128期|标识:2458：#-123#-101738
2016-11-25 11:02:23#上证|20161128期|标识:2464：#-123#-101861
2016-11-25 11:02:38#上证|20161128期|标识:2467：#-123#-101984
2016-11-25 11:02:53#上证|20161128期|标识:2470：#-123#-102107
2016-11-25 11:04:28#上证|20161128期|标识:2489：#-123#-102230
2016-11-25 11:06:03#上证|20161128期|标识:2508：#-123#-102353
2016-11-25 11:06:18#上证|20161128期|标识:2511：#-123#-102476
2016-11-25 11:06:32#上证|20161128期|标识:2514：#-123#-102599
2016-11-25 11:07:03#上证|20161128期|标识:2520：#-123#-102722
2016-11-25 12:33:45#上证|20161128期|标识:2540|【猜跌】#-123#-102845
2016-11-25 12:34:00#上证|20161128期|标识:2543|【猜跌】#-123#-102968
2016-11-25 12:34:15#上证|20161128期|标识:2546|【猜涨】#-123#-103091
2016-11-25 12:34:45#上证|20161128期|标识:2552|【猜涨】#-123#-103214
2016-11-25 12:35:00#上证|20161128期|标识:2555|【猜涨】#-123#-103337
2016-11-25 12:35:20#上证|20161128期|标识:2559|【猜跌】#-123#-103460
2016-11-25 12:35:35#上证|20161128期|标识:2562|【猜跌】#-123#-103583
2016-11-25 12:35:50#上证|20161128期|标识:2565|【猜跌】#-123#-103706
2016-11-25 12:37:25#上证|20161128期|标识:2584|【猜跌】#-123#-103829
2016-11-25 12:38:25#上证|20161128期|标识:2596|【猜涨】#-123#-103952
2016-11-25 12:39:00#上证|20161128期|标识:2603|【猜跌】#-123#-104075
2016-11-25 12:39:15#上证|20161128期|标识:2606|【猜跌】#-123#-104198
2016-11-25 12:39:30#上证|20161128期|标识:2609|【猜跌】#-123#-104321
2016-11-25 12:40:00#上证|20161128期|标识:2615|【猜涨】#-123#-104444
2016-11-25 12:40:15#上证|20161128期|标识:2618|【猜涨】#-123#-104567
2016-11-25 12:40:30#上证|20161128期|标识:2621|【猜涨】#-123#-104690
2016-11-25 12:41:05#上证|20161128期|标识:2628|【猜跌】#-123#-104813
2016-11-25 12:42:40#上证|20161128期|标识:2647|【猜跌】#-123#-104936
2016-11-25 12:43:40#上证|20161128期|标识:2659|【猜涨】#-123#-105059
2016-11-25 12:43:55#上证|20161128期|标识:2662|【猜涨】#-123#-105182
2016-11-25 12:44:30#上证|20161128期|标识:2669|【猜跌】#-123#-105305
2016-11-25 12:44:45#上证|20161128期|标识:2672|【猜跌】#-123#-105428
2016-11-25 12:45:15#上证|20161128期|标识:2678|【猜跌】#-123#-105551
2016-11-25 12:45:30#上证|20161128期|标识:2681|【猜涨】#-123#-105674
2016-11-25 12:45:45#上证|20161128期|标识:2684|【猜涨】#-123#-105797
2016-11-25 12:47:20#上证|20161128期|标识:2703|【猜涨】#-123#-105920
2016-11-25 12:47:55#上证|20161128期|标识:2710|【猜跌】#-123#-106043
2016-11-25 12:48:55#上证|20161128期|标识:2722|【猜涨】#-123#-106166
2016-11-25 12:49:10#上证|20161128期|标识:2725|【猜涨】#-123#-106289
2016-11-25 12:49:25#上证|20161128期|标识:2728|【猜涨】#-123#-106412
2016-11-25 12:50:00#上证|20161128期|标识:2735|【猜跌】#-123#-106535
2016-11-25 12:50:45#上证|20161128期|标识:2744|【猜跌】#-123#-106658
2016-11-25 12:51:00#上证|20161128期|标识:2747|【猜涨】#-123#-106781
2016-11-25 12:52:35#上证|20161128期|标识:2766|【猜涨】#-123#-106904
2016-11-25 12:54:10#上证|20161128期|标识:2785|【猜跌】#-123#-107027
2016-11-25 12:54:25#上证|20161128期|标识:2788|【猜涨】#-123#-107150
2016-11-25 12:54:40#上证|20161128期|标识:2791|【猜涨】#-123#-107273
2016-11-25 12:55:10#上证|20161128期|标识:2797|【猜涨】#-123#-107396
2016-11-25 12:55:45#上证|20161128期|标识:2804|【猜跌】#-123#-107519
2016-11-25 12:56:00#上证|20161128期|标识:2807|【猜跌】#-123#-107642
2016-11-25 12:56:15#上证|20161128期|标识:2810|【猜跌】#-123#-107765
2016-11-25 12:57:50#上证|20161128期|标识:2829|【猜跌】#-123#-107888
2016-11-25 12:58:50#上证|20161128期|标识:2841|【猜涨】#-123#-108011
2016-11-25 12:59:25#上证|20161128期|标识:2848|【猜跌】#-123#-108134
2016-11-25 12:59:40#上证|20161128期|标识:2851|【猜跌】#-123#-108257
2016-11-25 12:59:55#上证|20161128期|标识:2854|【猜跌】#-123#-108380
2016-11-25 13:00:25#上证|20161128期|标识:2860|【猜涨】#-123#-108503
2016-11-25 13:00:40#上证|20161128期|标识:2863|【猜涨】#-123#-108626
2016-11-25 13:00:55#上证|20161128期|标识:2866|【猜涨】#-123#-108749
2016-11-25 13:01:15#上证|20161128期|标识:2870|【猜跌】#-123#-108872
2016-11-25 13:01:30#上证|20161128期|标识:2873|【猜跌】#-123#-108995
2016-11-25 13:03:05#上证|20161128期|标识:2892|【猜跌】#-123#-109118
2016-11-25 13:04:05#上证|20161128期|标识:2904|【猜涨】#-123#-109241
2016-11-25 13:04:20#上证|20161128期|标识:2907|【猜涨】#-123#-109364
2016-11-25 13:04:40#上证|20161128期|标识:2911|【猜跌】#-123#-109487
2016-11-25 13:04:55#上证|20161128期|标识:2914|【猜跌】#-123#-109610
2016-11-25 13:05:10#上证|20161128期|标识:2917|【猜跌】#-123#-109733
2016-11-25 13:05:40#上证|20161128期|标识:2923|【猜涨】#-123#-109856
2016-11-25 13:05:55#上证|20161128期|标识:2926|【猜涨】#-123#-109979
2016-11-25 13:06:10#上证|20161128期|标识:2929|【猜涨】#-123#-110102
2016-11-25 13:06:45#上证|20161128期|标识:2936|【猜跌】#-123#-110225
2016-11-25 13:07:45#上证|20161128期|标识:2948|【猜涨】#-123#-110348
2016-11-25 13:08:20#上证|20161128期|标识:2955|【猜跌】#-123#-110471
2016-11-25 13:09:20#上证|20161128期|标识:2967|【猜涨】#-123#-110594
2016-11-25 13:09:35#上证|20161128期|标识:2970|【猜涨】#-123#-110717
2016-11-25 13:09:50#上证|20161128期|标识:2973|【猜涨】#-123#-110840
2016-11-25 13:10:25#上证|20161128期|标识:2980|【猜跌】#-123#-110963
2016-11-25 13:10:55#上证|20161128期|标识:2986|【猜跌】#-123#-111086
2016-11-25 13:11:10#上证|20161128期|标识:2989|【猜跌】#-123#-111209
2016-11-25 13:11:25#上证|20161128期|标识:2992|【猜涨】#-123#-111332
2016-11-25 13:13:00#上证|20161128期|标识:3011|【猜涨】#-123#-111455
2016-11-25 13:14:35#上证|20161128期|标识:3030|【猜跌】#-123#-111578
2016-11-25 13:14:50#上证|20161128期|标识:3033|【猜涨】#-123#-111701
2016-11-25 13:15:05#上证|20161128期|标识:3036|【猜涨】#-123#-111824
2016-11-25 13:15:35#上证|20161128期|标识:3042|【猜涨】#-123#-111947
2016-11-25 13:16:10#上证|20161128期|标识:3049|【猜跌】#-123#-112070
2016-11-25 13:16:25#上证|20161128期|标识:3052|【猜跌】#-123#-112193
2016-11-25 13:16:40#上证|20161128期|标识:3055|【猜跌】#-123#-112316
2016-11-25 13:18:15#上证|20161128期|标识:3074|【猜涨】#-123#-112439
2016-11-25 13:19:50#上证|20161128期|标识:3093|【猜跌】#-123#-112562
2016-11-25 13:20:05#上证|20161128期|标识:3096|【猜跌】#-123#-112685
2016-11-25 13:20:20#上证|20161128期|标识:3099|【猜涨】#-123#-112808
2016-11-25 13:20:50#上证|20161128期|标识:3105|【猜涨】#-123#-112931
2016-11-25 13:21:05#上证|20161128期|标识:3108|【猜涨】#-123#-113054
2016-11-25 13:21:40#上证|20161128期|标识:3115|【猜跌】#-123#-113177
2016-11-25 13:21:55#上证|20161128期|标识:3118|【猜跌】#-123#-113300
2016-11-25 13:23:30#上证|20161128期|标识:3137|【猜跌】#-123#-113423
2016-11-25 13:24:30#上证|20161128期|标识:3149|【猜涨】#-123#-113546
2016-11-25 13:25:05#上证|20161128期|标识:3156|【猜跌】#-123#-113669
2016-11-25 13:25:20#上证|20161128期|标识:3159|【猜跌】#-123#-113792
2016-11-25 13:25:35#上证|20161128期|标识:3162|【猜跌】#-123#-113915
2016-11-25 13:26:05#上证|20161128期|标识:3168|【猜涨】#-123#-114038
2016-11-25 13:26:20#上证|20161128期|标识:3171|【猜涨】#-123#-114161
2016-11-25 13:26:35#上证|20161128期|标识:3174|【猜涨】#-123#-114284
2016-11-25 13:27:10#上证|20161128期|标识:3181|【猜跌】#-123#-114407
2016-11-25 13:28:10#上证|20161128期|标识:3193|【猜涨】#-123#-114530
2016-11-25 13:28:45#上证|20161128期|标识:3200|【猜跌】#-123#-114653
2016-11-25 13:29:45#上证|20161128期|标识:3212|【猜涨】#-123#-114776
2016-11-25 13:30:00#上证|20161128期|标识:3215|【猜涨】#-123#-114899
2016-11-25 13:30:15#上证|20161128期|标识:3218|【猜涨】#-123#-115022
2016-11-25 13:30:35#上证|20161128期|标识:3222|【猜跌】#-123#-115145
2016-11-25 13:30:50#上证|20161128期|标识:3225|【猜跌】#-123#-115268
2016-11-25 13:31:20#上证|20161128期|标识:3231|【猜跌】#-123#-115391
2016-11-25 13:31:35#上证|20161128期|标识:3234|【猜涨】#-123#-115514
2016-11-25 13:31:50#上证|20161128期|标识:3237|【猜涨】#-123#-115637
2016-11-25 13:33:25#上证|20161128期|标识:3256|【猜涨】#-123#-115760
2016-11-25 13:34:00#上证|20161128期|标识:3263|【猜跌】#-123#-115883
2016-11-25 13:35:00#上证|20161128期|标识:3275|【猜涨】#-123#-116006
2016-11-25 13:35:15#上证|20161128期|标识:3278|【猜涨】#-123#-116129
2016-11-25 13:35:30#上证|20161128期|标识:3281|【猜涨】#-123#-116252
2016-11-25 13:36:05#上证|20161128期|标识:3288|【猜跌】#-123#-116375
2016-11-25 13:36:35#上证|20161128期|标识:3294|【猜跌】#-123#-116498
2016-11-25 13:36:50#上证|20161128期|标识:3297|【猜跌】#-123#-116621
2016-11-25 13:37:05#上证|20161128期|标识:3300|【猜涨】#-123#-116744
2016-11-25 13:38:40#上证|20161128期|标识:3319|【猜涨】#-123#-116867
2016-11-25 13:40:15#上证|20161128期|标识:3338|【猜跌】#-123#-116990
2016-11-25 13:40:30#上证|20161128期|标识:3341|【猜跌】#-123#-117113
2016-11-25 13:40:45#上证|20161128期|标识:3344|【猜涨】#-123#-117236
2016-11-25 13:41:15#上证|20161128期|标识:3350|【猜涨】#-123#-117359
2016-11-25 13:41:30#上证|20161128期|标识:3353|【猜涨】#-123#-117482
2016-11-25 13:41:50#上证|20161128期|标识:3357|【猜跌】#-123#-117605
2016-11-25 13:42:05#上证|20161128期|标识:3360|【猜跌】#-123#-117728
2016-11-25 13:42:20#上证|20161128期|标识:3363|【猜跌】#-123#-117851
2016-11-25 13:43:55#上证|20161128期|标识:3382|【猜跌】#-123#-117974
2016-11-25 13:44:55#上证|20161128期|标识:3394|【猜涨】#-123#-118097
2016-11-25 13:45:30#上证|20161128期|标识:3401|【猜跌】#-123#-118220
2016-11-25 13:45:45#上证|20161128期|标识:3404|【猜跌】#-123#-118343
2016-11-25 13:46:00#上证|20161128期|标识:3407|【猜跌】#-123#-118466
2016-11-25 13:46:30#上证|20161128期|标识:3413|【猜涨】#-123#-118589
2016-11-25 13:46:45#上证|20161128期|标识:3416|【猜涨】#-123#-118712
2016-11-25 13:47:00#上证|20161128期|标识:3419|【猜涨】#-123#-118835
2016-11-25 13:47:20#上证|20161128期|标识:3423|【猜跌】#-123#-118958
2016-11-25 13:47:35#上证|20161128期|标识:3426|【猜跌】#-123#-119081
2016-11-25 13:49:10#上证|20161128期|标识:3445|【猜跌】#-123#-119204
2016-11-25 13:50:10#上证|20161128期|标识:3457|【猜涨】#-123#-119327
2016-11-25 13:50:25#上证|20161128期|标识:3460|【猜涨】#-123#-119450
2016-11-25 13:51:00#上证|20161128期|标识:3467|【猜跌】#-123#-119573
2016-11-25 13:51:15#上证|20161128期|标识:3470|【猜跌】#-123#-119696
2016-11-25 13:51:45#上证|20161128期|标识:3476|【猜跌】#-123#-119819
2016-11-25 13:52:00#上证|20161128期|标识:3479|【猜涨】#-123#-119942
2016-11-25 13:52:15#上证|20161128期|标识:3482|【猜涨】#-123#-120065
2016-11-25 13:53:50#上证|20161128期|标识:3501|【猜涨】#-123#-120188
2016-11-25 13:54:25#上证|20161128期|标识:3508|【猜跌】#-123#-120311
2016-11-25 13:55:25#上证|20161128期|标识:3520|【猜涨】#-123#-120434
2016-11-25 13:55:40#上证|20161128期|标识:3523|【猜涨】#-123#-120557
2016-11-25 13:55:55#上证|20161128期|标识:3526|【猜涨】#-123#-120680
2016-11-25 13:56:30#上证|20161128期|标识:3533|【猜跌】#-123#-120803
2016-11-25 13:57:00#上证|20161128期|标识:3539|【猜跌】#-123#-120926
2016-11-25 13:57:15#上证|20161128期|标识:3542|【猜跌】#-123#-121049
2016-11-25 13:57:30#上证|20161128期|标识:3545|【猜涨】#-123#-121172
2016-11-25 13:59:05#上证|20161128期|标识:3564|【猜涨】#-123#-121295
2016-11-25 14:00:40#上证|20161128期|标识:3583|【猜跌】#-123#-121418
2016-11-25 14:00:55#上证|20161128期|标识:3586|【猜涨】#-123#-121541
2016-11-25 14:01:10#上证|20161128期|标识:3589|【猜涨】#-123#-121664
2016-11-25 14:01:40#上证|20161128期|标识:3595|【猜涨】#-123#-121787
2016-11-25 14:02:15#上证|20161128期|标识:3602|【猜跌】#-123#-121910
2016-11-25 14:02:30#上证|20161128期|标识:3605|【猜跌】#-123#-122033
2016-11-25 14:02:45#上证|20161128期|标识:3608|【猜跌】#-123#-122156
2016-11-25 14:04:20#上证|20161128期|标识:3627|【猜涨】#-123#-122279
2016-11-25 14:04:45#上证|20161128期|标识:3632|【猜涨】#-123#-122402
2016-11-25 14:06:20#上证|20161128期|标识:3651|【猜涨】#-123#-122525
2016-11-25 14:07:55#上证|20161128期|标识:3670|【猜跌】#-123#-122648
2016-11-25 14:08:10#上证|20161128期|标识:3673|【猜涨】#-123#-122771
2016-11-25 14:08:25#上证|20161128期|标识:3676|【猜涨】#-123#-122894
2016-11-25 14:08:55#上证|20161128期|标识:3682|【猜跌】#-123#-123017
2016-11-25 14:09:55#上证|20161128期|标识:3694|【猜涨】#-123#-123140
2016-11-25 14:10:10#上证|20161128期|标识:3697|【猜涨】#-123#-123263
2016-11-25 14:10:45#上证|20161128期|标识:3704|【猜跌】#-123#-123386
2016-11-25 14:11:00#上证|20161128期|标识:3707|【猜跌】#-123#-123509
2016-11-25 14:11:30#上证|20161128期|标识:3713|【猜跌】#-123#-123632
2016-11-25 14:11:45#上证|20161128期|标识:3716|【猜涨】#-123#-123755
2016-11-25 14:12:00#上证|20161128期|标识:3719|【猜涨】#-123#-123878
2016-11-25 14:13:35#上证|20161128期|标识:3738|【猜涨】#-123#-124001
2016-11-25 14:14:30#上证|20161128期|标识:3749|【猜跌】#-123#-124124
2016-11-25 14:14:45#上证|20161128期|标识:3752|【猜涨】#-123#-124247
2016-11-25 14:15:00#上证|20161128期|标识:3755|【猜涨】#-123#-124370
2016-11-25 14:15:30#上证|20161128期|标识:3761|【猜涨】#-123#-124493
2016-11-25 14:17:30#上证|20161128期|标识:3785|【猜跌】#-123#-124616
2016-11-25 14:19:05#上证|20161128期|标识:3804|【猜跌】#-123#-124739
2016-11-25 14:19:20#上证|20161128期|标识:3807|【猜跌】#-123#-124862
2016-11-25 14:19:35#上证|20161128期|标识:3810|【猜涨】#-123#-124985
2016-11-25 14:20:05#上证|20161128期|标识:3816|【猜涨】#-123#-125108
2016-11-25 14:20:20#上证|20161128期|标识:3819|【猜涨】#-123#-125231
2016-11-25 14:20:55#上证|20161128期|标识:3826|【猜跌】#-123#-125354
2016-11-25 14:21:10#上证|20161128期|标识:3829|【猜跌】#-123#-125477
2016-11-25 14:22:45#上证|20161128期|标识:3848|【猜跌】#-123#-125600
2016-11-25 14:23:45#上证|20161128期|标识:3860|【猜涨】#-123#-125723
2016-11-25 14:24:00#上证|20161128期|标识:3863|【猜涨】#-123#-125846
2016-11-25 14:24:20#上证|20161128期|标识:3867|【猜跌】#-123#-125969
2016-11-25 14:24:35#上证|20161128期|标识:3870|【猜跌】#-123#-126092
2016-11-25 14:24:50#上证|20161128期|标识:3873|【猜跌】#-123#-126215
2016-11-25 14:25:20#上证|20161128期|标识:3879|【猜涨】#-123#-126338
2016-11-25 14:25:35#上证|20161128期|标识:3882|【猜涨】#-123#-126461
2016-11-25 14:25:50#上证|20161128期|标识:3885|【猜涨】#-123#-126584
2016-11-25 14:26:25#上证|20161128期|标识:3892|【猜跌】#-123#-126707
2016-11-25 14:27:25#上证|20161128期|标识:3904|【猜涨】#-123#-126830
2016-11-25 14:28:00#上证|20161128期|标识:3911|【猜跌】#-123#-126953
2016-11-25 14:29:00#上证|20161128期|标识:3923|【猜涨】#-123#-127076
2016-11-25 14:29:15#上证|20161128期|标识:3926|【猜涨】#-123#-127199
2016-11-25 14:29:30#上证|20161128期|标识:3929|【猜涨】#-123#-127322
2016-11-25 14:30:05#上证|20161128期|标识:3936|【猜跌】#-123#-127445
2016-11-25 14:30:35#上证|20161128期|标识:3942|【猜跌】#-123#-127568
2016-11-25 14:30:50#上证|20161128期|标识:3945|【猜涨】#-123#-127691
2016-11-25 14:31:05#上证|20161128期|标识:3948|【猜涨】#-123#-127814
2016-11-25 14:32:40#上证|20161128期|标识:3967|【猜涨】#-123#-127937
2016-11-25 14:34:15#上证|20161128期|标识:3986|【猜跌】#-123#-128060
2016-11-25 14:34:30#上证|20161128期|标识:3989|【猜涨】#-123#-128183
2016-11-25 14:34:45#上证|20161128期|标识:3992|【猜涨】#-123#-128306
2016-11-25 16:49:33#上证|20161128期|标识:3994|【猜跌】#-123#-128429
2016-11-25 16:49:48#上证|20161128期|标识:3997|【猜跌】#-123#-128552
2016-11-25 17:58:36#上证|20161128期|标识:4011|【猜跌】#-123#-128675
2016-11-25 18:36:52#上证|20161128期|标识:4029|【猜跌】#-123#-128798
2016-11-25 19:12:27#上证|20161128期|标识:4036|【猜跌】#-123#-128921
2016-11-25 21:29:42#上证|20161128期|标识:4063|【猜跌】#-123#-129044
2016-11-25 22:05:17#上证|20161128期|标识:4070|【猜跌】#-123#-129167
2016-11-28 09:41:40#上证|20161129期|标识:4096|【猜跌】#-116#-129283
2016-11-28 10:07:06#上证|20161129期|标识:4101|【猜跌】#-116#-129399
2016-11-28 10:42:26#上证|20161129期|标识:4108|【猜跌】#-117#-129516
2016-11-28 11:07:31#上证|20161129期|标识:4113|【猜跌】#-116#-129632
2016-11-28 11:12:31#上证|20161129期|标识:4114|【猜跌】#-115#-129747
2016-11-28 12:15:51#上证|20161129期|标识:4132|【猜跌】#-116#-129863
2016-11-28 12:22:06#上证|20161129期|标识:4133|【猜跌】#-117#-129980
2016-11-28 12:42:16#上证|20161129期|标识:4138|【猜跌】#-117#-130097
2016-11-28 13:27:36#上证|20161129期|标识:4147|【猜跌】#-115#-130212
2016-11-28 13:47:46#上证|20161129期|标识:4151|【猜跌】#-115#-130327
2016-11-28 14:07:56#上证|20161129期|标识:4155|【猜跌】#-116#-130443
2016-11-28 14:12:56#上证|20161129期|标识:4156|【猜跌】#-116#-130559
2016-11-28 15:08:21#上证|20161129期|标识:4167|【猜跌】#-116#-130675
2016-11-29 16:05:25#上证|20161130期|标识:4266|【猜跌】#-117#-131834
2016-11-29 16:22:48#上证|20161130期|标识:4292|【猜跌】#-116#-131950
