2016-11-23 18:52:03#上证指数机器人：708自动下注#-199#14256770
2016-11-23 18:52:18#上证指数机器人：708自动下注#-207#14256563
2016-11-23 18:52:53#上证指数机器人：708自动下注#-162#14256401
2016-11-23 19:53:18#上证指数机器人：708自动下注#-211#14256190
2016-11-22 09:08:55#上证指数机器人：708自动下注#-162#14256028
2016-11-22 09:09:05#上证指数机器人：708自动下注#-162#14255866
2016-11-22 09:09:55#上证指数机器人：708自动下注#-191#14255675
2016-11-22 09:10:10#上证指数机器人：708自动下注#-199#14255476
2016-11-24 16:40:34#上证指数机器人：708自动下注#-112#14255364
2016-11-24 16:41:09#上证指数机器人：708自动下注#-112#14255252
2016-11-24 20:07:59#上证指数机器人：708自动下注#-112#14255140
2016-11-24 20:08:14#上证指数机器人：708自动下注#-112#14255028
2016-11-24 20:08:29#上证指数机器人：708自动下注#-112#14254916
2016-11-24 20:09:04#上证指数机器人：708自动下注#-112#14254804
2016-11-24 20:11:39#上证指数机器人：708自动下注#-112#14254692
2016-11-24 20:11:54#上证指数机器人：708自动下注#-112#14254580
2016-11-24 20:12:29#上证指数机器人：708自动下注#-112#14254468
2016-11-24 20:13:14#上证指数机器人：708自动下注#-112#14254356
2016-11-24 20:13:29#上证指数机器人：708自动下注#-112#14254244
2016-11-24 20:13:44#上证指数机器人：708自动下注#-112#14254132
2016-11-24 20:16:54#上证指数机器人：708自动下注#-112#14254020
2016-11-24 20:17:09#上证指数机器人：708自动下注#-112#14253908
2016-11-24 20:18:29#上证指数机器人：708自动下注#-112#14253796
2016-11-24 20:18:44#上证指数机器人：708自动下注#-112#14253684
2016-11-24 20:18:59#上证指数机器人：708自动下注#-112#14253572
2016-11-24 20:22:09#上证指数机器人：708自动下注#-112#14253460
2016-11-24 20:22:24#上证指数机器人：708自动下注#-112#14253348
2016-11-24 20:23:09#上证指数机器人：708自动下注#-112#14253236
2016-11-24 20:23:24#上证指数机器人：708自动下注#-112#14253124
2016-11-24 20:23:44#上证指数机器人：708自动下注#-112#14253012
2016-11-24 20:23:59#上证指数机器人：708自动下注#-112#14252900
2016-11-24 20:24:14#上证指数机器人：708自动下注#-112#14252788
2016-11-25 10:31:42#上证指数机器人：708自动下注#-112#14252676
2016-11-25 10:32:42#上证指数机器人：708自动下注#-112#14252564
2016-11-25 10:32:57#上证指数机器人：708自动下注#-112#14252452
2016-11-25 10:33:32#上证指数机器人：708自动下注#-112#14252340
2016-11-25 10:33:47#上证指数机器人：708自动下注#-112#14252228
2016-11-25 10:34:17#上证指数机器人：708自动下注#-112#14252116
2016-11-25 10:34:32#上证指数机器人：708自动下注#-112#14252004
2016-11-25 10:34:47#上证指数机器人：708自动下注#-112#14251892
2016-11-25 10:36:22#上证指数机器人：708自动下注#-112#14251780
2016-11-25 10:36:57#上证指数机器人：708自动下注#-112#14251668
2016-11-25 10:37:57#上证指数机器人：708自动下注#-112#14251556
2016-11-25 10:38:12#上证指数机器人：708自动下注#-112#14251444
2016-11-25 10:38:27#上证指数机器人：708自动下注#-112#14251332
2016-11-25 10:39:02#上证指数机器人：708自动下注#-112#14251220
2016-11-25 10:39:32#上证指数机器人：708自动下注#-112#14251108
2016-11-25 10:39:47#上证指数机器人：708自动下注#-112#14250996
2016-11-25 10:40:02#上证指数机器人：708自动下注#-112#14250884
2016-11-25 10:41:37#上证指数机器人：708自动下注#-112#14250772
2016-11-25 10:43:12#上证指数机器人：708自动下注#-112#14250660
2016-11-25 10:43:27#上证指数机器人：708自动下注#-112#14250548
2016-11-25 10:47:52#上证|708期|标识:20161128：#-112#14250436
2016-11-25 10:48:27#上证|708期|标识:20161128：#-112#14250324
2016-11-25 10:48:42#上证|708期|标识:20161128：#-112#14250212
2016-11-25 10:48:57#上证|708期|标识:20161128：#-112#14250100
2016-11-25 10:55:42#上证|708期|标识:20161128：#-112#14249988
2016-11-25 10:57:18#上证|20161128期|标识:2403：#-112#14249876
2016-11-25 10:57:33#上证|20161128期|标识:2406：#-112#14249764
2016-11-25 10:57:38#上证|20161128期|标识:2407：#-112#14249652
2016-11-25 10:57:47#上证|20161128期|标识:2409：#-112#14249540
2016-11-25 10:58:18#上证|20161128期|标识:2415：#-112#14249428
2016-11-25 10:59:08#上证|20161128期|标识:2425：#-112#14249316
2016-11-25 10:59:23#上证|20161128期|标识:2428：#-112#14249204
2016-11-25 10:59:33#上证|20161128期|标识:2430：#-112#14249092
2016-11-25 11:00:57#上证|20161128期|标识:2447：#-112#14248980
2016-11-25 11:01:58#上证|20161128期|标识:2459：#-112#14248868
2016-11-25 11:02:33#上证|20161128期|标识:2466：#-112#14248756
2016-11-25 11:02:48#上证|20161128期|标识:2469：#-112#14248644
2016-11-25 11:03:02#上证|20161128期|标识:2472：#-112#14248532
2016-11-25 11:03:33#上证|20161128期|标识:2478：#-112#14248420
2016-11-25 11:03:48#上证|20161128期|标识:2481：#-112#14248308
2016-11-25 11:04:03#上证|20161128期|标识:2484：#-112#14248196
2016-11-25 11:04:23#上证|20161128期|标识:2488：#-112#14248084
2016-11-25 11:04:38#上证|20161128期|标识:2491：#-112#14247972
2016-11-25 11:06:12#上证|20161128期|标识:2510：#-112#14247860
2016-11-25 11:07:13#上证|20161128期|标识:2522：#-112#14247748
2016-11-25 12:33:55#上证|20161128期|标识:2542|【猜跌】#-112#14247636
2016-11-25 12:34:55#上证|20161128期|标识:2554|【猜跌】#-112#14247524
2016-11-25 12:35:10#上证|20161128期|标识:2557|【猜跌】#-112#14247412
2016-11-25 12:35:45#上证|20161128期|标识:2564|【猜跌】#-112#14247300
2016-11-25 12:36:00#上证|20161128期|标识:2567|【猜跌】#-112#14247188
2016-11-25 12:36:30#上证|20161128期|标识:2573|【猜跌】#-112#14247076
2016-11-25 12:36:45#上证|20161128期|标识:2576|【猜跌】#-112#14246964
2016-11-25 12:37:00#上证|20161128期|标识:2579|【猜跌】#-112#14246852
2016-11-25 12:38:35#上证|20161128期|标识:2598|【猜跌】#-112#14246740
2016-11-25 12:39:10#上证|20161128期|标识:2605|【猜跌】#-112#14246628
2016-11-25 12:40:10#上证|20161128期|标识:2617|【猜跌】#-112#14246516
2016-11-25 12:40:25#上证|20161128期|标识:2620|【猜跌】#-112#14246404
2016-11-25 12:40:40#上证|20161128期|标识:2623|【猜跌】#-112#14246292
2016-11-25 12:41:15#上证|20161128期|标识:2630|【猜跌】#-112#14246180
2016-11-25 12:41:45#上证|20161128期|标识:2636|【猜跌】#-112#14246068
2016-11-25 12:42:00#上证|20161128期|标识:2639|【猜跌】#-112#14245956
2016-11-25 12:42:15#上证|20161128期|标识:2642|【猜跌】#-112#14245844
2016-11-25 12:43:50#上证|20161128期|标识:2661|【猜跌】#-112#14245732
2016-11-25 12:45:25#上证|20161128期|标识:2680|【猜跌】#-112#14245620
2016-11-25 12:45:40#上证|20161128期|标识:2683|【猜跌】#-112#14245508
2016-11-25 12:45:55#上证|20161128期|标识:2686|【猜跌】#-112#14245396
2016-11-25 12:46:25#上证|20161128期|标识:2692|【猜跌】#-112#14245284
2016-11-25 12:47:00#上证|20161128期|标识:2699|【猜跌】#-112#14245172
2016-11-25 12:47:15#上证|20161128期|标识:2702|【猜跌】#-112#14245060
2016-11-25 12:47:30#上证|20161128期|标识:2705|【猜跌】#-112#14244948
2016-11-25 12:49:05#上证|20161128期|标识:2724|【猜跌】#-112#14244836
2016-11-25 12:50:05#上证|20161128期|标识:2736|【猜跌】#-112#14244724
2016-11-25 12:50:40#上证|20161128期|标识:2743|【猜跌】#-112#14244612
2016-11-25 12:50:55#上证|20161128期|标识:2746|【猜跌】#-112#14244500
2016-11-25 12:51:10#上证|20161128期|标识:2749|【猜跌】#-112#14244388
2016-11-25 12:51:40#上证|20161128期|标识:2755|【猜跌】#-112#14244276
2016-11-25 12:51:55#上证|20161128期|标识:2758|【猜跌】#-112#14244164
2016-11-25 12:52:10#上证|20161128期|标识:2761|【猜跌】#-112#14244052
2016-11-25 12:52:30#上证|20161128期|标识:2765|【猜跌】#-112#14243940
2016-11-25 12:52:45#上证|20161128期|标识:2768|【猜跌】#-112#14243828
2016-11-25 12:54:20#上证|20161128期|标识:2787|【猜跌】#-112#14243716
2016-11-25 12:55:20#上证|20161128期|标识:2799|【猜跌】#-112#14243604
2016-11-25 12:55:35#上证|20161128期|标识:2802|【猜跌】#-112#14243492
2016-11-25 12:56:10#上证|20161128期|标识:2809|【猜跌】#-112#14243380
2016-11-25 12:56:25#上证|20161128期|标识:2812|【猜跌】#-112#14243268
2016-11-25 12:56:55#上证|20161128期|标识:2818|【猜跌】#-112#14243156
2016-11-25 12:57:10#上证|20161128期|标识:2821|【猜跌】#-112#14243044
2016-11-25 12:57:25#上证|20161128期|标识:2824|【猜跌】#-112#14242932
2016-11-25 12:59:00#上证|20161128期|标识:2843|【猜跌】#-112#14242820
2016-11-25 12:59:35#上证|20161128期|标识:2850|【猜跌】#-112#14242708
2016-11-25 13:00:35#上证|20161128期|标识:2862|【猜跌】#-112#14242596
2016-11-25 13:00:50#上证|20161128期|标识:2865|【猜跌】#-112#14242484
2016-11-25 13:01:05#上证|20161128期|标识:2868|【猜跌】#-112#14242372
2016-11-25 13:01:40#上证|20161128期|标识:2875|【猜跌】#-112#14242260
2016-11-25 13:02:10#上证|20161128期|标识:2881|【猜跌】#-112#14242148
2016-11-25 13:02:25#上证|20161128期|标识:2884|【猜跌】#-112#14242036
2016-11-25 13:02:40#上证|20161128期|标识:2887|【猜跌】#-112#14241924
2016-11-25 13:04:15#上证|20161128期|标识:2906|【猜跌】#-112#14241812
2016-11-25 13:05:50#上证|20161128期|标识:2925|【猜跌】#-112#14241700
2016-11-25 13:06:05#上证|20161128期|标识:2928|【猜跌】#-112#14241588
2016-11-25 13:06:20#上证|20161128期|标识:2931|【猜跌】#-112#14241476
2016-11-25 13:06:50#上证|20161128期|标识:2937|【猜跌】#-112#14241364
2016-11-25 13:07:25#上证|20161128期|标识:2944|【猜跌】#-112#14241252
2016-11-25 13:07:40#上证|20161128期|标识:2947|【猜跌】#-112#14241140
2016-11-25 13:07:55#上证|20161128期|标识:2950|【猜跌】#-112#14241028
2016-11-25 13:09:30#上证|20161128期|标识:2969|【猜跌】#-112#14240916
2016-11-25 13:11:05#上证|20161128期|标识:2988|【猜跌】#-112#14240804
2016-11-25 13:11:20#上证|20161128期|标识:2991|【猜跌】#-112#14240692
2016-11-25 13:11:35#上证|20161128期|标识:2994|【猜跌】#-112#14240580
2016-11-25 13:12:05#上证|20161128期|标识:3000|【猜跌】#-112#14240468
2016-11-25 13:12:20#上证|20161128期|标识:3003|【猜跌】#-112#14240356
2016-11-25 13:12:55#上证|20161128期|标识:3010|【猜跌】#-112#14240244
2016-11-25 13:13:10#上证|20161128期|标识:3013|【猜跌】#-112#14240132
2016-11-25 13:14:45#上证|20161128期|标识:3032|【猜跌】#-112#14240020
2016-11-25 13:15:45#上证|20161128期|标识:3044|【猜跌】#-112#14239908
2016-11-25 13:16:00#上证|20161128期|标识:3047|【猜跌】#-112#14239796
2016-11-25 13:16:20#上证|20161128期|标识:3051|【猜跌】#-112#14239684
2016-11-25 13:16:35#上证|20161128期|标识:3054|【猜跌】#-112#14239572
2016-11-25 13:16:50#上证|20161128期|标识:3057|【猜跌】#-112#14239460
2016-11-25 13:17:20#上证|20161128期|标识:3063|【猜跌】#-112#14239348
2016-11-25 13:17:35#上证|20161128期|标识:3066|【猜跌】#-112#14239236
2016-11-25 13:17:50#上证|20161128期|标识:3069|【猜跌】#-112#14239124
2016-11-25 13:18:25#上证|20161128期|标识:3076|【猜跌】#-112#14239012
2016-11-25 13:19:25#上证|20161128期|标识:3088|【猜跌】#-112#14238900
2016-11-25 13:20:00#上证|20161128期|标识:3095|【猜跌】#-112#14238788
2016-11-25 13:21:00#上证|20161128期|标识:3107|【猜跌】#-112#14238676
2016-11-25 13:21:15#上证|20161128期|标识:3110|【猜跌】#-112#14238564
2016-11-25 13:21:30#上证|20161128期|标识:3113|【猜跌】#-112#14238452
2016-11-25 13:21:50#上证|20161128期|标识:3117|【猜跌】#-112#14238340
2016-11-25 13:22:05#上证|20161128期|标识:3120|【猜跌】#-112#14238228
2016-11-25 13:22:35#上证|20161128期|标识:3126|【猜跌】#-112#14238116
2016-11-25 13:22:50#上证|20161128期|标识:3129|【猜跌】#-112#14238004
2016-11-25 13:23:05#上证|20161128期|标识:3132|【猜跌】#-112#14237892
2016-11-25 13:24:40#上证|20161128期|标识:3151|【猜跌】#-112#14237780
2016-11-25 13:26:15#上证|20161128期|标识:3170|【猜跌】#-112#14237668
2016-11-25 13:26:30#上证|20161128期|标识:3173|【猜跌】#-112#14237556
2016-11-25 13:26:45#上证|20161128期|标识:3176|【猜跌】#-112#14237444
2016-11-25 13:27:15#上证|20161128期|标识:3182|【猜跌】#-112#14237332
2016-11-25 13:27:50#上证|20161128期|标识:3189|【猜跌】#-112#14237220
2016-11-25 13:28:05#上证|20161128期|标识:3192|【猜跌】#-112#14237108
2016-11-25 13:28:20#上证|20161128期|标识:3195|【猜跌】#-112#14236996
2016-11-25 13:29:55#上证|20161128期|标识:3214|【猜跌】#-112#14236884
2016-11-25 13:31:30#上证|20161128期|标识:3233|【猜跌】#-112#14236772
2016-11-25 13:31:45#上证|20161128期|标识:3236|【猜跌】#-112#14236660
2016-11-25 13:32:00#上证|20161128期|标识:3239|【猜跌】#-112#14236548
2016-11-25 13:32:30#上证|20161128期|标识:3245|【猜跌】#-112#14236436
2016-11-25 13:32:45#上证|20161128期|标识:3248|【猜跌】#-112#14236324
2016-11-25 13:33:05#上证|20161128期|标识:3252|【猜跌】#-112#14236212
2016-11-25 13:33:20#上证|20161128期|标识:3255|【猜跌】#-112#14236100
2016-11-25 13:33:35#上证|20161128期|标识:3258|【猜跌】#-112#14235988
2016-11-25 13:35:10#上证|20161128期|标识:3277|【猜跌】#-112#14235876
2016-11-25 13:36:10#上证|20161128期|标识:3289|【猜跌】#-112#14235764
2016-11-25 13:36:45#上证|20161128期|标识:3296|【猜跌】#-112#14235652
2016-11-25 13:37:00#上证|20161128期|标识:3299|【猜跌】#-112#14235540
2016-11-25 13:37:15#上证|20161128期|标识:3302|【猜跌】#-112#14235428
2016-11-25 13:37:45#上证|20161128期|标识:3308|【猜跌】#-112#14235316
2016-11-25 13:38:00#上证|20161128期|标识:3311|【猜跌】#-112#14235204
2016-11-25 13:38:15#上证|20161128期|标识:3314|【猜跌】#-112#14235092
2016-11-25 13:38:50#上证|20161128期|标识:3321|【猜跌】#-112#14234980
2016-11-25 13:40:25#上证|20161128期|标识:3340|【猜跌】#-112#14234868
2016-11-25 13:41:25#上证|20161128期|标识:3352|【猜跌】#-112#14234756
2016-11-25 13:41:40#上证|20161128期|标识:3355|【猜跌】#-112#14234644
2016-11-25 13:42:15#上证|20161128期|标识:3362|【猜跌】#-112#14234532
2016-11-25 13:42:30#上证|20161128期|标识:3365|【猜跌】#-112#14234420
2016-11-25 13:43:00#上证|20161128期|标识:3371|【猜跌】#-112#14234308
2016-11-25 13:43:15#上证|20161128期|标识:3374|【猜跌】#-112#14234196
2016-11-25 13:43:30#上证|20161128期|标识:3377|【猜跌】#-112#14234084
2016-11-25 13:45:05#上证|20161128期|标识:3396|【猜跌】#-112#14233972
2016-11-25 13:45:40#上证|20161128期|标识:3403|【猜跌】#-112#14233860
2016-11-25 13:46:40#上证|20161128期|标识:3415|【猜跌】#-112#14233748
2016-11-25 13:46:55#上证|20161128期|标识:3418|【猜跌】#-112#14233636
2016-11-25 13:47:10#上证|20161128期|标识:3421|【猜跌】#-112#14233524
2016-11-25 13:47:45#上证|20161128期|标识:3428|【猜跌】#-112#14233412
2016-11-25 13:48:15#上证|20161128期|标识:3434|【猜跌】#-112#14233300
2016-11-25 13:48:30#上证|20161128期|标识:3437|【猜跌】#-112#14233188
2016-11-25 13:48:45#上证|20161128期|标识:3440|【猜跌】#-112#14233076
2016-11-25 13:50:20#上证|20161128期|标识:3459|【猜跌】#-112#14232964
2016-11-25 13:51:55#上证|20161128期|标识:3478|【猜跌】#-112#14232852
2016-11-25 13:52:10#上证|20161128期|标识:3481|【猜跌】#-112#14232740
2016-11-25 13:52:25#上证|20161128期|标识:3484|【猜跌】#-112#14232628
2016-11-25 13:52:55#上证|20161128期|标识:3490|【猜跌】#-112#14232516
2016-11-25 13:53:30#上证|20161128期|标识:3497|【猜跌】#-112#14232404
2016-11-25 13:53:45#上证|20161128期|标识:3500|【猜跌】#-112#14232292
2016-11-25 13:54:00#上证|20161128期|标识:3503|【猜跌】#-112#14232180
2016-11-25 13:55:35#上证|20161128期|标识:3522|【猜跌】#-112#14232068
2016-11-25 13:56:35#上证|20161128期|标识:3534|【猜跌】#-112#14231956
2016-11-25 13:57:10#上证|20161128期|标识:3541|【猜跌】#-112#14231844
2016-11-25 13:57:25#上证|20161128期|标识:3544|【猜跌】#-112#14231732
2016-11-25 13:57:40#上证|20161128期|标识:3547|【猜跌】#-112#14231620
2016-11-25 13:58:10#上证|20161128期|标识:3553|【猜跌】#-112#14231508
2016-11-25 13:58:25#上证|20161128期|标识:3556|【猜跌】#-112#14231396
2016-11-25 13:58:40#上证|20161128期|标识:3559|【猜跌】#-112#14231284
2016-11-25 13:59:00#上证|20161128期|标识:3563|【猜跌】#-112#14231172
2016-11-25 13:59:15#上证|20161128期|标识:3566|【猜跌】#-112#14231060
2016-11-25 14:00:50#上证|20161128期|标识:3585|【猜跌】#-112#14230948
2016-11-25 14:01:50#上证|20161128期|标识:3597|【猜跌】#-112#14230836
2016-11-25 14:02:05#上证|20161128期|标识:3600|【猜跌】#-112#14230724
2016-11-25 14:02:25#上证|20161128期|标识:3604|【猜跌】#-112#14230612
2016-11-25 14:02:40#上证|20161128期|标识:3607|【猜跌】#-112#14230500
2016-11-25 14:02:55#上证|20161128期|标识:3610|【猜跌】#-112#14230388
2016-11-25 14:03:25#上证|20161128期|标识:3616|【猜跌】#-112#14230276
2016-11-25 14:03:40#上证|20161128期|标识:3619|【猜跌】#-112#14230164
2016-11-25 14:03:55#上证|20161128期|标识:3622|【猜跌】#-112#14230052
2016-11-25 14:04:30#上证|20161128期|标识:3629|【猜跌】#-112#14229940
2016-11-25 14:04:50#上证|20161128期|标识:3633|【猜跌】#-112#14229828
2016-11-25 14:04:55#上证|20161128期|标识:3634|【猜跌】#-112#14229716
2016-11-25 14:05:25#上证|20161128期|标识:3640|【猜跌】#-112#14229604
2016-11-25 14:05:40#上证|20161128期|标识:3643|【猜跌】#-112#14229492
2016-11-25 14:06:15#上证|20161128期|标识:3650|【猜跌】#-112#14229380
2016-11-25 14:06:30#上证|20161128期|标识:3653|【猜跌】#-112#14229268
2016-11-25 14:08:05#上证|20161128期|标识:3672|【猜跌】#-112#14229156
2016-11-25 14:08:30#上证|20161128期|标识:3677|【猜跌】#-112#14229044
2016-11-25 14:10:05#上证|20161128期|标识:3696|【猜跌】#-112#14228932
2016-11-25 14:11:40#上证|20161128期|标识:3715|【猜跌】#-112#14228820
2016-11-25 14:11:55#上证|20161128期|标识:3718|【猜跌】#-112#14228708
2016-11-25 14:12:10#上证|20161128期|标识:3721|【猜跌】#-112#14228596
2016-11-25 14:12:40#上证|20161128期|标识:3727|【猜跌】#-112#14228484
2016-11-25 14:13:15#上证|20161128期|标识:3734|【猜跌】#-112#14228372
2016-11-25 14:13:30#上证|20161128期|标识:3737|【猜跌】#-112#14228260
2016-11-25 14:14:40#上证|20161128期|标识:3751|【猜跌】#-112#14228148
2016-11-25 14:16:35#上证|20161128期|标识:3774|【猜跌】#-112#14228036
2016-11-25 14:16:50#上证|20161128期|标识:3777|【猜跌】#-112#14227924
2016-11-25 14:17:05#上证|20161128期|标识:3780|【猜跌】#-112#14227812
2016-11-25 14:17:40#上证|20161128期|标识:3787|【猜跌】#-112#14227700
2016-11-25 14:18:40#上证|20161128期|标识:3799|【猜跌】#-112#14227588
2016-11-25 14:19:15#上证|20161128期|标识:3806|【猜跌】#-112#14227476
2016-11-25 14:20:15#上证|20161128期|标识:3818|【猜跌】#-112#14227364
2016-11-25 14:20:30#上证|20161128期|标识:3821|【猜跌】#-112#14227252
2016-11-25 14:20:45#上证|20161128期|标识:3824|【猜跌】#-112#14227140
2016-11-25 14:21:20#上证|20161128期|标识:3831|【猜跌】#-112#14227028
2016-11-25 14:21:50#上证|20161128期|标识:3837|【猜跌】#-112#14226916
2016-11-25 14:22:05#上证|20161128期|标识:3840|【猜跌】#-112#14226804
2016-11-25 14:22:20#上证|20161128期|标识:3843|【猜跌】#-112#14226692
2016-11-25 14:23:55#上证|20161128期|标识:3862|【猜跌】#-112#14226580
2016-11-25 14:25:30#上证|20161128期|标识:3881|【猜跌】#-112#14226468
2016-11-25 14:25:45#上证|20161128期|标识:3884|【猜跌】#-112#14226356
2016-11-25 14:26:00#上证|20161128期|标识:3887|【猜跌】#-112#14226244
2016-11-25 14:26:30#上证|20161128期|标识:3893|【猜跌】#-112#14226132
2016-11-25 14:27:05#上证|20161128期|标识:3900|【猜跌】#-112#14226020
2016-11-25 14:27:20#上证|20161128期|标识:3903|【猜跌】#-112#14225908
2016-11-25 14:27:35#上证|20161128期|标识:3906|【猜跌】#-112#14225796
2016-11-25 14:29:10#上证|20161128期|标识:3925|【猜跌】#-112#14225684
2016-11-25 14:30:45#上证|20161128期|标识:3944|【猜跌】#-112#14225572
2016-11-25 14:31:00#上证|20161128期|标识:3947|【猜跌】#-112#14225460
2016-11-25 14:31:15#上证|20161128期|标识:3950|【猜跌】#-112#14225348
2016-11-25 14:31:45#上证|20161128期|标识:3956|【猜跌】#-112#14225236
2016-11-25 14:32:00#上证|20161128期|标识:3959|【猜跌】#-112#14225124
2016-11-25 14:32:35#上证|20161128期|标识:3966|【猜跌】#-112#14225012
2016-11-25 14:32:50#上证|20161128期|标识:3969|【猜跌】#-112#14224900
2016-11-25 14:34:25#上证|20161128期|标识:3988|【猜跌】#-112#14224788
2016-11-25 16:49:38#上证|20161128期|标识:3995|【猜跌】#-112#14224676
2016-11-25 16:49:43#上证|20161128期|标识:3996|【猜跌】#-112#14224564
2016-11-25 17:59:11#上证|20161128期|标识:4018|【猜跌】#-112#14224452
2016-11-25 18:04:36#上证|20161128期|标识:4023|【猜跌】#-112#14224340
2016-11-25 18:19:46#上证|20161128期|标识:4026|【猜跌】#-112#14224228
2016-11-25 19:07:22#上证|20161128期|标识:4035|【猜跌】#-112#14224116
2016-11-25 19:42:57#上证|20161128期|标识:4042|【猜跌】#-112#14224004
2016-11-25 20:18:32#上证|20161128期|标识:4049|【猜跌】#-112#14223892
2016-11-25 20:54:07#上证|20161128期|标识:4056|【猜跌】#-112#14223780
2016-11-25 23:06:07#上证|20161128期|标识:4082|【猜跌】#-112#14223668
2016-11-25 23:31:32#上证|20161128期|标识:4087|【猜跌】#-112#14223556
2016-11-25 23:41:42#上证|20161128期|标识:4089|【猜跌】#-112#14223444
2016-11-28 10:32:21#上证|20161129期|标识:4106|【猜跌】#-123#14223321
2016-11-28 12:32:11#上证|20161129期|标识:4136|【猜跌】#-222#14223099
2016-11-28 12:52:21#上证|20161129期|标识:4140|【猜跌】#-123#14222976
2016-11-28 13:12:26#上证|20161129期|标识:4144|【猜跌】#-115#14222861
2016-11-28 13:17:26#上证|20161129期|标识:4145|【猜跌】#-222#14222639
2016-11-28 13:32:36#上证|20161129期|标识:4148|【猜跌】#-115#14222524
2016-11-28 14:18:01#上证|20161129期|标识:4157|【猜跌】#-123#14222401
2016-11-28 14:28:06#上证|20161129期|标识:4159|【猜跌】#-222#14222179
2016-11-28 14:33:06#上证|20161129期|标识:4160|【猜跌】#-222#14221957
2016-11-29 16:39:10#上证|20161130期|标识:4172|【猜跌】#-3000#14218957
2016-11-29 16:39:21#上证|20161130期|标识:4173|【猜跌】#-25000#14193957
2016-11-29 16:39:49#上证|20161130期|标识:4176|【猜涨】#-1000#14192957
2016-11-29 16:39:54#上证|20161130期|标识:4177|【猜涨】#-500#14192457
2016-11-30 16:57:31#上证|20161201期|标识:4183|【猜跌】#-300#14192157
2016-11-30 16:57:41#上证|20161201期|标识:4184|【猜跌】#-1000#14191157
2016-11-30 16:57:55#上证|20161201期|标识:4185|【猜跌】#-500#14190657
2016-11-30 16:58:10#上证|20161201期|标识:4186|【猜涨】#-1000#14189657
2016-11-30 16:58:15#上证|20161201期|标识:4187|【猜涨】#-500#14189157
2016-11-29 16:05:29#上证|20161130期|标识:4267|【猜跌】#-222#14184258
2016-11-29 16:20:30#上证|20161130期|标识:4277|【猜跌】#-222#14184036
2016-11-29 16:20:45#上证|20161130期|标识:4281|【猜跌】#-222#14183814
2016-11-29 16:22:45#上证|20161130期|标识:4291|【猜跌】#-222#14183592
2016-11-30 20:15:05#上证【20161215】期兑奖|标识(4538)#2558#14163586
2016-11-30 20:15:14#上证【20161215】期兑奖|标识(4537)#8525#14172111
