2016-12-01 17:00:57#<a href="/bbs/uinfo.aspx?uid=708">测试708(708)</a>上证【20161201】期平局退回|标识(4183)#300#14189457
2016-12-01 17:00:57#<a href="/bbs/uinfo.aspx?uid=708">测试708(708)</a>上证【20161201】期平局退回|标识(4184)#1000#14190457
2016-12-01 17:00:57#<a href="/bbs/uinfo.aspx?uid=708">测试708(708)</a>上证【20161201】期平局退回|标识(4185)#500#14190957
2016-12-01 17:00:57#<a href="/bbs/uinfo.aspx?uid=708">测试708(708)</a>上证【20161201】期平局退回|标识(4186)#1000#14191957
2016-12-01 17:00:57#<a href="/bbs/uinfo.aspx?uid=708">测试708(708)</a>上证【20161201】期平局退回|标识(4187)#500#14192457
2016-12-01 17:21:12#上证|20161202期|标识:4191|【猜涨】#-500#14191957
2016-12-01 17:21:19#上证|20161202期|标识:4192|【猜跌】#-300#14191657
2016-12-01 17:21:33#上证|20161202期|申请退回|标识(4192)#300#14191957
2016-12-01 17:21:49#上证|20161202期|标识:4193|【猜涨】#-1000#14190957
2016-12-02 23:58:20#上证|20161205期|标识:4198|【猜跌】#-300#14190657
2016-12-02 23:58:28#上证|20161205期|标识:4199|【猜跌】#-500#14190157
2016-12-02 23:58:34#上证|20161205期|标识:4200|【猜跌】#-3000#14187157
2016-12-02 23:58:38#上证|20161205期|标识:4201|【猜涨】#-1000#14186157
2016-12-01 15:54:53#上证|20161202期|标识:4232|【猜跌】#-222#14185935
2016-12-01 15:55:01#上证|20161202期|标识:4234|【猜跌】#-115#14185820
2016-12-01 15:55:07#上证|20161202期|标识:4236|【猜跌】#-222#14185598
2016-12-01 15:55:15#上证|20161202期|标识:4238|【猜跌】#-222#14185376
2016-12-02 15:55:27#上证|20161205期|标识:4242|【猜跌】#-222#14185154
2016-12-02 15:56:19#上证|20161205期|标识:4257|【猜跌】#-115#14185039
2016-12-02 15:56:33#上证|20161205期|标识:4261|【猜跌】#-222#14184817
2016-12-02 15:56:41#上证|20161205期|标识:4263|【猜跌】#-115#14184702
2016-12-02 15:56:47#上证|20161205期|标识:4265|【猜跌】#-222#14184480
2016-12-09 14:07:42#上证|20161212期|标识:4329|【猜跌】#-115#14183477
2016-12-09 14:07:57#上证|20161212期|标识:4332|【猜跌】#-115#14183362
2016-12-09 14:08:17#上证|20161212期|标识:4336|【猜跌】#-222#14183140
2016-12-09 14:08:32#上证|20161212期|标识:4339|【猜跌】#-222#14182918
2016-12-09 14:09:32#上证|20161212期|标识:4351|【猜跌】#-115#14182803
2016-12-09 14:09:47#上证|20161212期|标识:4354|【猜跌】#-115#14182688
2016-12-09 14:10:22#上证|20161212期|标识:4361|【猜跌】#-222#14182466
2016-12-09 14:11:07#上证|20161212期|标识:4370|【猜跌】#-115#14182351
2016-12-09 14:11:22#上证|20161212期|标识:4373|【猜跌】#-115#14182236
2016-12-09 14:11:37#上证|20161212期|标识:4376|【猜跌】#-115#14182121
2016-12-09 14:11:42#上证|20161212期|标识:4377|【猜跌】#-123#14181998
2016-12-09 14:11:57#上证|20161212期|标识:4380|【猜跌】#-222#14181776
2016-12-09 14:12:12#上证|20161212期|标识:4383|【猜跌】#-222#14181554
2016-12-09 14:12:57#上证|20161212期|标识:4392|【猜跌】#-222#14181332
2016-12-09 14:13:12#上证|20161212期|标识:4395|【猜跌】#-115#14181217
2016-12-09 14:13:47#上证|20161212期|标识:4402|【猜跌】#-123#14181094
2016-12-09 14:14:47#上证|20161212期|标识:4414|【猜跌】#-222#14180872
2016-12-09 14:15:02#上证|20161212期|标识:4417|【猜跌】#-222#14180650
2016-12-09 14:16:22#上证|20161212期|标识:4433|【猜跌】#-222#14180428
2016-12-09 14:16:37#上证|20161212期|标识:4436|【猜跌】#-115#14180313
2016-12-09 14:16:52#上证|20161212期|标识:4439|【猜跌】#-115#14180198
2016-12-09 14:17:12#上证|20161212期|标识:4443|【猜跌】#-123#14180075
2016-12-09 14:18:12#上证|20161212期|标识:4455|【猜跌】#-222#14179853
2016-12-09 14:18:27#上证|20161212期|标识:4458|【猜跌】#-222#14179631
2016-12-09 14:20:02#上证|20161212期|标识:4477|【猜跌】#-222#14179409
2016-12-09 14:20:17#上证|20161212期|标识:4480|【猜跌】#-222#14179187
2016-12-09 14:21:37#上证|20161212期|标识:4496|【猜跌】#-222#14178965
2016-12-09 14:21:52#上证|20161212期|标识:4499|【猜跌】#-222#14178743
2016-12-09 14:22:07#上证|20161212期|标识:4503|【猜跌】#-115#14178628
2016-12-12 14:38:24#上证|20161213期|标识:4508|【猜涨】#-4500#14174128
2016-12-12 14:38:29#上证|20161213期|标识:4509|【猜涨】#-500#14173628
2016-12-12 14:38:39#上证|20161213期|标识:4510|【猜涨】#-300#14173328
2016-12-12 14:38:50#上证|20161213期|标识:4511|【猜跌】#-1000#14172328
2016-12-12 14:38:55#上证|20161213期|标识:4512|【猜跌】#-3000#14169328
2016-12-12 14:39:10#上证|20161213期|标识:4513|【猜跌】#-1500#14167828
2016-12-13 14:43:23#<a href="/bbs/uinfo.aspx?uid=708">测试708(708)</a>上证【20161213】期平局退回|标识(4508)#4500#14172328
2016-12-13 14:43:23#<a href="/bbs/uinfo.aspx?uid=708">测试708(708)</a>上证【20161213】期平局退回|标识(4509)#500#14172828
2016-12-13 14:43:23#<a href="/bbs/uinfo.aspx?uid=708">测试708(708)</a>上证【20161213】期平局退回|标识(4510)#300#14173128
2016-12-13 14:43:23#<a href="/bbs/uinfo.aspx?uid=708">测试708(708)</a>上证【20161213】期平局退回|标识(4511)#1000#14174128
2016-12-13 14:43:24#<a href="/bbs/uinfo.aspx?uid=708">测试708(708)</a>上证【20161213】期平局退回|标识(4512)#3000#14177128
2016-12-13 14:43:24#<a href="/bbs/uinfo.aspx?uid=708">测试708(708)</a>上证【20161213】期平局退回|标识(4513)#1500#14178628
2016-12-13 14:46:18#上证|20161214期|标识:4522|【猜涨】#-1000#14177628
2016-12-13 14:46:36#上证|20161214期|标识:4523|【猜涨】#-300#14177328
2016-12-14 14:53:47#上证|20161215期|标识:4527|【猜跌】#-500#14176828
2016-12-14 14:53:58#上证|20161215期|标识:4528|【猜跌】#-1500#14175328
2016-12-14 14:54:09#上证|20161215期|标识:4529|【猜跌】#-1500#14173828
2016-12-14 14:54:17#上证|20161215期|标识:4530|【猜跌】#-7500#14166328
2016-12-14 14:58:22#上证|20161215期|标识:4533|【猜跌】#-4000#14162328
2016-12-14 14:58:56#上证|20161215期|标识:4537|【猜涨】#-1000#14161328
2016-12-14 14:59:00#上证|20161215期|标识:4538|【猜涨】#-300#14161028
2016-12-15 15:13:01#上证|20161216期|标识:4543|【猜跌】#-1000#14160028
2016-12-15 15:13:07#上证|20161216期|标识:4544|【猜涨】#-500#14159528
2016-12-16 15:13:59#上证【20161216】期平局退回|标识(4543)#1000#14160528
2016-12-16 15:13:59#上证【20161216】期平局退回|标识(4544)#500#14161028
