2016-11-14 15:57:18#二八第791725期押小双-标识1989#-300#438197
2016-11-14 15:57:41#二八第791725期押大双-标识1997#-300#437897
2016-11-14 16:00:51#二八第792082期押大双-标识2036#-300#437597
2016-11-14 16:05:48#二八第792083期押自选15,20,21,22,23-标识2079#-1500#436097
2016-11-14 16:06:41#二八第792083期押大双-标识2088#-300#435797
2016-11-14 16:10:07#二八第792084期押小双-标识2114#-300#435497
2016-11-14 16:11:06#二八第792084期押小双-标识2125#-300#435197
2016-11-14 16:11:59#二八第792084期押大双-标识2135#-300#434897
2016-11-14 16:18:15#二八第792085期押大双-标识2189#-300#434597
2016-11-14 16:21:20#二八第792086期押大双-标识2213#-300#434297
2016-11-14 16:22:50#二八第792086期押大双-标识2227#-300#433997
2016-11-14 16:23:22#二八第792086期押小双-标识2232#-300#433697
2016-11-14 16:25:08#二八第792087期押大双-标识2244#-300#433397
2016-11-14 16:26:01#二八第792087期押大双-标识2254#-300#433097
2016-11-14 16:28:03#二八第792087期押大双-标识2274#-300#432797
2016-11-14 16:31:09#二八第792088期押大双-标识2299#-300#432497
2016-11-14 16:33:42#二八第792088期押大双-标识2321#-300#432197
2016-11-14 16:34:57#二八第792088期押大双-标识2331#-300#431897
2016-11-14 16:38:12#二八第792089期押大双-标识2363#-300#431597
2016-11-14 16:44:07#二八第792090期押小双-标识2418#-300#431297
2016-11-14 16:45:22#二八第792091期押小-标识2426#-300#430997
2016-11-14 16:46:41#二八第792091期押大双-标识2440#-300#430697
2016-11-14 16:46:52#二八第792091期押小双-标识2442#-300#430397
2016-11-14 16:50:34#二八第792092期押小双-标识2476#-300#430097
2016-11-14 16:50:55#二八第792092期押大双-标识2480#-300#429797
2016-11-14 16:53:18#二八第792092期押小双-标识2504#-300#429497
2016-11-14 16:55:20#二八第792093期押小双-标识2515#-300#429197
2016-11-14 16:56:13#二八第792093期押大双-标识2523#-300#428897
2016-11-14 16:57:06#二八第792093期押大双-标识2533#-300#428597
2016-11-14 17:00:22#二八第792094期押大双-标识2558#-300#428297
2016-11-14 17:00:43#二八第792094期押大双-标识2562#-300#427997
2016-11-14 17:03:17#二八第792094期押小双-标识2587#-300#427697
2016-11-14 17:05:19#二八第792095期押小双-标识2597#-300#427397
2016-11-14 17:06:33#二八第792095期押大双-标识2610#-300#427097
2016-11-14 17:09:28#二八第792095期押大双-标识2636#-300#426797
2016-11-14 17:12:22#二八第792096期押小双-标识2663#-300#426497
2016-11-14 17:13:42#二八第792096期押大双-标识2674#-300#426197
2016-11-14 17:17:51#二八第792097期押大双-标识2711#-300#425897
2016-11-14 17:18:49#二八第792097期押大双-标识2722#-300#425597
2016-11-14 17:19:53#二八第792097期押大双-标识2726#-300#425297
2016-11-14 17:22:42#二八第792098期押小双-标识2752#-300#424997
2016-11-14 17:23:56#二八第792098期押大双-标识2763#-300#424697
2016-11-14 17:26:19#二八第792099期押大单-标识2781#-300#424397
2016-11-14 17:28:42#二八第792099期押大双-标识2802#-300#424097
2016-11-14 17:29:35#二八第792099期押自选0,11,15,20-标识2809#-1200#422897
2016-11-14 17:35:20#二八第792101期押大单-标识2855#-300#422597
2016-11-14 17:36:34#二八第792101期押大双-标识2868#-300#422297
2016-11-14 17:38:36#二八第792101期押大双-标识2888#-300#421997
2016-11-14 17:43:22#二八第792102期押大双-标识2930#-300#421697
2016-11-14 17:45:08#二八第792103期押自选2,4,9,15,26-标识2943#-1500#420197
2016-11-14 17:47:09#二八第792103期押大双-标识2965#-300#419897
2016-11-14 17:51:34#二八第792104期押小双-标识2999#-300#419597
2016-11-14 17:51:55#二八第792104期押大双-标识3003#-300#419297
2016-11-14 17:54:18#二八第792104期押自选1,15,16,26-标识3022#-1200#418097
2016-11-14 17:55:11#二八第792105期押小双-标识3028#-300#417797
2016-11-14 17:58:43#二八第792105期押大双-标识3061#-300#417497
2016-11-14 18:00:56#二八第792106期押大双-标识3077#-300#417197
2016-11-14 18:03:24#二八第792106期押大双-标识3098#-300#416897
2016-11-14 18:03:56#二八第792106期押大双-标识3103#-300#416597
2016-11-14 18:05:42#二八第792107期押大双-标识3116#-300#416297
2016-11-14 18:13:01#二八第792108期押大双-标识3174#-300#415997
2016-11-14 18:16:38#二八第792109期押大双-标识3201#-300#415697
2016-11-14 18:17:31#二八第792109期押大双-标识3211#-300#415397
2016-11-14 18:24:19#二八第792110期押大双-标识3264#-300#415097
2016-11-14 18:25:44#二八第792111期押大双-标识3275#-300#414797
2016-11-14 18:26:05#二八第792111期押大双-标识3279#-300#414497
2016-11-14 18:26:42#二八第792111期押大双-标识3285#-300#414197
2016-11-14 18:30:40#二八第792112期押大双-标识3318#-300#413897
2016-11-14 18:31:54#二八第792112期押大双-标识3331#-300#413597
2016-11-14 18:33:56#二八第792112期押大双-标识3349#-300#413297
2016-11-14 18:35:53#二八第792113期押大双-标识3362#-300#412997
2016-11-14 18:36:51#二八第792113期押大双-标识3372#-300#412697
2016-11-14 18:37:44#二八第792113期押大双-标识3381#-300#412397
2016-11-14 18:41:10#二八第792114期押大双-标识3405#-300#412097
2016-11-14 18:42:25#二八第792114期押大双-标识3417#-300#411797
2016-11-14 18:44:21#二八第792114期押大双-标识3431#-300#411497
2016-11-14 18:46:55#二八第792115期押大双-标识3451#-300#411197
2016-11-14 18:50:32#二八第792116期押小双-标识3477#-300#410897
2016-11-14 18:51:25#二八第792116期押大单-标识3485#-300#410597
2016-11-14 18:54:19#二八第792116期押小双-标识3510#-300#410297
2016-11-14 18:55:44#二八第792117期押小双-标识3521#-300#409997
2016-11-14 18:59:42#二八第792117期押小双-标识3550#-300#409697
2016-11-14 19:03:19#二八第792118期押大双-标识3583#-300#409397
2016-11-14 19:05:37#二八第792119期押大双-标识3601#-300#409097
2016-11-14 19:07:07#二八第792119期押大双-标识3616#-300#408797
2016-11-14 19:07:18#二八第792119期押小双-标识3618#-300#408497
2016-11-14 19:11:05#二八第792120期押大单-标识3651#-300#408197
2016-11-14 19:14:00#二八第792120期押小双-标识3680#-300#407897
2016-11-14 19:14:53#二八第792120期押自选6,11,21,22-标识3684#-1200#406697
2016-11-14 19:15:46#二八第792121期押大双-标识3694#-300#406397
2016-11-14 19:16:39#二八第792121期押大双-标识3704#-300#406097
2016-11-14 19:17:48#二八第792121期押大双-标识3715#-300#405797
2016-11-14 19:20:06#二八第792122期押大双-标识3729#-300#405497
2016-11-14 19:21:14#二八第792122期押小双-标识3741#-300#405197
2016-11-14 19:22:07#二八第792122期押大双-标识3750#-300#404897
2016-11-14 19:25:07#二八第792123期押大双-标识3771#-300#404597
2016-11-14 19:27:52#二八第792123期押大单-标识3799#-300#404297
2016-11-14 19:28:02#二八第792123期押小双-标识3801#-300#403997
2016-11-14 19:32:32#二八第792124期押小双-标识3839#-300#403697
2016-11-14 19:33:46#二八第792124期押大双-标识3850#-300#403397
2016-11-14 19:34:39#二八第792124期押大双-标识3857#-300#403097
2016-11-14 19:36:09#二八第792125期押二段-标识3871#-300#402797
2016-11-14 19:36:30#二八第792125期押大双-标识3875#-300#402497
2016-11-14 19:37:29#二八第792125期押大双-标识3884#-300#402197
2016-11-14 19:40:08#二八第792126期押大双-标识3897#-300#401897
2016-11-14 19:41:22#二八第792126期押大双-标识3909#-300#401597
2016-11-14 19:45:52#二八第792127期押大双-标识3944#-300#401297
2016-11-14 19:46:45#二八第792127期押大双-标识3953#-300#400997
2016-11-14 19:48:46#二八第792127期押小双-标识3971#-300#400697
2016-11-14 19:50:48#二八第792128期押小双-标识3985#-300#400397
2016-11-14 19:52:02#二八第792128期押大双-标识3997#-300#400097
2016-11-14 19:54:25#二八第792128期押小双-标识4018#-300#399797
2016-11-14 19:56:11#二八第792129期押大双-标识4034#-300#399497
2016-11-14 19:57:41#二八第792129期押大双-标识4047#-300#399197
2016-11-14 19:58:50#二八第792129期押小双-标识4057#-300#398897
2016-11-14 20:00:15#二八第792130期押大单-标识4065#-300#398597
2016-11-14 20:01:29#二八第792130期押大双-标识4077#-300#398297
2016-11-14 20:03:31#二八第792130期押小双-标识4097#-300#397997
2016-11-14 20:05:49#二八第792131期押大双-标识4116#-300#397697
2016-11-14 20:06:42#二八第792131期押大双-标识4126#-300#397397
2016-11-14 20:08:12#二八第792131期押大双-标识4140#-300#397097
2016-11-14 20:11:17#二八第792132期押小双-标识4164#-300#396797
2016-11-14 20:12:31#二八第792132期押大双-标识4176#-300#396497
2016-11-14 20:16:51#二八第792133期押大双-标识4210#-300#396197
2016-11-14 20:17:59#二八第792133期押大单-标识4221#-300#395897
2016-11-14 20:18:52#二八第792133期押大双-标识4229#-300#395597
2016-11-14 20:20:17#二八第792134期押大双-标识4240#-300#395297
2016-11-14 20:22:08#二八第792134期押大双-标识4258#-300#394997
2016-11-14 20:23:22#二八第792134期押大双-标识4270#-300#394697
2016-11-14 20:25:19#二八第792135期押大双-标识4282#-300#394397
2016-11-14 20:25:56#二八第792135期押大双-标识4289#-300#394097
2016-11-14 20:27:05#二八第792135期押小双-标识4301#-300#393797
2016-11-14 20:30:47#二八第792136期押大双-标识4326#-300#393497
2016-11-14 20:32:49#二八第792136期押小双-标识4347#-300#393197
2016-11-14 20:34:03#二八第792136期押大双-标识4358#-300#392897
2016-11-14 20:36:58#二八第792137期押大双-标识4384#-300#392597
2016-11-14 20:40:46#二八第792138期押大双-标识4416#-300#392297
2016-11-14 20:42:58#二八第792138期押大双-标识4437#-300#391997
2016-11-14 20:43:35#二八第792138期押大双-标识4444#-300#391697
2016-11-14 20:47:44#二八第792139期押大双-标识4478#-300#391397
2016-11-14 20:49:46#二八第792139期押小双-标识4495#-300#391097
2016-11-14 20:51:00#二八第792140期押大双-标识4508#-300#390797
2016-11-14 20:51:37#二八第792140期押大双-标识4515#-300#390497
2016-11-14 20:52:30#二八第792140期押大双-标识4524#-300#390197
2016-11-14 20:56:39#二八第792141期押大双-标识4557#-300#389897
2016-11-14 20:58:09#二八第792141期押大双-标识4572#-300#389597
2016-11-14 20:58:30#二八第792141期押大双-标识4576#-300#389297
2016-11-14 21:00:11#二八第792142期押大双-标识4583#-300#388997
2016-11-14 21:01:25#二八第792142期押大双-标识4596#-300#388697
2016-11-14 21:03:27#二八第792142期押大双-标识4613#-300#388397
2016-11-14 21:06:22#二八第792143期押自选13,22,24,26-标识4640#-1200#387197
2016-11-14 21:06:43#二八第792143期押大双-标识4644#-300#386897
2016-11-14 21:10:36#二八第792144期押小双-标识4674#-300#386597
2016-11-14 21:11:18#二八第792144期押自选0,1,4,5,22-标识4681#-1500#385097
2016-11-14 21:15:12#二八第792145期押大双-标识4711#-300#384797
2016-11-14 21:18:49#二八第792145期押自选13,18,19,20-标识4747#-1200#383597
2016-11-14 21:22:05#二八第792146期押大双-标识4772#-300#383297
2016-11-14 21:22:42#二八第792146期押大双-标识4778#-300#382997
2016-11-14 21:23:35#二八第792146期押大双-标识4786#-300#382697
2016-11-14 21:26:51#二八第792147期押大双-标识4816#-300#382397
2016-11-14 21:29:14#二八第792147期押大双-标识4837#-300#382097
2016-11-14 21:30:44#二八第792148期押大双-标识4848#-300#381797
2016-11-14 21:34:21#二八第792148期押大双-标识4882#-300#381497
2016-11-14 21:34:53#二八第792148期押大双-标识4884#-300#381197
2016-11-14 21:36:55#二八第792149期押小双-标识4904#-300#380897
2016-11-14 21:37:16#二八第792149期押大双-标识4908#-300#380597
2016-11-14 21:38:46#二八第792149期押大双-标识4921#-300#380297
2016-11-14 21:40:10#二八第792150期押大双-标识4929#-300#379997
2016-11-14 21:42:12#二八第792150期押小双-标识4951#-300#379697
2016-11-14 21:43:26#二八第792150期押大双-标识4962#-300#379397
2016-11-14 21:47:25#二八第792151期押小双-标识4994#-300#379097
2016-11-14 21:49:48#二八第792151期押大双-标识5006#-300#378797
2016-11-14 21:52:11#二八第792152期押小双-标识5030#-300#378497
2016-11-14 21:53:04#二八第792152期押大双-标识5038#-300#378197
2016-11-14 21:57:18#二八第792153期押大双-标识5072#-300#377897
2016-11-14 22:00:13#二八第792154期押小双-标识5093#-300#377597
2016-11-14 22:00:34#二八第792154期押大双-标识5097#-300#377297
2016-11-14 22:02:25#二八第792154期押小双-标识5117#-300#376997
2016-11-14 22:05:20#二八第792155期押大单-标识5138#-300#376697
2016-11-14 22:05:41#二八第792155期押大双-标识5142#-300#376397
2016-11-14 22:07:43#二八第792155期押小双-标识5162#-300#376097
2016-11-14 22:10:27#二八第792156期押小双-标识5182#-300#375797
2016-11-14 22:12:18#二八第792156期押大双-标识5201#-300#375497
2016-11-14 22:14:20#二八第792156期押小双-标识5219#-300#375197
2016-11-14 22:18:19#二八第792157期押大双-标识5255#-300#374897
2016-11-14 22:18:56#二八第792157期押大单-标识5261#-300#374597
2016-11-14 22:21:40#二八第792158期押二段-标识5285#-300#374297
2016-11-14 22:22:01#二八第792158期押自选9,12,20,22-标识5289#-1200#373097
2016-11-14 22:22:22#二八第792158期押大双-标识5293#-300#372797
2016-11-14 22:25:17#二八第792159期押大双-标识5315#-300#372497
2016-11-14 22:26:15#二八第792159期押大双-标识5326#-300#372197
2016-11-14 22:28:17#二八第792159期押大单-标识5346#-300#371897
2016-11-14 22:31:54#二八第792160期押大双-标识5374#-300#371597
2016-11-14 22:33:46#二八第792160期押大双-标识5392#-300#371297
2016-11-14 22:34:55#二八第792160期押小单-标识5398#-300#370997
2016-11-14 22:36:30#二八第792161期押自选4,7,13,15-标识5414#-1200#369797
2016-11-14 22:38:53#二八第792161期押大双-标识5435#-300#369497
2016-11-14 22:39:46#二八第792161期押大双-标识5439#-300#369197
2016-11-14 22:40:23#二八第792162期押大双-标识5445#-300#368897
2016-11-14 22:42:25#二八第792162期押小双-标识5466#-300#368597
2016-11-14 22:43:39#二八第792162期押大双-标识5479#-300#368297
2016-11-14 22:45:09#二八第792163期押小双-标识5490#-300#367997
2016-11-14 22:46:23#二八第792163期押大双-标识5504#-300#367697
2016-11-14 22:48:14#二八第792163期押大双-标识5521#-300#367397
2016-11-14 22:51:09#二八第792164期押大双-标识5546#-300#367097
2016-11-14 22:53:11#二八第792164期押小双-标识5568#-300#366797
2016-11-14 22:54:25#二八第792164期押大双-标识5577#-300#366497
2016-11-14 22:57:47#二八第792165期押大双-标识5606#-300#366197
2016-11-14 22:59:32#二八第792165期押大双-标识5620#-300#365897
2016-11-14 23:01:55#二八第792166期押大双-标识5643#-300#365597
2016-11-14 23:03:47#二八第792166期押大双-标识5660#-300#365297
2016-11-14 23:03:57#二八第792166期押小双-标识5662#-300#364997
2016-11-14 23:05:27#二八第792167期押小双-标识5671#-300#364697
2016-11-14 23:06:42#二八第792167期押大双-标识5684#-300#364397
2016-11-14 23:07:03#二八第792167期押大双-标识5688#-300#364097
2016-11-14 23:10:56#二八第792168期押大双-标识5721#-300#363797
2016-11-14 23:11:49#二八第792168期押大双-标识5731#-300#363497
2016-11-14 23:14:33#二八第792168期押大双-标识5752#-300#363197
2016-11-14 23:16:14#二八第792169期押小双-标识5765#-300#362897
2016-11-14 23:17:07#二八第792169期押自选0,16,21,25-标识5773#-1200#361697
2016-11-14 23:17:28#二八第792169期押大双-标识5777#-300#361397
2016-11-14 23:22:35#二八第792170期押大双-标识5822#-300#361097
2016-11-14 23:24:58#二八第792170期押大双-标识5836#-300#360797
2016-11-14 23:25:19#二八第792171期押大双-标识5839#-300#360497
2016-11-14 23:28:19#二八第792171期押大双-标识5867#-300#360197
2016-11-14 23:30:42#二八第792172期押小双-标识5887#-300#359897
2016-11-14 23:31:56#二八第792172期押大双-标识5901#-300#359597
2016-11-14 23:35:07#二八第792173期押小双-标识5925#-300#359297
2016-11-14 23:36:21#二八第792173期押大双-标识5939#-300#358997
2016-11-14 23:39:37#二八第792173期押大双-标识5969#-300#358697
2016-11-14 23:40:30#二八第792174期押大双-标识5977#-300#358397
2016-11-14 23:40:51#二八第792174期押大双-标识5981#-300#358097
2016-11-14 23:42:00#二八第792174期押大双-标识5991#-300#357797
2016-11-14 23:45:48#二八第792175期押大双-标识6022#-300#357497
2016-11-14 23:48:11#二八第792175期押大双-标识6044#-300#357197
2016-11-14 23:49:25#二八第792175期押大双-标识6055#-300#356897
2016-11-14 23:52:25#二八第792176期押大双-标识6084#-300#356597
2016-11-14 23:55:52#二八第792177期押小双-标识6106#-300#356297
2016-11-14 23:57:27#二八第792177期押大双-标识6123#-300#355997
2016-11-14 23:58:04#二八第792177期押大双-标识6130#-300#355697
2016-11-15 09:00:04#二八第792177期押小双-标识6143#-300#355397
2016-11-15 09:02:59#二八第792177期押大双-标识6166#-300#355097
2016-11-15 09:03:57#二八第792177期押大双-标识6173#-300#354797
2016-11-15 09:10:03#二八第792179期押大双-标识6189#-300#354497
2016-11-15 09:13:24#二八第792179期押大双-标识6221#-300#354197
2016-11-15 09:14:17#二八第792179期押大双-标识6226#-300#353897
2016-11-15 09:17:38#二八第792180期押小双-标识6256#-300#353597
2016-11-15 09:21:15#二八第792181期押大双-标识6283#-300#353297
2016-11-15 09:23:17#二八第792181期押大双-标识6302#-300#352997
2016-11-15 09:24:31#二八第792181期押二段-标识6311#-300#352697
2016-11-15 09:25:40#二八第792182期押小双-标识6321#-300#352397
2016-11-15 09:27:00#二八第792182期押大双-标识6334#-300#352097
2016-11-15 09:29:54#二八第792182期押大单-标识6361#-300#351797
2016-11-15 09:31:09#二八第792183期押大双-标识6375#-300#351497
2016-11-15 09:33:00#二八第792183期押小双-标识6393#-300#351197
2016-11-15 09:33:53#二八第792183期押大单-标识6402#-300#350897
2016-11-15 09:35:18#二八第792184期押大双-标识6409#-300#350597
2016-11-15 09:38:12#二八第792184期押小双-标识6437#-300#350297
2016-11-15 09:39:59#二八第792184期押小双-标识6450#-300#349997
2016-11-15 09:41:13#二八第792185期押大双-标识6462#-300#349697
2016-11-15 09:41:50#二八第792185期押小双-标识6469#-300#349397
2016-11-15 09:43:04#二八第792185期押大双-标识6480#-300#349097
2016-11-15 09:45:17#二八第792186期押小双-标识6497#-300#348797
2016-11-15 09:46:31#二八第792186期押自选13,14,15,21-标识6510#-1200#347597
2016-11-15 09:47:50#二八第792186期押大双-标识6523#-300#347297
2016-11-15 09:50:13#二八第792187期押大双-标识6535#-300#346997
2016-11-15 09:51:12#二八第792187期押大双-标识6545#-300#346697
2016-11-15 09:54:28#二八第792187期押大双-标识6577#-300#346397
2016-11-15 09:55:42#二八第792188期押大双-标识6587#-300#346097
2016-11-15 09:57:12#二八第792188期押大双-标识6602#-300#345797
2016-11-15 09:57:49#二八第792188期押大双-标识6606#-300#345497
2016-11-15 10:00:44#二八第792189期押小双-标识6628#-300#345197
2016-11-15 10:03:28#二八第792189期押小双-标识6652#-300#344897
2016-11-15 10:04:42#二八第792189期押大双-标识6660#-300#344597
2016-11-15 10:06:33#二八第792190期押大单-标识6679#-300#344297
2016-11-15 10:08:56#二八第792190期押大双-标识6702#-300#343997
2016-11-15 10:12:39#二八第792191期押大双-标识6737#-300#343697
2016-11-15 10:14:41#二八第792191期押小双-标识6751#-300#343397
2016-11-15 10:18:39#二八第792192期押大双-标识6787#-300#343097
2016-11-15 10:19:16#二八第792192期押大双-标识6792#-300#342797
2016-11-15 10:21:18#二八第792193期押小双-标识6809#-300#342497
2016-11-15 10:22:32#二八第792193期押大双-标识6822#-300#342197
2016-11-15 10:25:48#二八第792194期押大双-标识6850#-300#341897
2016-11-15 10:26:46#二八第792194期押大双-标识6861#-300#341597
2016-11-15 10:31:27#二八第792195期押大双-标识6898#-300#341297
2016-11-15 10:38:36#二八第792196期押大双-标识6959#-300#340997
2016-11-15 10:42:13#二八第792197期押大双-标识6989#-300#340697
2016-11-15 10:44:42#二八第792197期押大双-标识7006#-300#340397
2016-11-15 10:45:35#二八第792198期押自选4,12,15,17-标识7014#-1200#339197
2016-11-15 10:47:58#二八第792198期押大双-标识7036#-300#338897
2016-11-15 10:48:40#二八第792198期押大双-标识7042#-300#338597
2016-11-15 10:51:19#二八第792199期押小双-标识7065#-300#338297
2016-11-15 10:53:31#二八第792199期押小双-标识7088#-300#337997
2016-11-15 10:54:24#二八第792199期押大双-标识7093#-300#337697
2016-11-15 10:56:16#二八第792200期押大双-标识7108#-300#337397
2016-11-15 10:58:49#二八第792200期押小双-标识7132#-300#337097
2016-11-15 11:00:03#二八第792200期押大双-标识7138#-300#336797
2016-11-15 11:01:33#二八第792201期押小双-标识7154#-300#336497
2016-11-15 11:05:48#二八第792202期押大双-标识7189#-300#336197
2016-11-15 11:07:39#二八第792202期押小双-标识7209#-300#335897
2016-11-15 11:08:00#二八第792202期押大双-标识7212#-300#335597
2016-11-15 11:10:44#二八第792203期押大双-标识7230#-300#335297
2016-11-15 11:12:04#二八第792203期押大双-标识7245#-300#334997
2016-11-15 11:14:06#二八第792203期押大双-标识7263#-300#334697
2016-11-15 11:15:20#二八第792204期押大双-标识7271#-300#334397
2016-11-15 11:17:22#二八第792204期押小双-标识7291#-300#334097
2016-11-15 11:19:13#二八第792204期押大双-标识7308#-300#333797
2016-11-15 11:20:43#二八第792205期押大单-标识7321#-300#333497
2016-11-15 11:21:57#二八第792205期押大双-标识7333#-300#333197
2016-11-15 11:22:18#二八第792205期押大双-标识7337#-300#332897
2016-11-15 11:25:19#二八第792206期押大双-标识7361#-300#332597
2016-11-15 11:25:40#二八第792206期押大双-标识7364#-300#332297
2016-11-15 11:27:42#二八第792206期押小双-标识7384#-300#331997
2016-11-15 11:34:30#二八第792207期押自选0,10,11,24-标识7447#-1200#330797
2016-11-15 11:38:44#二八第792208期押小双-标识7483#-300#330497
2016-11-15 11:39:21#二八第792208期押小双-标识7486#-300#330197
2016-11-15 11:41:33#二八第792209期押小双-标识7503#-300#329897
2016-11-15 11:42:48#二八第792209期押大双-标识7515#-300#329597
2016-11-15 11:44:18#二八第792209期押小双-标识7527#-300#329297
2016-11-15 11:46:09#二八第792210期押大双-标识7542#-300#328997
2016-11-15 11:46:30#二八第792210期押大双-标识7546#-300#328697
2016-11-15 11:48:00#二八第792210期押大双-标识7559#-300#328397
2016-11-15 11:51:43#二八第792211期押大双-标识7589#-300#328097
2016-11-15 11:57:32#二八第792212期押大双-标识7638#-300#327797
2016-11-15 11:58:31#二八第792212期押大单-标识7646#-300#327497
2016-11-15 11:58:41#二八第792212期押小双-标识7648#-300#327197
2016-11-15 12:00:54#二八第792213期押大双-标识7666#-300#326897
2016-11-15 12:01:15#二八第792213期押大双-标识7669#-300#326597
2016-11-15 12:03:38#二八第792213期押大双-标识7691#-300#326297
2016-11-15 12:05:34#二八第792214期押大双-标识7705#-300#325997
2016-11-15 12:07:47#二八第792214期押自选3,8,18,25-标识7728#-1200#324797
2016-11-15 12:08:45#二八第792214期押小双-标识7735#-300#324497
2016-11-15 12:10:37#二八第792215期押大双-标识7749#-300#324197
2016-11-15 12:13:10#二八第792215期押大双-标识7773#-300#323897
2016-11-15 12:17:19#二八第792216期押大双-标识7805#-300#323597
2016-11-15 12:21:28#二八第792217期押大双-标识7838#-300#323297
2016-11-15 12:22:11#二八第792217期押大双-标识7843#-300#322997
2016-11-15 12:23:20#二八第792217期押小双-标识7854#-300#322697
2016-11-15 12:28:22#二八第792218期押小双-标识7893#-300#322397
2016-11-15 12:29:15#二八第792218期押大双-标识7901#-300#322097
2016-11-15 12:29:36#二八第792218期押自选7,10,11,14-标识7905#-1200#320897
2016-11-15 12:31:38#二八第792219期押小双-标识7922#-300#320597
2016-11-15 12:31:59#二八第792219期押大双-标识7926#-300#320297
2016-11-15 12:33:13#二八第792219期押大双-标识7937#-300#319997
2016-11-15 12:36:13#二八第792220期押大双-标识7958#-300#319697
2016-11-15 12:38:04#二八第792220期押大双-标识7975#-300#319397
2016-11-15 12:40:49#二八第792221期押大双-标识7995#-300#319097
2016-11-15 12:42:40#二八第792221期押大双-标识8014#-300#318797
2016-11-15 12:43:33#二八第792221期押大双-标识8022#-300#318497
2016-11-15 12:45:56#二八第792222期押大双-标识8041#-300#318197
2016-11-15 12:46:17#二八第792222期押大双-标识8045#-300#317897
2016-11-15 12:47:58#二八第792222期押小双-标识8062#-300#317597
2016-11-15 12:52:12#二八第792223期押小双-标识8100#-300#317297
2016-11-15 12:53:26#二八第792223期押大双-标识8112#-300#316997
2016-11-15 12:56:21#二八第792224期押大双-标识8138#-300#316697
2016-11-15 12:56:58#二八第792224期押小双-标识8144#-300#316397
2016-11-15 12:58:49#二八第792224期押小双-标识8162#-300#316097
2016-11-15 13:02:26#二八第792225期押小双-标识8192#-300#315797
2016-11-15 13:03:19#二八第792225期押大双-标识8200#-300#315497
2016-11-15 13:03:57#二八第792225期押大双-标识8204#-300#315197
2016-11-15 13:05:11#二八第792226期押大双-标识8214#-300#314897
2016-11-15 13:06:20#二八第792226期押小双-标识8226#-300#314597
2016-11-15 13:07:13#二八第792226期押小双-标识8236#-300#314297
2016-11-15 13:12:46#二八第792227期押小双-标识8281#-300#313997
2016-11-15 13:14:00#二八第792227期押大双-标识8294#-300#313697
2016-11-15 13:14:53#二八第792227期押大双-标识8298#-300#313397
2016-11-15 13:16:55#二八第792228期押大双-标识8318#-300#313097
2016-11-15 13:17:54#二八第792228期押大双-标识8328#-300#312797
2016-11-15 13:18:46#二八第792228期押大双-标识8335#-300#312497
2016-11-15 13:20:48#二八第792229期押小双-标识8351#-300#312197
2016-11-15 13:22:02#二八第792229期押大双-标识8364#-300#311897
2016-11-15 13:24:04#二八第792229期押小双-标识8382#-300#311597
2016-11-15 13:27:47#二八第792230期押大双-标识8413#-300#311297
2016-11-15 13:29:01#二八第792230期押大双-标识8422#-300#310997
2016-11-15 13:30:10#二八第792231期押小双-标识8430#-300#310697
2016-11-15 13:31:03#二八第792231期押小双-标识8439#-300#310397
2016-11-15 13:31:24#二八第792231期押大双-标识8443#-300#310097
2016-11-15 13:35:07#二八第792232期押大双-标识8471#-300#309797
2016-11-15 13:35:59#二八第792232期押大双-标识8481#-300#309497
2016-11-15 13:38:23#二八第792232期押大双-标识8504#-300#309197
2016-11-15 13:40:40#二八第792233期押大双-标识8521#-300#308897
2016-11-15 13:41:33#二八第792233期押大双-标识8531#-300#308597
2016-11-15 13:42:42#二八第792233期押小双-标识8544#-300#308297
2016-11-15 13:45:58#二八第792234期押小双-标识8571#-300#307997
2016-11-15 13:50:34#二八第792235期押大双-标识8610#-300#307697
2016-11-15 13:51:48#二八第792235期押大双-标识8624#-300#307397
2016-11-15 13:52:57#二八第792235期押小双-标识8636#-300#307097
2016-11-15 13:57:53#二八第792236期押大双-标识8678#-300#306797
2016-11-15 13:59:55#二八第792236期押小双-标识8692#-300#306497
2016-11-15 14:02:45#二八第792237期押大单-标识8721#-300#306197
2016-11-15 14:06:43#二八第792238期押大双-标识8756#-300#305897
2016-11-15 14:07:20#二八第792238期押大双-标识8763#-300#305597
2016-11-15 14:11:45#二八第792239期押大双-标识8802#-300#305297
2016-11-15 14:12:43#二八第792239期押大双-标识8812#-300#304997
2016-11-15 14:13:15#二八第792239期押小双-标识8818#-300#304697
2016-11-15 14:16:05#二八第792240期押小双-标识8838#-300#304397
2016-11-15 14:17:56#二八第792240期押小双-标识8857#-300#304097
2016-11-15 14:20:08#二八第792241期押大双-标识8873#-300#303797
2016-11-15 14:22:21#二八第792241期押大双-标识8896#-300#303497
2016-11-15 14:24:44#二八第792241期押大双-标识8916#-300#303197
2016-11-15 14:25:05#二八第792242期押大双-标识8919#-300#302897
2016-11-15 14:25:42#二八第792242期押大双-标识8926#-300#302597
2016-11-15 14:26:03#二八第792242期押大双-标识8929#-300#302297
2016-11-15 14:30:28#二八第792243期押小双-标识8965#-300#301997
2016-11-15 14:31:43#二八第792243期押大双-标识8978#-300#301697
2016-11-15 14:33:13#二八第792243期押小双-标识8993#-300#301397
2016-11-15 14:40:59#二八第792245期押大双-标识9056#-300#301097
2016-11-15 14:46:06#二八第792246期押大双-标识9099#-300#300797
2016-11-15 14:46:43#二八第792246期押小双-标识9105#-300#300497
2016-11-15 14:47:57#二八第792246期押大双-标识9118#-300#300197
2016-11-15 14:50:20#二八第792247期押自选0,3,17,22-标识9136#-1200#298997
2016-11-15 14:50:42#二八第792247期押大双-标识9140#-300#298697
2016-11-15 14:53:10#二八第792247期押大双-标识9167#-300#298397
2016-11-15 14:55:33#二八第792248期押小双-标识9185#-300#298097
2016-11-15 14:56:47#二八第792248期押大双-标识9198#-300#297797
