2016-11-14 15:57:17#二八第791725期押一段-标识1988#-300#378481
2016-11-14 15:58:00#二八第791725期押一段-标识2003#-300#378181
2016-11-14 15:59:42#二八第792081期押大双-标识2025#-300#377881
2016-11-14 16:00:25#二八第792082期押小双-标识2032#-300#377581
2016-11-14 16:01:34#二八第792082期押押大-标识2044#-300#377281
2016-11-14 16:02:48#二八第792082期押一段-标识2057#-300#376981
2016-11-14 16:05:16#二八第792083期押一段-标识2074#-300#376681
2016-11-14 16:08:48#二八第792083期押一段-标识2106#-300#376381
2016-11-14 16:09:41#二八第792083期押押大-标识2111#-300#376081
2016-11-14 16:10:34#二八第792084期押尾号-标识2119#-1200#374881
2016-11-14 16:13:29#二八第792084期押一段-标识2147#-300#374581
2016-11-14 16:14:00#二八第792084期押押大-标识2150#-300#374281
2016-11-14 16:16:34#二八第792085期押小单-标识2172#-300#373981
2016-11-14 16:18:36#二八第792085期押大双-标识2193#-300#373681
2016-11-14 16:19:08#二八第792085期押一段-标识2197#-300#373381
2016-11-14 16:20:12#二八第792086期押一段-标识2202#-300#373081
2016-11-14 16:22:19#二八第792086期押尾号-标识2223#-900#372181
2016-11-14 16:24:52#二八第792086期押一段-标识2242#-300#371881
2016-11-14 16:25:45#二八第792087期押一段-标识2251#-300#371581
2016-11-14 16:26:22#二八第792087期押一段-标识2257#-300#371281
2016-11-14 16:27:36#二八第792087期押一段-标识2270#-300#370981
2016-11-14 16:30:53#二八第792088期押押大-标识2296#-300#370681
2016-11-14 16:32:07#二八第792088期押小双-标识2308#-300#370381
2016-11-14 16:34:41#二八第792088期押一段-标识2330#-300#370081
2016-11-14 16:35:34#二八第792089期押一段-标识2337#-300#369781
2016-11-14 16:37:25#二八第792089期押一段-标识2357#-300#369481
2016-11-14 16:38:34#二八第792089期押一段-标识2367#-300#369181
2016-11-14 16:40:41#二八第792090期押一段-标识2384#-300#368881
2016-11-14 16:43:04#二八第792090期押一段-标识2409#-300#368581
2016-11-14 16:43:41#二八第792090期押大双-标识2414#-300#368281
2016-11-14 16:46:25#二八第792091期押一段-标识2437#-300#367981
2016-11-14 16:48:16#二八第792091期押一段-标识2455#-300#367681
2016-11-14 16:49:31#二八第792091期押一段-标识2465#-300#367381
2016-11-14 16:50:08#二八第792092期押一段-标识2471#-300#367081
2016-11-14 16:51:38#二八第792092期押一段-标识2488#-300#366781
2016-11-14 16:52:52#二八第792092期押一段-标识2499#-300#366481
2016-11-14 16:56:50#二八第792093期押一段-标识2530#-300#366181
2016-11-14 16:58:04#二八第792093期押一段-标识2543#-300#365881
2016-11-14 17:02:50#二八第792094期押一段-标识2583#-300#365581
2016-11-14 17:06:17#二八第792095期押一段-标识2607#-300#365281
2016-11-14 17:07:47#二八第792095期押一段-标识2621#-300#364981
2016-11-14 17:09:01#二八第792095期押一段-标识2634#-300#364681
2016-11-14 17:11:56#二八第792096期押一段-标识2658#-300#364381
2016-11-14 17:13:26#二八第792096期押一段-标识2672#-300#364081
2016-11-14 17:15:44#二八第792097期押一段-标识2688#-300#363781
2016-11-14 17:16:42#二八第792097期押三段-标识2698#-300#363481
2016-11-14 17:18:12#二八第792097期押一段-标识2715#-300#363181
2016-11-14 17:21:28#二八第792098期押一段-标识2741#-300#362881
2016-11-14 17:22:16#二八第792098期押一段-标识2748#-300#362581
2016-11-14 17:26:03#二八第792099期押一段-标识2778#-300#362281
2016-11-14 17:27:18#二八第792099期押一段-标识2791#-300#361981
2016-11-14 17:31:11#二八第792100期押一段-标识2822#-300#361681
2016-11-14 17:32:41#二八第792100期押一段-标识2837#-300#361381
2016-11-14 17:33:55#二八第792100期押尾号-标识2848#-900#360481
2016-11-14 17:36:18#二八第792101期押尾号-标识2865#-1500#358981
2016-11-14 17:38:09#二八第792101期押一段-标识2886#-300#358681
2016-11-14 17:41:36#二八第792102期押押大-标识2913#-300#358381
2016-11-14 17:42:18#二八第792102期押小双-标识2921#-300#358081
2016-11-14 17:43:27#二八第792102期押一段-标识2931#-300#357781
2016-11-14 17:46:43#二八第792103期押一段-标识2960#-300#357481
2016-11-14 17:48:13#二八第792103期押一段-标识2974#-300#357181
2016-11-14 17:50:31#二八第792104期押一段-标识2987#-300#356881
2016-11-14 17:52:54#二八第792104期押一段-标识3013#-300#356581
2016-11-14 17:57:08#二八第792105期押一段-标识3048#-300#356281
2016-11-14 17:57:29#二八第792105期押尾号-标识3052#-1200#355081
2016-11-14 17:59:42#二八第792105期押一段-标识3065#-300#354781
2016-11-14 18:01:17#二八第792106期押一段-标识3081#-300#354481
2016-11-14 18:03:08#二八第792106期押一段-标识3096#-300#354181
2016-11-14 18:04:33#二八第792106期押一段-标识3107#-300#353881
2016-11-14 18:05:26#二八第792107期押一段-标识3113#-300#353581
2016-11-14 18:06:19#二八第792107期押一段-标识3122#-300#353281
2016-11-14 18:06:40#二八第792107期押一段-标识3125#-300#352981
2016-11-14 18:10:28#二八第792108期押一段-标识3147#-300#352681
2016-11-14 18:11:21#二八第792108期押大双-标识3157#-300#352381
2016-11-14 18:11:42#二八第792108期押一段-标识3161#-300#352081
2016-11-14 18:17:15#二八第792109期押一段-标识3208#-300#351781
2016-11-14 18:18:29#二八第792109期押一段-标识3221#-300#351481
2016-11-14 18:19:33#二八第792109期押一段-标识3226#-300#351181
2016-11-14 18:20:05#二八第792110期押一段-标识3229#-300#350881
2016-11-14 18:23:52#二八第792110期押小单-标识3262#-300#350581
2016-11-14 18:35:26#二八第792113期押一段-标识3357#-300#350281
2016-11-14 18:37:28#二八第792113期押一段-标识3379#-300#349981
2016-11-14 18:40:12#二八第792114期押一段-标识3395#-300#349681
2016-11-14 18:40:44#二八第792114期押一段-标识3400#-300#349381
2016-11-14 18:41:16#二八第792114期押一段-标识3406#-300#349081
2016-11-14 18:52:28#二八第792116期押一段-标识3496#-300#348781
2016-11-14 18:52:49#二八第792116期押一段-标识3500#-300#348481
2016-11-14 18:53:21#二八第792116期押一段-标识3503#-300#348181
2016-11-14 18:55:18#二八第792117期押一段-标识3516#-300#347881
2016-11-14 19:02:00#二八第792118期押大双-标识3571#-300#347581
2016-11-14 19:03:04#二八第792118期押一段-标识3581#-300#347281
2016-11-14 19:04:34#二八第792118期押一段-标识3593#-300#346981
2016-11-14 19:05:05#二八第792119期押一段-标识3595#-300#346681
2016-11-14 19:05:58#二八第792119期押一段-标识3605#-300#346381
2016-11-14 19:06:51#二八第792119期押一段-标识3613#-300#346081
2016-11-14 19:12:04#二八第792120期押一段-标识3662#-300#345781
2016-11-14 19:12:41#二八第792120期押一段-标识3669#-300#345481
2016-11-14 19:13:34#二八第792120期押一段-标识3677#-300#345181
2016-11-14 19:17:32#二八第792121期押一段-标识3713#-300#344881
2016-11-14 19:18:25#二八第792121期押一段-标识3721#-300#344581
2016-11-14 19:19:18#二八第792121期押一段-标识3726#-300#344281
2016-11-14 19:21:41#二八第792122期押一段-标识3746#-300#343981
2016-11-14 19:22:44#二八第792122期押一段-标识3757#-300#343681
2016-11-14 19:26:11#二八第792123期押一段-标识3783#-300#343381
2016-11-14 19:27:04#二八第792123期押一段-标识3791#-300#343081
2016-11-14 19:30:04#二八第792123期押一段-标识3814#-300#342781
2016-11-14 19:30:57#二八第792124期押一段-标识3823#-300#342481
2016-11-14 19:31:50#二八第792124期押一段-标识3832#-300#342181
2016-11-14 19:33:20#二八第792124期押小双-标识3847#-300#341881
2016-11-14 19:35:43#二八第792125期押大双-标识3866#-300#341581
2016-11-14 19:43:29#二八第792126期押一段-标识3928#-300#341281
2016-11-14 19:44:01#二八第792126期押一段-标识3931#-300#340981
2016-11-14 19:45:25#二八第792127期押一段-标识3939#-300#340681
2016-11-14 19:47:27#二八第792127期押一段-标识3961#-300#340381
2016-11-14 19:48:41#二八第792127期押一段-标识3970#-300#340081
2016-11-14 19:51:47#二八第792128期押一段-标识3995#-300#339781
2016-11-14 19:53:06#二八第792128期押一段-标识4006#-300#339481
2016-11-14 19:54:20#二八第792128期押小双-标识4017#-300#339181
2016-11-14 19:56:33#二八第792129期押大双-标识4038#-300#338881
2016-11-14 20:01:13#二八第792130期押押大-标识4074#-300#338581
2016-11-14 20:03:04#二八第792130期押一段-标识4094#-300#338281
2016-11-14 20:04:50#二八第792130期押小双-标识4107#-300#337981
2016-11-14 20:05:22#二八第792131期押一段-标识4111#-300#337681
2016-11-14 20:07:56#二八第792131期押一段-标识4138#-300#337381
2016-11-14 20:08:49#二八第792131期押一段-标识4146#-300#337081
2016-11-14 20:10:13#二八第792132期押一段-标识4153#-300#336781
2016-11-14 20:11:12#二八第792132期押一段-标识4163#-300#336481
2016-11-14 20:12:15#二八第792132期押一段-标识4174#-300#336181
2016-11-14 20:15:10#二八第792133期押一段-标识4193#-300#335881
2016-11-14 20:16:24#二八第792133期押一段-标识4206#-300#335581
2016-11-14 20:20:01#二八第792133期押一段-标识4237#-300#335281
2016-11-14 20:20:22#二八第792134期押一段-标识4241#-300#334981
2016-11-14 20:21:15#二八第792134期押一段-标识4250#-300#334681
2016-11-14 20:22:51#二八第792134期押一段-标识4266#-300#334381
2016-11-14 20:25:40#二八第792135期押一段-标识4286#-300#334081
2016-11-14 20:30:21#二八第792136期押小单-标识4321#-300#333781
2016-11-14 20:30:31#二八第792136期押一段-标识4323#-300#333481
2016-11-14 20:32:23#二八第792136期押一段-标识4343#-300#333181
2016-11-14 20:37:56#二八第792137期押一段-标识4392#-300#332881
2016-11-14 20:39:26#二八第792137期押一段-标识4404#-300#332581
2016-11-14 20:40:30#二八第792138期押一段-标识4413#-300#332281
2016-11-14 20:42:11#二八第792138期押一段-标识4431#-300#331981
2016-11-14 20:43:19#二八第792138期押一段-标识4441#-300#331681
2016-11-14 20:45:26#二八第792139期押一段-标识4456#-300#331381
2016-11-14 20:47:28#二八第792139期押一段-标识4475#-300#331081
2016-11-14 20:48:05#二八第792139期押一段-标识4482#-300#330781
2016-11-14 20:51:21#二八第792140期押一段-标识4512#-300#330481
2016-11-14 20:51:43#二八第792140期押一段-标识4516#-300#330181
2016-11-14 20:55:30#二八第792141期押一段-标识4544#-300#329881
2016-11-14 20:56:07#二八第792141期押一段-标识4551#-300#329581
2016-11-14 20:57:43#二八第792141期押一段-标识4568#-300#329281
2016-11-14 21:00:16#二八第792142期押一段-标识4584#-300#328981
2016-11-14 21:01:09#二八第792142期押一段-标识4593#-300#328681
2016-11-14 21:03:01#二八第792142期押小单-标识4610#-300#328381
2016-11-14 21:05:55#二八第792143期押一段-标识4635#-300#328081
2016-11-14 21:08:40#二八第792143期押尾号-标识4661#-900#327181
2016-11-14 21:11:40#二八第792144期押一段-标识4685#-300#326881
2016-11-14 21:13:47#二八第792144期押一段-标识4702#-300#326581
2016-11-14 21:15:17#二八第792145期押一段-标识4712#-300#326281
2016-11-14 21:16:10#二八第792145期押一段-标识4721#-300#325981
2016-11-14 21:17:40#二八第792145期押一段-标识4737#-300#325681
2016-11-14 21:20:56#二八第792146期押一段-标识4760#-300#325381
2016-11-14 21:22:47#二八第792146期押一段-标识4779#-300#325081
2016-11-14 21:24:01#二八第792146期押一段-标识4791#-300#324781
2016-11-14 21:26:03#二八第792147期押一段-标识4807#-300#324481
2016-11-14 21:26:35#二八第792147期押押大-标识4813#-300#324181
2016-11-14 21:27:12#二八第792147期押一段-标识4820#-300#323881
2016-11-14 21:30:28#二八第792148期押一段-标识4845#-300#323581
2016-11-14 21:31:42#二八第792148期押一段-标识4858#-300#323281
2016-11-14 21:34:05#二八第792148期押一段-标识4879#-300#322981
2016-11-14 21:35:14#二八第792149期押一段-标识4886#-300#322681
2016-11-14 21:36:28#二八第792149期押一段-标识4900#-300#322381
2016-11-14 21:38:30#二八第792149期押一段-标识4920#-300#322081
2016-11-14 21:41:09#二八第792150期押一段-标识4940#-300#321781
2016-11-14 21:43:11#二八第792150期押一段-标识4961#-300#321481
2016-11-14 21:45:12#二八第792151期押一段-标识4973#-300#321181
2016-11-14 21:46:05#二八第792151期押一段-标识4981#-300#320881
2016-11-14 21:51:07#二八第792152期押一段-标识5018#-300#320581
2016-11-14 21:51:44#二八第792152期押大双-标识5025#-300#320281
2016-11-14 21:52:37#二八第792152期押一段-标识5034#-300#319981
2016-11-14 21:55:53#二八第792153期押一段-标识5057#-300#319681
2016-11-14 21:58:16#二八第792153期押一段-标识5082#-300#319381
2016-11-14 22:01:38#二八第792154期押一段-标识5109#-300#319081
2016-11-14 22:04:01#二八第792154期押一段-标识5130#-300#318781
2016-11-14 22:04:32#二八第792154期押一段-标识5133#-300#318481
2016-11-14 22:06:39#二八第792155期押一段-标识5152#-300#318181
2016-11-14 22:07:17#二八第792155期押一段-标识5158#-300#317881
2016-11-14 22:09:40#二八第792155期押大双-标识5177#-300#317581
2016-11-14 22:12:03#二八第792156期押一段-标识5199#-300#317281
2016-11-14 22:13:17#二八第792156期押一段-标识5211#-300#316981
2016-11-14 22:14:10#二八第792156期押一段-标识5218#-300#316681
2016-11-14 22:15:19#二八第792157期押一段-标识5224#-300#316381
2016-11-14 22:16:38#二八第792157期押一段-标识5238#-300#316081
2016-11-14 22:17:52#二八第792157期押小双-标识5251#-300#315781
2016-11-14 22:20:47#二八第792158期押一段-标识5277#-300#315481
2016-11-14 22:21:45#二八第792158期押一段-标识5286#-300#315181
2016-11-14 22:22:44#二八第792158期押大双-标识5297#-300#314881
2016-11-14 22:26:00#二八第792159期押一段-标识5323#-300#314581
2016-11-14 22:27:14#二八第792159期押尾号-标识5337#-1500#313081
2016-11-14 22:30:14#二八第792160期押一段-标识5357#-300#312781
2016-11-14 22:30:35#二八第792160期押一段-标识5361#-300#312481
2016-11-14 22:31:28#二八第792160期押一段-标识5370#-300#312181
2016-11-14 22:36:14#二八第792161期押一段-标识5411#-300#311881
2016-11-14 22:36:51#二八第792161期押一段-标识5418#-300#311581
2016-11-14 22:37:12#二八第792161期押一段-标识5422#-300#311281
2016-11-14 22:40:07#二八第792162期押一段-标识5442#-300#310981
2016-11-14 22:41:21#二八第792162期押尾号-标识5455#-900#310081
2016-11-14 22:43:23#二八第792162期押一段-标识5477#-300#309781
2016-11-14 22:47:59#二八第792163期押一段-标识5519#-300#309481
2016-11-14 22:49:13#二八第792163期押小双-标识5530#-300#309181
2016-11-14 22:50:53#二八第792164期押一段-标识5543#-300#308881
2016-11-14 22:56:01#二八第792165期押三段-标识5589#-300#308581
2016-11-14 22:56:22#二八第792165期押一段-标识5592#-300#308281
2016-11-14 22:59:54#二八第792165期押一段-标识5622#-300#307981
2016-11-14 23:02:38#二八第792166期押一段-标识5651#-300#307681
2016-11-14 23:03:31#二八第792166期押一段-标识5658#-300#307381
2016-11-14 23:05:17#二八第792167期押小双-标识5670#-300#307081
2016-11-14 23:08:38#二八第792167期押一段-标识5703#-300#306781
2016-11-14 23:11:33#二八第792168期押一段-标识5728#-300#306481
2016-11-14 23:12:47#二八第792168期押小双-标识5740#-300#306181
2016-11-14 23:13:56#二八第792168期押一段-标识5748#-300#305881
2016-11-14 23:16:40#二八第792169期押一段-标识5770#-300#305581
2016-11-14 23:19:24#二八第792169期押一段-标识5792#-300#305281
2016-11-14 23:21:26#二八第792170期押一段-标识5809#-300#304981
2016-11-14 23:22:19#二八第792170期押一段-标识5819#-300#304681
2016-11-14 23:22:56#二八第792170期押一段-标识5825#-300#304381
2016-11-14 23:26:33#二八第792171期押一段-标识5853#-300#304081
2016-11-14 23:29:18#二八第792171期押一段-标识5873#-300#303781
2016-11-14 23:29:55#二八第792171期押一段-标识5878#-300#303481
2016-11-14 23:32:18#二八第792172期押一段-标识5905#-300#303181
2016-11-14 23:33:32#二八第792172期押一段-标识5916#-300#302881
2016-11-14 23:36:05#二八第792173期押一段-标识5936#-300#302581
2016-11-14 23:37:20#二八第792173期押一段-标识5948#-300#302281
2016-11-14 23:37:57#二八第792173期押一段-标识5955#-300#301981
2016-11-14 23:42:59#二八第792174期押一段-标识6000#-300#301681
2016-11-14 23:45:32#二八第792175期押一段-标识6019#-300#301381
2016-11-14 23:47:23#二八第792175期押一段-标识6038#-300#301081
2016-11-14 23:49:46#二八第792175期押押大-标识6057#-300#300781
2016-11-14 23:55:25#二八第792177期押一段-标识6101#-300#300481
2016-11-14 23:57:48#二八第792177期押一段-标识6127#-300#300181
2016-11-14 23:58:10#二八第792177期押一段-标识6131#-300#299881
2016-11-15 09:00:57#二八第792177期押押大-标识6151#-300#299581
2016-11-15 09:01:18#二八第792177期押单-标识6153#-300#299281
2016-11-15 09:01:50#二八第792177期押一段-标识6159#-300#298981
2016-11-15 09:10:24#二八第792179期押一段-标识6193#-300#298681
2016-11-15 09:10:45#二八第792179期押一段-标识6197#-300#298381
2016-11-15 09:11:06#二八第792179期押一段-标识6201#-300#298081
2016-11-15 09:15:26#二八第792180期押一段-标识6233#-300#297781
2016-11-15 09:18:05#二八第792180期押一段-标识6259#-300#297481
2016-11-15 09:20:38#二八第792181期押一段-标识6276#-300#297181
2016-11-15 09:22:14#二八第792181期押小双-标识6293#-300#296881
2016-11-15 09:22:51#二八第792181期押一段-标识6299#-300#296581
2016-11-15 09:25:14#二八第792182期押一段-标识6316#-300#296281
2016-11-15 09:26:44#二八第792182期押一段-标识6332#-300#295981
2016-11-15 09:27:58#二八第792182期押一段-标识6344#-300#295681
2016-11-15 09:30:53#二八第792183期押一段-标识6372#-300#295381
2016-11-15 09:31:30#二八第792183期押一段-标识6379#-300#295081
2016-11-15 09:32:49#二八第792183期押尾号-标识6392#-900#294181
2016-11-15 09:35:23#二八第792184期押一段-标识6410#-300#293881
2016-11-15 09:36:16#二八第792184期押一段-标识6419#-300#293581
2016-11-15 09:37:46#二八第792184期押一段-标识6434#-300#293281
2016-11-15 09:40:57#二八第792185期押一段-标识6459#-300#292981
2016-11-15 09:42:37#二八第792185期押小双-标识6478#-300#292681
2016-11-15 09:42:48#二八第792185期押押大-标识6479#-300#292381
2016-11-15 09:46:15#二八第792186期押一段-标识6507#-300#292081
2016-11-15 09:47:13#二八第792186期押大双-标识6517#-300#291781
2016-11-15 09:48:33#二八第792186期押一段-标识6527#-300#291481
2016-11-15 09:50:56#二八第792187期押一段-标识6543#-300#291181
2016-11-15 09:52:10#二八第792187期押一段-标识6556#-300#290881
2016-11-15 09:54:01#二八第792187期押一段-标识6574#-300#290581
2016-11-15 09:56:45#二八第792188期押一段-标识6598#-300#290281
2016-11-15 09:59:19#二八第792188期押一段-标识6615#-300#289981
2016-11-15 10:01:31#二八第792189期押小双-标识6637#-300#289681
2016-11-15 10:01:42#二八第792189期押一段-标识6638#-300#289381
2016-11-15 10:03:01#二八第792189期押一段-标识6649#-300#289081
2016-11-15 10:06:17#二八第792190期押一段-标识6676#-300#288781
2016-11-15 10:06:39#二八第792190期押一段-标识6680#-300#288481
2016-11-15 10:08:40#二八第792190期押一段-标识6699#-300#288181
2016-11-15 10:12:23#二八第792191期押一段-标识6735#-300#287881
2016-11-15 10:15:39#二八第792192期押一段-标识6760#-300#287581
2016-11-15 10:16:16#二八第792192期押一段-标识6767#-300#287281
2016-11-15 10:17:51#二八第792192期押一段-标识6783#-300#286981
2016-11-15 10:20:14#二八第792193期押一段-标识6798#-300#286681
2016-11-15 10:22:06#二八第792193期押小单-标识6818#-300#286381
2016-11-15 10:22:16#二八第792193期押一段-标识6820#-300#286081
2016-11-15 10:25:22#二八第792194期押一段-标识6846#-300#285781
2016-11-15 10:26:31#二八第792194期押押大-标识6858#-300#285481
2016-11-15 10:27:45#二八第792194期押一段-标识6871#-300#285181
2016-11-15 10:31:11#二八第792195期押一段-标识6895#-300#284881
2016-11-15 10:33:02#二八第792195期押一段-标识6914#-300#284581
2016-11-15 10:33:55#二八第792195期押一段-标识6920#-300#284281
2016-11-15 10:35:57#二八第792196期押一段-标识6935#-300#283981
2016-11-15 10:38:10#二八第792196期押一段-标识6955#-300#283681
2016-11-15 10:40:11#二八第792197期押一段-标识6968#-300#283381
2016-11-15 10:41:26#二八第792197期押一段-标识6982#-300#283081
2016-11-15 10:42:35#二八第792197期押押大-标识6993#-300#282781
2016-11-15 10:47:31#二八第792198期押一段-标识7033#-300#282481
2016-11-15 10:49:01#二八第792198期押一段-标识7045#-300#282181
2016-11-15 10:50:15#二八第792199期押一段-标识7054#-300#281881
2016-11-15 10:52:38#二八第792199期押一段-标识7079#-300#281581
2016-11-15 10:53:16#二八第792199期押一段-标识7085#-300#281281
2016-11-15 10:56:00#二八第792200期押一段-标识7105#-300#280981
2016-11-15 10:57:14#二八第792200期押一段-标识7119#-300#280681
2016-11-15 10:59:47#二八第792200期押一段-标识7137#-300#280381
2016-11-15 11:01:07#二八第792201期押一段-标识7150#-300#280081
2016-11-15 11:03:09#二八第792201期押一段-标识7170#-300#279781
2016-11-15 11:04:44#二八第792201期押一段-标识7179#-300#279481
2016-11-15 11:09:57#二八第792202期押一段-标识7223#-300#279181
2016-11-15 11:11:48#二八第792203期押一段-标识7242#-300#278881
2016-11-15 11:13:02#二八第792203期押一段-标识7255#-300#278581
2016-11-15 11:14:43#二八第792203期押一段-标识7267#-300#278281
2016-11-15 11:16:55#二八第792204期押一段-标识7288#-300#277981
2016-11-15 11:18:57#二八第792204期押一段-标识7307#-300#277681
2016-11-15 11:19:18#二八第792204期押一段-标识7309#-300#277381
2016-11-15 11:21:41#二八第792205期押一段-标识7331#-300#277081
2016-11-15 11:22:40#二八第792205期押一段-标识7341#-300#276781
2016-11-15 11:23:54#二八第792205期押一段-标识7350#-300#276481
2016-11-15 11:26:17#二八第792206期押一段-标识7371#-300#276181
2016-11-15 11:26:38#二八第792206期押一段-标识7375#-300#275881
2016-11-15 11:29:06#二八第792206期押一段-标识7398#-300#275581
2016-11-15 11:30:21#二八第792207期押尾号-标识7410#-900#274681
2016-11-15 11:33:05#二八第792207期押小双-标识7436#-300#274381
2016-11-15 11:34:35#二八第792207期押一段-标识7448#-300#274081
2016-11-15 11:35:07#二八第792208期押一段-标识7450#-300#273781
2016-11-15 11:36:05#二八第792208期押一段-标识7460#-300#273481
2016-11-15 11:37:56#二八第792208期押押大-标识7479#-300#273181
2016-11-15 11:43:51#二八第792209期押一段-标识7524#-300#272881
2016-11-15 11:45:53#二八第792210期押一段-标识7539#-300#272581
2016-11-15 11:46:57#二八第792210期押一段-标识7549#-300#272281
2016-11-15 11:47:34#二八第792210期押一段-标识7555#-300#271981
2016-11-15 11:52:41#二八第792211期押一段-标识7598#-300#271681
2016-11-15 11:54:32#二八第792211期押一段-标识7611#-300#271381
2016-11-15 11:55:41#二八第792212期押一段-标识7619#-300#271081
2016-11-15 11:56:23#二八第792212期押一段-标识7626#-300#270781
2016-11-15 11:56:45#二八第792212期押小双-标识7630#-300#270481
2016-11-15 12:00:38#二八第792213期押一段-标识7663#-300#270181
2016-11-15 12:01:36#二八第792213期押一段-标识7673#-300#269881
2016-11-15 12:02:50#二八第792213期押一段-标识7686#-300#269581
2016-11-15 12:05:13#二八第792214期押尾号-标识7701#-1500#268081
2016-11-15 12:10:42#二八第792215期押一段-标识7750#-300#267781
2016-11-15 12:11:56#二八第792215期押一段-标识7762#-300#267481
2016-11-15 12:12:23#二八第792215期押小双-标识7767#-300#267181
2016-11-15 12:15:33#二八第792216期押尾号-标识7789#-900#266281
2016-11-15 12:15:55#二八第792216期押一段-标识7793#-300#265981
2016-11-15 12:17:03#二八第792216期押一段-标识7802#-300#265681
2016-11-15 12:22:16#二八第792217期押一段-标识7844#-300#265381
2016-11-15 12:24:23#二八第792217期押一段-标识7862#-300#265081
2016-11-15 12:25:37#二八第792218期押一段-标识7870#-300#264781
2016-11-15 12:27:29#二八第792218期押三段-标识7886#-300#264481
2016-11-15 12:29:20#二八第792218期押一段-标识7902#-300#264181
2016-11-15 12:33:34#二八第792219期押一段-标识7941#-300#263881
2016-11-15 12:41:47#二八第792221期押小双-标识8005#-300#263581
2016-11-15 12:43:17#二八第792221期押一段-标识8020#-300#263281
2016-11-15 12:45:08#二八第792222期押一段-标识8033#-300#262981
2016-11-15 12:47:31#二八第792222期押一段-标识8058#-300#262681
2016-11-15 12:50:47#二八第792223期押一段-标识8085#-300#262381
2016-11-15 12:51:46#二八第792223期押一段-标识8095#-300#262081
2016-11-15 12:53:47#二八第792223期押大双-标识8116#-300#261781
2016-11-15 12:55:54#二八第792224期押一段-标识8133#-300#261481
2016-11-15 12:58:18#二八第792224期押一段-标识8158#-300#261181
2016-11-15 12:59:16#二八第792224期押一段-标识8164#-300#260881
2016-11-15 13:01:39#二八第792225期押一段-标识8183#-300#260581
2016-11-15 13:02:53#二八第792225期押一段-标识8196#-300#260281
2016-11-15 13:04:55#二八第792225期押一段-标识8211#-300#259981
2016-11-15 13:06:09#二八第792226期押一段-标识8224#-300#259681
2016-11-15 13:06:46#二八第792226期押一段-标识8231#-300#259381
2016-11-15 13:09:09#二八第792226期押一段-标识8252#-300#259081
2016-11-15 13:10:23#二八第792227期押小双-标识8258#-300#258781
2016-11-15 13:11:22#二八第792227期押尾号-标识8268#-900#257881
2016-11-15 13:11:43#二八第792227期押一段-标识8272#-300#257581
2016-11-15 13:15:15#二八第792228期押大双-标识8300#-300#257281
2016-11-15 13:15:36#二八第792228期押一段-标识8304#-300#256981
2016-11-15 13:16:29#二八第792228期押一段-标识8314#-300#256681
2016-11-15 13:20:43#二八第792229期押小双-标识8350#-300#256381
2016-11-15 13:21:47#二八第792229期押一段-标识8361#-300#256081
2016-11-15 13:22:24#二八第792229期押一段-标识8368#-300#255781
2016-11-15 13:26:01#二八第792230期押一段-标识8397#-300#255481
2016-11-15 13:26:22#二八第792230期押尾号-标识8401#-900#254581
2016-11-15 13:26:43#二八第792230期押一段-标识8404#-300#254281
2016-11-15 13:30:36#二八第792231期押一段-标识8435#-300#253981
2016-11-15 13:32:06#二八第792231期押一段-标识8451#-300#253681
2016-11-15 13:36:21#二八第792232期押一段-标识8485#-300#253381
2016-11-15 13:37:35#二八第792232期押一段-标识8497#-300#253081
2016-11-15 13:39:26#二八第792232期押一段-标识8511#-300#252781
2016-11-15 13:41:17#二八第792233期押一段-标识8528#-300#252481
2016-11-15 13:42:16#二八第792233期押一段-标识8539#-300#252181
2016-11-15 13:45:32#二八第792234期押一段-标识8566#-300#251881
2016-11-15 13:48:16#二八第792234期押一段-标识8595#-300#251581
2016-11-15 13:52:09#二八第792235期押一段-标识8628#-300#251281
2016-11-15 13:53:23#二八第792235期押一段-标识8639#-300#250981
2016-11-15 13:54:32#二八第792235期押一段-标识8646#-300#250681
2016-11-15 13:55:46#二八第792236期押一段-标识8657#-300#250381
2016-11-15 13:58:14#二八第792236期押一段-标识8682#-300#250081
2016-11-15 14:03:48#二八第792237期押一段-标识8732#-300#249781
2016-11-15 14:04:41#二八第792237期押一段-标识8737#-300#249481
2016-11-15 14:05:02#二八第792237期押一段-标识8738#-300#249181
2016-11-15 14:07:04#二八第792238期押一段-标识8760#-300#248881
2016-11-15 14:09:06#二八第792238期押一段-标识8777#-300#248581
2016-11-15 14:09:43#二八第792238期押一段-标识8783#-300#248281
2016-11-15 14:12:06#二八第792239期押一段-标识8806#-300#247981
2016-11-15 14:12:28#二八第792239期押一段-标识8810#-300#247681
2016-11-15 14:15:33#二八第792240期押一段-标识8833#-300#247381
2016-11-15 14:17:08#二八第792240期押一段-标识8850#-300#247081
2016-11-15 14:19:53#二八第792240期押一段-标识8872#-300#246781
2016-11-15 14:21:07#二八第792241期押一段-标识8884#-300#246481
2016-11-15 14:22:05#二八第792241期押一段-标识8893#-300#246181
2016-11-15 14:23:03#二八第792241期押一段-标识8903#-300#245881
2016-11-15 14:25:26#二八第792242期押一段-标识8923#-300#245581
2016-11-15 14:26:41#二八第792242期押一段-标识8936#-300#245281
2016-11-15 14:29:04#二八第792242期押一段-标识8954#-300#244981
2016-11-15 14:33:39#二八第792243期押一段-标识8997#-300#244681
2016-11-15 14:36:02#二八第792244期押一段-标识9015#-300#244381
2016-11-15 14:37:22#二八第792244期押一段-标识9029#-300#244081
2016-11-15 14:37:59#二八第792244期押一段-标识9035#-300#243781
2016-11-15 14:40:43#二八第792245期押一段-标识9053#-300#243481
2016-11-15 14:41:57#二八第792245期押一段-标识9066#-300#243181
2016-11-15 14:42:55#二八第792245期押一段-标识9074#-300#242881
2016-11-15 14:45:40#二八第792246期押一段-标识9095#-300#242581
2016-11-15 14:47:41#二八第792246期押一段-标识9115#-300#242281
2016-11-15 14:49:54#二八第792246期押小双-标识9132#-300#241981
2016-11-15 14:50:04#二八第792247期押一段-标识9133#-300#241681
2016-11-15 14:51:03#二八第792247期押一段-标识9144#-300#241381
2016-11-15 14:52:38#二八第792247期押小双-标识9161#-300#241081
2016-11-15 14:55:22#二八第792248期押小双-标识9183#-300#240781
2016-11-15 14:56:31#二八第792248期押一段-标识9195#-300#240481
2016-11-15 14:57:08#二八第792248期押一段-标识9202#-300#240181
