2016-11-14 15:57:09#二八第791725期押小-标识1984#-300#5387960
2016-11-14 16:00:46#二八第792082期押二段-标识2035#-300#5387660
2016-11-14 16:01:28#二八第792082期押二段-标识2043#-300#5387360
2016-11-14 16:07:13#二八第792083期押二段-标识2094#-300#5387060
2016-11-14 16:08:43#二八第792083期押二段-标识2105#-300#5386760
2016-11-14 16:13:02#二八第792084期押小-标识2144#-300#5386460
2016-11-14 16:13:55#二八第792084期押二段-标识2149#-300#5386160
2016-11-14 16:14:27#二八第792084期押二段-标识2152#-300#5385860
2016-11-14 16:16:19#二八第792085期押小-标识2169#-300#5385560
2016-11-14 16:16:40#二八第792085期押二段-标识2173#-300#5385260
2016-11-14 16:21:10#二八第792086期押三段-标识2211#-300#5384960
2016-11-14 16:22:40#二八第792086期押二段-标识2225#-300#5384660
2016-11-14 16:23:54#二八第792086期押二段-标识2238#-300#5384360
2016-11-14 16:27:21#二八第792087期押二段-标识2268#-300#5384060
2016-11-14 16:29:12#二八第792087期押二段-标识2282#-300#5383760
2016-11-14 16:29:44#二八第792087期押二段-标识2285#-300#5383460
2016-11-14 16:30:26#二八第792088期押二段-标识2291#-300#5383160
2016-11-14 16:33:00#二八第792088期押小双-标识2315#-300#5382860
2016-11-14 16:34:14#二八第792088期押二段-标识2325#-300#5382560
2016-11-14 16:35:07#二八第792089期押二段-标识2332#-300#5382260
2016-11-14 16:37:09#二八第792089期押二段-标识2354#-300#5381960
2016-11-14 16:39:32#二八第792089期押小-标识2375#-300#5381660
2016-11-14 16:41:23#二八第792090期押二段-标识2392#-300#5381360
2016-11-14 16:42:16#二八第792090期押二段-标识2401#-300#5381060
2016-11-14 16:44:39#二八第792090期押二段-标识2422#-300#5380760
2016-11-14 16:45:59#二八第792091期押二段-标识2432#-300#5380460
2016-11-14 16:46:30#二八第792091期押二段-标识2438#-300#5380160
2016-11-14 16:49:52#二八第792091期押三段-标识2469#-300#5379860
2016-11-14 16:51:27#二八第792092期押二段-标识2486#-300#5379560
2016-11-14 16:52:36#二八第792092期押三段-标识2496#-300#5379260
2016-11-14 16:54:38#二八第792092期押三段-标识2511#-300#5378960
2016-11-14 16:55:31#二八第792093期押二段-标识2517#-300#5378660
2016-11-14 16:56:24#二八第792093期押小双-标识2525#-300#5378360
2016-11-14 16:59:40#二八第792093期押二段-标识2553#-300#5378060
2016-11-14 17:01:31#二八第792094期押二段-标识2570#-300#5377760
2016-11-14 17:02:34#二八第792094期押二段-标识2580#-300#5377460
2016-11-14 17:03:12#二八第792094期押三段-标识2586#-300#5377160
2016-11-14 17:05:50#二八第792095期押二段-标识2602#-300#5376860
2016-11-14 17:08:45#二八第792095期押二段-标识2631#-300#5376560
2016-11-14 17:09:38#二八第792095期押二段-标识2637#-300#5376260
2016-11-14 17:10:31#二八第792096期押二段-标识2644#-300#5375960
2016-11-14 17:11:29#二八第792096期押二段-标识2653#-300#5375660
2016-11-14 17:11:40#二八第792096期押三段-标识2655#-300#5375360
2016-11-14 17:15:17#二八第792097期押二段-标识2683#-300#5375060
2016-11-14 17:16:26#二八第792097期押三段-标识2695#-300#5374760
2016-11-14 17:17:08#二八第792097期押二段-标识2703#-300#5374460
2016-11-14 17:21:01#二八第792098期押二段-标识2736#-300#5374160
2016-11-14 17:22:00#二八第792098期押三段-标识2746#-300#5373860
2016-11-14 17:23:14#二八第792098期押二段-标识2757#-300#5373560
2016-11-14 17:25:37#二八第792099期押二段-标识2774#-300#5373260
2016-11-14 17:28:21#二八第792099期押二段-标识2801#-300#5372960
2016-11-14 17:30:55#二八第792100期押二段-标识2819#-300#5372660
2016-11-14 17:33:39#二八第792100期押二段-标识2846#-300#5372360
2016-11-14 17:35:51#二八第792101期押二段-标识2860#-300#5372060
2016-11-14 17:37:53#二八第792101期押二段-标识2883#-300#5371760
2016-11-14 17:39:07#二八第792101期押小-标识2893#-300#5371460
2016-11-14 17:40:32#二八第792102期押小-标识2902#-300#5371160
2016-11-14 17:41:09#二八第792102期押二段-标识2908#-300#5370860
2016-11-14 17:42:39#二八第792102期押二段-标识2925#-300#5370560
2016-11-14 17:47:41#二八第792103期押二段-标识2970#-300#5370260
2016-11-14 17:49:11#二八第792103期押二段-标识2980#-300#5369960
2016-11-14 17:49:43#二八第792103期押小-标识2982#-300#5369660
2016-11-14 17:50:15#二八第792104期押三段-标识2984#-300#5369360
2016-11-14 17:52:27#二八第792104期押二段-标识3008#-300#5369060
2016-11-14 17:53:20#二八第792104期押小-标识3017#-300#5368760
2016-11-14 17:55:43#二八第792105期押二段-标识3034#-300#5368460
2016-11-14 17:56:04#二八第792105期押二段-标识3038#-300#5368160
2016-11-14 17:56:41#二八第792105期押二段-标识3044#-300#5367860
2016-11-14 18:00:13#二八第792106期押二段-标识3069#-300#5367560
2016-11-14 18:02:05#二八第792106期押二段-标识3088#-300#5367260
2016-11-14 18:02:42#二八第792106期押二段-标识3092#-300#5366960
2016-11-14 18:10:33#二八第792108期押三段-标识3148#-300#5366660
2016-11-14 18:11:05#二八第792108期押三段-标识3154#-300#5366360
2016-11-14 18:12:19#二八第792108期押二段-标识3168#-300#5366060
2016-11-14 18:15:56#二八第792109期押二段-标识3194#-300#5365760
2016-11-14 18:16:49#二八第792109期押二段-标识3203#-300#5365460
2016-11-14 18:18:51#二八第792109期押三段-标识3223#-300#5365160
2016-11-14 18:21:40#二八第792110期押二段-标识3246#-300#5364860
2016-11-14 18:22:54#二八第792110期押二段-标识3257#-300#5364560
2016-11-14 18:26:00#二八第792111期押小双-标识3278#-300#5364260
2016-11-14 18:28:01#二八第792111期押二段-标识3298#-300#5363960
2016-11-14 18:28:54#二八第792111期押二段-标识3306#-300#5363660
2016-11-14 18:31:12#二八第792112期押小-标识3323#-300#5363360
2016-11-14 18:33:35#二八第792112期押二段-标识3345#-300#5363060
2016-11-14 18:34:07#二八第792112期押小-标识3350#-300#5362760
2016-11-14 18:35:10#二八第792113期押二段-标识3354#-300#5362460
2016-11-14 18:36:09#二八第792113期押二段-标识3365#-300#5362160
2016-11-14 18:37:54#二八第792113期押小双-标识3382#-300#5361860
2016-11-14 18:45:40#二八第792115期押二段-标识3439#-300#5361560
2016-11-14 18:46:49#二八第792115期押三段-标识3450#-300#5361260
2016-11-14 18:47:42#二八第792115期押二段-标识3460#-300#5360960
2016-11-14 18:51:56#二八第792116期押二段-标识3490#-300#5360660
2016-11-14 18:52:33#二八第792116期押三段-标识3497#-300#5360360
2016-11-14 18:55:02#二八第792116期押三段-标识3513#-300#5360060
2016-11-14 18:56:16#二八第792117期押二段-标识3526#-300#5359760
2016-11-14 18:56:48#二八第792117期押二段-标识3531#-300#5359460
2016-11-14 18:57:25#二八第792117期押二段-标识3537#-300#5359160
2016-11-14 19:00:14#二八第792118期押二段-标识3555#-300#5358860
2016-11-14 19:02:05#二八第792118期押二段-标识3572#-300#5358560
2016-11-14 19:02:37#二八第792118期押二段-标识3577#-300#5358260
2016-11-14 19:08:58#二八第792119期押二段-标识3633#-300#5357960
2016-11-14 19:09:30#二八第792119期押二段-标识3636#-300#5357660
2016-11-14 19:10:23#二八第792120期押二段-标识3643#-300#5357360
2016-11-14 19:11:37#二八第792120期押二段-标识3657#-300#5357060
2016-11-14 19:13:18#二八第792120期押三段-标识3675#-300#5356760
2016-11-14 19:15:57#二八第792121期押二段-标识3696#-300#5356460
2016-11-14 19:16:34#二八第792121期押二段-标识3703#-300#5356160
2016-11-14 19:18:51#二八第792121期押小双-标识3723#-300#5355860
2016-11-14 19:21:25#二八第792122期押二段-标识3743#-300#5355560
2016-11-14 19:23:11#二八第792122期押二段-标识3760#-300#5355260
2016-11-14 19:25:39#二八第792123期押二段-标识3777#-300#5354960
2016-11-14 19:26:48#二八第792123期押小-标识3788#-300#5354660
2016-11-14 19:27:41#二八第792123期押二段-标识3798#-300#5354360
2016-11-14 19:31:18#二八第792124期押三段-标识3826#-300#5354060
2016-11-14 19:33:04#二八第792124期押二段-标识3844#-300#5353760
2016-11-14 19:34:29#二八第792124期押尾号-标识3856#-600#5353160
2016-11-14 19:35:27#二八第792125期押二段-标识3863#-300#5352860
2016-11-14 19:37:39#二八第792125期押二段-标识3886#-300#5352560
2016-11-14 19:38:11#二八第792125期押二段-标识3890#-300#5352260
2016-11-14 19:41:48#二八第792126期押三段-标识3913#-300#5351960
2016-11-14 19:45:09#二八第792127期押二段-标识3936#-300#5351660
2016-11-14 19:46:23#二八第792127期押二段-标识3949#-300#5351360
2016-11-14 19:48:25#二八第792127期押二段-标识3968#-300#5351060
2016-11-14 19:51:20#二八第792128期押二段-标识3990#-300#5350760
2016-11-14 19:54:04#二八第792128期押二段-标识4015#-300#5350460
2016-11-14 19:54:36#二八第792128期押二段-标识4019#-300#5350160
2016-11-14 19:55:29#二八第792129期押二段-标识4026#-300#5349860
2016-11-14 19:56:59#二八第792129期押二段-标识4042#-300#5349560
2016-11-14 19:59:22#二八第792129期押二段-标识4061#-300#5349260
2016-11-14 20:00:47#二八第792130期押二段-标识4069#-300#5348960
2016-11-14 20:01:08#二八第792130期押二段-标识4073#-300#5348660
2016-11-14 20:02:49#二八第792130期押三段-标识4091#-300#5348360
2016-11-14 20:06:36#二八第792131期押二段-标识4125#-300#5348060
2016-11-14 20:07:29#二八第792131期押二段-标识4133#-300#5347760
2016-11-14 20:08:22#二八第792131期押二段-标识4142#-300#5347460
2016-11-14 20:11:49#二八第792132期押小-标识4169#-300#5347160
2016-11-14 20:14:43#二八第792132期押二段-标识4191#-300#5346860
2016-11-14 20:16:08#二八第792133期押二段-标识4203#-300#5346560
2016-11-14 20:16:45#二八第792133期押二段-标识4209#-300#5346260
2016-11-14 20:17:38#二八第792133期押二段-标识4217#-300#5345960
2016-11-14 20:20:49#二八第792134期押小-标识4245#-300#5345660
2016-11-14 20:22:40#二八第792134期押二段-标识4264#-300#5345360
2016-11-14 20:24:10#二八第792134期押二段-标识4276#-300#5345060
2016-11-14 20:25:14#二八第792135期押二段-标识4281#-300#5344760
2016-11-14 20:27:37#二八第792135期押二段-标识4306#-300#5344460
2016-11-14 20:28:08#二八第792135期押二段-标识4311#-300#5344160
2016-11-14 20:30:05#二八第792136期押二段-标识4318#-300#5343860
2016-11-14 20:31:19#二八第792136期押二段-标识4332#-300#5343560
2016-11-14 20:33:21#二八第792136期押二段-标识4353#-300#5343260
2016-11-14 20:38:17#二八第792137期押三段-标识4396#-300#5342960
2016-11-14 20:38:49#二八第792137期押三段-标识4399#-300#5342660
2016-11-14 20:39:10#二八第792137期押小-标识4402#-300#5342360
2016-11-14 20:41:55#二八第792138期押二段-标识4428#-300#5342060
2016-11-14 20:42:53#二八第792138期押二段-标识4436#-300#5341760
2016-11-14 20:44:07#二八第792138期押二段-标识4448#-300#5341460
2016-11-14 20:46:41#二八第792139期押二段-标识4467#-300#5341160
2016-11-14 20:47:02#二八第792139期押二段-标识4471#-300#5340860
2016-11-14 20:49:25#二八第792139期押二段-标识4493#-300#5340560
2016-11-14 20:50:18#二八第792140期押小-标识4500#-300#5340260
2016-11-14 20:50:55#二八第792140期押二段-标识4507#-300#5339960
2016-11-14 20:52:09#二八第792140期押二段-标识4520#-300#5339660
2016-11-14 20:55:14#二八第792141期押二段-标识4541#-300#5339360
2016-11-14 20:55:57#二八第792141期押二段-标识4549#-300#5339060
2016-11-14 20:58:25#二八第792141期押二段-标识4575#-300#5338760
2016-11-14 21:00:43#二八第792142期押二段-标识4589#-300#5338460
2016-11-14 21:02:45#二八第792142期押二段-标识4608#-300#5338160
2016-11-14 21:03:59#二八第792142期押二段-标识4619#-300#5337860
2016-11-14 21:06:59#二八第792143期押二段-标识4647#-300#5337560
2016-11-14 21:09:22#二八第792143期押三段-标识4666#-300#5337260
2016-11-14 21:11:08#二八第792144期押小-标识4679#-300#5336960
2016-11-14 21:14:50#二八第792144期押二段-标识4708#-300#5336660
2016-11-14 21:15:43#二八第792145期押二段-标识4716#-300#5336360
2016-11-14 21:18:06#二八第792145期押小-标识4741#-300#5336060
2016-11-14 21:20:40#二八第792146期押三段-标识4757#-300#5335760
2016-11-14 21:21:22#二八第792146期押二段-标识4764#-300#5335460
2016-11-14 21:21:59#二八第792146期押二段-标识4771#-300#5335160
2016-11-14 21:25:47#二八第792147期押小-标识4804#-300#5334860
2016-11-14 21:28:31#二八第792147期押小-标识4833#-300#5334560
2016-11-14 21:29:30#二八第792147期押二段-标识4840#-300#5334260
2016-11-14 21:31:16#二八第792148期押二段-标识4853#-300#5333960
2016-11-14 21:33:39#二八第792148期押小-标识4874#-300#5333660
2016-11-14 21:36:12#二八第792149期押三段-标识4897#-300#5333360
2016-11-14 21:37:32#二八第792149期押二段-标识4911#-300#5333060
2016-11-14 21:38:03#二八第792149期押二段-标识4916#-300#5332760
2016-11-14 21:41:30#二八第792150期押三段-标识4943#-300#5332460
2016-11-14 21:42:44#二八第792150期押二段-标识4957#-300#5332160
2016-11-14 21:43:37#二八第792150期押二段-标识4963#-300#5331860
2016-11-14 21:49:05#二八第792151期押二段-标识5003#-300#5331560
2016-11-14 21:51:28#二八第792152期押三段-标识5022#-300#5331260
2016-11-14 21:56:14#二八第792153期押三段-标识5061#-300#5330960
2016-11-14 21:56:36#二八第792153期押二段-标识5064#-300#5330660
2016-11-14 21:57:50#二八第792153期押二段-标识5077#-300#5330360
2016-11-14 22:03:34#二八第792154期押二段-标识5127#-300#5330060
2016-11-14 22:08:36#二八第792155期押小-标识5169#-300#5329760
2016-11-14 22:10:43#二八第792156期押二段-标识5185#-300#5329460
2016-11-14 22:12:50#二八第792156期押二段-标识5206#-300#5329160
2016-11-14 22:17:36#二八第792157期押二段-标识5248#-300#5328860
2016-11-14 22:18:13#二八第792157期押二段-标识5254#-300#5328560
2016-11-14 22:19:28#二八第792157期押二段-标识5266#-300#5328260
2016-11-14 22:24:35#二八第792158期押二段-标识5310#-300#5327960
2016-11-14 22:25:12#二八第792159期押二段-标识5314#-300#5327660
2016-11-14 22:25:33#二八第792159期押二段-标识5318#-300#5327360
2016-11-14 22:27:35#二八第792159期押三段-标识5341#-300#5327060
2016-11-14 22:31:12#二八第792160期押二段-标识5367#-300#5326760
2016-11-14 22:33:03#二八第792160期押二段-标识5386#-300#5326460
2016-11-14 22:34:33#二八第792160期押二段-标识5396#-300#5326160
2016-11-14 22:35:26#二八第792161期押二段-标识5403#-300#5325860
2016-11-14 22:35:48#二八第792161期押二段-标识5407#-300#5325560
2016-11-14 22:38:11#二八第792161期押二段-标识5431#-300#5325260
2016-11-14 22:41:42#二八第792162期押小双-标识5458#-300#5324960
2016-11-14 22:42:57#二八第792162期押二段-标识5472#-300#5324660
2016-11-14 22:44:27#二八第792162期押三段-标识5487#-300#5324360
2016-11-14 22:45:41#二八第792163期押二段-标识5496#-300#5324060
2016-11-14 22:47:32#二八第792163期押二段-标识5515#-300#5323760
2016-11-14 22:48:41#二八第792163期押三段-标识5525#-300#5323460
2016-11-14 22:53:43#二八第792164期押二段-标识5573#-300#5323160
2016-11-14 22:56:43#二八第792165期押三段-标识5596#-300#5322860
2016-11-14 22:58:50#二八第792165期押二段-标识5613#-300#5322560
2016-11-14 23:01:13#二八第792166期押二段-标识5635#-300#5322260
2016-11-14 23:01:34#二八第792166期押二段-标识5639#-300#5321960
2016-11-14 23:03:04#二八第792166期押小双-标识5654#-300#5321660
2016-11-14 23:05:38#二八第792167期押二段-标识5673#-300#5321360
2016-11-14 23:05:59#二八第792167期押小-标识5677#-300#5321060
2016-11-14 23:08:01#二八第792167期押三段-标识5699#-300#5320760
2016-11-14 23:11:06#二八第792168期押二段-标识5723#-300#5320460
2016-11-14 23:13:08#二八第792168期押二段-标识5743#-300#5320160
2016-11-14 23:13:29#二八第792168期押二段-标识5746#-300#5319860
2016-11-14 23:15:31#二八第792169期押三段-标识5759#-300#5319560
2016-11-14 23:16:24#二八第792169期押二段-标识5767#-300#5319260
2016-11-14 23:18:37#二八第792169期押小双-标识5786#-300#5318960
2016-11-14 23:20:38#二八第792170期押二段-标识5800#-300#5318660
2016-11-14 23:21:53#二八第792170期押二段-标识5814#-300#5318360
2016-11-14 23:23:01#二八第792170期押三段-标识5826#-300#5318060
2016-11-14 23:25:14#二八第792171期押二段-标识5838#-300#5317760
2016-11-14 23:26:17#二八第792171期押三段-标识5850#-300#5317460
2016-11-14 23:27:37#二八第792171期押二段-标识5863#-300#5317160
2016-11-14 23:30:53#二八第792172期押二段-标识5889#-300#5316860
2016-11-14 23:31:14#二八第792172期押二段-标识5893#-300#5316560
2016-11-14 23:33:16#二八第792172期押三段-标识5913#-300#5316260
2016-11-14 23:35:39#二八第792173期押二段-标识5931#-300#5315960
2016-11-14 23:36:53#二八第792173期押二段-标识5944#-300#5315660
2016-11-14 23:38:55#二八第792173期押二段-标识5963#-300#5315360
2016-11-14 23:41:39#二八第792174期押二段-标识5988#-300#5315060
2016-11-14 23:44:13#二八第792174期押二段-标识6011#-300#5314760
2016-11-14 23:45:06#二八第792175期押小-标识6015#-300#5314460
2016-11-14 23:47:07#二八第792175期押三段-标识6035#-300#5314160
2016-11-14 23:47:50#二八第792175期押二段-标识6041#-300#5313860
2016-11-14 23:51:22#二八第792176期押三段-标识6072#-300#5313560
2016-11-14 23:56:45#二八第792177期押二段-标识6115#-300#5313260
2016-11-14 23:57:22#二八第792177期押二段-标识6122#-300#5312960
2016-11-14 23:59:24#二八第792177期押三段-标识6140#-300#5312660
2016-11-15 09:01:39#二八第792177期押二段-标识6157#-300#5312360
2016-11-15 09:03:15#二八第792177期押二段-标识6169#-300#5312060
2016-11-15 09:06:31#二八第792177期押二段-标识6182#-300#5311760
2016-11-15 09:12:41#二八第792179期押二段-标识6215#-300#5311460
2016-11-15 09:14:27#二八第792179期押二段-标识6227#-300#5311160
2016-11-15 09:17:01#二八第792180期押二段-标识6250#-300#5310860
2016-11-15 09:20:12#二八第792181期押二段-标识6271#-300#5310560
2016-11-15 09:22:35#二八第792181期押二段-标识6296#-300#5310260
2016-11-15 09:24:58#二八第792181期押三段-标识6314#-300#5309960
2016-11-15 09:26:12#二八第792182期押二段-标识6327#-300#5309660
2016-11-15 09:27:31#二八第792182期押二段-标识6339#-300#5309360
2016-11-15 09:29:33#二八第792182期押二段-标识6359#-300#5309060
2016-11-15 09:30:26#二八第792183期押二段-标识6367#-300#5308760
2016-11-15 09:30:47#二八第792183期押二段-标识6371#-300#5308460
2016-11-15 09:32:28#二八第792183期押小-标识6389#-300#5308160
2016-11-15 09:35:49#二八第792184期押二段-标识6414#-300#5307860
2016-11-15 09:37:30#二八第792184期押三段-标识6431#-300#5307560
2016-11-15 09:39:05#二八第792184期押二段-标识6443#-300#5307260
2016-11-15 09:40:09#二八第792185期押二段-标识6451#-300#5306960
2016-11-15 09:42:22#二八第792185期押二段-标识6475#-300#5306660
2016-11-15 09:43:36#二八第792185期押二段-标识6485#-300#5306360
2016-11-15 09:45:48#二八第792186期押二段-标识6502#-300#5306060
2016-11-15 09:49:31#二八第792186期押二段-标识6532#-300#5305760
2016-11-15 09:50:08#二八第792187期押三段-标识6534#-300#5305460
2016-11-15 09:51:43#二八第792187期押二段-标识6551#-300#5305160
2016-11-15 09:52:52#二八第792187期押二段-标识6564#-300#5304860
2016-11-15 09:56:08#二八第792188期押三段-标识6592#-300#5304560
2016-11-15 09:56:29#二八第792188期押二段-标识6595#-300#5304260
2016-11-15 09:57:07#二八第792188期押二段-标识6601#-300#5303960
2016-11-15 10:01:15#二八第792189期押小-标识6634#-300#5303660
2016-11-15 10:04:00#二八第792189期押二段-标识6655#-300#5303360
2016-11-15 10:04:37#二八第792189期押二段-标识6659#-300#5303060
2016-11-15 10:05:51#二八第792190期押二段-标识6671#-300#5302760
2016-11-15 10:07:00#二八第792190期押三段-标识6683#-300#5302460
2016-11-15 10:08:35#二八第792190期押二段-标识6698#-300#5302160
2016-11-15 10:10:37#二八第792191期押二段-标识6716#-300#5301860
2016-11-15 10:11:56#二八第792191期押二段-标识6730#-300#5301560
2016-11-15 10:13:58#二八第792191期押三段-标识6748#-300#5301260
2016-11-15 10:15:12#二八第792192期押二段-标识6755#-300#5300960
2016-11-15 10:15:34#二八第792192期押二段-标识6759#-300#5300660
2016-11-15 10:17:14#二八第792192期押三段-标识6777#-300#5300360
2016-11-15 10:21:50#二八第792193期押二段-标识6815#-300#5300060
2016-11-15 10:23:04#二八第792193期押二段-标识6828#-300#5299760
2016-11-15 10:25:06#二八第792194期押二段-标识6843#-300#5299460
2016-11-15 10:29:31#二八第792194期押三段-标识6880#-300#5299160
2016-11-15 10:30:24#二八第792195期押二段-标识6886#-300#5298860
2016-11-15 10:30:45#二八第792195期押二段-标识6890#-300#5298560
2016-11-15 10:32:47#二八第792195期押三段-标识6911#-300#5298260
2016-11-15 10:35:31#二八第792196期押二段-标识6930#-300#5297960
2016-11-15 10:37:54#二八第792196期押二段-标识6953#-300#5297660
2016-11-15 10:39:08#二八第792196期押小-标识6964#-300#5297360
2016-11-15 10:41:10#二八第792197期押二段-标识6979#-300#5297060
2016-11-15 10:42:08#二八第792197期押二段-标识6988#-300#5296760
2016-11-15 10:42:29#二八第792197期押二段-标识6992#-300#5296460
2016-11-15 10:47:15#二八第792198期押二段-标识7030#-300#5296160
2016-11-15 10:48:35#二八第792198期押二段-标识7041#-300#5295860
2016-11-15 10:48:56#二八第792198期押二段-标识7044#-300#5295560
2016-11-15 10:50:37#二八第792199期押三段-标识7057#-300#5295260
2016-11-15 10:51:51#二八第792199期押二段-标识7071#-300#5294960
2016-11-15 10:54:56#二八第792199期押二段-标识7095#-300#5294660
2016-11-15 10:55:33#二八第792200期押二段-标识7100#-300#5294360
2016-11-15 10:57:35#二八第792200期押二段-标识7122#-300#5294060
2016-11-15 10:58:28#二八第792200期押二段-标识7129#-300#5293760
2016-11-15 11:00:51#二八第792201期押二段-标识7147#-300#5293460
2016-11-15 11:02:05#二八第792201期押二段-标识7160#-300#5293160
2016-11-15 11:02:26#二八第792201期押二段-标识7164#-300#5292860
2016-11-15 11:05:05#二八第792202期押二段-标识7181#-300#5292560
2016-11-15 11:08:32#二八第792202期押二段-标识7215#-300#5292260
2016-11-15 11:09:30#二八第792202期押二段-标识7221#-300#5291960
2016-11-15 11:10:39#二八第792203期押二段-标识7229#-300#5291660
2016-11-15 11:11:22#二八第792203期押二段-标识7237#-300#5291360
2016-11-15 11:13:23#二八第792203期押二段-标识7258#-300#5291060
2016-11-15 11:15:31#二八第792204期押二段-标识7273#-300#5290760
2016-11-15 11:16:39#二八第792204期押二段-标识7285#-300#5290460
2016-11-15 11:18:31#二八第792204期押二段-标识7303#-300#5290160
2016-11-15 11:21:15#二八第792205期押小-标识7327#-300#5289860
2016-11-15 11:23:38#二八第792205期押小-标识7347#-300#5289560
2016-11-15 11:23:59#二八第792205期押二段-标识7351#-300#5289260
2016-11-15 11:25:50#二八第792206期押小双-标识7366#-300#5288960
2016-11-15 11:26:59#二八第792206期押二段-标识7378#-300#5288660
2016-11-15 11:27:20#二八第792206期押二段-标识7381#-300#5288360
2016-11-15 11:30:05#二八第792207期押二段-标识7407#-300#5288060
2016-11-15 11:30:26#二八第792207期押二段-标识7411#-300#5287760
2016-11-15 11:31:56#二八第792207期押二段-标识7426#-300#5287460
2016-11-15 11:35:49#二八第792208期押三段-标识7457#-300#5287160
2016-11-15 11:37:24#二八第792208期押小单-标识7473#-300#5286860
2016-11-15 11:37:30#二八第792208期押二段-标识7474#-300#5286560
2016-11-15 11:40:14#二八第792209期押二段-标识7490#-300#5286260
2016-11-15 11:42:05#二八第792209期押二段-标识7509#-300#5285960
2016-11-15 11:43:35#二八第792209期押三段-标识7521#-300#5285660
2016-11-15 11:45:26#二八第792210期押二段-标识7535#-300#5285360
2016-11-15 11:47:18#二八第792210期押二段-标识7553#-300#5285060
2016-11-15 11:48:11#二八第792210期押二段-标识7560#-300#5284760
2016-11-15 11:50:34#二八第792211期押二段-标识7577#-300#5284460
2016-11-15 11:51:00#二八第792211期押二段-标识7582#-300#5284160
2016-11-15 11:52:14#二八第792211期押二段-标识7594#-300#5283860
2016-11-15 11:57:27#二八第792212期押二段-标识7637#-300#5283560
2016-11-15 11:59:50#二八第792212期押二段-标识7655#-300#5283260
2016-11-15 12:02:34#二八第792213期押小-标识7683#-300#5282960
2016-11-15 12:04:57#二八第792213期押三段-标识7698#-300#5282660
2016-11-15 12:09:54#二八第792214期押二段-标识7742#-300#5282360
2016-11-15 12:11:08#二八第792215期押小双-标识7754#-300#5282060
2016-11-15 12:14:14#二八第792215期押二段-标识7781#-300#5281760
2016-11-15 12:15:17#二八第792216期押三段-标识7786#-300#5281460
2016-11-15 12:16:37#二八第792216期押二段-标识7799#-300#5281160
2016-11-15 12:19:21#二八第792216期押二段-标识7822#-300#5280860
2016-11-15 12:22:37#二八第792217期押三段-标识7847#-300#5280560
2016-11-15 12:24:13#二八第792217期押小-标识7860#-300#5280260
2016-11-15 12:25:22#二八第792218期押三段-标识7867#-300#5279960
2016-11-15 12:26:04#二八第792218期押二段-标识7874#-300#5279660
2016-11-15 12:26:41#二八第792218期押小双-标识7879#-300#5279360
2016-11-15 12:30:55#二八第792219期押三段-标识7916#-300#5279060
2016-11-15 12:32:31#二八第792219期押二段-标识7931#-300#5278760
2016-11-15 12:33:08#二八第792219期押二段-标识7936#-300#5278460
2016-11-15 12:35:10#二八第792220期押小双-标识7947#-300#5278160
2016-11-15 12:35:31#二八第792220期押二段-标识7950#-300#5277860
2016-11-15 12:36:24#二八第792220期押二段-标识7960#-300#5277560
2016-11-15 12:40:06#二八第792221期押二段-标识7987#-300#5277260
2016-11-15 12:47:05#二八第792222期押二段-标识8053#-300#5276960
2016-11-15 12:47:15#二八第792222期押小-标识8055#-300#5276660
2016-11-15 12:49:07#二八第792222期押二段-标识8072#-300#5276360
2016-11-15 12:52:44#二八第792223期押二段-标识8105#-300#5276060
2016-11-15 12:53:05#二八第792223期押二段-标识8109#-300#5275760
2016-11-15 12:54:46#二八第792223期押三段-标识8122#-300#5275460
2016-11-15 12:55:39#二八第792224期押二段-标识8130#-300#5275160
2016-11-15 12:56:16#二八第792224期押小双-标识8137#-300#5274860
2016-11-15 12:57:30#二八第792224期押二段-标识8150#-300#5274560
2016-11-15 13:00:35#二八第792225期押二段-标识8172#-300#5274260
2016-11-15 13:02:37#二八第792225期押小-标识8193#-300#5273960
2016-11-15 13:03:14#二八第792225期押二段-标识8199#-300#5273660
2016-11-15 13:06:30#二八第792226期押二段-标识8228#-300#5273360
2016-11-15 13:06:51#二八第792226期押二段-标识8232#-300#5273060
2016-11-15 13:10:07#二八第792227期押二段-标识8255#-300#5272760
2016-11-15 13:12:04#二八第792227期押二段-标识8275#-300#5272460
2016-11-15 13:13:18#二八第792227期押二段-标识8287#-300#5272160
2016-11-15 13:16:13#二八第792228期押二段-标识8311#-300#5271860
2016-11-15 13:18:04#二八第792228期押小双-标识8330#-300#5271560
2016-11-15 13:20:06#二八第792229期押三段-标识8343#-300#5271260
2016-11-15 13:21:20#二八第792229期押二段-标识8357#-300#5270960
2016-11-15 13:23:22#二八第792229期押三段-标识8378#-300#5270660
2016-11-15 13:25:34#二八第792230期押二段-标识8392#-300#5270360
2016-11-15 13:27:57#二八第792230期押二段-标识8415#-300#5270060
2016-11-15 13:30:20#二八第792231期押小-标识8432#-300#5269760
2016-11-15 13:34:03#二八第792231期押二段-标识8466#-300#5269460
2016-11-15 13:37:19#二八第792232期押二段-标识8494#-300#5269160
2016-11-15 13:39:10#二八第792232期押三段-标识8510#-300#5268860
2016-11-15 13:40:08#二八第792233期押二段-标识8515#-300#5268560
2016-11-15 13:40:51#二八第792233期押二段-标识8523#-300#5268260
2016-11-15 13:43:14#二八第792233期押二段-标识8549#-300#5267960
2016-11-15 13:45:05#二八第792234期押二段-标识8561#-300#5267660
2016-11-15 13:46:14#二八第792234期押三段-标识8574#-300#5267360
2016-11-15 13:47:07#二八第792234期押二段-标识8584#-300#5267060
2016-11-15 13:51:05#二八第792235期押二段-标识8616#-300#5266760
2016-11-15 13:53:07#二八第792235期押二段-标识8637#-300#5266460
2016-11-15 13:53:44#二八第792235期押二段-标识8640#-300#5266160
2016-11-15 13:55:20#二八第792236期押二段-标识8652#-300#5265860
2016-11-15 13:57:22#二八第792236期押大单-标识8674#-300#5265560
2016-11-15 13:59:13#二八第792236期押二段-标识8687#-300#5265260
2016-11-15 14:03:16#二八第792237期押二段-标识8727#-300#5264960
2016-11-15 14:05:40#二八第792238期押二段-标识8745#-300#5264660
2016-11-15 14:06:38#二八第792238期押二段-标识8755#-300#5264360
2016-11-15 14:08:40#二八第792238期押二段-标识8775#-300#5264060
2016-11-15 14:11:03#二八第792239期押二段-标识8795#-300#5263760
2016-11-15 14:13:10#二八第792239期押三段-标识8817#-300#5263460
2016-11-15 14:14:45#二八第792239期押二段-标识8825#-300#5263160
2016-11-15 14:16:37#二八第792240期押二段-标识8844#-300#5262860
2016-11-15 14:18:28#二八第792240期押二段-标识8862#-300#5262560
2016-11-15 14:19:26#二八第792240期押二段-标识8868#-300#5262260
2016-11-15 14:21:28#二八第792241期押三段-标识8887#-300#5261960
2016-11-15 14:24:02#二八第792241期押二段-标识8912#-300#5261660
2016-11-15 14:25:00#二八第792241期押小双-标识8918#-300#5261360
2016-11-15 14:27:23#二八第792242期押小双-标识8941#-300#5261060
2016-11-15 14:28:37#二八第792242期押二段-标识8951#-300#5260760
2016-11-15 14:31:00#二八第792243期押二段-标识8971#-300#5260460
2016-11-15 14:34:00#二八第792243期押小双-标识9000#-300#5260160
2016-11-15 14:34:21#二八第792243期押二段-标识9002#-300#5259860
2016-11-15 14:35:36#二八第792244期押二段-标识9010#-300#5259560
2016-11-15 14:36:44#二八第792244期押三段-标识9022#-300#5259260
2016-11-15 14:37:06#二八第792244期押二段-标识9026#-300#5258960
2016-11-15 14:42:39#二八第792245期押二段-标识9071#-300#5258660
2016-11-15 14:45:24#二八第792246期押二段-标识9092#-300#5258360
2016-11-15 14:46:01#二八第792246期押二段-标识9098#-300#5258060
2016-11-15 14:47:15#二八第792246期押二段-标识9110#-300#5257760
2016-11-15 14:52:22#二八第792247期押二段-标识9158#-300#5257460
2016-11-15 14:52:59#二八第792247期押二段-标识9165#-300#5257160
2016-11-15 14:53:20#二八第792247期押二段-标识9169#-300#5256860
2016-11-15 14:56:05#二八第792248期押二段-标识9191#-300#5256560
2016-11-15 14:58:28#二八第792248期押二段-标识9215#-300#5256260
2016-11-15 15:00:07#二八第792249期押二段-标识9222#-300#5255960
