2016-06-03 10:21:06#幸运28第762659期押大-标识348453#-100#382
2016-06-03 10:32:55#幸运28第762661期押大-标识348478#-10000#222212222
2016-06-03 10:32:59#幸运28第762661期押小-标识348480#-100#222212122
2016-06-03 10:33:04#幸运28第762661期押单-标识348482#-100#222212022
2016-06-03 10:33:10#幸运28第762661期押双-标识348484#-100#222211922
2016-06-03 10:33:29#幸运28第762661期押一段-标识348488#-100#222211822
2016-06-03 10:33:33#幸运28第762661期押二段-标识348490#-100#222211722
2016-06-03 10:33:38#幸运28第762661期押三段-标识348492#-100#222211622
2016-06-03 10:33:52#幸运28第762661期押尾号0,1,2,3,4,5,6,7,8,9-标识348496#-1000#222210622
2016-06-03 10:33:59#幸运28第762661期押大单-标识348498#-100#222210522
2016-06-03 10:34:04#幸运28第762661期押小单-标识348500#-100#222210422
2016-06-03 10:34:09#幸运28第762661期押大双-标识348502#-100#222210322
2016-06-03 10:34:12#幸运28第762661期押小双-标识348503#-100#222210222
2016-06-03 10:34:19#幸运28第762661期押自选3,4,5,12,13,14,21,22,23-标识348505#-900#222209322
2016-06-03 10:47:16#幸运28第762664期押大-标识348622#-4000001#218209321
2016-06-03 10:47:34#幸运28第762664期押小-标识348626#-4000000#214209321
2016-06-03 10:50:32#二八兑奖-标识ID348626#7400000#221609321
2016-06-03 14:17:27#二八兑奖-标识ID348502#388#221609709
2016-06-03 14:17:28#二八兑奖-标识ID348496#800#221610509
2016-06-03 14:17:28#二八兑奖-标识ID348492#400#221610909
2016-06-03 14:17:28#二八兑奖-标识ID348484#185#221611094
2016-06-03 14:17:28#二八兑奖-标识ID348478#18500#221629594
2016-06-03 14:17:28#二八兑奖-标识ID348453#185#221629779
2016-06-04 10:26:42#幸运28第762839期押自选0,5,11,12,13,14,21,22,23,24-标识356275#-1000010#220629769
2016-06-04 10:31:21#二八兑奖-标识ID356275#1000010#221629779
2016-06-07 11:12:03#幸运28第763385期押大-标识356701#-333333#221296446
2016-06-07 11:13:37#幸运28第763385期押自选4,5,6,13,14,15,22,23,24-标识356702#-900#221295546
2016-06-08 15:29:46#二八返负#20389#221315935
2016-06-08 15:36:11#幸运28第763617期押自选4,13,22-标识358807#-300#221315635
