2015-12-17 17:17:50##-3800#56426290
2015-12-17 17:27:56##-6900#56240290
2015-12-17 17:27:57#新快3兑奖-标识ID57#7220#56247510
2015-12-17 17:37:53##-400#56247110
2015-12-17 17:47:49##-3400#56243710
2015-12-17 18:17:56##-9600#56218610
2015-12-17 18:27:52##-8900#56209710
2015-12-17 18:37:57##-5400#56204310
2015-12-17 18:47:54##-6800#56197510
2015-12-17 18:57:49##-200#56197310
2015-12-17 19:07:55##-5900#56191410
2015-12-17 19:17:52##-4700#56186710
2015-12-17 19:27:59##-2300#56184410
2015-12-17 19:37:55##-2700#56181710
2015-12-17 19:47:52##-4600#56177110
2015-12-17 19:57:59##-400#56176710
2015-12-17 20:07:55##-8600#56168110
2015-12-17 20:17:53##-5100#56163010
2015-12-17 20:27:59##-6100#56156910
2015-12-17 20:37:55##-6800#56150110
2015-12-17 20:47:52##-8900#56141210
2015-12-17 20:47:56#新快3兑奖-标识ID78#17088#56158298
2015-12-17 20:58:00##-2800#56155498
2015-12-17 21:07:56##-9400#56146098
2015-12-17 21:17:53##-2900#56143198
2015-12-17 21:27:59##-9200#56133998
2015-12-17 21:37:55#新快3兑奖-标识ID82#17296#56151294
2015-12-17 21:37:56##-7300#56143994
2015-12-17 21:47:53##-600#56143394
2015-12-17 21:57:50##-7100#56136294
2015-12-17 22:07:57##-3800#56132494
2015-12-17 22:17:53#新快3兑奖-标识ID86#6916#56139410
2015-12-17 22:17:54##-7800#56131610
2015-12-18 09:41:29##-8100#56123510
2015-12-18 09:47:54##-2100#55715510
2015-12-18 09:57:50##-5800#53292960
2015-12-18 10:07:56##-3300#51522960
2015-12-18 10:12:14#快乐扑克3兑奖-标识ID1637#278400#51731660
2015-12-18 10:17:51##-2500#51729160
2015-12-18 10:20:40##-718200#51010960
2015-12-18 10:21:00##-655200#50355760
2015-12-18 10:21:20##-9800#50345960
2015-12-18 10:21:41##-100#50345860
2015-12-18 10:22:21#快乐扑克3兑奖-标识ID1675#41250#50387110
2015-12-18 10:22:41#快乐扑克3兑奖-标识ID1680#4250#50391360
2015-12-18 10:23:01#快乐扑克3兑奖-标识ID1692#148500#50539860
2015-12-18 10:27:47##-6200#50533660
2015-12-18 10:30:05##-29000#50504660
2015-12-18 10:30:46##-28000#50476660
2015-12-18 10:31:30##-52500#50424160
2015-12-18 10:31:52##-9200#50414960
2015-12-18 10:33:20#快乐扑克3兑奖-标识ID1700#786600#51201560
2015-12-18 10:37:58##-8100#51193460
2015-12-18 10:47:57##-5100#51188360
2015-12-18 10:57:54##-1400#51186960
2015-12-18 11:07:51##-400#51186560
2015-12-18 11:17:57##-7600#51178960
2015-12-18 11:27:53##-300#51178660
2015-12-18 11:37:49##-2100#51176560
2015-12-18 11:47:56##-6000#51170560
2015-12-18 11:57:53##-5400#51165160
2015-12-18 12:07:50##-5400#51159760
2015-12-18 12:17:56##-4400#51155360
2015-12-18 12:27:53##-6300#51149060
2015-12-18 12:37:50##-7000#51142060
2015-12-18 12:47:57##-4100#51137960
2015-12-18 12:57:55##-300#51137660
2015-12-18 13:07:52##-1300#51136360
2015-12-18 13:17:50##-7400#51128960
2015-12-18 13:27:57##-7100#51121860
2015-12-18 13:37:53##-400#51121460
2015-12-18 13:47:50##-1900#51119560
2015-12-21 10:24:02##-3900#51187514
2015-12-21 10:25:18##-800000#50377914
2015-12-21 10:26:10##-366000#49949914
2015-12-21 10:26:26##-3660000#46289914
2015-12-21 10:27:54#新快3兑奖-标识ID265#7488#46263902
2015-12-21 10:27:55##-3800#46260102
2015-12-21 10:27:56#捕鱼达人入场费#-50000#46210102
2015-12-21 10:30:15##-26000#46178502
2015-12-21 10:30:35##-6300#46172202
2015-12-21 10:31:16##-8800#46163402
2015-12-21 10:31:37##-54000#46109402
2015-12-21 10:31:57##-33000#46076402
2015-12-21 10:32:18##-54000#46022402
2015-12-21 10:32:38##-9000#46013402
2015-12-21 10:33:39##-1100#46012302
2015-12-21 10:34:00#快乐扑克3兑奖-标识ID1738#14440#46026742
2015-12-21 10:34:00##-9700#46017042
2015-12-21 10:34:20#快乐扑克3兑奖-标识ID1744#148500#46165542
2015-12-21 10:34:40#快乐扑克3兑奖-标识ID1757#52800#46218342
2015-12-21 10:37:42#捕鱼达人入场费#-50000#46168342
2015-12-21 10:37:59##-5900#46162442
2015-12-21 10:40:47##-730800#45431642
2015-12-21 10:41:07##-147000#45284642
2015-12-21 10:41:57##-32000#45252642
2015-12-21 10:42:17##-800#45251842
2015-12-21 10:42:38##-52500#45199342
2015-12-21 10:42:58##-1100#45198242
2015-12-21 10:43:18##-1200#45197042
2015-12-21 10:43:38##-6900#45190142
2015-12-21 10:43:59##-600#45189542
2015-12-21 10:44:19#快乐扑克3兑奖-标识ID1778#163350#45352892
2015-12-21 10:47:57##-9600#45343292
2015-12-21 10:50:05##-300#45342992
2015-12-21 10:50:25##-718200#44624792
2015-12-21 10:50:45##-600#44624192
2015-12-21 10:51:06##-6600#44617592
2015-12-21 10:51:26##-718200#43899392
2015-12-21 10:51:47##-1100#43898292
2015-12-21 10:52:07##-693000#43205292
2015-12-21 10:53:28#快乐扑克3兑奖-标识ID1819#57750#43263042
2015-12-21 10:53:48#快乐扑克3兑奖-标识ID1829#11500#43274542
2015-12-21 10:57:45#捕鱼达人返负#73569#43348111
2015-12-21 10:57:54#捕鱼达人返负#73569#43421680
2015-12-21 10:58:03##-6600#43415080
2015-12-21 10:58:14#捕鱼达人返负#73569#43488649
2015-12-21 10:58:52##-50000#43438649
2015-12-21 11:00:02##-14640000#28798649
2015-12-21 11:00:17##-1098000#27700649
2015-12-21 11:00:26##-18300000#9400649
2015-12-21 11:00:38##-1098000#8302649
2015-12-21 11:02:07#捕鱼达人入场费#-200#8302449
2015-12-21 11:07:59##-4000#8298449
2015-12-21 11:17:06#捕鱼排行榜奖励#100#8298549
2015-12-21 11:17:56##-5800#8292749
2015-12-21 11:26:11#捕鱼达人入场费#-200#8292549
2015-12-21 11:27:56##-2700#8289849
2015-12-21 11:32:45#新快3返负#352266#8642115
2015-12-21 11:37:59#新快3兑奖-标识ID273#21600#8663715
2015-12-21 11:38:02##-9100#8654615
2015-12-21 11:39:28##-7200#8647415
2015-12-21 11:57:25#捕鱼达人入场费#-50000#8597415
2015-12-21 12:01:31#捕鱼达人入场费#-20000#8577415
2015-12-22 09:23:42#捕鱼达人入场费#-20000#8557415
2015-12-22 10:43:34#捕鱼达人入场费#-200#8557215
2015-12-22 10:47:01#捕鱼达人入场费#-200#8557015
2015-12-22 10:48:17##-850000#7707015
2015-12-22 10:48:59##-7000010#707005
2015-12-22 10:52:28##-8500#698505
2015-12-22 10:52:45##-3#698502
2015-12-22 10:55:41##-70000100#4247726802
2015-12-22 11:17:16#创建聊天室#-5000#4247721802
2015-12-22 13:42:56#创建聊天室#-5000#4247716802
2015-12-22 15:57:28#创建聊天室#-5000#4247711802
2015-12-23 09:15:35#创建聊天室#-5000#4247706802
2015-12-23 11:23:44#创建聊天室#-148600#4247558202
2015-12-25 16:53:17#捕鱼消费#-450000#4317717
2015-12-25 16:53:30##-1341756#2975961
2015-12-26 13:38:19#捕鱼达人兑奖—标识id51#204#2976165
2015-12-26 13:38:22#捕鱼达人兑奖—标识id2#205#2976370
2015-12-26 13:41:15#捕鱼达人入场费#-1000#2975370
2015-12-26 13:49:43#捕鱼达人入场费#-200#2975170
2015-12-26 13:50:23#捕鱼达人入场费#-200#2974970
2015-12-26 14:28:40##-100000#98900000
2015-12-26 14:38:11#新快3兑奖-标识ID15#200000#99100000
2015-12-26 14:45:16##-60000#99040000
2015-12-26 14:45:34##-10000#99030000
2015-12-26 14:45:43##-10000#99020000
2015-12-26 14:51:04#新快3兑奖-标识ID18#20200#99040200
2015-12-26 14:51:06#新快3兑奖-标识ID17#20200#99060400
2015-12-26 15:04:39##-100000#98960400
2015-12-27 11:46:23#捕鱼达人入场费#-50000#152150765
2015-12-27 11:46:34#捕鱼达人入场费#-50000#152100765
2015-12-27 11:46:42#捕鱼达人入场费#-50000#152050765
2015-12-27 11:46:50#捕鱼达人入场费#-50000#152000765
2015-12-27 11:46:58#捕鱼达人入场费#-50000#151950765
2015-12-27 11:47:07#捕鱼达人入场费#-50000#151900765
2015-12-27 11:47:14#捕鱼达人入场费#-50000#151850765
2015-12-27 11:47:21#捕鱼达人入场费#-50000#151800765
2015-12-27 11:47:28#捕鱼达人入场费#-50000#151750765
2015-12-27 11:47:28#捕鱼达人入场费#-50000#151700765
2015-12-27 11:47:29#捕鱼达人入场费#-50000#151650765
2015-12-27 11:47:36#捕鱼达人入场费#-50000#151600765
2015-12-27 11:47:52#捕鱼达人兑奖-标识ID134#47236#151648001
2015-12-27 11:47:52#捕鱼达人兑奖-标识ID133#35524#151683525
2015-12-27 11:47:52#捕鱼达人兑奖-标识ID132#50695#151734220
2015-12-27 11:47:52#捕鱼达人兑奖-标识ID131#53180#151787400
2015-12-27 11:47:52#捕鱼达人兑奖-标识ID130#51420#151838820
2015-12-27 11:47:52#捕鱼达人兑奖-标识ID129#54006#151892826
2015-12-27 11:47:52#捕鱼达人兑奖-标识ID128#43976#151936802
2015-12-27 11:47:52#捕鱼达人兑奖-标识ID127#43954#151980756
2015-12-27 11:47:52#捕鱼达人兑奖-标识ID126#51202#152031958
2015-12-27 11:47:52#捕鱼达人兑奖-标识ID125#52624#152084582
2015-12-27 11:47:55#捕鱼达人兑奖-标识ID124#49482#152134064
2015-12-27 11:47:55#捕鱼达人兑奖-标识ID123#54865#152188929
2015-12-27 11:47:55#捕鱼达人兑奖-标识ID122#56357#152245286
2015-12-27 11:47:55#捕鱼达人兑奖-标识ID121#59830#152305116
2015-12-27 11:47:55#捕鱼达人兑奖-标识ID120#46246#152351362
2015-12-27 11:47:55#捕鱼达人兑奖-标识ID119#1013#152352375
2015-12-27 11:47:55#捕鱼达人兑奖-标识ID118#1128#152353503
2015-12-27 11:47:55#捕鱼达人兑奖-标识ID117#6409#152359912
2015-12-27 11:47:55#捕鱼达人兑奖-标识ID116#5531#152365443
2015-12-27 11:47:55#捕鱼达人兑奖-标识ID115#8314#152373757
2015-12-27 11:48:12#捕鱼达人入场费#-50000#152323757
2015-12-27 11:48:44#捕鱼达人入场费#-50000#152273757
2015-12-27 11:51:55#捕鱼达人入场费#-200#152273557
2015-12-27 11:52:16#捕鱼达人入场费#-50000#152223557
2015-12-27 11:52:27#捕鱼达人入场费#-50000#152173557
2015-12-27 11:52:37#捕鱼达人入场费#-50000#152123557
2015-12-27 11:52:48#捕鱼达人入场费#-50000#152073557
2015-12-29 10:08:15#捕鱼达人入场费#-5000#151307103
2015-12-29 10:10:09#捕鱼达人入场费#-1000#151306103
2015-12-29 15:33:26#捕鱼达人入场费#-1000#151289784
2015-12-29 15:34:53#捕鱼达人兑奖—标识id31#8982#151298766
2015-12-29 15:34:56#捕鱼达人兑奖-标识ID30#10796#151309562
2015-12-29 15:36:07#捕鱼购买体力花费#-44286#151265276
2015-12-30 16:42:20#捕鱼达人兑奖—标识id117#669#51073145
2015-12-30 16:42:23#捕鱼达人兑奖—标识id116#191#51073336
2015-12-30 16:42:26#捕鱼达人兑奖—标识id114#1128#51074464
2015-12-30 16:42:28#捕鱼达人兑奖—标识id115#181#51074645
2015-12-30 16:42:35#捕鱼达人入场费#-20000#51054645
2015-12-30 16:42:47#捕鱼达人兑奖—标识id156#17638#51072283
2015-12-30 16:43:46#捕鱼达人入场费#-50000#51022283
2015-12-30 16:43:57#捕鱼达人兑奖—标识id157#44080#51066363
2015-12-31 13:00:41#捕鱼达人入场费#-50000#50885702
