2016-03-02 14:17:14#捕鱼达人入场费-标识ID1286#-50000#5532949
2016-03-02 14:20:30#捕鱼达人入场费-标识ID1286#-20000#5512949
2016-03-02 14:22:08#捕鱼达人入场费-标识ID1286#-20000#5492949
2016-03-11 15:12:08#新快3第160311035期投注消费#-100#5398969
2016-03-11 15:21:51#新快3第160311035期兑奖-标识ID11#194#5399163
2016-03-12 15:12:33#捕鱼达人返负#1501#5400664
2016-03-20 00:58:07#捕鱼入场费-标识id1814#-200#5400464
2016-03-23 12:04:29#新快3第160323016期投注消费#-100#5400364
2016-03-23 14:37:56#新快3第160323031期投注消费#-100#5400264
2016-03-24 11:23:35#快3第160324012期三不同号投注1,2,3,4-标识ID14#-400#5399864
2016-03-28 09:28:45#快3第160329001期二同号单选投注44,55,66,1,2,3-标识ID15#-900#5398964
2016-03-28 09:28:55#快3第160329001期二同号单选投注44,1,2,3-标识ID16#-300#5398664
2016-03-28 09:29:04#快3第160329001期二同号单选投注44,55,1,2,3-标识ID17#-600#5398064
2016-03-28 09:29:13#快3第160329001期二同号单选投注55,1,2-标识ID18#-200#5397864
2016-03-28 09:29:22#快3第160329001期二同号单选投注11,22,66,3,4,5-标识ID19#-900#5396964
2016-03-28 09:29:32#快3第160329001期二同号单选投注11,22,33,44,66,5-标识ID20#-500#5396464
2016-03-28 09:29:53#快3第160329001期二同号单选投注22,33,44,55,66,1-标识ID21#-500#5395964
2016-03-28 09:30:09#快3第160329001期二同号单选投注66,1,2,3-标识ID22#-300#5395664
2016-03-28 09:30:19#快3第160329001期二同号单选投注11,33,55,2,4,6-标识ID23#-9000#5386664
2016-03-28 09:30:31#快3第160329001期二同号单选投注22,44,66,1,3,5-标识ID24#-900#5385764
2016-03-28 09:30:36#快3第160329001期二同号单选投注22,44,66,1,3,5-标识ID25#-900#5384864
2016-03-28 09:31:39#快3第160329001期二同号单选投注11,22,55,66,3,4-标识ID26#-800#5384064
2016-03-28 09:31:49#快3第160329001期二同号单选投注44,1,2,3,5,6-标识ID27#-500#5383564
2016-03-28 09:32:05#快3第160329001期二同号单选投注44,55,1,3,6-标识ID28#-600#5382964
2016-03-28 09:37:20#快3第160329001期和值投注10-标识ID99#-1000#5381964
2016-03-28 09:37:34#快3第160329001期和值投注10-标识ID100#-1000#5380964
2016-03-28 09:42:31#快3第160328002期二同号单选投注11,22,33,4,5,6-标识ID101#-900#5380064
2016-03-28 09:42:40#快3第160328002期二同号单选投注22,44,66,1,3,5-标识ID102#-900#5379164
2016-03-28 09:42:51#快3第160328002期二同号单选投注11,33,55,2,4,6-标识ID103#-900#5378264
2016-03-28 09:43:11#快3第160328002期二同号单选投注11,22,55,66,3,4-标识ID104#-1600#5376664
2016-03-28 09:43:20#快3第160328002期二同号单选投注33,44,1,2,5,6-标识ID105#-800#5375864
2016-03-28 09:54:15#快3第160328003期二同号单选投注11,22,44,3,5,6-标识ID106#-900#5374964
2016-03-28 09:54:25#快3第160328003期二同号单选投注44,55,66,1,2,3-标识ID107#-900#5374064
2016-03-28 09:54:32#快3第160328003期二同号单选投注66,1,3,5-标识ID108#-300#5373764
2016-03-28 09:59:02#快3第160328004期二同号单选投注11,22,33,4,5,6-标识ID109#-900#5372864
2016-03-28 09:59:09#快3第160328004期二同号单选投注44,55,66,1,2,3-标识ID110#-900#5371964
2016-03-29 10:50:42#新快3第160328004期兑奖-标识ID110#8000#5379964
2016-03-29 10:50:43#新快3第160328002期兑奖-标识ID103#8000#5387964
2016-03-29 10:50:43#新快3第160329001期兑奖-标识ID100#5000#5392964
2016-03-29 10:50:43#新快3第160329001期兑奖-标识ID99#5000#5397964
2016-03-29 10:50:43#新快3第160323031期兑奖-标识ID13#1000#5398964
2016-03-29 10:50:43#新快3第160323016期兑奖-标识ID12#1000#5399964
2016-03-29 10:51:11#快3第160329009期和值投注4,5,6,7,8,9,10,11,12,13,14,15,16,17-标识ID111#-1400#5398564
2016-03-29 10:51:27#快3第160329009期大小投注:大-标识ID112#-100#5398464
2016-03-29 10:51:33#快3第160329009期大小投注:小-标识ID113#-100#5398364
2016-03-29 10:51:58#快3第160329009期和值投注4,5,6,7,8,9,10,11,12,13-标识ID114#-1000#5397364
2016-03-29 10:52:20#系统退回新快三第160329009期未开奖的1400酷币！#1400#5398764
2016-03-29 11:02:08#新快3第160329009期兑奖-标识ID113#192#242
2016-03-29 11:03:37#新快3ID:113期号:160329009重开奖:6,6,6(原开奖1,2,3)[大小投注下注100酷币]扣除已兑奖酷币#-50#0
2016-03-31 16:06:40#回帖积分#5#500005
2016-03-31 16:44:45#回帖积分#5#500010
2016-03-31 16:44:54#回帖积分#5#500015
2016-03-31 16:45:11#回帖积分#5#500020
2016-03-31 16:45:28#回帖积分#5#500025
