2015-12-17 14:32:25#进入德州房间:1桌#-2000#259963
2015-12-17 15:46:59#捕鱼达人入场费#-50000#480651
2015-12-17 15:57:48#捕鱼达人入场费#-200#1375401
2015-12-17 15:58:03#捕鱼达人入场费#-200#1375201
2015-12-17 15:59:12#捕鱼达人兑奖—标识id48#187#1375388
2015-12-17 15:59:12#捕鱼达人兑奖—标识id47#97#1375485
2015-12-17 15:59:12#捕鱼达人兑奖—标识id43#49282#1424767
2015-12-17 15:59:12#捕鱼达人兑奖—标识id30#4237#1429004
2015-12-17 15:59:12#捕鱼达人兑奖—标识id29#128#1429132
2015-12-17 15:59:12#捕鱼达人兑奖—标识id25#52861#1481993
2015-12-17 15:59:12#捕鱼达人兑奖—标识id17#47016#1529009
2015-12-17 15:59:12#捕鱼达人兑奖—标识id16#35566#1564575
2015-12-17 15:59:12#捕鱼达人兑奖—标识id15#43607#1608182
2015-12-17 15:59:12#捕鱼达人兑奖—标识id14#40574#1648756
2015-12-17 15:59:15#捕鱼达人兑奖—标识id13#31321#1680077
2015-12-17 16:04:28#进入德州房间:1桌#-2000#1388755
2015-12-17 16:20:53#进入德州房间:1桌#-2000#54007363
2015-12-17 17:00:49##-732#53230273
2015-12-17 17:00:55##-732#53229541
2015-12-17 17:01:32##-1212#53225429
2015-12-18 10:12:14#快乐扑克3兑奖-标识ID1626#6500#51208415
2015-12-18 10:12:35#快乐扑克3兑奖-标识ID1638#6000#51214415
2015-12-18 10:12:55#快乐扑克3兑奖-标识ID1651#5250#51219665
2015-12-18 10:20:20##-705600#50514065
2015-12-18 10:20:40##-2600#50511465
2015-12-18 10:21:00##-150500#50360965
2015-12-18 10:21:20##-9800#50351165
2015-12-18 10:30:05##-6000#50345165
2015-12-18 10:30:26##-54000#50291165
2015-12-18 10:31:52##-9200#50281965
2015-12-18 10:32:14##-8900#50273065
2015-12-21 10:29:16#捕鱼达人入场费#-1000#48659165
2015-12-21 10:30:30#捕鱼达人入场费#-1000#48658165
2015-12-21 10:30:35##-1200#48656965
2015-12-21 10:31:57##-10000#48646965
2015-12-21 10:32:18##-1100#48645865
2015-12-21 10:32:38##-28000#48617865
2015-12-21 10:32:58##-730800#47887065
2015-12-21 10:33:39##-257600#47629465
2015-12-21 10:34:00#快乐扑克3兑奖-标识ID1739#6000#47635465
2015-12-21 10:34:00##-51000#47584465
2015-12-21 10:34:20##-52500#47531965
2015-12-21 10:34:40##-1100#47530865
2015-12-21 10:40:27##-6000#47524865
2015-12-21 10:40:47##-630000#46894865
2015-12-21 10:41:37##-32000#46862865
2015-12-21 10:41:57##-9600#46853265
2015-12-21 10:42:17##-154000#46699265
2015-12-21 10:42:38##-1100#46698165
2015-12-21 10:42:58##-1100#46697065
2015-12-21 10:43:18##-263200#46433865
2015-12-21 10:43:38##-2800#46431065
2015-12-21 10:44:19#快乐扑克3兑奖-标识ID1799#173250#46604315
2015-12-21 10:50:05##-133000#46471315
2015-12-21 10:50:25##-274400#46196915
2015-12-21 10:50:45##-600#46196315
2015-12-21 10:51:27##-274400#45921915
2015-12-21 10:51:47##-9300#45912615
2015-12-21 10:52:07##-257600#45655015
2015-12-21 10:53:28#快乐扑克3兑奖-标识ID1801#5000#45660015
2015-12-21 10:53:48#快乐扑克3兑奖-标识ID1805#690000#46350015
2015-12-21 10:54:09#快乐扑克3兑奖-标识ID1813#6000#46356015
2015-12-21 10:54:29#快乐扑克3兑奖-标识ID1816#255200#46611215
2015-12-21 10:57:45#捕鱼达人返负#89438#46700653
2015-12-21 10:57:54#捕鱼达人返负#89438#46790091
2015-12-21 10:58:14#捕鱼达人返负#89438#46879529
2015-12-21 11:17:06#捕鱼排行榜奖励#1000#46880529
2015-12-21 11:37:44##-455#46880074
2015-12-22 10:16:52##-120#46879954
2015-12-22 10:35:35##-10000000#36879954
2015-12-22 10:40:48#捕鱼达人入场费#-50000#36829954
2015-12-22 11:09:06#捕鱼达人入场费#-200#3455712354
2015-12-22 12:00:43##-1212#3455709911
2015-12-22 12:01:10##-23000#3455686911
2015-12-22 12:08:46#捕鱼达人入场费#-200#3455686511
2015-12-23 15:34:53##-4392#3440170
2015-12-23 15:38:21#捕鱼达人入场费#-200#3439970
2015-12-23 15:38:50#捕鱼达人兑奖-标识ID60#205#3440175
2015-12-23 15:38:50#捕鱼达人兑奖-标识ID59#126#3440301
2015-12-23 15:38:50#捕鱼达人兑奖-标识ID58#185#3440486
2015-12-23 15:38:50#捕鱼达人兑奖-标识ID57#211#3440697
2015-12-23 15:38:50#捕鱼达人兑奖-标识ID56#225#3440922
2015-12-23 15:38:50#捕鱼达人兑奖-标识ID55#182#3441104
2015-12-23 15:38:50#捕鱼达人兑奖-标识ID54#209#3441313
2015-12-23 15:38:50#捕鱼达人兑奖-标识ID53#197#3441510
2015-12-23 15:38:50#捕鱼达人兑奖-标识ID52#203#3441713
2015-12-23 15:38:50#捕鱼达人兑奖-标识ID51#173#3441886
2015-12-23 15:38:53#捕鱼达人兑奖—标识id47#168#3442054
2015-12-23 15:38:55#捕鱼达人兑奖—标识id48#177#3442231
2015-12-23 15:38:56#捕鱼达人兑奖—标识id49#218#3442449
2015-12-23 15:38:58#捕鱼达人兑奖—标识id50#153#3442602
2015-12-23 15:39:39#捕鱼达人入场费#-200#3442402
2015-12-23 15:39:56#捕鱼达人兑奖—标识id62#213#3442615
2015-12-23 16:12:22#捕鱼达人入场费#-20000#3422615
2015-12-23 16:12:46#捕鱼达人兑奖—标识id63#13856#3436471
2015-12-23 16:15:24##-242#3436229
2015-12-23 16:45:54##-3430000#6229
2015-12-23 16:46:02#捕鱼达人入场费#-10000#-3771
2015-12-24 10:51:20#捕鱼消费#-5244100#114647142
2015-12-24 10:51:35#捕鱼消费#-324500#114322642
2015-12-24 10:53:17#捕鱼达人入场费#-50000#114272642
2015-12-24 10:58:29#捕鱼消费#-99999999#14272643
2015-12-24 11:25:52#捕鱼达人入场费#-5000#14267643
2015-12-24 11:26:28#捕鱼达人入场费#-5000#14262643
2015-12-24 13:48:32#捕鱼达人入场费#-200#14261443
2015-12-24 15:51:41#捕鱼达人兑奖—标识id29#19090#14319491
2015-12-24 15:51:46#捕鱼达人兑奖-标识ID28#11297#14330788
2015-12-24 15:51:46#捕鱼达人兑奖-标识ID27#1003#14331791
2015-12-24 15:51:53#捕鱼达人入场费#-1000#14330791
2015-12-24 15:52:07#捕鱼达人兑奖-标识ID30#1211#14332002
2015-12-24 16:18:41##-442860#13889142
2015-12-24 16:18:50##-11712000#2177142
2015-12-24 16:19:02#捕鱼消费#-121200#2055942
2015-12-24 16:38:47#捕鱼消费#-24242#2031700
2015-12-25 16:33:57#捕鱼达人入场费#-200#42149
2015-12-25 16:40:40#捕鱼达人入场费#-20000#22149
2015-12-25 16:40:51#捕鱼达人入场费#-20000#2149
2015-12-25 16:53:57#捕鱼达人兑奖—标识id44#16938#19087
2015-12-25 16:58:37#捕鱼达人入场费#-1000#168087
2015-12-26 15:33:16#捕鱼达人返负#446#98133
2015-12-27 11:44:39#捕鱼达人兑奖-标识ID90#3388#31965441
2015-12-27 11:44:39#捕鱼达人兑奖-标识ID89#4653#31970094
2015-12-27 11:44:39#捕鱼达人兑奖-标识ID88#109#31970203
2015-12-27 11:44:39#捕鱼达人兑奖-标识ID87#19871#31990074
2015-12-27 11:44:39#捕鱼达人兑奖-标识ID86#41998#32032072
2015-12-27 11:44:39#捕鱼达人兑奖-标识ID85#38428#32070500
2015-12-27 11:44:39#捕鱼达人兑奖-标识ID84#46785#32117285
2015-12-27 11:44:39#捕鱼达人兑奖-标识ID83#42826#32160111
2015-12-27 11:44:39#捕鱼达人兑奖-标识ID82#2344#32162455
2015-12-27 11:44:39#捕鱼达人兑奖-标识ID80#5147#32167602
2015-12-27 11:44:41#捕鱼达人兑奖-标识ID79#5086#32172688
2015-12-27 11:44:41#捕鱼达人兑奖-标识ID78#4646#32177334
2015-12-27 11:44:41#捕鱼达人兑奖-标识ID75#189#32177523
2015-12-27 11:44:41#捕鱼达人兑奖-标识ID74#177#32177700
2015-12-27 11:44:41#捕鱼达人兑奖-标识ID73#178#32177878
2015-12-27 11:44:41#捕鱼达人兑奖-标识ID72#2#32177880
2015-12-27 11:44:41#捕鱼达人兑奖-标识ID71#920#32178800
2015-12-27 11:44:41#捕鱼达人兑奖-标识ID70#50197#32228997
2015-12-27 11:44:41#捕鱼达人兑奖-标识ID69#39483#32268480
2015-12-27 11:44:41#捕鱼达人兑奖-标识ID50#30267#32298747
2015-12-27 11:44:43#捕鱼达人兑奖-标识ID49#148#32298895
2015-12-27 11:44:43#捕鱼达人兑奖-标识ID48#19960#32318855
2015-12-27 11:44:43#捕鱼达人兑奖-标识ID47#232#32319087
2015-12-27 11:44:43#捕鱼达人兑奖-标识ID46#720#32319807
2015-12-27 11:44:43#捕鱼达人兑奖-标识ID45#2998#32322805
2015-12-27 11:44:43#捕鱼达人兑奖-标识ID43#24644#32347449
2015-12-27 11:44:43#捕鱼达人兑奖-标识ID42#148#32347597
2015-12-27 11:44:43#捕鱼达人兑奖-标识ID41#783#32348380
2015-12-27 11:44:43#捕鱼达人兑奖-标识ID40#888#32349268
2015-12-27 11:44:43#捕鱼达人兑奖-标识ID39#1221#32350489
2015-12-28 11:47:35#捕鱼达人兑奖—标识id202#210#31697076
2015-12-30 15:05:31#捕鱼达人兑奖-标识ID125#166#29526084
2015-12-30 15:05:31#捕鱼达人兑奖-标识ID112#26977#29553061
2015-12-30 15:05:31#捕鱼达人兑奖-标识ID111#60048#29613109
2015-12-30 15:05:31#捕鱼达人兑奖-标识ID110#71001#29684110
2015-12-30 15:05:31#捕鱼达人兑奖-标识ID109#89281#29773391
2015-12-30 15:05:31#捕鱼达人兑奖-标识ID108#41748#29815139
2015-12-30 15:05:31#捕鱼达人兑奖-标识ID107#62473#29877612
2015-12-30 15:05:31#捕鱼达人兑奖-标识ID106#39949#29917561
2015-12-30 15:05:31#捕鱼达人兑奖-标识ID105#39959#29957520
2015-12-30 15:05:31#捕鱼达人兑奖-标识ID104#59809#30017329
2015-12-30 15:05:34#捕鱼达人兑奖-标识ID103#104666#30121995
2015-12-30 15:05:34#捕鱼达人兑奖-标识ID102#28428#30150423
2015-12-30 15:05:34#捕鱼达人兑奖-标识ID101#76866#30227289
2015-12-30 15:05:34#捕鱼达人兑奖-标识ID100#53378#30280667
2015-12-30 15:05:34#捕鱼达人兑奖-标识ID99#91965#30372632
2015-12-30 15:05:34#捕鱼达人兑奖-标识ID98#38070#30410702
2015-12-30 15:05:34#捕鱼达人兑奖-标识ID97#65057#30475759
2015-12-30 15:05:34#捕鱼达人兑奖-标识ID96#17938#30493697
2015-12-30 15:05:34#捕鱼达人兑奖-标识ID95#43994#30537691
2015-12-30 15:05:34#捕鱼达人兑奖-标识ID94#39074#30576765
2015-12-30 15:23:03#捕鱼达人兑奖—标识id93#77949#30654714
2015-12-30 16:37:27#捕鱼达人兑奖—标识id152#45843#30732966
