2016-11-14 15:56:53#二八第791725期押尾号-标识1974#-1500#6442944
2016-11-14 15:58:34#二八第792081期押尾号-标识2014#-1500#6441444
2016-11-14 16:01:18#二八第792082期押尾号-标识2041#-900#6440544
2016-11-14 16:05:37#二八第792083期押尾号-标识2077#-1500#6439044
2016-11-14 16:10:55#二八第792084期押三段-标识2123#-300#6438744
2016-11-14 16:11:48#二八第792084期押尾号-标识2133#-1500#6437244
2016-11-14 16:15:36#二八第792085期押大单-标识2161#-300#6436944
2016-11-14 16:20:17#二八第792086期押尾号-标识2203#-900#6436044
2016-11-14 16:21:57#二八第792086期押尾号-标识2219#-900#6435144
2016-11-14 16:26:38#二八第792087期押尾号-标识2260#-1500#6433644
2016-11-14 16:30:16#二八第792088期押尾号-标识2289#-1500#6432144
2016-11-14 16:36:27#二八第792089期押尾号-标识2346#-1500#6430644
2016-11-14 16:37:41#二八第792089期押大单-标识2360#-300#6430344
2016-11-14 16:40:20#二八第792090期押尾号-标识2380#-900#6429444
2016-11-14 16:41:34#二八第792090期押大单-标识2394#-300#6429144
2016-11-14 16:43:57#二八第792090期押大单-标识2416#-300#6428844
2016-11-14 16:45:11#二八第792091期押大单-标识2424#-300#6428544
2016-11-14 16:49:09#二八第792091期押尾号-标识2461#-1500#6427044
2016-11-14 16:50:24#二八第792092期押尾号-标识2474#-1500#6425544
2016-11-14 16:55:10#二八第792093期押尾号-标识2514#-900#6424644
2016-11-14 17:00:11#二八第792094期押尾号-标识2556#-1500#6423144
2016-11-14 17:05:08#二八第792095期押尾号-标识2595#-1500#6421644
2016-11-14 17:10:26#二八第792096期押尾号-标识2643#-900#6420744
2016-11-14 17:18:17#二八第792097期押尾号-标识2716#-900#6419844
2016-11-14 17:20:40#二八第792098期押尾号-标识2733#-1500#6418344
2016-11-14 17:26:56#二八第792099期押尾号-标识2787#-900#6417444
2016-11-14 17:30:12#二八第792100期押尾号-标识2812#-1500#6415944
2016-11-14 17:32:57#二八第792100期押大单-标识2839#-300#6415644
2016-11-14 17:37:11#二八第792101期押尾号-标识2875#-1500#6414144
2016-11-14 17:41:57#二八第792102期押尾号-标识2917#-900#6413244
2016-11-14 17:43:11#二八第792102期押大单-标识2928#-300#6412944
2016-11-14 17:45:45#二八第792103期押尾号-标识2950#-1500#6411444
2016-11-14 17:46:59#二八第792103期押大单-标识2963#-300#6411144
2016-11-14 17:51:24#二八第792104期押尾号-标识2997#-900#6410244
2016-11-14 17:56:31#二八第792105期押尾号-标识3042#-1500#6408744
2016-11-14 18:01:33#二八第792106期押尾号-标识3083#-1500#6407244
2016-11-14 18:07:12#二八第792107期押尾号-标识3130#-1500#6405744
2016-11-14 18:10:44#二八第792108期押尾号-标识3150#-1500#6404244
2016-11-14 18:15:35#二八第792109期押尾号-标识3190#-900#6403344
2016-11-14 18:16:28#二八第792109期押尾号-标识3199#-900#6402444
2016-11-14 18:20:58#二八第792110期押尾号-标识3239#-1500#6400944
2016-11-14 18:22:12#二八第792110期押一段-标识3251#-300#6400644
2016-11-14 18:27:19#二八第792111期押尾号-标识3292#-900#6399744
2016-11-14 18:27:40#二八第792111期押尾号-标识3296#-900#6398844
2016-11-14 18:30:30#二八第792112期押尾号-标识3316#-1500#6397344
2016-11-14 18:33:46#二八第792112期押大单-标识3347#-300#6397044
2016-11-14 18:36:19#二八第792113期押尾号-标识3367#-900#6396144
2016-11-14 18:41:00#二八第792114期押尾号-标识3403#-1500#6394644
2016-11-14 18:47:21#二八第792115期押尾号-标识3456#-1200#6393444
2016-11-14 18:50:21#二八第792116期押尾号-标识3475#-1500#6391944
2016-11-14 18:55:33#二八第792117期押尾号-标识3519#-1500#6390444
2016-11-14 19:01:02#二八第792118期押大单-标识3562#-300#6390144
2016-11-14 19:01:23#二八第792118期押尾号-标识3566#-1500#6388644
2016-11-14 19:05:11#二八第792119期押尾号-标识3596#-900#6387744
2016-11-14 19:08:37#二八第792119期押尾号-标识3630#-900#6386844
2016-11-14 19:10:55#二八第792120期押尾号-标识3649#-1500#6385344
2016-11-14 19:15:20#二八第792121期押尾号-标识3689#-900#6384444
2016-11-14 19:15:51#二八第792121期押尾号-标识3695#-900#6383544
2016-11-14 19:20:43#二八第792122期押尾号-标识3736#-1500#6382044
2016-11-14 19:25:55#二八第792123期押尾号-标识3780#-900#6381144
2016-11-14 19:28:29#二八第792123期押尾号-标识3806#-900#6380244
2016-11-14 19:31:29#二八第792124期押尾号-标识3828#-900#6379344
2016-11-14 19:35:59#二八第792125期押尾号-标识3869#-1500#6377844
2016-11-14 19:41:59#二八第792126期押尾号-标识3915#-1500#6376344
2016-11-14 19:45:41#二八第792127期押尾号-标识3942#-1500#6374844
2016-11-14 19:50:38#二八第792128期押尾号-标识3983#-1500#6373344
2016-11-14 19:58:18#二八第792129期押尾号-标识4052#-900#6372444
2016-11-14 19:58:40#二八第792129期押尾号-标识4055#-900#6371544
2016-11-14 20:00:04#二八第792130期押尾号-标识4063#-1500#6370044
2016-11-14 20:11:06#二八第792132期押尾号-标识4162#-1500#6368544
2016-11-14 20:15:26#二八第792133期押尾号-标识4196#-1500#6367044
2016-11-14 20:20:06#二八第792134期押尾号-标识4238#-1500#6365544
2016-11-14 20:26:54#二八第792135期押尾号-标识4299#-1500#6364044
2016-11-14 20:27:47#二八第792135期押大单-标识4308#-300#6363744
2016-11-14 20:30:37#二八第792136期押尾号-标识4324#-1500#6362244
2016-11-14 20:35:33#二八第792137期押尾号-标识4369#-1200#6361044
2016-11-14 20:39:00#二八第792137期押大单-标识4400#-300#6360744
2016-11-14 20:40:35#二八第792138期押双-标识4414#-300#6360444
2016-11-14 20:43:25#二八第792138期押尾号-标识4442#-1200#6359244
2016-11-14 20:45:05#二八第792139期押尾号-标识4452#-900#6358344
2016-11-14 20:50:13#二八第792140期押尾号-标识4499#-900#6357444
2016-11-14 20:51:27#二八第792140期押尾号-标识4513#-900#6356544
2016-11-14 20:55:46#二八第792141期押大双-标识4547#-300#6356244
2016-11-14 20:57:16#二八第792141期押尾号-标识4563#-1500#6354744
2016-11-14 21:02:02#二八第792142期押尾号-标识4602#-1500#6353244
2016-11-14 21:06:11#二八第792143期押尾号-标识4638#-1500#6351744
2016-11-14 21:10:25#二八第792144期押尾号-标识4672#-1500#6350244
2016-11-14 21:17:03#二八第792145期押单-标识4731#-300#6349944
2016-11-14 21:17:24#二八第792145期押尾号-标识4734#-1200#6348744
2016-11-14 21:21:12#二八第792146期押大双-标识4762#-300#6348444
2016-11-14 21:21:17#二八第792146期押尾号-标识4763#-900#6347544
2016-11-14 21:25:05#二八第792147期押尾号-标识4797#-1500#6346044
2016-11-14 21:30:33#二八第792148期押尾号-标识4846#-1200#6344844
2016-11-14 21:36:44#二八第792149期押尾号-标识4902#-1500#6343344
2016-11-14 21:42:02#二八第792150期押尾号-标识4949#-1500#6341844
2016-11-14 21:45:18#二八第792151期押尾号-标识4974#-900#6340944
2016-11-14 21:46:58#二八第792151期押尾号-标识4990#-900#6340044
2016-11-14 21:52:00#二八第792152期押尾号-标识5028#-1200#6338844
2016-11-14 21:52:53#二八第792152期押尾号-标识5036#-600#6338244
2016-11-14 21:55:32#二八第792153期押尾号-标识5053#-1500#6336744
2016-11-14 21:59:09#二八第792153期押大单-标识5089#-300#6336444
2016-11-14 22:01:53#二八第792154期押尾号-标识5112#-600#6335844
2016-11-14 22:02:52#二八第792154期押尾号-标识5121#-900#6334944
2016-11-14 22:06:18#二八第792155期押尾号-标识5148#-1500#6333444
2016-11-14 22:11:15#二八第792156期押尾号-标识5191#-900#6332544
2016-11-14 22:15:24#二八第792157期押尾号-标识5225#-600#6331944
2016-11-14 22:17:31#二八第792157期押三段-标识5247#-300#6331644
2016-11-14 22:18:45#二八第792157期押尾号-标识5259#-900#6330744
2016-11-14 22:21:29#二八第792158期押尾号-标识5283#-1200#6329544
2016-11-14 22:22:59#二八第792158期押尾号-标识5300#-600#6328944
2016-11-14 22:26:53#二八第792159期押尾号-标识5333#-1500#6327444
2016-11-14 22:30:30#二八第792160期押尾号-标识5360#-1500#6325944
2016-11-14 22:37:07#二八第792161期押尾号-标识5421#-1500#6324444
2016-11-14 22:42:14#二八第792162期押尾号-标识5464#-1500#6322944
2016-11-14 22:45:57#二八第792163期押尾号-标识5499#-900#6322044
2016-11-14 22:48:52#二八第792163期押三段-标识5526#-300#6321744
2016-11-14 22:50:59#二八第792164期押尾号-标识5544#-1500#6320244
2016-11-14 22:55:23#二八第792165期押尾号-标识5582#-900#6319344
2016-11-14 23:02:22#二八第792166期押尾号-标识5648#-900#6318444
2016-11-14 23:04:56#二八第792166期押三段-标识5667#-300#6318144
2016-11-14 23:06:31#二八第792167期押尾号-标识5682#-1200#6316944
2016-11-14 23:08:33#二八第792167期押尾号-标识5702#-600#6316344
2016-11-14 23:12:26#二八第792168期押尾号-标识5737#-1500#6314844
2016-11-14 23:15:42#二八第792169期押尾号-标识5761#-1500#6313344
2016-11-14 23:21:10#二八第792170期押尾号-标识5806#-1500#6311844
2016-11-14 23:25:24#二八第792171期押尾号-标识5840#-1200#6310644
2016-11-14 23:30:11#二八第792172期押尾号-标识5881#-1500#6309144
2016-11-14 23:32:23#二八第792172期押三段-标识5906#-300#6308844
2016-11-14 23:36:11#二八第792173期押尾号-标识5937#-1200#6307644
2016-11-14 23:39:27#二八第792173期押尾号-标识5967#-600#6307044
2016-11-14 23:40:04#二八第792174期押尾号-标识5972#-900#6306144
2016-11-14 23:42:37#二八第792174期押三段-标识5996#-300#6305844
2016-11-14 23:43:52#二八第792174期押大单-标识6008#-300#6305544
2016-11-14 23:45:37#二八第792175期押尾号-标识6020#-1500#6304044
2016-11-14 23:50:39#二八第792176期押尾号-标识6064#-900#6303144
2016-11-14 23:51:01#二八第792176期押尾号-标识6068#-900#6302244
2016-11-14 23:55:41#二八第792177期押尾号-标识6104#-600#6301644
2016-11-14 23:56:40#二八第792177期押尾号-标识6114#-1200#6300444
2016-11-15 09:10:29#二八第792179期押尾号-标识6194#-900#6299544
2016-11-15 09:16:19#二八第792180期押尾号-标识6243#-1500#6298044
2016-11-15 09:21:52#二八第792181期押尾号-标识6290#-1500#6296544
2016-11-15 09:25:30#二八第792182期押尾号-标识6319#-600#6295944
2016-11-15 09:26:07#二八第792182期押尾号-标识6326#-900#6295044
2016-11-15 09:33:42#二八第792183期押尾号-标识6400#-1200#6293844
2016-11-15 09:35:07#二八第792184期押尾号-标识6407#-1500#6292344
2016-11-15 09:39:32#二八第792184期押大单-标识6447#-300#6292044
2016-11-15 09:40:41#二八第792185期押尾号-标识6456#-1500#6290544
2016-11-15 09:45:06#二八第792186期押尾号-标识6495#-1200#6289344
2016-11-15 09:47:40#二八第792186期押尾号-标识6521#-600#6288744
2016-11-15 09:50:40#二八第792187期押尾号-标识6540#-1200#6287544
2016-11-15 09:54:17#二八第792187期押尾号-标识6576#-600#6286944
2016-11-15 09:55:47#二八第792188期押尾号-标识6588#-1500#6285444
2016-11-15 10:00:33#二八第792189期押尾号-标识6626#-1500#6283944
2016-11-15 10:05:09#二八第792190期押尾号-标识6665#-900#6283044
2016-11-15 10:08:46#二八第792190期押尾号-标识6700#-600#6282444
2016-11-15 10:10:53#二八第792191期押三段-标识6719#-300#6282144
2016-11-15 10:11:14#二八第792191期押尾号-标识6723#-1200#6280944
2016-11-15 10:19:06#二八第792192期押尾号-标识6790#-1200#6279744
2016-11-15 10:21:07#二八第792193期押尾号-标识6807#-1500#6278244
2016-11-15 10:26:36#二八第792194期押尾号-标识6859#-1200#6277044
2016-11-15 10:34:27#二八第792195期押尾号-标识6923#-1500#6275544
2016-11-15 10:36:18#二八第792196期押尾号-标识6939#-1500#6274044
2016-11-15 10:40:27#二八第792197期押尾号-标识6971#-600#6273444
2016-11-15 10:42:40#二八第792197期押尾号-标识6994#-1200#6272244
2016-11-15 10:45:24#二八第792198期押尾号-标识7012#-1500#6270744
2016-11-15 10:51:08#二八第792199期押尾号-标识7063#-1200#6269544
2016-11-15 10:54:14#二八第792199期押尾号-标识7091#-600#6268944
2016-11-15 10:56:53#二八第792200期押尾号-标识7115#-1500#6267444
2016-11-15 11:00:40#二八第792201期押尾号-标识7145#-1500#6265944
2016-11-15 11:05:37#二八第792202期押尾号-标识7187#-1200#6264744
2016-11-15 11:07:07#二八第792202期押大单-标识7204#-300#6264444
2016-11-15 11:07:28#二八第792202期押大单-标识7207#-300#6264144
2016-11-15 11:12:41#二八第792203期押尾号-标识7251#-1500#6262644
2016-11-15 11:17:48#二八第792204期押尾号-标识7296#-1200#6261444
2016-11-15 11:20:11#二八第792205期押尾号-标识7316#-1500#6259944
2016-11-15 11:25:08#二八第792206期押尾号-标识7359#-1200#6258744
2016-11-15 11:29:22#二八第792206期押尾号-标识7401#-600#6258144
2016-11-15 11:31:13#二八第792207期押尾号-标识7419#-1200#6256944
2016-11-15 11:33:58#二八第792207期押小-标识7443#-300#6256644
2016-11-15 11:36:21#二八第792208期押尾号-标识7462#-600#6256044
2016-11-15 11:37:19#二八第792208期押尾号-标识7472#-1200#6254844
2016-11-15 11:41:02#二八第792209期押尾号-标识7498#-1500#6253344
2016-11-15 11:45:58#二八第792210期押尾号-标识7540#-1200#6252144
2016-11-15 11:48:43#二八第792210期押尾号-标识7563#-600#6251544
2016-11-15 11:51:11#二八第792211期押尾号-标识7584#-1200#6250344
2016-11-15 11:55:57#二八第792212期押尾号-标识7622#-1500#6248844
2016-11-15 11:56:39#二八第792212期押大单-标识7629#-300#6248544
2016-11-15 12:04:04#二八第792213期押尾号-标识7695#-1200#6247344
2016-11-15 12:05:24#二八第792214期押尾号-标识7703#-1200#6246144
2016-11-15 12:07:36#二八第792214期押尾号-标识7726#-600#6245544
2016-11-15 12:10:26#二八第792215期押尾号-标识7747#-1200#6244344
2016-11-15 12:12:38#二八第792215期押大单-标识7769#-300#6244044
2016-11-15 12:17:09#二八第792216期押双-标识7803#-300#6243744
2016-11-15 12:19:11#二八第792216期押尾号-标识7820#-1500#6242244
2016-11-15 12:21:07#二八第792217期押押大-标识7834#-300#6241944
2016-11-15 12:21:18#二八第792217期押尾号-标识7836#-900#6241044
2016-11-15 12:25:53#二八第792218期押大单-标识7872#-300#6240744
2016-11-15 12:25:59#二八第792218期押尾号-标识7873#-900#6239844
2016-11-15 12:30:13#二八第792219期押尾号-标识7909#-1500#6238344
2016-11-15 12:35:41#二八第792220期押尾号-标识7952#-1200#6237144
2016-11-15 12:37:54#二八第792220期押尾号-标识7973#-600#6236544
2016-11-15 12:41:26#二八第792221期押三段-标识8001#-300#6236244
2016-11-15 12:44:10#二八第792221期押尾号-标识8027#-1500#6234744
2016-11-15 12:46:22#二八第792222期押尾号-标识8046#-1200#6233544
2016-11-15 12:52:01#二八第792223期押尾号-标识8098#-1200#6232344
2016-11-15 12:54:56#二八第792223期押尾号-标识8124#-600#6231744
2016-11-15 12:55:33#二八第792224期押尾号-标识8129#-1500#6230244
2016-11-15 13:01:55#二八第792225期押尾号-标识8186#-600#6229644
2016-11-15 13:03:46#二八第792225期押尾号-标识8202#-1200#6228444
2016-11-15 13:05:48#二八第792226期押尾号-标识8221#-1500#6226944
2016-11-15 13:07:02#二八第792226期押大单-标识8234#-300#6226644
2016-11-15 13:12:36#二八第792227期押尾号-标识8280#-1200#6225444
2016-11-15 13:15:30#二八第792228期押尾号-标识8303#-600#6224844
2016-11-15 13:17:22#二八第792228期押尾号-标识8322#-1200#6223644
2016-11-15 13:20:38#二八第792229期押尾号-标识8349#-1200#6222444
2016-11-15 13:23:54#二八第792229期押尾号-标识8380#-600#6221844
2016-11-15 13:25:13#二八第792230期押尾号-标识8389#-900#6220944
2016-11-15 13:30:52#二八第792231期押尾号-标识8437#-600#6220344
2016-11-15 13:31:50#二八第792231期押尾号-标识8448#-1200#6219144
2016-11-15 13:36:37#二八第792232期押尾号-标识8488#-1500#6217644
2016-11-15 13:42:10#二八第792233期押大单-标识8538#-300#6217344
2016-11-15 13:42:32#二八第792233期押尾号-标识8542#-1200#6216144
2016-11-15 13:46:25#二八第792234期押尾号-标识8576#-1500#6214644
2016-11-15 13:50:23#二八第792235期押尾号-标识8608#-600#6214044
2016-11-15 13:54:37#二八第792235期押尾号-标识8647#-1200#6212844
2016-11-15 13:56:39#二八第792236期押尾号-标识8666#-1500#6211344
2016-11-15 14:00:22#二八第792237期押尾号-标识8697#-1200#6210144
2016-11-15 14:02:13#二八第792237期押大单-标识8716#-300#6209844
2016-11-15 14:05:55#二八第792238期押三段-标识8748#-300#6209544
2016-11-15 14:07:10#二八第792238期押尾号-标识8761#-1200#6208344
2016-11-15 14:13:42#二八第792239期押尾号-标识8822#-1200#6207144
2016-11-15 14:15:54#二八第792240期押尾号-标识8836#-1500#6205644
2016-11-15 14:17:24#二八第792240期押大单-标识8852#-300#6205344
2016-11-15 14:23:19#二八第792241期押尾号-标识8905#-600#6204744
2016-11-15 14:25:32#二八第792242期押尾号-标识8924#-1200#6203544
2016-11-15 14:30:18#二八第792243期押尾号-标识8963#-600#6202944
2016-11-15 14:32:09#二八第792243期押尾号-标识8983#-1200#6201744
2016-11-15 14:37:37#二八第792244期押尾号-标识9031#-600#6201144
2016-11-15 14:38:15#二八第792244期押尾号-标识9037#-600#6200544
2016-11-15 14:40:27#二八第792245期押尾号-标识9050#-1200#6199344
2016-11-15 14:44:41#二八第792245期押尾号-标识9087#-600#6198744
2016-11-15 14:45:18#二八第792246期押尾号-标识9091#-1500#6197244
2016-11-15 14:50:10#二八第792247期押大单-标识9134#-300#6196944
2016-11-15 14:51:19#二八第792247期押尾号-标识9147#-600#6196344
