2016-01-21 15:16:19#捕鱼达人入场费#-200#8942
2016-01-21 15:17:44#捕鱼达人入场费#-1000#7942
2016-01-21 15:19:08#捕鱼达人入场费#-5000#2942
2016-01-21 15:19:41#捕鱼达人入场费#-200#2742
2016-01-21 15:20:03#捕鱼达人兑奖—标识id583#59#2801
2016-01-21 15:20:31#捕鱼达人入场费#-200#2601
2016-01-21 15:21:17#捕鱼达人入场费#-1000#1601
2016-01-21 15:23:48#捕鱼达人兑奖-标识ID588#102#1703
2016-01-21 15:23:48#捕鱼达人兑奖-标识ID587#53#1756
2016-01-21 15:23:48#捕鱼达人兑奖-标识ID586#275#2031
2016-01-21 15:23:48#捕鱼达人兑奖-标识ID585#6527#8558
2016-01-21 15:23:48#捕鱼达人兑奖-标识ID584#453#9011
2016-01-21 15:24:06#捕鱼达人入场费#-200#8811
2016-01-21 15:25:24#捕鱼达人兑奖-标识ID590#68#8879
2016-01-21 15:25:50#捕鱼捐款消费#-100#8779
2016-01-21 15:26:02#捕鱼捐款消费#-1#8778
2016-01-21 15:26:10#捕鱼达人入场费#-200#8578
2016-01-21 15:26:33#捕鱼达人入场费#-5000#3578
2016-01-21 15:26:46#捕鱼达人兑奖-标识ID594#6688#10266
2016-01-21 15:26:46#捕鱼达人兑奖-标识ID593#286#10552
2016-01-21 15:34:24#捕鱼达人入场费#-10000#552
2016-01-21 15:35:23#捕鱼达人兑奖—标识id600#16983#17535
2016-01-21 15:35:30#捕鱼达人入场费#-5000#12535
2016-01-21 15:35:45#捕鱼达人入场费#-10000#2535
2016-01-21 15:36:09#捕鱼达人兑奖-标识ID602#2022#4557
2016-01-21 15:36:33#捕鱼达人兑奖—标识id604#14107#18664
2016-01-21 15:37:18#捕鱼达人入场费#-5000#13664
2016-01-21 15:41:49#捕鱼达人兑奖—标识id605#3811#17475
2016-01-21 15:42:53#捕鱼达人入场费#-200#17275
2016-01-21 15:43:04#捕鱼达人入场费#-200#17075
2016-01-21 15:43:52#捕鱼达人入场费#-1000#16075
2016-01-21 15:44:07#捕鱼达人兑奖-标识ID610#3884#19959
2016-01-21 15:44:07#捕鱼达人兑奖-标识ID609#198#20157
2016-01-21 15:44:07#捕鱼达人兑奖-标识ID608#69#20226
2016-01-21 15:44:16#捕鱼达人入场费#-1000#19226
2016-01-21 15:44:28#捕鱼达人兑奖-标识ID611#1356#20582
2016-01-21 15:44:34#捕鱼达人入场费#-20000#582
2016-01-21 15:44:51#捕鱼达人兑奖-标识ID612#14216#14798
2016-01-21 15:49:02#捕鱼达人入场费#-5000#9798
2016-01-21 15:49:41#捕鱼达人入场费#-5000#4798
2016-01-21 15:49:54#捕鱼达人兑奖-标识ID614#2505#7303
2016-01-21 15:49:54#捕鱼达人兑奖-标识ID613#4828#12131
2016-01-21 15:51:08#捕鱼达人入场费#-200#11931
2016-01-21 15:51:32#捕鱼达人入场费#-1000#10931
2016-01-21 15:51:55#捕鱼达人兑奖-标识ID617#1297#12228
2016-01-21 15:51:55#捕鱼达人兑奖-标识ID616#49#12277
2016-01-21 15:52:02#捕鱼达人入场费#-200#12077
2016-01-21 15:52:12#捕鱼达人入场费#-200#11877
2016-01-21 15:52:27#捕鱼达人入场费#-200#11677
2016-01-21 15:52:43#捕鱼达人入场费#-200#11477
2016-01-21 15:53:19#捕鱼达人入场费#-200#11277
2016-01-21 16:16:27#捕鱼达人入场费#-10000#1277
2016-01-21 16:16:42#捕鱼达人兑奖-标识ID639#11412#12689
2016-01-21 16:16:42#捕鱼达人兑奖-标识ID622#687#13376
2016-01-21 16:16:42#捕鱼达人兑奖-标识ID621#96#13472
2016-01-21 16:16:42#捕鱼达人兑奖-标识ID620#317#13789
2016-01-21 16:16:42#捕鱼达人兑奖-标识ID619#298#14087
2016-01-21 16:16:42#捕鱼达人兑奖-标识ID618#270#14357
2016-01-21 16:23:15#捕鱼达人入场费#-50000#450000
2016-01-21 16:23:26#捕鱼达人入场费#-50000#400000
2016-01-21 16:23:51#捕鱼达人入场费#-50000#350000
2016-01-21 16:24:09#捕鱼捐款消费#-100000#250000
2016-01-21 16:24:21#捕鱼达人入场费#-50000#200000
2016-01-21 16:24:32#捕鱼达人入场费#-50000#150000
2016-01-21 16:24:50#捕鱼达人兑奖-标识ID644#45166#195166
2016-01-21 16:24:50#捕鱼达人兑奖-标识ID643#63127#258293
2016-01-21 16:24:50#捕鱼达人兑奖-标识ID642#54772#313065
2016-01-21 16:24:50#捕鱼达人兑奖-标识ID641#77634#390699
2016-01-21 16:24:50#捕鱼达人兑奖-标识ID640#42076#432775
2016-01-21 16:25:14#捕鱼达人入场费#-50000#382775
2016-01-21 16:25:24#捕鱼达人入场费#-50000#332775
2016-01-21 16:25:31#捕鱼达人入场费#-50000#282775
2016-01-21 16:25:40#捕鱼达人兑奖-标识ID647#25080#307855
2016-01-21 16:25:40#捕鱼达人兑奖-标识ID646#77846#385701
2016-01-21 16:25:40#捕鱼达人兑奖-标识ID645#12469#398170
2016-01-21 16:25:59#捕鱼达人入场费#-50000#348170
2016-01-21 16:26:10#捕鱼达人兑奖-标识ID648#48086#396256
2016-01-21 16:35:01#捕鱼达人入场费#-200#396056
2016-01-21 16:35:11#捕鱼达人入场费#-200#395856
2016-01-21 16:35:23#捕鱼达人入场费#-200#395656
2016-01-21 16:35:33#捕鱼达人入场费#-1000#394656
2016-01-21 16:35:44#捕鱼达人兑奖-标识ID657#1166#395822
2016-01-21 16:35:44#捕鱼达人兑奖-标识ID656#308#396130
2016-01-21 16:35:44#捕鱼达人兑奖-标识ID655#69#396199
2016-01-21 16:35:44#捕鱼达人兑奖-标识ID654#312#396511
2016-01-21 16:48:02#捕鱼达人入场费#-200#396311
2016-01-21 16:48:15#捕鱼达人兑奖-标识ID670#64#396375
2016-01-21 16:57:32#捕鱼达人入场费#-200#396175
2016-01-21 16:58:12#捕鱼达人兑奖(管)—标识id678#44#396219
2016-01-21 16:58:32#捕鱼达人入场费#-20000#376219
2016-01-21 17:01:47#捕鱼达人兑奖-标识ID679#18635#394854
2016-01-21 17:26:53#捕鱼达人入场费#-50000#344854
2016-01-21 17:27:20#捕鱼达人入场费#-1000#343854
2016-01-21 17:30:42#捕鱼达人兑奖—标识id684#78015#421869
2016-01-21 17:30:49#捕鱼达人兑奖—标识id685#1356#423225
2016-01-21 17:38:08#捕鱼达人入场费#-1000#422225
2016-01-22 09:57:01#捕鱼达人兑奖—标识id686#1109#423334
2016-01-22 09:57:15#捕鱼达人入场费#-1000#422334
2016-01-22 09:57:39#捕鱼达人兑奖—标识id693#490#422824
2016-01-22 09:58:02#捕鱼达人入场费#-200#422624
2016-01-22 09:59:05#捕鱼达人入场费#-50000#372624
2016-01-22 09:59:31#捕鱼达人兑奖—标识id694#69#372693
2016-01-22 09:59:40#捕鱼达人兑奖-标识ID695#48096#420789
2016-01-22 10:00:27#捕鱼达人入场费#-200#420589
2016-01-22 10:00:43#捕鱼达人兑奖—标识id696#312#420901
2016-01-22 10:00:52#捕鱼达人入场费#-50000#370901
2016-01-22 10:02:01#捕鱼达人入场费#-50000#320901
2016-01-22 10:02:15#捕鱼达人兑奖-标识ID698#65248#386149
2016-01-22 10:02:15#捕鱼达人兑奖-标识ID697#23453#409602
2016-01-22 10:04:05#捕鱼达人入场费#-50000#359602
2016-01-22 10:06:54#捕鱼达人入场费#-50000#309602
2016-01-22 10:07:38#捕鱼达人兑奖—标识id699#54778#364380
2016-01-22 10:07:41#捕鱼达人兑奖—标识id700#70123#434503
2016-01-22 10:09:57#捕鱼达人入场费#-50000#384503
2016-01-22 10:10:10#捕鱼达人兑奖—标识id701#77633#462136
2016-01-22 10:10:16#捕鱼达人入场费#-50000#412136
2016-01-22 10:10:32#捕鱼达人兑奖-标识ID702#58292#470428
2016-01-22 10:10:38#捕鱼达人入场费#-200#470228
2016-01-22 10:10:59#捕鱼达人入场费#-50000#420228
2016-01-22 10:11:08#捕鱼达人入场费#-50000#370228
2016-01-22 10:11:24#捕鱼达人入场费#-200#370028
2016-01-22 10:11:42#捕鱼达人入场费#-50000#320028
2016-01-22 10:11:53#捕鱼达人入场费#-50000#270028
2016-01-22 10:12:21#捕鱼达人兑奖-标识ID708#42262#312290
2016-01-22 10:12:21#捕鱼达人兑奖-标识ID707#77873#390163
2016-01-22 10:12:21#捕鱼达人兑奖-标识ID706#44#390207
2016-01-22 10:12:21#捕鱼达人兑奖-标识ID705#57666#447873
2016-01-22 10:12:21#捕鱼达人兑奖-标识ID704#32605#480478
2016-01-22 10:12:21#捕鱼达人兑奖-标识ID703#54#480532
2016-01-22 10:12:28#捕鱼达人入场费#-50000#430532
2016-01-22 10:12:39#捕鱼达人兑奖—标识id709#12461#442993
2016-01-22 10:20:48#捕鱼达人入场费#-50000#392993
2016-01-22 10:21:00#捕鱼达人兑奖—标识id710#27214#420207
2016-01-22 10:21:06#捕鱼达人入场费#-20000#400207
2016-01-22 17:01:07#捕鱼达人入场费#-200#400007
2016-01-22 17:01:14#捕鱼达人入场费#-1000#399007
2016-01-22 17:01:20#捕鱼达人入场费#-5000#394007
2016-01-22 17:02:03#捕鱼捐款消费#-10000#384007
2016-01-22 17:02:23#捕鱼达人兑奖-标识ID800#1226#385233
2016-01-22 17:02:23#捕鱼达人兑奖-标识ID799#797#386030
2016-01-22 17:02:23#捕鱼达人兑奖-标识ID798#305#386335
2016-01-22 17:02:23#捕鱼达人兑奖-标识ID711#27426#413761
2016-01-22 17:02:29#捕鱼达人入场费#-50000#363761
2016-01-22 17:03:52#捕鱼达人入场费#-200#363561
2016-01-22 17:04:24#捕鱼达人兑奖—标识id805#98#363659
2016-01-22 17:04:28#捕鱼达人兑奖—标识id803#27197#390856
2016-01-22 17:05:41#捕鱼达人入场费#-1000#389856
2016-01-22 17:06:02#捕鱼达人入场费#-50000#339856
2016-01-22 17:09:44#捕鱼达人入场费#-10000#329856
2016-01-22 17:09:55#捕鱼达人兑奖—标识id807#102#329958
2016-01-22 17:09:57#捕鱼达人兑奖—标识id808#57705#387663
2016-01-22 17:10:05#捕鱼达人兑奖-标识ID810#38849#426512
2016-01-22 17:10:20#捕鱼达人入场费#-50000#376512
2016-01-22 17:10:32#捕鱼达人入场费#-20000#356512
2016-01-22 17:10:41#捕鱼捐款消费#-1#356511
2016-01-22 17:13:07#捕鱼购买体力花费#-1000#355511
2016-01-22 17:26:47#捕鱼达人入场费#-1000#354511
2016-01-22 17:26:57#捕鱼达人入场费#-50000#304511
2016-01-22 17:27:05#捕鱼达人入场费#-50000#254511
2016-01-22 17:31:00#捕鱼达人兑奖-标识ID827#66897#321408
2016-01-22 17:31:00#捕鱼达人兑奖-标识ID826#48259#369667
2016-01-22 17:31:00#捕鱼达人兑奖-标识ID825#443#370110
2016-01-22 17:31:00#捕鱼达人兑奖-标识ID812#25775#395885
2016-01-22 17:31:00#捕鱼达人兑奖-标识ID811#52249#448134
2016-01-23 09:10:18#捕鱼达人入场费#-50000#398134
2016-01-23 11:58:56#捕鱼达人入场费#-50000#348134
2016-01-23 11:59:04#捕鱼达人入场费#-50000#298134
2016-01-23 11:59:21#捕鱼达人兑奖-标识ID876#188699#486833
2016-01-23 11:59:21#捕鱼达人兑奖-标识ID828#42082#528915
2016-01-23 11:59:31#捕鱼达人兑奖-标识ID877#32069#560984
2016-01-23 11:59:36#捕鱼达人入场费#-10000#550984
2016-01-23 12:01:02#捕鱼达人入场费#-20000#530984
2016-01-23 12:03:06#捕鱼达人兑奖—标识id878#12473#543457
2016-01-23 14:17:41#捕鱼达人入场费#-50000#493457
2016-01-23 14:17:52#捕鱼达人入场费#-50000#443457
2016-01-23 14:18:05#捕鱼达人入场费#-50000#393457
2016-01-23 14:18:19#捕鱼达人入场费#-50000#343457
2016-01-23 14:18:33#捕鱼达人入场费#-50000#293457
2016-01-23 14:18:46#捕鱼达人入场费#-50000#243457
2016-01-23 14:18:52#捕鱼达人入场费#-50000#193457
2016-01-23 14:18:58#捕鱼达人入场费#-50000#143457
2016-01-23 14:19:05#捕鱼达人入场费#-50000#93457
2016-01-23 14:19:13#捕鱼达人入场费#-50000#43457
2016-01-23 14:19:51#捕鱼达人兑奖-标识ID947#20211#63668
2016-01-23 14:19:51#捕鱼达人兑奖-标识ID944#188699#252367
2016-01-23 14:19:51#捕鱼达人兑奖-标识ID942#188699#441066
2016-01-23 14:19:51#捕鱼达人兑奖-标识ID940#188699#629765
2016-01-23 14:19:51#捕鱼达人兑奖-标识ID937#188699#818464
2016-01-23 14:19:51#捕鱼达人兑奖-标识ID936#188699#1007163
2016-01-23 14:19:51#捕鱼达人兑奖-标识ID934#188699#1195862
2016-01-23 14:19:51#捕鱼达人兑奖-标识ID933#188699#1384561
2016-01-23 14:19:51#捕鱼达人兑奖-标识ID932#188699#1573260
2016-01-23 14:19:51#捕鱼达人兑奖-标识ID930#66857#1640117
2016-01-23 14:19:54#捕鱼达人兑奖-标识ID879#12294#1652411
2016-01-23 14:20:08#捕鱼捐款消费#-1000000#652411
2016-01-23 14:20:20#捕鱼达人入场费#-50000#602411
2016-01-23 14:20:31#捕鱼达人入场费#-50000#552411
2016-01-23 14:20:56#捕鱼达人入场费#-50000#502411
2016-01-23 14:21:38#捕鱼达人入场费#-200#502211
2016-01-23 14:21:48#捕鱼达人入场费#-1000#501211
2016-01-23 14:21:57#捕鱼达人入场费#-200#501011
2016-01-23 14:22:06#捕鱼达人入场费#-200#500811
2016-01-23 14:22:15#捕鱼达人入场费#-200#500611
2016-01-23 14:22:25#捕鱼达人入场费#-200#500411
2016-01-23 14:22:31#捕鱼达人入场费#-200#500211
2016-01-23 14:23:40#捕鱼达人入场费#-1000#499211
2016-01-23 14:23:47#捕鱼达人入场费#-5000#494211
2016-01-23 14:24:10#捕鱼达人入场费#-5000#489211
2016-01-23 14:24:24#捕鱼达人入场费#-5000#484211
2016-01-23 14:26:56#捕鱼达人入场费#-10000#474211
2016-01-23 14:27:07#捕鱼达人入场费#-20000#454211
2016-01-23 14:27:17#捕鱼达人入场费#-20000#434211
2016-01-23 14:28:20#捕鱼达人入场费#-200#434011
2016-01-23 14:29:25#捕鱼达人入场费#-50000#384011
2016-01-23 14:29:37#捕鱼达人入场费#-50000#334011
2016-01-23 14:29:53#捕鱼达人入场费#-50000#284011
2016-01-23 14:30:06#捕鱼达人入场费#-50000#234011
2016-01-23 14:30:19#捕鱼达人入场费#-50000#184011
2016-01-23 14:39:09#捕鱼达人兑奖-标识ID995#32605#216616
2016-01-23 14:39:09#捕鱼达人兑奖-标识ID994#48096#264712
2016-01-23 14:39:09#捕鱼达人兑奖-标识ID992#54778#319490
2016-01-23 14:39:09#捕鱼达人兑奖-标识ID990#78015#397505
2016-01-23 14:39:09#捕鱼达人兑奖-标识ID988#12277#409782
2016-01-23 14:39:09#捕鱼达人兑奖-标识ID984#320#410102
2016-01-23 14:39:09#捕鱼达人兑奖-标识ID983#18638#428740
2016-01-23 14:39:09#捕鱼达人兑奖-标识ID981#15727#444467
2016-01-23 14:39:09#捕鱼达人兑奖-标识ID980#3884#448351
2016-01-23 14:39:09#捕鱼达人兑奖-标识ID973#4516#452867
2016-01-23 14:39:11#捕鱼达人兑奖-标识ID972#7011#459878
2016-01-23 14:39:11#捕鱼达人兑奖-标识ID969#18869#478747
2016-01-23 14:39:11#捕鱼达人兑奖-标识ID968#1245#479992
2016-01-23 14:39:11#捕鱼达人兑奖-标识ID966#315#480307
2016-01-23 14:39:11#捕鱼达人兑奖-标识ID963#46#480353
2016-01-23 14:39:11#捕鱼达人兑奖-标识ID960#289#480642
2016-01-23 14:39:11#捕鱼达人兑奖-标识ID958#63#480705
2016-01-23 14:39:11#捕鱼达人兑奖-标识ID955#142#480847
2016-01-23 14:39:11#捕鱼达人兑奖-标识ID953#687#481534
2016-01-23 14:39:11#捕鱼达人兑奖-标识ID951#272#481806
2016-01-23 14:39:13#捕鱼达人兑奖-标识ID950#65248#547054
2016-01-23 14:39:13#捕鱼达人兑奖-标识ID949#42262#589316
2016-01-23 14:39:13#捕鱼达人兑奖-标识ID948#48276#637592
2016-01-23 14:42:41#捕鱼达人入场费#-10000#627592
2016-01-23 14:42:53#捕鱼达人入场费#-50000#577592
2016-01-23 14:56:24#捕鱼达人入场费#-50000#527592
2016-01-23 14:56:31#捕鱼达人入场费#-50000#477592
2016-01-23 14:56:39#捕鱼达人入场费#-50000#427592
2016-01-23 14:56:49#捕鱼达人兑奖-标识ID1025#57705#485297
2016-01-23 14:56:49#捕鱼达人兑奖-标识ID1024#32062#517359
2016-01-23 14:56:49#捕鱼达人兑奖-标识ID1023#23467#540826
2016-01-23 14:56:49#捕鱼达人兑奖-标识ID1017#32040#572866
2016-01-23 14:56:49#捕鱼达人兑奖-标识ID1015#4995#577861
2016-01-23 14:59:18#捕鱼达人入场费#-50000#527861
2016-01-23 14:59:34#捕鱼达人入场费#-5000#522861
2016-01-23 14:59:51#捕鱼达人入场费#-1000#521861
2016-01-23 15:00:09#捕鱼达人入场费#-20000#501861
2016-01-23 15:01:00#捕鱼达人入场费#-200#501661
2016-01-23 15:04:02#捕鱼达人入场费#-10000#491661
2016-01-25 10:57:57#捕鱼达人兑奖-标识ID1037#9990#501651
2016-01-25 10:57:57#捕鱼达人兑奖-标识ID1033#687#502338
2016-01-25 10:57:57#捕鱼达人兑奖-标识ID1032#13704#516042
2016-01-25 10:57:57#捕鱼达人兑奖-标识ID1031#1411#517453
2016-01-25 10:57:57#捕鱼达人兑奖-标识ID1030#5786#523239
2016-01-25 10:57:57#捕鱼达人兑奖-标识ID1029#48075#571314
2016-01-25 10:59:41#捕鱼达人入场费#-50000#521314
2016-01-25 10:59:47#捕鱼达人入场费#-50000#471314
2016-01-25 10:59:55#捕鱼达人入场费#-50000#421314
2016-01-25 11:00:03#捕鱼达人入场费#-50000#371314
2016-01-25 11:00:13#捕鱼达人入场费#-50000#321314
2016-01-25 11:00:25#捕鱼达人入场费#-50000#271314
2016-01-25 11:00:35#捕鱼达人入场费#-50000#221314
2016-01-25 11:00:45#捕鱼达人入场费#-50000#171314
2016-01-25 11:00:55#捕鱼达人入场费#-50000#121314
2016-01-25 11:01:01#捕鱼达人入场费#-50000#71314
2016-01-25 11:01:14#捕鱼达人入场费#-50000#21314
2016-01-25 11:01:30#捕鱼达人兑奖-标识ID1305#77633#98947
2016-01-25 11:01:30#捕鱼达人兑奖-标识ID1304#77873#176820
2016-01-25 11:01:30#捕鱼达人兑奖-标识ID1303#57835#234655
2016-01-25 11:01:30#捕鱼达人兑奖-标识ID1302#42066#276721
2016-01-25 11:01:30#捕鱼达人兑奖-标识ID1300#27214#303935
2016-01-25 11:01:30#捕鱼达人兑奖-标识ID1299#32040#335975
2016-01-25 11:01:30#捕鱼达人兑奖-标识ID1297#12701#348676
2016-01-25 11:01:30#捕鱼达人兑奖-标识ID1296#12461#361137
2016-01-25 11:01:30#捕鱼达人兑奖-标识ID1294#58292#419429
2016-01-25 11:01:30#捕鱼达人兑奖-标识ID1292#48276#467705
2016-01-25 11:01:32#捕鱼达人兑奖-标识ID1291#38103#505808
2016-01-25 11:48:28#捕鱼达人入场费#-200#505608
2016-01-25 11:48:39#捕鱼达人入场费#-1000#504608
2016-01-25 11:48:46#捕鱼达人入场费#-1000#503608
2016-01-25 11:48:56#捕鱼达人入场费#-5000#498608
2016-01-25 11:49:05#捕鱼达人入场费#-200#498408
2016-01-25 11:49:12#捕鱼达人入场费#-200#498208
2016-01-25 11:49:22#捕鱼达人入场费#-1000#497208
2016-01-25 11:49:29#捕鱼达人入场费#-50000#447208
2016-01-25 11:49:38#捕鱼达人入场费#-50000#397208
2016-01-25 11:50:45#捕鱼达人兑奖-标识ID1343#188699#585907
2016-01-25 11:50:45#捕鱼达人兑奖-标识ID1342#32606#618513
2016-01-25 11:50:45#捕鱼达人兑奖-标识ID1341#1466#619979
2016-01-25 11:50:45#捕鱼达人兑奖-标识ID1340#100#620079
2016-01-25 11:50:45#捕鱼达人兑奖-标识ID1339#276#620355
2016-01-25 11:50:45#捕鱼达人兑奖-标识ID1338#5475#625830
2016-01-25 11:50:45#捕鱼达人兑奖-标识ID1337#1107#626937
2016-01-25 11:50:45#捕鱼达人兑奖-标识ID1336#288#627225
2016-01-25 11:50:45#捕鱼达人兑奖-标识ID1335#76#627301
2016-01-25 12:22:21#捕鱼达人入场费#-50000#577301
2016-01-25 12:22:29#捕鱼达人入场费#-50000#527301
2016-01-25 12:22:36#捕鱼达人入场费#-50000#477301
2016-01-25 12:22:42#捕鱼达人入场费#-50000#427301
2016-01-25 12:22:49#捕鱼达人入场费#-50000#377301
2016-01-25 12:22:57#捕鱼达人入场费#-50000#327301
2016-01-25 12:23:08#捕鱼达人入场费#-50000#277301
2016-01-25 12:23:17#捕鱼达人入场费#-50000#227301
2016-01-25 12:23:27#捕鱼达人入场费#-50000#177301
2016-01-25 12:23:33#捕鱼达人入场费#-50000#127301
2016-01-25 12:23:39#捕鱼达人入场费#-50000#77301
2016-01-25 12:25:47#捕鱼达人兑奖-标识ID1356#65236#142537
2016-01-25 12:25:47#捕鱼达人兑奖-标识ID1355#57822#200359
2016-01-25 12:25:47#捕鱼达人兑奖-标识ID1354#52200#252559
2016-01-25 12:25:47#捕鱼达人兑奖-标识ID1353#42309#294868
2016-01-25 12:25:48#捕鱼达人兑奖-标识ID1352#58304#353172
2016-01-25 12:25:48#捕鱼达人兑奖-标识ID1351#32483#385655
2016-01-25 12:25:48#捕鱼达人兑奖-标识ID1350#32036#417691
2016-01-25 12:25:48#捕鱼达人兑奖-标识ID1349#23438#441129
2016-01-25 12:25:48#捕鱼达人兑奖-标识ID1348#12259#453388
2016-01-25 12:25:48#捕鱼达人兑奖-标识ID1347#48102#501490
2016-01-25 12:25:50#捕鱼达人兑奖-标识ID1346#77884#579374
2016-01-25 12:25:54#捕鱼达人入场费#-50000#529374
2016-01-25 12:26:01#捕鱼达人入场费#-50000#479374
2016-01-25 12:26:13#捕鱼达人入场费#-50000#429374
2016-01-25 12:26:19#捕鱼达人入场费#-50000#379374
2016-01-25 12:26:28#捕鱼达人入场费#-50000#329374
2016-01-25 12:26:37#捕鱼达人入场费#-50000#279374
2016-01-25 12:26:43#捕鱼达人入场费#-50000#229374
2016-01-25 12:26:45#捕鱼达人入场费#-50000#179374
2016-01-25 14:19:12#捕鱼达人入场费#-200#179174
