2016-04-21 09:37:45#云购出售标识369#-10000#286091
2016-04-21 09:42:27#云购参与369#ID161#-11000#275091
2016-04-21 09:43:28#云购出售商品标识369盈利#400#275491
2016-04-21 09:43:44#云购出售商品标识369盈利#400#275891
2016-04-21 09:43:45#云购出售商品标识369盈利#400#276291
2016-04-21 09:43:46#云购出售商品标识369盈利#400#276691
2016-04-21 09:43:46#云购出售商品标识369盈利#400#277091
2016-04-21 09:43:47#云购出售商品标识369盈利#400#277491
2016-04-21 09:43:47#云购出售商品标识369盈利#400#277891
2016-04-21 09:43:48#云购出售商品标识369盈利#400#278291
2016-04-21 09:43:49#云购出售商品标识369盈利#400#278691
2016-04-21 09:43:49#云购出售商品标识369盈利#400#279091
2016-04-21 09:43:49#云购出售商品标识369盈利#400#279491
2016-04-21 09:43:50#云购出售商品标识369盈利#400#279891
2016-04-21 09:43:50#云购出售商品标识369盈利#400#280291
2016-04-21 09:43:51#云购出售商品标识369盈利#400#280691
2016-04-21 09:43:51#云购出售商品标识369盈利#400#281091
2016-04-21 09:43:53#云购出售商品标识369盈利#400#281491
2016-04-21 09:44:00#云购出售商品标识369盈利#400#281891
2016-04-21 09:44:00#云购出售商品标识369盈利#400#282291
2016-04-21 09:44:00#云购出售商品标识369盈利#400#282691
2016-04-21 09:44:00#云购出售商品标识369盈利#400#283091
2016-04-21 09:44:14#云购出售商品标识369盈利#400#283491
2016-04-21 09:44:17#云购出售商品标识369盈利#400#283891
2016-04-21 09:44:18#云购出售商品标识369盈利#400#284291
2016-04-21 09:44:34#云购出售商品标识369盈利#400#284691
2016-04-21 09:44:36#云购出售商品标识369盈利#400#285091
2016-04-21 09:44:36#云购出售商品标识369盈利#400#285491
2016-04-21 09:44:36#云购出售商品标识369盈利#400#285891
2016-04-21 09:44:37#云购出售商品标识369盈利#400#286291
2016-04-21 09:44:37#云购出售商品标识369盈利#400#286691
2016-04-21 09:44:37#云购出售商品标识369盈利#400#287091
2016-04-21 09:44:37#云购出售商品标识369盈利#400#287491
2016-04-21 09:44:37#云购出售商品标识369盈利#400#287891
2016-04-21 09:44:38#云购出售商品标识369盈利#400#288291
2016-04-21 09:44:38#云购出售商品标识369盈利#400#288691
2016-04-21 09:44:38#云购出售商品标识369盈利#400#289091
2016-04-21 09:44:38#云购出售商品标识369盈利#400#289491
2016-04-21 09:44:38#云购出售商品标识369盈利#400#289891
2016-04-21 09:44:39#云购出售商品标识369盈利#400#290291
2016-04-21 09:44:39#云购出售商品标识369盈利#400#290691
2016-04-21 09:44:39#云购出售商品标识369盈利#400#291091
2016-04-21 09:44:39#云购出售商品标识369盈利#400#291491
2016-04-21 09:44:39#云购出售商品标识369盈利#400#291891
2016-04-21 09:44:40#云购出售商品标识369盈利#400#292291
2016-04-21 09:44:40#云购出售商品标识369盈利#400#292691
2016-04-21 09:44:40#云购出售商品标识369盈利#400#293091
2016-04-21 09:44:40#云购出售商品标识369盈利#400#293491
2016-04-21 09:44:40#云购出售商品标识369盈利#400#293891
2016-04-21 09:44:40#云购出售商品标识369盈利#400#294291
2016-04-21 09:44:40#云购出售商品标识369盈利#400#294691
2016-04-21 09:44:40#云购出售商品标识369盈利#400#295091
2016-04-21 09:44:40#云购出售商品标识369盈利#400#295491
2016-04-21 09:44:40#云购出售商品标识369盈利#400#295891
2016-04-21 09:44:41#云购出售商品标识369盈利#400#296291
2016-04-21 09:44:41#云购出售商品标识369盈利#400#296691
2016-04-21 09:44:41#云购出售商品标识369盈利#400#297091
2016-04-21 09:44:41#云购出售商品标识369盈利#400#297491
2016-04-21 09:44:42#云购出售商品标识369盈利#400#297891
2016-04-21 09:44:42#云购出售商品标识369盈利#400#298291
2016-04-21 09:44:42#云购出售商品标识369盈利#400#298691
2016-04-21 09:44:42#云购出售商品标识369盈利#400#299091
2016-04-21 09:44:42#云购出售商品标识369盈利#400#299491
2016-04-21 09:44:43#云购出售商品标识369盈利#400#299891
2016-04-21 09:44:43#云购出售商品标识369盈利#400#300291
2016-04-21 09:44:43#云购出售商品标识369盈利#400#300691
2016-04-21 09:44:43#云购出售商品标识369盈利#400#301091
2016-04-21 09:44:44#云购出售商品标识369盈利#400#301491
2016-04-21 09:44:44#云购出售商品标识369盈利#400#301891
2016-04-21 09:44:44#云购出售商品标识369盈利#400#302291
2016-04-21 09:44:44#云购出售商品标识369盈利#400#302691
2016-04-21 09:44:44#云购出售商品标识369盈利#400#303091
2016-04-21 09:44:45#云购出售商品标识369盈利#400#303491
2016-04-21 09:44:45#云购出售商品标识369盈利#400#303891
2016-04-21 09:44:45#云购出售商品标识369盈利#400#304291
2016-04-21 09:44:45#云购出售商品标识369盈利#400#304691
2016-04-21 09:44:46#云购出售商品标识369盈利#400#305091
2016-04-21 09:44:46#云购出售商品标识369盈利#400#305491
2016-04-21 09:44:46#云购出售商品标识369盈利#400#305891
2016-04-21 09:44:46#云购出售商品标识369盈利#400#306291
2016-04-21 09:44:46#云购出售商品标识369盈利#400#306691
2016-04-21 09:44:47#云购出售商品标识369盈利#400#307091
2016-04-21 09:44:47#云购出售商品标识369盈利#400#307491
2016-04-21 09:44:47#云购出售商品标识369盈利#400#307891
2016-04-21 09:44:47#云购出售商品标识369盈利#400#308291
2016-04-21 09:44:48#云购出售商品标识369盈利#400#308691
2016-04-21 09:44:48#云购出售商品标识369盈利#400#309091
2016-04-21 09:44:48#云购出售商品标识369盈利#400#309491
2016-04-21 09:44:48#云购出售商品标识369盈利#400#309891
2016-04-21 09:44:49#云购出售商品标识369盈利#400#310291
2016-04-21 09:44:49#云购出售商品标识369盈利#400#310691
2016-04-21 09:44:52#云购出售商品标识369盈利#400#311091
2016-04-21 09:45:00#云购出售商品标识369盈利#400#311491
2016-04-21 09:45:00#云购出售商品标识369盈利#400#311891
2016-04-21 09:45:02#云购出售商品标识369盈利#400#312291
2016-04-21 09:45:03#云购出售商品标识369盈利#400#312691
2016-04-21 09:45:04#云购出售商品标识369盈利#400#313091
2016-04-21 09:45:05#云购出售商品标识369盈利#400#313491
2016-04-21 09:45:05#云购出售商品标识369盈利#400#313891
2016-04-21 09:45:05#云购出售商品标识369盈利#400#314291
2016-04-21 09:46:22#云购出售商品标识369盈利#400#314691
2016-04-21 09:46:24#云购出售商品标识369盈利#400#315091
2016-04-21 09:46:27#云购出售商品标识369盈利#400#315491
2016-04-21 09:46:27#云购出售商品标识369盈利#400#315891
2016-04-21 09:46:28#云购出售商品标识369盈利#400#316291
2016-04-21 09:46:28#云购出售商品标识369盈利#400#316691
2016-04-21 09:46:28#云购出售商品标识369盈利#400#317091
2016-04-21 09:46:29#云购出售商品标识369盈利#400#317491
2016-04-21 09:46:30#云购出售商品标识369盈利#400#317891
2016-04-21 09:46:30#云购出售商品标识369盈利#400#318291
2016-04-21 09:46:32#云购出售商品标识369盈利#400#318691
2016-04-21 09:46:32#云购出售商品标识369盈利#400#319091
2016-04-21 09:46:32#云购出售商品标识369盈利#400#319491
2016-04-21 09:46:33#云购出售商品标识369盈利#400#319891
2016-04-21 09:46:33#云购出售商品标识369盈利#400#320291
2016-04-21 09:47:50#云购出售商品标识369盈利#400#320691
2016-04-21 09:47:50#云购出售商品标识369盈利#400#321091
2016-04-21 09:48:24#云购出售商品标识369盈利#400#321491
2016-04-21 09:48:24#云购出售商品标识369盈利#400#321891
2016-04-21 09:48:25#云购出售商品标识369盈利#400#322291
2016-04-21 09:48:25#云购出售商品标识369盈利#400#322691
2016-04-21 09:48:25#云购出售商品标识369盈利#400#323091
2016-04-21 09:48:26#云购出售商品标识369盈利#400#323491
2016-04-21 09:48:26#云购出售商品标识369盈利#400#323891
2016-04-21 09:48:26#云购出售商品标识369盈利#400#324291
2016-04-21 09:48:26#云购出售商品标识369盈利#400#324691
2016-04-21 09:48:26#云购出售商品标识369盈利#400#325091
2016-04-21 09:48:26#云购出售商品标识369盈利#400#325491
2016-04-21 09:48:26#云购出售商品标识369盈利#400#325891
2016-04-21 09:48:26#云购出售商品标识369盈利#400#326291
2016-04-21 09:48:26#云购出售商品标识369盈利#400#326691
2016-04-21 09:48:26#云购出售商品标识369盈利#400#327091
2016-04-21 09:48:26#云购出售商品标识369盈利#400#327491
2016-04-21 09:48:27#云购出售商品标识369盈利#400#327891
2016-04-21 09:48:27#云购出售商品标识369盈利#400#328291
2016-04-21 09:48:27#云购出售商品标识369盈利#400#328691
2016-04-21 09:48:27#云购出售商品标识369盈利#400#329091
2016-04-21 09:48:28#云购出售商品标识369盈利#400#329491
2016-04-21 09:48:28#云购出售商品标识369盈利#400#329891
2016-04-21 09:48:28#云购出售商品标识369盈利#400#330291
2016-04-21 09:48:29#云购出售商品标识369盈利#400#330691
2016-04-21 09:48:29#云购出售商品标识369盈利#400#331091
2016-04-21 09:48:29#云购出售商品标识369盈利#400#331491
2016-04-21 09:48:30#云购出售商品标识369盈利#400#331891
2016-04-21 09:48:30#云购出售商品标识369盈利#400#332291
2016-04-21 09:48:30#云购出售商品标识369盈利#400#332691
2016-04-21 09:48:30#云购出售商品标识369盈利#400#333091
2016-04-21 09:48:30#云购出售商品标识369盈利#400#333491
2016-04-21 09:48:30#云购出售商品标识369盈利#400#333891
2016-04-21 09:48:30#云购出售商品标识369盈利#400#334291
2016-04-21 09:48:30#云购出售商品标识369盈利#400#334691
2016-04-21 09:48:31#云购出售商品标识369盈利#400#335091
2016-04-21 09:48:31#云购出售商品标识369盈利#400#335491
2016-04-21 09:48:31#云购出售商品标识369盈利#400#335891
2016-04-21 09:48:31#云购出售商品标识369盈利#400#336291
2016-04-21 09:48:41#云购出售商品标识369盈利#400#336691
2016-04-21 10:14:45#云购参与368#ID162#-68000#268691
2016-04-21 10:14:58#云购参与368#ID162过期未开奖返还#68000#336691
2016-04-21 10:16:21#云购参与368#ID162中奖兑奖#59580#396271
2016-04-21 11:30:55#云购出售标识370#-10000#386271
2016-04-22 12:07:07#云购出售370未开奖返还#10000#396271
