2016-11-14 15:57:05#二八第791725期押单-标识1982#-300#2929304
2016-11-14 15:57:35#二八第791725期押单-标识1996#-300#2929004
2016-11-14 15:57:58#二八第791725期押押大-标识2001#-300#2928704
2016-11-14 15:58:44#二八第792081期押单-标识2016#-300#2928404
2016-11-14 16:03:30#二八第792082期押单-标识2063#-300#2928104
2016-11-14 16:05:27#二八第792083期押单-标识2075#-300#2927804
2016-11-14 16:06:09#二八第792083期押单-标识2083#-300#2927504
2016-11-14 16:09:51#二八第792083期押单-标识2113#-300#2927204
2016-11-14 16:16:08#二八第792085期押单-标识2167#-300#2926904
2016-11-14 16:17:38#二八第792085期押单-标识2183#-300#2926604
2016-11-14 16:18:10#二八第792085期押单-标识2188#-300#2926304
2016-11-14 16:22:29#二八第792086期押单-标识2224#-300#2926004
2016-11-14 16:25:56#二八第792087期押小双-标识2253#-300#2925704
2016-11-14 16:27:10#二八第792087期押单-标识2266#-300#2925404
2016-11-14 16:29:33#二八第792087期押单-标识2283#-300#2925104
2016-11-14 16:31:03#二八第792088期押单-标识2298#-300#2924804
2016-11-14 16:31:56#二八第792088期押单-标识2306#-300#2924504
2016-11-14 16:32:18#二八第792088期押单-标识2309#-300#2924204
2016-11-14 16:35:44#二八第792089期押单-标识2339#-300#2923904
2016-11-14 16:36:58#二八第792089期押单-标识2352#-300#2923604
2016-11-14 16:37:35#二八第792089期押单-标识2359#-300#2923304
2016-11-14 16:41:13#二八第792090期押单-标识2390#-300#2923004
2016-11-14 16:43:14#二八第792090期押单-标识2410#-300#2922704
2016-11-14 16:44:29#二八第792090期押单-标识2421#-300#2922404
2016-11-14 16:45:06#二八第792091期押单-标识2423#-300#2922104
2016-11-14 16:46:36#二八第792091期押单-标识2439#-300#2921804
2016-11-14 16:49:41#二八第792091期押单-标识2467#-300#2921504
2016-11-14 16:53:02#二八第792092期押单-标识2501#-300#2921204
2016-11-14 16:54:27#二八第792092期押单-标识2509#-300#2920904
2016-11-14 16:58:15#二八第792093期押小双-标识2544#-300#2920604
2016-11-14 16:59:08#二八第792093期押单-标识2550#-300#2920304
2016-11-14 16:59:29#二八第792093期押单-标识2552#-300#2920004
2016-11-14 17:00:06#二八第792094期押单-标识2555#-300#2919704
2016-11-14 17:03:01#二八第792094期押押大-标识2584#-300#2919404
2016-11-14 17:07:20#二八第792095期押单-标识2616#-300#2919104
2016-11-14 17:08:35#二八第792095期押单-标识2629#-300#2918804
2016-11-14 17:09:12#二八第792095期押押大-标识2635#-300#2918504
2016-11-14 17:10:58#二八第792096期押单-标识2648#-300#2918204
2016-11-14 17:12:06#二八第792096期押押大-标识2660#-300#2917904
2016-11-14 17:15:54#二八第792097期押小单-标识2690#-300#2917604
2016-11-14 17:16:15#二八第792097期押单-标识2693#-300#2917304
2016-11-14 17:17:35#二八第792097期押单-标识2708#-300#2917004
2016-11-14 17:20:51#二八第792098期押单-标识2734#-300#2916704
2016-11-14 17:21:49#二八第792098期押单-标识2744#-300#2916404
2016-11-14 17:23:03#二八第792098期押大双-标识2755#-300#2916104
2016-11-14 17:26:14#二八第792099期押押大-标识2780#-300#2915804
2016-11-14 17:27:28#二八第792099期押单-标识2792#-300#2915504
2016-11-14 17:29:30#二八第792099期押小双-标识2808#-300#2915204
2016-11-14 17:30:44#二八第792100期押单-标识2817#-300#2914904
2016-11-14 17:31:42#二八第792100期押单-标识2826#-300#2914604
2016-11-14 17:34:27#二八第792100期押单-标识2851#-300#2914304
2016-11-14 17:36:28#二八第792101期押小双-标识2867#-300#2914004
2016-11-14 17:37:43#二八第792101期押单-标识2881#-300#2913704
2016-11-14 17:42:29#二八第792102期押单-标识2923#-300#2913404
2016-11-14 17:45:02#二八第792102期押单-标识2942#-300#2913104
2016-11-14 17:46:16#二八第792103期押单-标识2955#-300#2912804
2016-11-14 17:50:41#二八第792104期押单-标识2989#-300#2912504
2016-11-14 17:53:57#二八第792104期押单-标识3020#-300#2912204
2016-11-14 17:54:40#二八第792104期押单-标识3025#-300#2911904
2016-11-14 17:56:10#二八第792105期押单-标识3039#-300#2911604
2016-11-14 17:59:52#二八第792105期押小双-标识3066#-300#2911304
2016-11-14 18:00:40#二八第792106期押押大-标识3074#-300#2911004
2016-11-14 18:00:50#二八第792106期押单-标识3076#-300#2910704
2016-11-14 18:02:31#二八第792106期押单-标识3091#-300#2910404
2016-11-14 18:05:37#二八第792107期押小双-标识3115#-300#2910104
2016-11-14 18:06:29#二八第792107期押单-标识3123#-300#2909804
2016-11-14 18:07:22#二八第792107期押单-标识3131#-300#2909504
2016-11-14 18:11:52#二八第792108期押单-标识3163#-300#2909204
2016-11-14 18:12:45#二八第792108期押单-标识3172#-300#2908904
2016-11-14 18:13:38#二八第792108期押单-标识3180#-300#2908604
2016-11-14 18:15:14#二八第792109期押单-标识3186#-300#2908304
2016-11-14 18:19:12#二八第792109期押单-标识3224#-300#2908004
2016-11-14 18:20:15#二八第792110期押单-标识3231#-300#2907704
2016-11-14 18:21:29#二八第792110期押单-标识3244#-300#2907404
2016-11-14 18:22:28#二八第792110期押单-标识3253#-300#2907104
2016-11-14 18:25:28#二八第792111期押单-标识3272#-300#2906804
2016-11-14 18:26:37#二八第792111期押单-标识3284#-300#2906504
2016-11-14 18:29:15#二八第792111期押单-标识3308#-300#2906204
2016-11-14 18:32:42#二八第792112期押单-标识3338#-300#2905904
2016-11-14 18:35:37#二八第792113期押押大-标识3359#-300#2905604
2016-11-14 18:38:21#二八第792113期押单-标识3385#-300#2905304
2016-11-14 18:39:14#二八第792113期押单-标识3391#-300#2905004
2016-11-14 18:42:09#二八第792114期押单-标识3414#-300#2904704
2016-11-14 18:42:19#二八第792114期押小双-标识3416#-300#2904404
2016-11-14 18:43:12#二八第792114期押单-标识3424#-300#2904104
2016-11-14 18:46:39#二八第792115期押单-标识3448#-300#2903804
2016-11-14 18:47:32#二八第792115期押小双-标识3458#-300#2903504
2016-11-14 18:48:03#二八第792115期押小双-标识3463#-300#2903204
2016-11-14 18:50:53#二八第792116期押单-标识3480#-300#2902904
2016-11-14 18:52:02#二八第792116期押小双-标识3491#-300#2902604
2016-11-14 18:55:28#二八第792117期押单-标识3518#-300#2902304
2016-11-14 18:56:21#二八第792117期押单-标识3527#-300#2902004
2016-11-14 18:57:14#二八第792117期押押大-标识3535#-300#2901704
2016-11-14 19:01:34#二八第792118期押单-标识3567#-300#2901404
2016-11-14 19:01:55#二八第792118期押单-标识3570#-300#2901104
2016-11-14 19:02:26#二八第792118期押单-标识3575#-300#2900804
2016-11-14 19:05:32#二八第792119期押单-标识3600#-300#2900504
2016-11-14 19:07:02#二八第792119期押单-标识3615#-300#2900204
2016-11-14 19:10:12#二八第792120期押单-标识3641#-300#2899904
2016-11-14 19:12:14#二八第792120期押单-标识3664#-300#2899604
2016-11-14 19:13:07#二八第792120期押单-标识3673#-300#2899304
2016-11-14 19:15:30#二八第792121期押单-标识3691#-300#2899004
2016-11-14 19:19:29#二八第792121期押单-标识3727#-300#2898704
2016-11-14 19:23:37#二八第792122期押单-标识3764#-300#2898404
2016-11-14 19:27:14#二八第792123期押单-标识3793#-300#2898104
2016-11-14 19:28:39#二八第792123期押单-标识3807#-300#2897804
2016-11-14 19:31:07#二八第792124期押单-标识3824#-300#2897504
2016-11-14 19:32:53#二八第792124期押单-标识3842#-300#2897204
2016-11-14 19:34:18#二八第792124期押单-标识3854#-300#2896904
2016-11-14 19:35:53#二八第792125期押单-标识3868#-300#2896604
2016-11-14 19:36:15#二八第792125期押单-标识3872#-300#2896304
2016-11-14 19:39:36#二八第792125期押单-标识3895#-300#2896004
2016-11-14 19:44:27#二八第792126期押单-标识3933#-300#2895704
2016-11-14 19:44:59#二八第792126期押单-标识3934#-300#2895404
2016-11-14 19:46:29#二八第792127期押单-标识3950#-300#2895104
2016-11-14 19:49:24#二八第792127期押单-标识3975#-300#2894804
2016-11-14 19:51:09#二八第792128期押单-标识3988#-300#2894504
2016-11-14 19:53:54#二八第792128期押单-标识4013#-300#2894204
2016-11-14 19:55:03#二八第792128期押单-标识4021#-300#2893904
2016-11-14 19:55:55#二八第792129期押押大-标识4031#-300#2893604
2016-11-14 20:00:36#二八第792130期押单-标识4067#-300#2893304
2016-11-14 20:02:38#二八第792130期押单-标识4089#-300#2893004
2016-11-14 20:04:08#二八第792130期押单-标识4103#-300#2892704
2016-11-14 20:05:33#二八第792131期押押大-标识4113#-300#2892404
2016-11-14 20:06:26#二八第792131期押单-标识4123#-300#2892104
2016-11-14 20:10:24#二八第792132期押单-标识4155#-300#2891804
2016-11-14 20:11:38#二八第792132期押单-标识4167#-300#2891504
2016-11-14 20:13:40#二八第792132期押单-标识4186#-300#2891204
2016-11-14 20:16:35#二八第792133期押单-标识4207#-300#2890904
2016-11-14 20:17:28#二八第792133期押单-标识4215#-300#2890604
2016-11-14 20:18:21#二八第792133期押单-标识4224#-300#2890304
2016-11-14 20:21:26#二八第792134期押二段-标识4251#-300#2890004
2016-11-14 20:22:14#二八第792134期押单-标识4259#-300#2889704
2016-11-14 20:23:07#二八第792134期押单-标识4268#-300#2889404
2016-11-14 20:27:26#二八第792135期押单-标识4304#-300#2889104
2016-11-14 20:27:58#二八第792135期押小双-标识4309#-300#2888804
2016-11-14 20:28:51#二八第792135期押单-标识4315#-300#2888504
2016-11-14 20:31:56#二八第792136期押单-标识4338#-300#2888204
2016-11-14 20:34:40#二八第792136期押单-标识4362#-300#2887904
2016-11-14 20:35:12#二八第792137期押单-标识4365#-300#2887604
2016-11-14 20:36:05#二八第792137期押单-标识4374#-300#2887304
2016-11-14 20:39:53#二八第792137期押单-标识4407#-300#2887004
2016-11-14 20:42:21#二八第792138期押单-标识4432#-300#2886704
2016-11-14 20:42:42#二八第792138期押单-标识4434#-300#2886404
2016-11-14 20:45:16#二八第792139期押单-标识4454#-300#2886104
2016-11-14 20:45:37#二八第792139期押单-标识4458#-300#2885804
2016-11-14 20:46:30#二八第792139期押小双-标识4465#-300#2885504
2016-11-14 20:54:32#二八第792140期押单-标识4537#-300#2885204
2016-11-14 20:55:04#二八第792140期押小双-标识4539#-300#2884904
2016-11-14 20:56:34#二八第792141期押单-标识4556#-300#2884604
2016-11-14 20:56:55#二八第792141期押单-标识4560#-300#2884304
2016-11-14 20:57:53#二八第792141期押单-标识4569#-300#2884004
2016-11-14 21:01:20#二八第792142期押单-标识4595#-300#2883704
2016-11-14 21:02:34#二八第792142期押单-标识4606#-300#2883404
2016-11-14 21:02:55#二八第792142期押单-标识4609#-300#2883104
2016-11-14 21:06:06#二八第792143期押单-标识4637#-300#2882804
2016-11-14 21:06:48#二八第792143期押单-标识4645#-300#2882504
2016-11-14 21:07:41#二八第792143期押二段-标识4653#-300#2882204
2016-11-14 21:10:57#二八第792144期押单-标识4677#-300#2881904
2016-11-14 21:12:27#二八第792144期押单-标识4694#-300#2881604
2016-11-14 21:13:04#二八第792144期押押大-标识4698#-300#2881304
2016-11-14 21:16:42#二八第792145期押单-标识4727#-300#2881004
2016-11-14 21:20:29#二八第792146期押单-标识4755#-300#2880704
2016-11-14 21:21:06#二八第792146期押单-标识4761#-300#2880404
2016-11-14 21:21:49#二八第792146期押单-标识4769#-300#2880104
2016-11-14 21:25:37#二八第792147期押单-标识4802#-300#2879804
2016-11-14 21:28:58#二八第792147期押押大-标识4835#-300#2879504
2016-11-14 21:29:19#二八第792147期押单-标识4838#-300#2879204
2016-11-14 21:31:53#二八第792148期押单-标识4859#-300#2878904
2016-11-14 21:33:07#二八第792148期押单-标识4871#-300#2878604
2016-11-14 21:36:02#二八第792149期押小双-标识4895#-300#2878304
2016-11-14 21:36:39#二八第792149期押单-标识4901#-300#2878004
2016-11-14 21:37:53#二八第792149期押押大-标识4914#-300#2877704
2016-11-14 21:41:19#二八第792150期押单-标识4941#-300#2877404
2016-11-14 21:42:33#二八第792150期押单-标识4955#-300#2877104
2016-11-14 21:44:04#二八第792150期押单-标识4966#-300#2876804
2016-11-14 21:46:16#二八第792151期押单-标识4983#-300#2876504
2016-11-14 21:47:09#二八第792151期押单-标识4991#-300#2876204
2016-11-14 21:48:23#二八第792151期押单-标识5002#-300#2875904
2016-11-14 21:50:25#二八第792152期押单-标识5011#-300#2875604
2016-11-14 21:54:13#二八第792152期押单-标识5044#-300#2875304
2016-11-14 21:56:04#二八第792153期押单-标识5059#-300#2875004
2016-11-14 21:58:27#二八第792153期押小双-标识5084#-300#2874704
2016-11-14 21:59:41#二八第792153期押单-标识5091#-300#2874404
2016-11-14 22:01:11#二八第792154期押单-标识5104#-300#2874104
2016-11-14 22:01:48#二八第792154期押单-标识5111#-300#2873804
2016-11-14 22:02:31#二八第792154期押单-标识5118#-300#2873504
2016-11-14 22:06:50#二八第792155期押单-标识5153#-300#2873204
2016-11-14 22:08:04#二八第792155期押单-标识5165#-300#2872904
2016-11-14 22:09:13#二八第792155期押单-标识5174#-300#2872604
2016-11-14 22:10:11#二八第792156期押单-标识5179#-300#2872304
2016-11-14 22:11:26#二八第792156期押单-标识5192#-300#2872004
2016-11-14 22:13:27#二八第792156期押单-标识5212#-300#2871704
2016-11-14 22:16:12#二八第792157期押单-标识5233#-300#2871404
2016-11-14 22:16:49#二八第792157期押押大-标识5240#-300#2871104
2016-11-14 22:18:03#二八第792157期押单-标识5252#-300#2870804
2016-11-14 22:20:58#二八第792158期押单-标识5278#-300#2870504
2016-11-14 22:22:17#二八第792158期押单-标识5292#-300#2870204
2016-11-14 22:23:47#二八第792158期押单-标识5306#-300#2869904
2016-11-14 22:27:24#二八第792159期押单-标识5339#-300#2869604
2016-11-14 22:29:47#二八第792159期押小双-标识5354#-300#2869304
2016-11-14 22:31:39#二八第792160期押押大-标识5371#-300#2869004
2016-11-14 22:34:02#二八第792160期押单-标识5394#-300#2868704
2016-11-14 22:35:16#二八第792161期押单-标识5401#-300#2868404
2016-11-14 22:36:46#二八第792161期押单-标识5417#-300#2868104
2016-11-14 22:37:44#二八第792161期押单-标识5426#-300#2867804
2016-11-14 22:41:32#二八第792162期押单-标识5456#-300#2867504
2016-11-14 22:42:46#二八第792162期押单-标识5470#-300#2867204
2016-11-14 22:44:16#二八第792162期押单-标识5485#-300#2866904
2016-11-14 22:45:14#二八第792163期押单-标识5491#-300#2866604
2016-11-14 22:46:07#二八第792163期押单-标识5501#-300#2866304
2016-11-14 22:48:09#二八第792163期押单-标识5520#-300#2866004
2016-11-14 22:50:16#二八第792164期押大双-标识5536#-300#2865704
2016-11-14 22:52:18#二八第792164期押单-标识5559#-300#2865404
2016-11-14 22:54:09#二八第792164期押单-标识5576#-300#2865104
2016-11-14 22:59:27#二八第792165期押单-标识5619#-300#2864804
2016-11-14 22:59:48#二八第792165期押单-标识5621#-300#2864504
2016-11-14 23:00:41#二八第792166期押小双-标识5629#-300#2864204
2016-11-14 23:03:41#二八第792166期押单-标识5659#-300#2863904
2016-11-14 23:07:50#二八第792167期押小双-标识5697#-300#2863604
2016-11-14 23:08:49#二八第792167期押单-标识5704#-300#2863304
2016-11-14 23:09:42#二八第792167期押押大-标识5710#-300#2863004
2016-11-14 23:11:43#二八第792168期押单-标识5730#-300#2862704
2016-11-14 23:12:58#二八第792168期押小双-标识5741#-300#2862404
2016-11-14 23:15:21#二八第792169期押单-标识5757#-300#2862104
2016-11-14 23:16:51#二八第792169期押单-标识5771#-300#2861804
2016-11-14 23:19:35#二八第792169期押单-标识5793#-300#2861504
2016-11-14 23:20:28#二八第792170期押单-标识5798#-300#2861204
2016-11-14 23:22:30#二八第792170期押单-标识5821#-300#2860904
2016-11-14 23:22:51#二八第792170期押单-标识5824#-300#2860604
2016-11-14 23:27:26#二八第792171期押单-标识5861#-300#2860304
2016-11-14 23:29:28#二八第792171期押小双-标识5874#-300#2860004
2016-11-14 23:33:42#二八第792172期押单-标识5917#-300#2859704
2016-11-14 23:34:35#二八第792172期押小双-标识5923#-300#2859404
2016-11-14 23:35:28#二八第792173期押单-标识5929#-300#2859104
2016-11-14 23:38:44#二八第792173期押单-标识5961#-300#2858804
2016-11-14 23:39:21#二八第792173期押单-标识5966#-300#2858504
2016-11-14 23:40:14#二八第792174期押单-标识5974#-300#2858204
2016-11-14 23:43:09#二八第792174期押单-标识6001#-300#2857904
2016-11-14 23:44:02#二八第792174期押小双-标识6009#-300#2857604
2016-11-14 23:46:57#二八第792175期押单-标识6033#-300#2857304
2016-11-14 23:47:55#二八第792175期押单-标识6042#-300#2857004
2016-11-14 23:49:09#二八第792175期押单-标识6053#-300#2856704
2016-11-14 23:54:59#二八第792176期押单-标识6096#-300#2856404
2016-11-14 23:55:20#二八第792177期押单-标识6100#-300#2856104
2016-11-14 23:57:11#二八第792177期押押大-标识6120#-300#2855804
2016-11-14 23:59:13#二八第792177期押单-标识6138#-300#2855504
2016-11-15 09:02:22#二八第792177期押单-标识6161#-300#2855204
2016-11-15 09:02:43#二八第792177期押单-标识6163#-300#2854904
2016-11-15 09:04:34#二八第792177期押单-标识6175#-300#2854604
2016-11-15 09:10:18#二八第792179期押单-标识6192#-300#2854304
2016-11-15 09:11:17#二八第792179期押单-标识6202#-300#2854004
2016-11-15 09:12:31#二八第792179期押单-标识6213#-300#2853704
2016-11-15 09:15:36#二八第792180期押单-标识6235#-300#2853404
2016-11-15 09:16:50#二八第792180期押单-标识6248#-300#2853104
2016-11-15 09:18:15#二八第792180期押单-标识6260#-300#2852804
2016-11-15 09:22:24#二八第792181期押单-标识6294#-300#2852504
2016-11-15 09:24:26#二八第792181期押单-标识6310#-300#2852204
2016-11-15 09:24:47#二八第792181期押单-标识6313#-300#2851904
2016-11-15 09:25:24#二八第792182期押单-标识6318#-300#2851604
2016-11-15 09:28:09#二八第792182期押单-标识6345#-300#2851304
2016-11-15 09:29:23#二八第792182期押单-标识6357#-300#2851004
2016-11-15 09:30:16#二八第792183期押大双-标识6365#-300#2850704
2016-11-15 09:32:17#二八第792183期押单-标识6387#-300#2850404
2016-11-15 09:32:33#二八第792183期押单-标识6390#-300#2850104
2016-11-15 09:36:27#二八第792184期押单-标识6421#-300#2849804
2016-11-15 09:37:19#二八第792184期押单-标识6429#-300#2849504
2016-11-15 09:42:11#二八第792185期押单-标识6473#-300#2849204
2016-11-15 09:43:20#二八第792185期押单-标识6482#-300#2848904
2016-11-15 09:44:18#二八第792185期押单-标识6490#-300#2848604
2016-11-15 09:47:34#二八第792186期押单-标识6520#-300#2848304
2016-11-15 09:48:06#二八第792186期押单-标识6525#-300#2848004
2016-11-15 09:52:20#二八第792187期押单-标识6558#-300#2847704
2016-11-15 09:52:42#二八第792187期押单-标识6562#-300#2847404
2016-11-15 09:53:35#二八第792187期押单-标识6570#-300#2847104
2016-11-15 09:55:36#二八第792188期押单-标识6586#-300#2846804
2016-11-15 09:56:56#二八第792188期押单-标识6599#-300#2846504
2016-11-15 10:01:05#二八第792189期押小双-标识6632#-300#2846204
2016-11-15 10:02:03#二八第792189期押单-标识6640#-300#2845904
2016-11-15 10:02:35#二八第792189期押单-标识6644#-300#2845604
2016-11-15 10:06:28#二八第792190期押单-标识6678#-300#2845304
2016-11-15 10:06:49#二八第792190期押单-标识6681#-300#2845004
2016-11-15 10:08:03#二八第792190期押大双-标识6694#-300#2844704
2016-11-15 10:13:48#二八第792191期押单-标识6746#-300#2844404
2016-11-15 10:15:02#二八第792191期押单-标识6753#-300#2844104
2016-11-15 10:17:04#二八第792192期押单-标识6775#-300#2843804
2016-11-15 10:18:02#二八第792192期押单-标识6784#-300#2843504
2016-11-15 10:18:23#二八第792192期押单-标识6786#-300#2843204
2016-11-15 10:20:25#二八第792193期押单-标识6799#-300#2842904
2016-11-15 10:21:39#二八第792193期押单-标识6813#-300#2842604
2016-11-15 10:25:32#二八第792194期押单-标识6847#-300#2842304
2016-11-15 10:27:55#二八第792194期押单-标识6872#-300#2842004
2016-11-15 10:29:20#二八第792194期押单-标识6878#-300#2841704
2016-11-15 10:30:13#二八第792195期押单-标识6884#-300#2841404
2016-11-15 10:30:34#二八第792195期押单-标识6888#-300#2841104
2016-11-15 10:31:43#二八第792195期押单-标识6901#-300#2840804
2016-11-15 10:37:43#二八第792196期押单-标识6951#-300#2840504
2016-11-15 10:41:36#二八第792197期押单-标识6983#-300#2840204
2016-11-15 10:43:28#二八第792197期押单-标识7000#-300#2839904
2016-11-15 10:46:44#二八第792198期押小双-标识7025#-300#2839604
2016-11-15 10:47:05#二八第792198期押单-标识7028#-300#2839304
2016-11-15 10:47:42#二八第792198期押押大-标识7034#-300#2839004
2016-11-15 10:50:26#二八第792199期押单-标识7055#-300#2838704
2016-11-15 10:51:40#二八第792199期押大双-标识7069#-300#2838404
2016-11-15 10:52:49#二八第792199期押单-标识7081#-300#2838104
2016-11-15 10:56:10#二八第792200期押单-标识7107#-300#2837804
2016-11-15 10:57:25#二八第792200期押单-标识7120#-300#2837504
2016-11-15 10:58:17#二八第792200期押大双-标识7128#-300#2837204
2016-11-15 11:01:02#二八第792201期押单-标识7149#-300#2836904
2016-11-15 11:02:32#二八第792201期押单-标识7165#-300#2836604
2016-11-15 11:04:55#二八第792201期押单-标识7180#-300#2836304
2016-11-15 11:09:09#二八第792202期押单-标识7220#-300#2836004
2016-11-15 11:10:07#二八第792203期押单-标识7224#-300#2835704
2016-11-15 11:11:59#二八第792203期押单-标识7244#-300#2835404
2016-11-15 11:13:13#二八第792203期押单-标识7257#-300#2835104
2016-11-15 11:16:08#二八第792204期押单-标识7279#-300#2834804
2016-11-15 11:17:06#二八第792204期押单-标识7289#-300#2834504
2016-11-15 11:18:20#二八第792204期押单-标识7302#-300#2834204
2016-11-15 11:21:04#二八第792205期押大双-标识7325#-300#2833904
2016-11-15 11:22:13#二八第792205期押单-标识7336#-300#2833604
2016-11-15 11:24:26#二八第792205期押单-标识7354#-300#2833304
2016-11-15 11:26:49#二八第792206期押小双-标识7376#-300#2833004
2016-11-15 11:27:10#二八第792206期押单-标识7379#-300#2832704
2016-11-15 11:28:03#二八第792206期押单-标识7388#-300#2832404
2016-11-15 11:30:31#二八第792207期押单-标识7412#-300#2832104
2016-11-15 11:33:15#二八第792207期押单-标识7437#-300#2831804
2016-11-15 11:35:17#二八第792208期押单-标识7452#-300#2831504
2016-11-15 11:35:38#二八第792208期押小双-标识7455#-300#2831204
2016-11-15 11:38:28#二八第792208期押单-标识7481#-300#2830904
2016-11-15 11:41:55#二八第792209期押单-标识7507#-300#2830604
2016-11-15 11:42:32#二八第792209期押单-标识7513#-300#2830304
2016-11-15 11:44:02#二八第792209期押押大-标识7525#-300#2830004
2016-11-15 11:45:16#二八第792210期押单-标识7533#-300#2829704
2016-11-15 11:46:25#二八第792210期押单-标识7545#-300#2829404
2016-11-15 11:47:07#二八第792210期押单-标识7551#-300#2829104
2016-11-15 11:52:52#二八第792211期押小双-标识7600#-300#2828804
2016-11-15 11:54:06#二八第792211期押单-标识7609#-300#2828504
2016-11-15 11:56:55#二八第792212期押单-标识7631#-300#2828204
2016-11-15 11:57:16#二八第792212期押押大-标识7635#-300#2827904
2016-11-15 11:58:25#二八第792212期押单-标识7645#-300#2827604
2016-11-15 12:02:24#二八第792213期押小双-标识7681#-300#2827304
2016-11-15 12:08:24#二八第792214期押单-标识7732#-300#2827004
2016-11-15 12:09:44#二八第792214期押单-标识7740#-300#2826704
2016-11-15 12:13:26#二八第792215期押单-标识7776#-300#2826404
2016-11-15 12:16:05#二八第792216期押单-标识7794#-300#2826104
2016-11-15 12:16:26#二八第792216期押大双-标识7797#-300#2825804
2016-11-15 12:17:35#二八第792216期押单-标识7807#-300#2825504
2016-11-15 12:22:27#二八第792217期押小双-标识7845#-300#2825204
2016-11-15 12:25:11#二八第792218期押单-标识7865#-300#2824904
2016-11-15 12:25:48#二八第792218期押单-标识7871#-300#2824604
2016-11-15 12:26:30#二八第792218期押单-标识7877#-300#2824304
2016-11-15 12:30:45#二八第792219期押小双-标识7914#-300#2824004
2016-11-15 12:33:45#二八第792219期押单-标识7943#-300#2823704
2016-11-15 12:37:22#二八第792220期押单-标识7968#-300#2823404
2016-11-15 12:37:43#二八第792220期押二段-标识7971#-300#2823104
2016-11-15 12:38:10#二八第792220期押单-标识7976#-300#2822804
2016-11-15 12:40:43#二八第792221期押押大-标识7994#-300#2822504
2016-11-15 12:41:58#二八第792221期押单-标识8006#-300#2822204
2016-11-15 12:42:19#二八第792221期押大双-标识8010#-300#2821904
2016-11-15 12:45:40#二八第792222期押单-标识8038#-300#2821604
2016-11-15 12:48:56#二八第792222期押小双-标识8071#-300#2821304
2016-11-15 12:50:58#二八第792223期押单-标识8087#-300#2821004
2016-11-15 12:51:19#二八第792223期押单-标识8090#-300#2820704
2016-11-15 12:52:33#二八第792223期押单-标识8103#-300#2820404
2016-11-15 12:56:05#二八第792224期押单-标识8135#-300#2820104
2016-11-15 12:57:19#二八第792224期押单-标识8148#-300#2819804
2016-11-15 12:58:28#二八第792224期押单-标识8160#-300#2819504
2016-11-15 13:01:12#二八第792225期押小双-标识8178#-300#2819204
2016-11-15 13:01:49#二八第792225期押单-标识8185#-300#2818904
2016-11-15 13:03:04#二八第792225期押单-标识8197#-300#2818604
2016-11-15 13:06:41#二八第792226期押单-标识8230#-300#2818304
2016-11-15 13:07:50#二八第792226期押单-标识8242#-300#2818004
2016-11-15 13:08:43#二八第792226期押单-标识8248#-300#2817704
2016-11-15 13:10:55#二八第792227期押单-标识8263#-300#2817404
2016-11-15 13:11:53#二八第792227期押单-标识8273#-300#2817104
2016-11-15 13:14:48#二八第792227期押单-标识8297#-300#2816804
2016-11-15 13:16:39#二八第792228期押单-标识8315#-300#2816504
2016-11-15 13:19:55#二八第792228期押单-标识8342#-300#2816204
2016-11-15 13:21:10#二八第792229期押单-标识8355#-300#2815904
2016-11-15 13:22:18#二八第792229期押单-标识8367#-300#2815604
2016-11-15 13:23:11#二八第792229期押单-标识8376#-300#2815304
2016-11-15 13:26:33#二八第792230期押单-标识8402#-300#2815004
2016-11-15 13:26:54#二八第792230期押单-标识8405#-300#2814704
2016-11-15 13:30:47#二八第792231期押单-标识8436#-300#2814404
2016-11-15 13:32:38#二八第792231期押单-标识8456#-300#2814104
2016-11-15 13:33:52#二八第792231期押小双-标识8465#-300#2813804
2016-11-15 13:37:08#二八第792232期押单-标识8492#-300#2813504
2016-11-15 13:37:45#二八第792232期押单-标识8498#-300#2813204
2016-11-15 13:38:07#二八第792232期押单-标识8501#-300#2812904
2016-11-15 13:41:28#二八第792233期押单-标识8530#-300#2812604
2016-11-15 13:43:03#二八第792233期押单-标识8547#-300#2812304
2016-11-15 13:43:40#二八第792233期押押大-标识8554#-300#2812004
2016-11-15 13:45:42#二八第792234期押单-标识8568#-300#2811704
2016-11-15 13:46:03#二八第792234期押单-标识8572#-300#2811404
2016-11-15 13:46:56#二八第792234期押单-标识8582#-300#2811104
2016-11-15 13:50:39#二八第792235期押单-标识8611#-300#2810804
2016-11-15 13:51:42#二八第792235期押单-标识8623#-300#2810504
2016-11-15 13:52:41#二八第792235期押单-标识8633#-300#2810204
2016-11-15 13:55:57#二八第792236期押单-标识8658#-300#2809904
2016-11-15 13:57:11#二八第792236期押单-标识8672#-300#2809604
2016-11-15 13:57:37#二八第792236期押单-标识8676#-300#2809304
2016-11-15 14:00:53#二八第792237期押二段-标识8702#-300#2809004
2016-11-15 14:01:52#二八第792237期押单-标识8712#-300#2808704
2016-11-15 14:03:06#二八第792237期押单-标识8725#-300#2808404
2016-11-15 14:06:27#二八第792238期押押大-标识8753#-300#2808104
2016-11-15 14:09:17#二八第792238期押单-标识8779#-300#2807804
2016-11-15 14:10:31#二八第792239期押单-标识8789#-300#2807504
2016-11-15 14:10:36#二八第792239期押单-标识8790#-300#2807204
2016-11-15 14:11:29#二八第792239期押单-标识8799#-300#2806904
2016-11-15 14:16:26#二八第792240期押单-标识8842#-300#2806604
2016-11-15 14:17:40#二八第792240期押单-标识8855#-300#2806304
2016-11-15 14:19:16#二八第792240期押单-标识8866#-300#2806004
2016-11-15 14:22:37#二八第792241期押单-标识8899#-300#2805704
2016-11-15 14:24:28#二八第792241期押单-标识8915#-300#2805404
2016-11-15 14:29:14#二八第792242期押单-标识8956#-300#2805104
2016-11-15 14:29:35#二八第792242期押单-标识8958#-300#2804804
2016-11-15 14:31:27#二八第792243期押单-标识8975#-300#2804504
2016-11-15 14:33:50#二八第792243期押单-标识8998#-300#2804204
2016-11-15 14:34:11#二八第792243期押小双-标识9001#-300#2803904
2016-11-15 14:36:34#二八第792244期押单-标识9020#-300#2803604
2016-11-15 14:36:55#二八第792244期押单-标识9024#-300#2803304
2016-11-15 14:37:32#二八第792244期押单-标识9030#-300#2803004
2016-11-15 14:42:29#二八第792245期押单-标识9069#-300#2802704
2016-11-15 14:43:27#二八第792245期押单-标识9078#-300#2802404
2016-11-15 14:43:59#二八第792245期押单-标识9083#-300#2802104
2016-11-15 14:45:50#二八第792246期押单-标识9096#-300#2801804
2016-11-15 14:49:27#二八第792246期押单-标识9129#-300#2801504
2016-11-15 14:51:35#二八第792247期押单-标识9150#-300#2801204
2016-11-15 14:52:49#二八第792247期押单-标识9163#-300#2800904
2016-11-15 14:55:54#二八第792248期押单-标识9189#-300#2800604
2016-11-15 14:57:56#二八第792248期押单-标识9210#-300#2800304
2016-11-15 14:59:46#二八第792248期押单-标识9220#-300#2800004
