2016-11-14 15:56:52#二八第791725期押大双-标识1973#-300#3815154
2016-11-14 15:57:04#二八第791725期押大单-标识1981#-300#3814854
2016-11-14 15:57:12#二八第791725期押大单-标识1985#-300#3814554
2016-11-14 16:02:32#二八第792082期押双-标识2054#-300#3814254
2016-11-14 16:03:57#二八第792082期押双-标识2066#-300#3813954
2016-11-14 16:05:00#二八第792082期押双-标识2071#-300#3813654
2016-11-14 16:07:23#二八第792083期押双-标识2096#-300#3813354
2016-11-14 16:08:16#二八第792083期押一段-标识2102#-300#3813054
2016-11-14 16:09:09#二八第792083期押双-标识2108#-300#3812754
2016-11-14 16:10:50#二八第792084期押押大-标识2122#-300#3812454
2016-11-14 16:11:11#二八第792084期押大单-标识2126#-300#3812154
2016-11-14 16:12:20#二八第792084期押大单-标识2138#-300#3811854
2016-11-14 16:16:29#二八第792085期押大单-标识2171#-300#3811554
2016-11-14 16:16:50#二八第792085期押大单-标识2175#-300#3811254
2016-11-14 16:20:33#二八第792086期押双-标识2205#-300#3810954
2016-11-14 16:22:03#二八第792086期押双-标识2220#-300#3810654
2016-11-14 16:22:13#二八第792086期押大单-标识2222#-300#3810354
2016-11-14 16:25:29#二八第792087期押双-标识2248#-300#3810054
2016-11-14 16:28:24#二八第792087期押大单-标识2278#-300#3809754
2016-11-14 16:34:25#二八第792088期押大单-标识2327#-300#3809454
2016-11-14 16:35:18#二八第792089期押双-标识2334#-300#3809154
2016-11-14 16:37:20#二八第792089期押大单-标识2356#-300#3808854
2016-11-14 16:38:55#二八第792089期押双-标识2369#-300#3808554
2016-11-14 16:40:25#二八第792090期押双-标识2381#-300#3808254
2016-11-14 16:40:35#二八第792090期押大单-标识2383#-300#3807954
2016-11-14 16:42:48#二八第792090期押双-标识2406#-300#3807654
2016-11-14 16:45:32#二八第792091期押双-标识2428#-300#3807354
2016-11-14 16:48:01#二八第792091期押大单-标识2452#-300#3807054
2016-11-14 16:49:15#二八第792091期押小-标识2462#-300#3806754
2016-11-14 16:51:59#二八第792092期押双-标识2491#-300#3806454
2016-11-14 16:55:04#二八第792093期押大单-标识2513#-300#3806154
2016-11-14 16:56:34#二八第792093期押大单-标识2527#-300#3805854
2016-11-14 16:57:48#二八第792093期押双-标识2540#-300#3805554
2016-11-14 17:01:04#二八第792094期押双-标识2566#-300#3805254
2016-11-14 17:01:57#二八第792094期押双-标识2574#-300#3804954
2016-11-14 17:03:59#二八第792094期押大单-标识2592#-300#3804654
2016-11-14 17:06:01#二八第792095期押小-标识2604#-300#3804354
2016-11-14 17:08:56#二八第792095期押大单-标识2633#-300#3804054
2016-11-14 17:10:42#二八第792096期押双-标识2646#-300#3803754
2016-11-14 17:12:33#二八第792096期押小-标识2665#-300#3803454
2016-11-14 17:13:05#二八第792096期押大单-标识2670#-300#3803154
2016-11-14 17:15:28#二八第792097期押双-标识2685#-300#3802854
2016-11-14 17:18:33#二八第792097期押双-标识2719#-300#3802554
2016-11-14 17:19:58#二八第792097期押双-标识2727#-300#3802254
2016-11-14 17:20:35#二八第792098期押一段-标识2732#-300#3801954
2016-11-14 17:21:12#二八第792098期押单-标识2738#-300#3801654
2016-11-14 17:23:25#二八第792098期押一段-标识2759#-300#3801354
2016-11-14 17:25:10#二八第792099期押一段-标识2770#-300#3801054
2016-11-14 17:27:12#二八第792099期押大单-标识2790#-300#3800754
2016-11-14 17:27:33#二八第792099期押一段-标识2793#-300#3800454
2016-11-14 17:30:18#二八第792100期押双-标识2813#-300#3800154
2016-11-14 17:32:19#二八第792100期押一段-标识2833#-300#3799854
2016-11-14 17:33:02#二八第792100期押一段-标识2840#-300#3799554
2016-11-14 17:35:09#二八第792101期押大单-标识2853#-300#3799254
2016-11-14 17:36:02#二八第792101期押双-标识2862#-300#3798954
2016-11-14 17:39:18#二八第792101期押双-标识2895#-300#3798654
2016-11-14 17:40:43#二八第792102期押双-标识2904#-300#3798354
2016-11-14 17:42:13#二八第792102期押大单-标识2920#-300#3798054
2016-11-14 17:42:34#二八第792102期押大单-标识2924#-300#3797754
2016-11-14 17:45:50#二八第792103期押双-标识2951#-300#3797454
2016-11-14 17:47:52#二八第792103期押大单-标识2972#-300#3797154
2016-11-14 17:48:34#二八第792103期押双-标识2976#-300#3796854
2016-11-14 17:51:39#二八第792104期押一段-标识3000#-300#3796554
2016-11-14 17:52:38#二八第792104期押小-标识3010#-300#3796254
2016-11-14 17:55:54#二八第792105期押大单-标识3036#-300#3795954
2016-11-14 17:56:15#二八第792105期押双-标识3040#-300#3795654
2016-11-14 17:57:45#二八第792105期押大单-标识3055#-300#3795354
2016-11-14 18:00:24#二八第792106期押双-标识3071#-300#3795054
2016-11-14 18:01:38#二八第792106期押一段-标识3084#-300#3794754
2016-11-14 18:02:15#二八第792106期押大单-标识3090#-300#3794454
2016-11-14 18:05:10#二八第792107期押双-标识3110#-300#3794154
2016-11-14 18:09:56#二八第792107期押一段-标识3142#-300#3793854
2016-11-14 18:12:29#二八第792108期押大单-标识3170#-300#3793554
2016-11-14 18:13:22#二八第792108期押双-标识3178#-300#3793254
2016-11-14 18:15:51#二八第792109期押双-标识3193#-300#3792954
2016-11-14 18:18:14#二八第792109期押小-标识3218#-300#3792654
2016-11-14 18:21:51#二八第792110期押大单-标识3248#-300#3792354
2016-11-14 18:25:12#二八第792111期押大单-标识3269#-300#3792054
2016-11-14 18:27:24#二八第792111期押双-标识3293#-300#3791754
2016-11-14 18:27:35#二八第792111期押大单-标识3295#-300#3791454
2016-11-14 18:31:23#二八第792112期押大单-标识3325#-300#3791154
2016-11-14 18:32:16#二八第792112期押双-标识3335#-300#3790854
2016-11-14 18:33:08#二八第792112期押双-标识3342#-300#3790554
2016-11-14 18:36:35#二八第792113期押双-标识3370#-300#3790254
2016-11-14 18:38:05#二八第792113期押双-标识3383#-300#3789954
2016-11-14 18:40:07#二八第792114期押单-标识3394#-300#3789654
2016-11-14 18:41:53#二八第792114期押大单-标识3411#-300#3789354
2016-11-14 18:42:46#二八第792114期押双-标识3420#-300#3789054
2016-11-14 18:45:14#二八第792115期押双-标识3434#-300#3788754
2016-11-14 18:46:07#二八第792115期押双-标识3444#-300#3788454
2016-11-14 18:48:09#二八第792115期押大单-标识3464#-300#3788154
2016-11-14 18:57:51#二八第792117期押一段-标识3541#-300#3787854
2016-11-14 18:58:23#二八第792117期押大单-标识3545#-300#3787554
2016-11-14 18:59:48#二八第792117期押双-标识3551#-300#3787254
2016-11-14 19:00:25#二八第792118期押大单-标识3556#-300#3786954
2016-11-14 19:01:07#二八第792118期押双-标识3563#-300#3786654
2016-11-14 19:04:02#二八第792118期押双-标识3590#-300#3786354
2016-11-14 19:06:19#二八第792119期押双-标识3608#-300#3786054
2016-11-14 19:08:00#二八第792119期押一段-标识3626#-300#3785754
2016-11-14 19:09:57#二八第792119期押大单-标识3638#-300#3785454
2016-11-14 19:10:34#二八第792120期押大单-标识3645#-300#3785154
2016-11-14 19:11:48#二八第792120期押双-标识3659#-300#3784854
2016-11-14 19:16:07#二八第792121期押大单-标识3698#-300#3784554
2016-11-14 19:17:00#二八第792121期押双-标识3708#-300#3784254
2016-11-14 19:17:53#二八第792121期押双-标识3716#-300#3783954
2016-11-14 19:22:29#二八第792122期押单-标识3754#-300#3783654
2016-11-14 19:23:22#二八第792122期押大单-标识3762#-300#3783354
2016-11-14 19:23:53#二八第792122期押大单-标识3767#-300#3783054
2016-11-14 19:25:50#二八第792123期押双-标识3779#-300#3782754
2016-11-14 19:29:06#二八第792123期押双-标识3809#-300#3782454
2016-11-14 19:29:37#二八第792123期押小-标识3812#-300#3782154
2016-11-14 19:30:41#二八第792124期押双-标识3820#-300#3781854
2016-11-14 19:31:44#二八第792124期押大单-标识3831#-300#3781554
2016-11-14 19:33:14#二八第792124期押大单-标识3846#-300#3781254
2016-11-14 19:35:22#二八第792125期押双-标识3862#-300#3780954
2016-11-14 19:37:13#二八第792125期押双-标识3882#-300#3780654
2016-11-14 19:40:13#二八第792126期押双-标识3898#-300#3780354
2016-11-14 19:41:11#二八第792126期押双-标识3907#-300#3780054
2016-11-14 19:42:04#二八第792126期押双-标识3916#-300#3779754
2016-11-14 19:46:34#二八第792127期押大单-标识3951#-300#3779454
2016-11-14 19:47:48#二八第792127期押双-标识3963#-300#3779154
2016-11-14 19:49:50#二八第792127期押小-标识3977#-300#3778854
2016-11-14 19:50:54#二八第792128期押一段-标识3986#-300#3778554
2016-11-14 19:51:31#二八第792128期押大单-标识3992#-300#3778254
2016-11-14 19:52:34#二八第792128期押双-标识4001#-300#3777954
2016-11-14 19:55:40#二八第792129期押大单-标识4028#-300#3777654
2016-11-14 19:58:24#二八第792129期押双-标识4053#-300#3777354
2016-11-14 19:58:56#二八第792129期押大单-标识4058#-300#3777054
2016-11-14 20:00:57#二八第792130期押大单-标识4071#-300#3776754
2016-11-14 20:02:12#二八第792130期押双-标识4085#-300#3776454
2016-11-14 20:05:17#二八第792131期押一段-标识4110#-300#3776154
2016-11-14 20:06:10#二八第792131期押大单-标识4120#-300#3775854
2016-11-14 20:07:03#二八第792131期押双-标识4130#-300#3775554
2016-11-14 20:11:59#二八第792132期押大单-标识4171#-300#3775254
2016-11-14 20:13:13#二八第792132期押一段-标识4183#-300#3774954
2016-11-14 20:18:05#二八第792133期押大单-标识4222#-300#3774654
2016-11-14 20:18:42#二八第792133期押大单-标识4227#-300#3774354
2016-11-14 20:19:35#二八第792133期押双-标识4235#-300#3774054
2016-11-14 20:20:59#二八第792134期押双-标识4247#-300#3773754
2016-11-14 20:24:37#二八第792134期押双-标识4278#-300#3773454
2016-11-14 20:25:08#二八第792135期押双-标识4280#-300#3773154
2016-11-14 20:26:38#二八第792135期押小-标识4296#-300#3772854
2016-11-14 20:27:10#二八第792135期押一段-标识4302#-300#3772554
2016-11-14 20:30:15#二八第792136期押大单-标识4320#-300#3772254
2016-11-14 20:31:30#二八第792136期押一段-标识4334#-300#3771954
2016-11-14 20:33:31#二八第792136期押大单-标识4355#-300#3771654
2016-11-14 20:35:49#二八第792137期押双-标识4372#-300#3771354
2016-11-14 20:39:05#二八第792137期押三段-标识4401#-300#3771054
2016-11-14 20:42:05#二八第792138期押一段-标识4430#-300#3770754
2016-11-14 20:43:41#二八第792138期押双-标识4445#-300#3770454
2016-11-14 20:44:18#二八第792138期押双-标识4449#-300#3770154
2016-11-14 20:46:51#二八第792139期押大双-标识4469#-300#3769854
2016-11-14 20:47:12#二八第792139期押大单-标识4473#-300#3769554
2016-11-14 20:48:27#二八第792139期押双-标识4486#-300#3769254
2016-11-14 20:50:28#二八第792140期押大单-标识4502#-300#3768954
2016-11-14 20:50:50#二八第792140期押双-标识4506#-300#3768654
2016-11-14 20:52:20#二八第792140期押双-标识4522#-300#3768354
2016-11-14 20:57:37#二八第792141期押大单-标识4567#-300#3768054
2016-11-14 20:59:23#二八第792141期押一段-标识4580#-300#3767754
2016-11-14 21:00:53#二八第792142期押双-标识4590#-300#3767454
2016-11-14 21:04:09#二八第792142期押双-标识4621#-300#3767154
2016-11-14 21:05:02#二八第792142期押一段-标识4625#-300#3766854
2016-11-14 21:07:25#二八第792143期押大单-标识4651#-300#3766554
2016-11-14 21:07:52#二八第792143期押双-标识4655#-300#3766254
2016-11-14 21:12:01#二八第792144期押一段-标识4689#-300#3765954
2016-11-14 21:14:24#二八第792144期押双-标识4706#-300#3765654
2016-11-14 21:15:54#二八第792145期押双-标识4718#-300#3765354
2016-11-14 21:18:17#二八第792145期押大单-标识4743#-300#3765054
2016-11-14 21:19:31#二八第792145期押一段-标识4750#-300#3764754
2016-11-14 21:21:33#二八第792146期押大单-标识4766#-300#3764454
2016-11-14 21:23:24#二八第792146期押双-标识4784#-300#3764154
2016-11-14 21:25:58#二八第792147期押大单-标识4806#-300#3763854
2016-11-14 21:26:19#二八第792147期押大单-标识4810#-300#3763554
2016-11-14 21:29:56#二八第792147期押双-标识4841#-300#3763254
2016-11-14 21:30:49#二八第792148期押双-标识4849#-300#3762954
2016-11-14 21:31:26#二八第792148期押小-标识4855#-300#3762654
2016-11-14 21:33:49#二八第792148期押大单-标识4876#-300#3762354
2016-11-14 21:35:35#二八第792149期押双-标识4890#-300#3762054
2016-11-14 21:40:00#二八第792149期押双-标识4927#-300#3761754
2016-11-14 21:40:53#二八第792150期押双-标识4937#-300#3761454
2016-11-14 21:42:55#二八第792150期押大单-标识4959#-300#3761154
2016-11-14 21:44:41#二八第792150期押双-标识4970#-300#3760854
2016-11-14 21:45:34#二八第792151期押双-标识4976#-300#3760554
2016-11-14 21:48:07#二八第792151期押大单-标识5000#-300#3760254
2016-11-14 21:50:51#二八第792152期押双-标识5016#-300#3759954
2016-11-14 21:57:07#二八第792153期押大单-标识5070#-300#3759654
2016-11-14 21:58:00#二八第792153期押双-标识5079#-300#3759354
2016-11-14 22:03:08#二八第792154期押大单-标识5124#-300#3759054
2016-11-14 22:05:09#二八第792155期押大单-标识5136#-300#3758754
2016-11-14 22:06:24#二八第792155期押小-标识5149#-300#3758454
2016-11-14 22:08:47#二八第792155期押双-标识5171#-300#3758154
2016-11-14 22:11:10#二八第792156期押大单-标识5190#-300#3757854
2016-11-14 22:13:01#二八第792156期押双-标识5208#-300#3757554
2016-11-14 22:15:45#二八第792157期押一段-标识5229#-300#3757254
2016-11-14 22:17:47#二八第792157期押大单-标识5250#-300#3756954
2016-11-14 22:19:01#二八第792157期押一段-标识5262#-300#3756654
2016-11-14 22:20:31#二八第792158期押双-标识5274#-300#3756354
2016-11-14 22:24:45#二八第792158期押大单-标识5311#-300#3756054
2016-11-14 22:29:21#二八第792159期押双-标识5352#-300#3755754
2016-11-14 22:31:23#二八第792160期押大单-标识5369#-300#3755454
2016-11-14 22:32:37#二八第792160期押双-标识5381#-300#3755154
2016-11-14 22:35:58#二八第792161期押大单-标识5409#-300#3754854
2016-11-14 22:38:21#二八第792161期押大单-标识5432#-300#3754554
2016-11-14 22:39:35#二八第792161期押双-标识5438#-300#3754254
2016-11-14 22:40:28#二八第792162期押一段-标识5446#-300#3753954
2016-11-14 22:41:05#二八第792162期押双-标识5452#-300#3753654
2016-11-14 22:43:07#二八第792162期押单-标识5474#-300#3753354
2016-11-14 22:47:06#二八第792163期押双-标识5511#-300#3753054
2016-11-14 22:49:07#二八第792163期押大单-标识5529#-300#3752754
2016-11-14 22:49:45#二八第792163期押大单-标识5532#-300#3752454
2016-11-14 22:50:37#二八第792164期押单-标识5540#-300#3752154
2016-11-14 22:51:52#二八第792164期押一段-标识5554#-300#3751854
2016-11-14 22:53:53#二八第792164期押一段-标识5575#-300#3751554
2016-11-14 22:55:39#二八第792165期押双-标识5585#-300#3751254
2016-11-14 22:56:06#二八第792165期押双-标识5590#-300#3750954
2016-11-14 22:59:01#二八第792165期押双-标识5615#-300#3750654
2016-11-14 23:00:15#二八第792166期押双-标识5625#-300#3750354
2016-11-14 23:01:24#二八第792166期押大单-标识5637#-300#3750054
2016-11-14 23:05:11#二八第792167期押大单-标识5669#-300#3749754
2016-11-14 23:07:24#二八第792167期押双-标识5692#-300#3749454
2016-11-14 23:10:40#二八第792168期押一段-标识5719#-300#3749154
2016-11-14 23:11:38#二八第792168期押双-标识5729#-300#3748854
2016-11-14 23:12:42#二八第792168期押大单-标识5739#-300#3748554
2016-11-14 23:18:10#二八第792169期押一段-标识5783#-300#3748254
2016-11-14 23:19:08#二八第792169期押双-标识5789#-300#3747954
2016-11-14 23:20:49#二八第792170期押单-标识5802#-300#3747654
2016-11-14 23:22:03#二八第792170期押小-标识5816#-300#3747354
2016-11-14 23:25:40#二八第792171期押双-标识5843#-300#3747054
2016-11-14 23:26:49#二八第792171期押大单-标识5856#-300#3746754
2016-11-14 23:27:10#二八第792171期押大单-标识5859#-300#3746454
2016-11-14 23:31:04#二八第792172期押大单-标识5891#-300#3746154
2016-11-14 23:31:25#二八第792172期押大单-标识5895#-300#3745854
2016-11-14 23:32:39#二八第792172期押双-标识5908#-300#3745554
2016-11-14 23:35:50#二八第792173期押大单-标识5933#-300#3745254
2016-11-14 23:37:04#二八第792173期押小-标识5946#-300#3744954
2016-11-14 23:39:06#二八第792173期押大单-标识5965#-300#3744654
2016-11-14 23:41:13#二八第792174期押双-标识5984#-300#3744354
2016-11-14 23:42:43#二八第792174期押双-标识5997#-300#3744054
2016-11-14 23:44:23#二八第792174期押大单-标识6012#-300#3743754
2016-11-14 23:46:30#二八第792175期押一段-标识6030#-300#3743454
2016-11-14 23:48:53#二八第792175期押一段-标识6051#-300#3743154
2016-11-14 23:50:08#二八第792176期押双-标识6058#-300#3742854
2016-11-14 23:50:45#二八第792176期押双-标识6065#-300#3742554
2016-11-14 23:51:54#二八第792176期押大单-标识6078#-300#3742254
2016-11-14 23:56:55#二八第792177期押大单-标识6117#-300#3741954
2016-11-14 23:58:47#二八第792177期押双-标识6135#-300#3741654
2016-11-15 09:00:14#二八第792177期押大单-标识6145#-300#3741354
2016-11-15 09:00:41#二八第792177期押大单-标识6148#-300#3741054
2016-11-15 09:01:02#二八第792177期押双-标识6152#-300#3740754
2016-11-15 09:12:15#二八第792179期押大单-标识6211#-300#3740454
2016-11-15 09:14:38#二八第792179期押双-标识6228#-300#3740154
2016-11-15 09:15:10#二八第792180期押双-标识6230#-300#3739854
2016-11-15 09:19:13#二八第792180期押双-标识6268#-300#3739554
2016-11-15 09:27:05#二八第792182期押双-标识6335#-300#3739254
2016-11-15 09:27:42#二八第792182期押双-标识6341#-300#3738954
2016-11-15 09:28:14#二八第792182期押大单-标识6346#-300#3738654
2016-11-15 09:30:37#二八第792183期押大单-标识6369#-300#3738354
2016-11-15 09:31:51#二八第792183期押双-标识6383#-300#3738054
2016-11-15 09:32:39#二八第792183期押一段-标识6391#-300#3737754
2016-11-15 09:36:00#二八第792184期押双-标识6416#-300#3737454
2016-11-15 09:36:53#二八第792184期押双-标识6425#-300#3737154
2016-11-15 09:39:37#二八第792184期押双-标识6448#-300#3736854
2016-11-15 09:42:32#二八第792185期押大单-标识6477#-300#3736554
2016-11-15 09:43:46#二八第792185期押双-标识6487#-300#3736254
2016-11-15 09:45:59#二八第792186期押大单-标识6504#-300#3735954
2016-11-15 09:51:54#二八第792187期押双-标识6553#-300#3735654
2016-11-15 09:53:56#二八第792187期押大单-标识6573#-300#3735354
2016-11-15 09:55:10#二八第792188期押双-标识6581#-300#3735054
2016-11-15 09:56:40#二八第792188期押大单-标识6597#-300#3734754
2016-11-15 09:57:54#二八第792188期押双-标识6607#-300#3734454
2016-11-15 10:01:26#二八第792189期押大单-标识6636#-300#3734154
2016-11-15 10:04:10#二八第792189期押一段-标识6657#-300#3733854
2016-11-15 10:05:24#二八第792190期押双-标识6668#-300#3733554
2016-11-15 10:06:02#二八第792190期押双-标识6673#-300#3733254
2016-11-15 10:09:39#二八第792190期押双-标识6707#-300#3732954
2016-11-15 10:11:30#二八第792191期押双-标识6726#-300#3732654
2016-11-15 10:13:21#二八第792191期押双-标识6743#-300#3732354
2016-11-15 10:15:23#二八第792192期押小-标识6757#-300#3732054
2016-11-15 10:16:37#二八第792192期押双-标识6771#-300#3731754
2016-11-15 10:17:46#二八第792192期押大单-标识6782#-300#3731454
2016-11-15 10:22:00#二八第792193期押大单-标识6817#-300#3731154
2016-11-15 10:23:15#二八第792193期押双-标识6830#-300#3730854
2016-11-15 10:25:16#二八第792194期押大单-标识6845#-300#3730554
2016-11-15 10:26:52#二八第792194期押双-标识6862#-300#3730254
2016-11-15 10:27:29#二八第792194期押双-标识6868#-300#3729954
2016-11-15 10:30:55#二八第792195期押大单-标识6892#-300#3729654
2016-11-15 10:32:09#二八第792195期押双-标识6906#-300#3729354
2016-11-15 10:34:43#二八第792195期押大单-标识6924#-300#3729054
2016-11-15 10:35:04#二八第792196期押双-标识6926#-300#3728754
2016-11-15 10:35:25#二八第792196期押双-标识6929#-300#3728454
2016-11-15 10:36:24#二八第792196期押双-标识6940#-300#3728154
2016-11-15 10:45:03#二八第792197期押大单-标识7008#-300#3727854
2016-11-15 10:46:17#二八第792198期押双-标识7022#-300#3727554
2016-11-15 10:50:00#二八第792198期押双-标识7051#-300#3727254
2016-11-15 10:52:01#二八第792199期押大单-标识7073#-300#3726954
2016-11-15 10:52:44#二八第792199期押双-标识7080#-300#3726654
2016-11-15 10:55:07#二八第792200期押双-标识7096#-300#3726354
2016-11-15 10:56:58#二八第792200期押双-标识7116#-300#3726054
2016-11-15 10:57:09#二八第792200期押大单-标识7118#-300#3725754
2016-11-15 11:01:23#二八第792201期押大单-标识7152#-300#3725454
2016-11-15 11:02:16#二八第792201期押大单-标识7162#-300#3725154
2016-11-15 11:03:30#二八第792201期押双-标识7172#-300#3724854
2016-11-15 11:07:50#二八第792202期押大单-标识7211#-300#3724554
2016-11-15 11:08:43#二八第792202期押双-标识7217#-300#3724254
2016-11-15 11:11:32#二八第792203期押双-标识7239#-300#3723954
2016-11-15 11:12:46#二八第792203期押小-标识7252#-300#3723654
2016-11-15 11:15:41#二八第792204期押双-标识7275#-300#3723354
2016-11-15 11:18:04#二八第792204期押一段-标识7299#-300#3723054
2016-11-15 11:19:55#二八第792204期押双-标识7314#-300#3722754
2016-11-15 11:24:10#二八第792205期押大单-标识7353#-300#3722454
2016-11-15 11:25:24#二八第792206期押双-标识7362#-300#3722154
2016-11-15 11:26:01#二八第792206期押双-标识7368#-300#3721854
2016-11-15 11:28:45#二八第792206期押双-标识7394#-300#3721554
2016-11-15 11:30:15#二八第792207期押大单-标识7409#-300#3721254
2016-11-15 11:31:29#二八第792207期押双-标识7422#-300#3720954
2016-11-15 11:32:59#二八第792207期押大单-标识7435#-300#3720654
2016-11-15 11:39:26#二八第792208期押大单-标识7487#-300#3720354
2016-11-15 11:40:46#二八第792209期押双-标识7496#-300#3720054
2016-11-15 11:42:16#二八第792209期押大单-标识7511#-300#3719754
2016-11-15 11:45:00#二八第792209期押大单-标识7531#-300#3719454
2016-11-15 11:48:21#二八第792210期押大单-标识7562#-300#3719154
2016-11-15 11:49:35#二八第792210期押双-标识7569#-300#3718854
2016-11-15 11:51:27#二八第792211期押大单-标识7587#-300#3718554
2016-11-15 11:51:48#二八第792211期押双-标识7590#-300#3718254
2016-11-15 11:52:25#二八第792211期押双-标识7595#-300#3717954
2016-11-15 11:55:20#二八第792212期押大单-标识7616#-300#3717654
2016-11-15 11:56:02#二八第792212期押双-标识7623#-300#3717354
2016-11-15 12:00:22#二八第792213期押大单-标识7660#-300#3717054
2016-11-15 12:03:06#二八第792213期押大单-标识7688#-300#3716754
2016-11-15 12:04:20#二八第792213期押双-标识7696#-300#3716454
2016-11-15 12:07:58#二八第792214期押双-标识7730#-300#3716154
2016-11-15 12:09:28#二八第792214期押大单-标识7739#-300#3715854
2016-11-15 12:11:40#二八第792215期押双-标识7759#-300#3715554
2016-11-15 12:14:40#二八第792215期押双-标识7782#-300#3715254
2016-11-15 12:15:39#二八第792216期押双-标识7790#-300#3714954
2016-11-15 12:15:49#二八第792216期押大单-标识7792#-300#3714654
2016-11-15 12:16:10#二八第792216期押大单-标识7795#-300#3714354
2016-11-15 12:20:14#二八第792217期押双-标识7825#-300#3714054
2016-11-15 12:21:13#二八第792217期押大单-标识7835#-300#3713754
2016-11-15 12:21:34#二八第792217期押一段-标识7839#-300#3713454
2016-11-15 12:28:06#二八第792218期押大单-标识7892#-300#3713154
2016-11-15 12:28:43#二八第792218期押大单-标识7896#-300#3712854
2016-11-15 12:30:18#二八第792219期押双-标识7910#-300#3712554
2016-11-15 12:32:41#二八第792219期押双-标识7933#-300#3712254
2016-11-15 12:34:33#二八第792219期押小-标识7946#-300#3711954
2016-11-15 12:36:34#二八第792220期押小-标识7961#-300#3711654
2016-11-15 12:36:56#二八第792220期押双-标识7965#-300#3711354
2016-11-15 12:38:47#二八第792220期押一段-标识7982#-300#3711054
2016-11-15 12:41:42#二八第792221期押大单-标识8004#-300#3710754
2016-11-15 12:43:01#二八第792221期押双-标识8017#-300#3710454
2016-11-15 12:43:22#二八第792221期押双-标识8021#-300#3710154
2016-11-15 12:45:24#二八第792222期押大单-标识8036#-300#3709854
2016-11-15 12:46:38#二八第792222期押双-标识8049#-300#3709554
2016-11-15 12:48:40#二八第792222期押大单-标识8069#-300#3709254
2016-11-15 12:50:31#二八第792223期押双-标识8082#-300#3708954
2016-11-15 12:52:54#二八第792223期押大单-标识8107#-300#3708654
2016-11-15 12:57:03#二八第792224期押双-标识8145#-300#3708354
2016-11-15 12:57:40#二八第792224期押大单-标识8152#-300#3708054
2016-11-15 12:58:02#二八第792224期押双-标识8155#-300#3707754
2016-11-15 13:00:46#二八第792225期押双-标识8174#-300#3707454
2016-11-15 13:04:02#二八第792225期押双-标识8205#-300#3707154
2016-11-15 13:04:39#二八第792225期押大单-标识8209#-300#3706854
2016-11-15 13:05:53#二八第792226期押双-标识8222#-300#3706554
2016-11-15 13:08:16#二八第792226期押双-标识8246#-300#3706254
2016-11-15 13:10:39#二八第792227期押大单-标识8261#-300#3705954
2016-11-15 13:11:06#二八第792227期押双-标识8265#-300#3705654
2016-11-15 13:13:29#二八第792227期押大单-标识8289#-300#3705354
2016-11-15 13:17:38#二八第792228期押双-标识8325#-300#3705054
2016-11-15 13:19:29#二八第792228期押双-标识8340#-300#3704754
2016-11-15 13:21:31#二八第792229期押大单-标识8359#-300#3704454
2016-11-15 13:22:45#二八第792229期押双-标识8372#-300#3704154
2016-11-15 13:25:08#二八第792230期押双-标识8388#-300#3703854
2016-11-15 13:26:06#二八第792230期押双-标识8398#-300#3703554
2016-11-15 13:28:08#二八第792230期押单-标识8417#-300#3703254
2016-11-15 13:32:28#二八第792231期押双-标识8454#-300#3702954
2016-11-15 13:33:36#二八第792231期押大单-标识8464#-300#3702654
2016-11-15 13:34:14#二八第792231期押大单-标识8468#-300#3702354
2016-11-15 13:39:31#二八第792232期押双-标识8512#-300#3702054
2016-11-15 13:41:01#二八第792233期押小-标识8525#-300#3701754
2016-11-15 13:43:25#二八第792233期押大单-标识8551#-300#3701454
2016-11-15 13:44:39#二八第792233期押双-标识8558#-300#3701154
2016-11-15 13:46:40#二八第792234期押大单-标识8579#-300#3700854
2016-11-15 13:48:00#二八第792234期押双-标识8592#-300#3700554
2016-11-15 13:50:02#二八第792234期押大单-标识8604#-300#3700254
2016-11-15 13:51:16#二八第792235期押双-标识8618#-300#3699954
2016-11-15 13:55:30#二八第792236期押双-标识8654#-300#3699654
2016-11-15 13:58:36#二八第792236期押双-标识8684#-300#3699354
2016-11-15 14:00:37#二八第792237期押大单-标识8700#-300#3699054
2016-11-15 14:01:04#二八第792237期押双-标识8704#-300#3698754
2016-11-15 14:03:27#二八第792237期押大单-标识8729#-300#3698454
2016-11-15 14:07:25#二八第792238期押双-标识8764#-300#3698154
2016-11-15 14:08:08#二八第792238期押大单-标识8770#-300#3697854
2016-11-15 14:08:50#二八第792238期押双-标识8776#-300#3697554
2016-11-15 14:11:13#二八第792239期押大单-标识8797#-300#3697254
2016-11-15 14:13:58#二八第792239期押大单-标识8823#-300#3696954
2016-11-15 14:14:56#二八第792239期押双-标识8827#-300#3696654
2016-11-15 14:15:17#二八第792240期押双-标识8830#-300#3696354
2016-11-15 14:17:30#二八第792240期押一段-标识8853#-300#3696054
2016-11-15 14:19:00#二八第792240期押大单-标识8864#-300#3695754
2016-11-15 14:20:51#二八第792241期押双-标识8881#-300#3695454
2016-11-15 14:22:10#二八第792241期押双-标识8894#-300#3695154
2016-11-15 14:24:12#二八第792241期押大单-标识8914#-300#3694854
2016-11-15 14:25:48#二八第792242期押双-标识8927#-300#3694554
2016-11-15 14:26:25#二八第792242期押双-标识8933#-300#3694254
2016-11-15 14:26:56#二八第792242期押大单-标识8939#-300#3693954
2016-11-15 14:31:11#二八第792243期押大单-标识8973#-300#3693654
2016-11-15 14:32:25#二八第792243期押双-标识8986#-300#3693354
2016-11-15 14:33:23#二八第792243期押双-标识8995#-300#3693054
2016-11-15 14:35:46#二八第792244期押双-标识9012#-300#3692754
2016-11-15 14:36:07#二八第792244期押双-标识9016#-300#3692454
2016-11-15 14:37:16#二八第792244期押大单-标识9028#-300#3692154
2016-11-15 14:41:41#二八第792245期押双-标识9064#-300#3691854
2016-11-15 14:42:50#二八第792245期押大单-标识9073#-300#3691554
2016-11-15 14:43:11#二八第792245期押大单-标识9076#-300#3691254
2016-11-15 14:45:34#二八第792246期押大单-标识9094#-300#3690954
2016-11-15 14:46:48#二八第792246期押双-标识9106#-300#3690654
2016-11-15 14:47:26#二八第792246期押大单-标识9112#-300#3690354
2016-11-15 14:51:24#二八第792247期押双-标识9148#-300#3690054
2016-11-15 14:52:33#二八第792247期押大单-标识9160#-300#3689754
2016-11-15 14:53:15#二八第792247期押双-标识9168#-300#3689454
2016-11-15 14:56:15#二八第792248期押大单-标识9193#-300#3689154
2016-11-15 14:57:29#二八第792248期押双-标识9206#-300#3688854
2016-11-15 15:00:18#二八第792249期押小-标识9224#-300#3688554
