2016-11-14 15:56:58#二八第791725期押小单-标识1977#-300#3041915
2016-11-14 15:58:01#二八第791725期押大单-标识2004#-300#3041615
2016-11-14 15:58:49#二八第792081期押大双-标识2017#-300#3041315
2016-11-14 15:59:11#二八第792081期押小单-标识2019#-300#3041015
2016-11-14 15:59:21#二八第792081期押大双-标识2021#-300#3040715
2016-11-14 16:00:41#二八第792082期押大双-标识2034#-300#3040415
2016-11-14 16:03:36#二八第792082期押大双-标识2064#-300#3040115
2016-11-14 16:04:07#二八第792082期押大双-标识2067#-300#3039815
2016-11-14 16:05:32#二八第792083期押押大-标识2076#-300#3039515
2016-11-14 16:06:14#二八第792083期押小单-标识2084#-300#3039215
2016-11-14 16:07:44#二八第792083期押小单-标识2098#-300#3038915
2016-11-14 16:12:57#二八第792084期押小单-标识2143#-300#3038615
2016-11-14 16:16:13#二八第792085期押大双-标识2168#-300#3038315
2016-11-14 16:18:05#二八第792085期押小单-标识2187#-300#3038015
2016-11-14 16:19:40#二八第792085期押大双-标识2199#-300#3037715
2016-11-14 16:22:56#二八第792086期押大双-标识2228#-300#3037415
2016-11-14 16:23:49#二八第792086期押三段-标识2237#-300#3037115
2016-11-14 16:27:15#二八第792087期押大双-标识2267#-300#3036815
2016-11-14 16:29:06#二八第792087期押小单-标识2281#-300#3036515
2016-11-14 16:29:38#二八第792087期押小单-标识2284#-300#3036215
2016-11-14 16:30:32#二八第792088期押大双-标识2292#-300#3035915
2016-11-14 16:32:02#二八第792088期押大双-标识2307#-300#3035615
2016-11-14 16:32:55#二八第792088期押大双-标识2314#-300#3035315
2016-11-14 16:35:49#二八第792089期押大双-标识2340#-300#3035015
2016-11-14 16:36:11#二八第792089期押大双-标识2343#-300#3034715
2016-11-14 16:37:04#二八第792089期押大双-标识2353#-300#3034415
2016-11-14 16:41:18#二八第792090期押大双-标识2391#-300#3034115
2016-11-14 16:42:11#二八第792090期押小单-标识2400#-300#3033815
2016-11-14 16:43:20#二八第792090期押大双-标识2411#-300#3033515
2016-11-14 16:46:04#二八第792091期押大双-标识2433#-300#3033215
2016-11-14 16:47:45#二八第792091期押小单-标识2449#-300#3032915
2016-11-14 16:49:46#二八第792091期押大双-标识2468#-300#3032615
2016-11-14 16:52:31#二八第792092期押大双-标识2495#-300#3032315
2016-11-14 16:53:08#二八第792092期押大双-标识2502#-300#3032015
2016-11-14 16:54:32#二八第792092期押大双-标识2510#-300#3031715
2016-11-14 16:55:25#二八第792093期押双-标识2516#-300#3031415
2016-11-14 16:56:18#二八第792093期押小单-标识2524#-300#3031115
2016-11-14 16:58:20#二八第792093期押自选18,23,24-标识2545#-900#3030215
2016-11-14 17:01:36#二八第792094期押大双-标识2571#-300#3029915
2016-11-14 17:03:06#二八第792094期押大双-标识2585#-300#3029615
2016-11-14 17:04:20#二八第792094期押小单-标识2594#-300#3029315
2016-11-14 17:05:45#二八第792095期押小单-标识2601#-300#3029015
2016-11-14 17:07:26#二八第792095期押大双-标识2617#-300#3028715
2016-11-14 17:08:40#二八第792095期押大双-标识2630#-300#3028415
2016-11-14 17:11:03#二八第792096期押小单-标识2649#-300#3028115
2016-11-14 17:12:12#二八第792096期押大双-标识2661#-300#3027815
2016-11-14 17:16:21#二八第792097期押大双-标识2694#-300#3027515
2016-11-14 17:17:03#二八第792097期押小单-标识2702#-300#3027215
2016-11-14 17:17:40#二八第792097期押大双-标识2709#-300#3026915
2016-11-14 17:20:56#二八第792098期押大双-标识2735#-300#3026615
2016-11-14 17:23:09#二八第792098期押大双-标识2756#-300#3026315
2016-11-14 17:24:07#二八第792098期押小单-标识2765#-300#3026015
2016-11-14 17:25:32#二八第792099期押小单-标识2773#-300#3025715
2016-11-14 17:26:40#二八第792099期押大双-标识2784#-300#3025415
2016-11-14 17:28:16#二八第792099期押三段-标识2800#-300#3025115
2016-11-14 17:30:49#二八第792100期押大双-标识2818#-300#3024815
2016-11-14 17:32:04#二八第792100期押三段-标识2830#-300#3024515
2016-11-14 17:34:32#二八第792100期押双-标识2852#-300#3024215
2016-11-14 17:37:48#二八第792101期押大双-标识2882#-300#3023915
2016-11-14 17:39:02#二八第792101期押小单-标识2892#-300#3023615
2016-11-14 17:40:11#二八第792102期押小单-标识2898#-300#3023315
2016-11-14 17:41:04#二八第792102期押小单-标识2907#-300#3023015
2016-11-14 17:41:14#二八第792102期押大双-标识2909#-300#3022715
2016-11-14 17:46:22#二八第792103期押大双-标识2956#-300#3022415
2016-11-14 17:47:36#二八第792103期押小单-标识2969#-300#3022115
2016-11-14 17:48:50#二八第792103期押大双-标识2978#-300#3021815
2016-11-14 17:50:46#二八第792104期押大双-标识2990#-300#3021515
2016-11-14 17:52:22#二八第792104期押小单-标识3007#-300#3021215
2016-11-14 17:54:02#二八第792104期押大双-标识3021#-300#3020915
2016-11-14 17:55:38#二八第792105期押小单-标识3033#-300#3020615
2016-11-14 17:59:05#二八第792105期押大双-标识3062#-300#3020315
2016-11-14 18:00:08#二八第792106期押小单-标识3068#-300#3020015
2016-11-14 18:03:29#二八第792106期押小单-标识3099#-300#3019715
2016-11-14 18:06:35#二八第792107期押自选0,5,10,23-标识3124#-1200#3018515
2016-11-14 18:07:28#二八第792107期押一段-标识3132#-300#3018215
2016-11-14 18:09:35#二八第792107期押大双-标识3140#-300#3017915
2016-11-14 18:10:06#二八第792108期押大双-标识3143#-300#3017615
2016-11-14 18:10:59#二八第792108期押大双-标识3153#-300#3017315
2016-11-14 18:12:14#二八第792108期押小单-标识3167#-300#3017015
2016-11-14 18:15:19#二八第792109期押大双-标识3187#-300#3016715
2016-11-14 18:16:12#二八第792109期押小单-标识3196#-300#3016415
2016-11-14 18:16:44#二八第792109期押小单-标识3202#-300#3016115
2016-11-14 18:20:21#二八第792110期押大双-标识3232#-300#3015815
2016-11-14 18:21:35#二八第792110期押大双-标识3245#-300#3015515
2016-11-14 18:21:56#二八第792110期押小单-标识3249#-300#3015215
2016-11-14 18:25:33#二八第792111期押大双-标识3273#-300#3014915
2016-11-14 18:27:56#二八第792111期押大双-标识3297#-300#3014615
2016-11-14 18:29:21#二八第792111期押大双-标识3309#-300#3014315
2016-11-14 18:31:07#二八第792112期押小单-标识3322#-300#3014015
2016-11-14 18:32:47#二八第792112期押大双-标识3339#-300#3013715
2016-11-14 18:34:33#二八第792112期押大双-标识3352#-300#3013415
2016-11-14 18:35:42#二八第792113期押大双-标识3360#-300#3013115
2016-11-14 18:36:56#二八第792113期押双-标识3373#-300#3012815
2016-11-14 18:38:26#二八第792113期押大双-标识3386#-300#3012515
2016-11-14 18:43:17#二八第792114期押自选11,15,21,25,26-标识3425#-1500#3011015
2016-11-14 18:43:49#二八第792114期押大双-标识3428#-300#3010715
2016-11-14 18:45:46#二八第792115期押大双-标识3440#-300#3010415
2016-11-14 18:46:44#二八第792115期押大双-标识3449#-300#3010115
2016-11-14 18:47:37#二八第792115期押大单-标识3459#-300#3009815
2016-11-14 18:51:51#二八第792116期押小单-标识3489#-300#3009515
2016-11-14 18:54:56#二八第792116期押大双-标识3512#-300#3009215
2016-11-14 18:56:26#二八第792117期押大双-标识3528#-300#3008915
2016-11-14 18:57:19#二八第792117期押大双-标识3536#-300#3008615
2016-11-14 18:58:44#二八第792117期押小单-标识3547#-300#3008315
2016-11-14 19:00:09#二八第792118期押小单-标识3554#-300#3008015
2016-11-14 19:01:39#二八第792118期押大双-标识3568#-300#3007715
2016-11-14 19:02:32#二八第792118期押大双-标识3576#-300#3007415
2016-11-14 19:05:27#二八第792119期押小单-标识3599#-300#3007115
2016-11-14 19:08:53#二八第792119期押大双-标识3632#-300#3006815
2016-11-14 19:09:25#二八第792119期押大双-标识3635#-300#3006515
2016-11-14 19:10:18#二八第792120期押大双-标识3642#-300#3006215
2016-11-14 19:12:20#二八第792120期押大双-标识3665#-300#3005915
2016-11-14 19:13:13#二八第792120期押大双-标识3674#-300#3005615
2016-11-14 19:15:36#二八第792121期押大双-标识3692#-300#3005315
2016-11-14 19:16:28#二八第792121期押双-标识3702#-300#3005015
2016-11-14 19:17:21#二八第792121期押小单-标识3711#-300#3004715
2016-11-14 19:21:20#二八第792122期押大双-标识3742#-300#3004415
2016-11-14 19:23:06#二八第792122期押小单-标识3759#-300#3004115
2016-11-14 19:27:20#二八第792123期押大双-标识3794#-300#3003815
2016-11-14 19:28:44#二八第792123期押大双-标识3808#-300#3003515
2016-11-14 19:29:16#二八第792123期押大单-标识3810#-300#3003215
2016-11-14 19:31:13#二八第792124期押大双-标识3825#-300#3002915
2016-11-14 19:32:59#二八第792124期押大双-标识3843#-300#3002615
2016-11-14 19:34:23#二八第792124期押小单-标识3855#-300#3002315
2016-11-14 19:36:20#二八第792125期押大双-标识3873#-300#3002015
2016-11-14 19:38:06#二八第792125期押小单-标识3889#-300#3001715
2016-11-14 19:38:38#二八第792125期押小单-标识3892#-300#3001415
2016-11-14 19:40:34#二八第792126期押一段-标识3901#-300#3001115
2016-11-14 19:42:15#二八第792126期押自选10,14,20-标识3917#-900#3000215
2016-11-14 19:43:08#二八第792126期押大双-标识3925#-300#2999915
2016-11-14 19:45:04#二八第792127期押三段-标识3935#-300#2999615
2016-11-14 19:49:29#二八第792127期押大双-标识3976#-300#2999315
2016-11-14 19:51:15#二八第792128期押大双-标识3989#-300#2999015
2016-11-14 19:52:45#二八第792128期押大双-标识4003#-300#2998715
2016-11-14 19:53:59#二八第792128期押大双-标识4014#-300#2998415
2016-11-14 19:55:24#二八第792129期押小单-标识4025#-300#2998115
2016-11-14 19:56:01#二八第792129期押大双-标识4032#-300#2997815
2016-11-14 19:56:54#二八第792129期押小单-标识4041#-300#2997515
2016-11-14 20:00:41#二八第792130期押小单-标识4068#-300#2997215
2016-11-14 20:02:43#二八第792130期押大双-标识4090#-300#2996915
2016-11-14 20:03:57#二八第792130期押小单-标识4102#-300#2996615
2016-11-14 20:05:06#二八第792131期押大双-标识4108#-300#2996315
2016-11-14 20:05:38#二八第792131期押大双-标识4114#-300#2996015
2016-11-14 20:06:31#二八第792131期押大双-标识4124#-300#2995715
2016-11-14 20:10:29#二八第792132期押大双-标识4156#-300#2995415
2016-11-14 20:16:40#二八第792133期押大双-标识4208#-300#2995115
2016-11-14 20:17:33#二八第792133期押大双-标识4216#-300#2994815
2016-11-14 20:18:26#二八第792133期押小单-标识4225#-300#2994515
2016-11-14 20:21:42#二八第792134期押小单-标识4254#-300#2994215
2016-11-14 20:22:35#二八第792134期押三段-标识4263#-300#2993915
2016-11-14 20:23:12#二八第792134期押小单-标识4269#-300#2993615
2016-11-14 20:27:31#二八第792135期押大双-标识4305#-300#2993315
2016-11-14 20:28:03#二八第792135期押大双-标识4310#-300#2993015
2016-11-14 20:28:56#二八第792135期押小单-标识4316#-300#2992715
2016-11-14 20:32:01#二八第792136期押大双-标识4339#-300#2992415
2016-11-14 20:33:53#二八第792136期押大双-标识4356#-300#2992115
2016-11-14 20:34:46#二八第792136期押大双-标识4363#-300#2991815
2016-11-14 20:36:10#二八第792137期押小单-标识4375#-300#2991515
2016-11-14 20:38:44#二八第792137期押大双-标识4398#-300#2991215
2016-11-14 20:39:58#二八第792137期押小单-标识4408#-300#2990915
2016-11-14 20:41:49#二八第792138期押大双-标识4427#-300#2990615
2016-11-14 20:42:48#二八第792138期押大双-标识4435#-300#2990315
2016-11-14 20:45:21#二八第792139期押大双-标识4455#-300#2990015
2016-11-14 20:46:35#二八第792139期押大双-标识4466#-300#2989715
2016-11-14 20:49:20#二八第792139期押三段-标识4492#-300#2989415
2016-11-14 20:54:37#二八第792140期押大双-标识4538#-300#2989115
2016-11-14 20:55:09#二八第792141期押大双-标识4540#-300#2988815
2016-11-14 20:57:00#二八第792141期押大双-标识4561#-300#2988515
2016-11-14 20:57:59#二八第792141期押大双-标识4570#-300#2988215
2016-11-14 21:02:39#二八第792142期押大双-标识4607#-300#2987915
2016-11-14 21:03:53#二八第792142期押小单-标识4618#-300#2987615
2016-11-14 21:05:34#二八第792143期押大双-标识4631#-300#2987315
2016-11-14 21:06:32#二八第792143期押大双-标识4642#-300#2987015
2016-11-14 21:08:55#二八第792143期押大双-标识4662#-300#2986715
2016-11-14 21:10:10#二八第792144期押大双-标识4669#-300#2986415
2016-11-14 21:11:03#二八第792144期押小单-标识4678#-300#2986115
2016-11-14 21:12:33#二八第792144期押三段-标识4695#-300#2985815
2016-11-14 21:16:26#二八第792145期押大双-标识4724#-300#2985515
2016-11-14 21:18:01#二八第792145期押小单-标识4740#-300#2985215
2016-11-14 21:20:35#二八第792146期押大双-标识4756#-300#2984915
2016-11-14 21:21:54#二八第792146期押大双-标识4770#-300#2984615
2016-11-14 21:23:56#二八第792146期押大单-标识4790#-300#2984315
2016-11-14 21:25:42#二八第792147期押大双-标识4803#-300#2984015
2016-11-14 21:28:26#二八第792147期押大双-标识4832#-300#2983715
2016-11-14 21:29:03#二八第792147期押大双-标识4836#-300#2983415
2016-11-14 21:31:58#二八第792148期押大双-标识4860#-300#2983115
2016-11-14 21:33:33#二八第792148期押小单-标识4873#-300#2982815
2016-11-14 21:36:07#二八第792149期押大双-标识4896#-300#2982515
2016-11-14 21:37:58#二八第792149期押大双-标识4915#-300#2982215
2016-11-14 21:41:25#二八第792150期押大双-标识4942#-300#2981915
2016-11-14 21:42:39#二八第792150期押三段-标识4956#-300#2981615
2016-11-14 21:43:00#二八第792150期押小单-标识4960#-300#2981315
2016-11-14 21:46:42#二八第792151期押大双-标识4987#-300#2981015
2016-11-14 21:47:14#二八第792151期押大双-标识4992#-300#2980715
2016-11-14 21:47:35#二八第792151期押大双-标识4996#-300#2980415
2016-11-14 21:51:23#二八第792152期押三段-标识5021#-300#2980115
2016-11-14 21:53:36#二八第792152期押小单-标识5041#-300#2979815
2016-11-14 21:54:07#二八第792152期押小单-标识5043#-300#2979515
2016-11-14 21:55:16#二八第792153期押大双-标识5050#-300#2979215
2016-11-14 21:56:09#二八第792153期押大双-标识5060#-300#2978915
2016-11-14 21:58:32#二八第792153期押大双-标识5085#-300#2978615
2016-11-14 22:01:06#二八第792154期押小单-标识5103#-300#2978315
2016-11-14 22:01:16#二八第792154期押大双-标识5105#-300#2978015
2016-11-14 22:03:29#二八第792154期押大双-标识5126#-300#2977715
2016-11-14 22:06:55#二八第792155期押大双-标识5154#-300#2977415
2016-11-14 22:08:10#二八第792155期押押大-标识5166#-300#2977115
2016-11-14 22:09:08#二八第792155期押小单-标识5173#-300#2976815
2016-11-14 22:10:17#二八第792156期押大双-标识5180#-300#2976515
2016-11-14 22:11:31#二八第792156期押大双-标识5193#-300#2976215
2016-11-14 22:13:33#二八第792156期押大双-标识5213#-300#2975915
2016-11-14 22:16:17#二八第792157期押大双-标识5234#-300#2975615
2016-11-14 22:18:08#二八第792157期押大单-标识5253#-300#2975315
2016-11-14 22:19:22#二八第792157期押小单-标识5265#-300#2975015
2016-11-14 22:21:03#二八第792158期押大双-标识5279#-300#2974715
2016-11-14 22:25:07#二八第792159期押大双-标识5313#-300#2974415
2016-11-14 22:27:30#二八第792159期押大双-标识5340#-300#2974115
2016-11-14 22:29:53#二八第792159期押自选9,11,17,25-标识5355#-1200#2972915
2016-11-14 22:31:07#二八第792160期押大双-标识5366#-300#2972615
2016-11-14 22:31:44#二八第792160期押大双-标识5372#-300#2972315
2016-11-14 22:32:58#二八第792160期押小单-标识5385#-300#2972015
2016-11-14 22:35:42#二八第792161期押小单-标识5406#-300#2971715
2016-11-14 22:38:05#二八第792161期押大双-标识5430#-300#2971415
2016-11-14 22:38:42#二八第792161期押大双-标识5433#-300#2971115
2016-11-14 22:41:37#二八第792162期押大单-标识5457#-300#2970815
2016-11-14 22:42:51#二八第792162期押大双-标识5471#-300#2970515
2016-11-14 22:44:21#二八第792162期押大双-标识5486#-300#2970215
2016-11-14 22:45:36#二八第792163期押三段-标识5495#-300#2969915
2016-11-14 22:46:13#二八第792163期押大双-标识5502#-300#2969615
2016-11-14 22:49:29#二八第792163期押大双-标识5531#-300#2969315
2016-11-14 22:50:22#二八第792164期押小单-标识5537#-300#2969015
2016-11-14 22:52:23#二八第792164期押大双-标识5560#-300#2968715
2016-11-14 22:52:45#二八第792164期押大双-标识5564#-300#2968415
2016-11-14 22:56:38#二八第792165期押大双-标识5595#-300#2968115
2016-11-14 22:57:52#二八第792165期押小单-标识5607#-300#2967815
2016-11-14 22:58:45#二八第792165期押小单-标识5612#-300#2967515
2016-11-14 23:01:08#二八第792166期押小单-标识5634#-300#2967215
2016-11-14 23:01:45#二八第792166期押大双-标识5641#-300#2966915
2016-11-14 23:05:54#二八第792167期押小单-标识5676#-300#2966615
2016-11-14 23:07:56#二八第792167期押大双-标识5698#-300#2966315
2016-11-14 23:08:17#二八第792167期押大双-标识5701#-300#2966015
2016-11-14 23:15:26#二八第792169期押大双-标识5758#-300#2965715
2016-11-14 23:16:19#二八第792169期押大双-标识5766#-300#2965415
2016-11-14 23:17:17#二八第792169期押大双-标识5775#-300#2965115
2016-11-14 23:20:33#二八第792170期押大双-标识5799#-300#2964815
2016-11-14 23:23:49#二八第792170期押大双-标识5831#-300#2964515
2016-11-14 23:24:47#二八第792170期押大双-标识5835#-300#2964215
2016-11-14 23:25:09#二八第792171期押小单-标识5837#-300#2963915
2016-11-14 23:27:32#二八第792171期押大双-标识5862#-300#2963615
2016-11-14 23:29:33#二八第792171期押大双-标识5875#-300#2963315
2016-11-14 23:30:48#二八第792172期押三段-标识5888#-300#2963015
2016-11-14 23:31:46#二八第792172期押小单-标识5899#-300#2962715
2016-11-14 23:33:48#二八第792172期押大双-标识5918#-300#2962415
2016-11-14 23:35:34#二八第792173期押大双-标识5930#-300#2962115
2016-11-14 23:37:35#二八第792173期押大双-标识5951#-300#2961815
2016-11-14 23:38:50#二八第792173期押大双-标识5962#-300#2961515
2016-11-14 23:40:20#二八第792174期押大双-标识5975#-300#2961215
2016-11-14 23:40:41#二八第792174期押小单-标识5979#-300#2960915
2016-11-14 23:43:14#二八第792174期押大双-标识6002#-300#2960615
2016-11-14 23:47:02#二八第792175期押大双-标识6034#-300#2960315
2016-11-14 23:49:15#二八第792175期押小单-标识6054#-300#2960015
2016-11-14 23:51:16#二八第792176期押大双-标识6071#-300#2959715
2016-11-14 23:55:04#二八第792177期押大双-标识6097#-300#2959415
2016-11-14 23:57:17#二八第792177期押小单-标识6121#-300#2959115
2016-11-14 23:59:18#二八第792177期押大双-标识6139#-300#2958815
2016-11-15 09:01:23#二八第792177期押大双-标识6154#-300#2958515
2016-11-15 09:02:48#二八第792177期押大双-标识6164#-300#2958215
2016-11-15 09:03:09#二八第792177期押大双-标识6168#-300#2957915
2016-11-15 09:11:22#二八第792179期押大双-标识6203#-300#2957615
2016-11-15 09:12:36#二八第792179期押小单-标识6214#-300#2957315
2016-11-15 09:15:42#二八第792180期押大双-标识6236#-300#2957015
2016-11-15 09:16:56#二八第792180期押大双-标识6249#-300#2956715
2016-11-15 09:18:21#二八第792180期押大双-标识6261#-300#2956415
2016-11-15 09:20:06#二八第792181期押小单-标识6270#-300#2956115
2016-11-15 09:22:29#二八第792181期押大双-标识6295#-300#2955815
2016-11-15 09:23:44#二八第792181期押三段-标识6306#-300#2955515
2016-11-15 09:29:28#二八第792182期押大双-标识6358#-300#2955215
2016-11-15 09:30:21#二八第792183期押小单-标识6366#-300#2954915
2016-11-15 09:32:23#二八第792183期押大双-标识6388#-300#2954615
2016-11-15 09:33:05#二八第792183期押大双-标识6394#-300#2954315
2016-11-15 09:37:25#二八第792184期押大双-标识6430#-300#2954015
2016-11-15 09:38:39#二八第792184期押小单-标识6441#-300#2953715
2016-11-15 09:39:16#二八第792184期押大双-标识6445#-300#2953415
2016-11-15 09:42:16#二八第792185期押大双-标识6474#-300#2953115
2016-11-15 09:45:43#二八第792186期押小单-标识6501#-300#2952815
2016-11-15 09:48:01#二八第792186期押小单-标识6524#-300#2952515
2016-11-15 09:49:04#二八第792186期押大双-标识6529#-300#2952215
2016-11-15 09:52:26#二八第792187期押大双-标识6559#-300#2951915
2016-11-15 09:53:40#二八第792187期押大双-标识6571#-300#2951615
2016-11-15 09:55:31#二八第792188期押小单-标识6585#-300#2951315
2016-11-15 09:56:03#二八第792188期押大双-标识6591#-300#2951015
2016-11-15 09:57:01#二八第792188期押大双-标识6600#-300#2950715
2016-11-15 10:01:10#二八第792189期押大双-标识6633#-300#2950415
2016-11-15 10:02:40#二八第792189期押大双-标识6645#-300#2950115
2016-11-15 10:04:31#二八第792189期押大双-标识6658#-300#2949815
2016-11-15 10:05:46#二八第792190期押小单-标识6670#-300#2949515
2016-11-15 10:06:55#二八第792190期押大双-标识6682#-300#2949215
2016-11-15 10:08:09#二八第792190期押三段-标识6695#-300#2948915
2016-11-15 10:10:32#二八第792191期押大双-标识6715#-300#2948615
2016-11-15 10:11:51#二八第792191期押双-标识6729#-300#2948315
2016-11-15 10:13:53#二八第792191期押大双-标识6747#-300#2948015
2016-11-15 10:15:07#二八第792192期押小单-标识6754#-300#2947715
2016-11-15 10:17:09#二八第792192期押大双-标识6776#-300#2947415
2016-11-15 10:17:30#二八第792192期押大双-标识6780#-300#2947115
2016-11-15 10:20:30#二八第792193期押大双-标识6800#-300#2946815
2016-11-15 10:21:44#二八第792193期押大双-标识6814#-300#2946515
2016-11-15 10:23:46#二八第792193期押大双-标识6836#-300#2946215
2016-11-15 10:25:38#二八第792194期押大双-标识6848#-300#2945915
2016-11-15 10:28:01#二八第792194期押大双-标识6873#-300#2945615
2016-11-15 10:29:25#二八第792194期押大双-标识6879#-300#2945315
2016-11-15 10:30:39#二八第792195期押小单-标识6889#-300#2945015
2016-11-15 10:31:48#二八第792195期押大双-标识6902#-300#2944715
2016-11-15 10:32:41#二八第792195期押大双-标识6910#-300#2944415
2016-11-15 10:37:48#二八第792196期押大双-标识6952#-300#2944115
2016-11-15 10:41:04#二八第792197期押大双-标识6978#-300#2943815
2016-11-15 10:41:42#二八第792197期押大双-标识6984#-300#2943515
2016-11-15 10:42:03#二八第792197期押大双-标识6987#-300#2943215
2016-11-15 10:47:10#二八第792198期押大双-标识7029#-300#2942915
2016-11-15 10:48:29#二八第792198期押小单-标识7040#-300#2942615
2016-11-15 10:49:38#二八第792198期押大双-标识7048#-300#2942315
2016-11-15 10:50:31#二八第792199期押大双-标识7056#-300#2942015
2016-11-15 10:51:45#二八第792199期押小单-标识7070#-300#2941715
2016-11-15 10:52:54#二八第792199期押大双-标识7082#-300#2941415
2016-11-15 10:55:28#二八第792200期押小单-标识7099#-300#2941115
2016-11-15 10:55:39#二八第792200期押大双-标识7101#-300#2940815
2016-11-15 10:57:30#二八第792200期押大双-标识7121#-300#2940515
2016-11-15 11:00:46#二八第792201期押大双-标识7146#-300#2940215
2016-11-15 11:02:00#二八第792201期押小单-标识7159#-300#2939915
2016-11-15 11:02:37#二八第792201期押小单-标识7166#-300#2939615
2016-11-15 11:06:14#二八第792202期押小单-标识7194#-300#2939315
2016-11-15 11:09:04#二八第792202期押小单-标识7219#-300#2939015
2016-11-15 11:10:13#二八第792203期押大单-标识7225#-300#2938715
2016-11-15 11:10:34#二八第792203期押大双-标识7228#-300#2938415
2016-11-15 11:11:16#二八第792203期押小单-标识7236#-300#2938115
2016-11-15 11:16:02#二八第792204期押小单-标识7278#-300#2937815
2016-11-15 11:16:13#二八第792204期押大双-标识7280#-300#2937515
2016-11-15 11:16:34#二八第792204期押大双-标识7284#-300#2937215
2016-11-15 11:21:10#二八第792205期押小单-标识7326#-300#2936915
2016-11-15 11:23:33#二八第792205期押大双-标识7346#-300#2936615
2016-11-15 11:24:31#二八第792205期押大双-标识7355#-300#2936315
2016-11-15 11:26:54#二八第792206期押大双-标识7377#-300#2936015
2016-11-15 11:28:08#二八第792206期押小单-标识7389#-300#2935715
2016-11-15 11:29:59#二八第792206期押大双-标识7406#-300#2935415
2016-11-15 11:30:36#二八第792207期押大双-标识7413#-300#2935115
2016-11-15 11:31:51#二八第792207期押小单-标识7425#-300#2934815
2016-11-15 11:33:21#二八第792207期押大双-标识7438#-300#2934515
2016-11-15 11:35:44#二八第792208期押大双-标识7456#-300#2934215
2016-11-15 11:36:58#二八第792208期押小单-标识7468#-300#2933915
2016-11-15 11:37:35#二八第792208期押大双-标识7475#-300#2933615
2016-11-15 11:42:00#二八第792209期押小单-标识7508#-300#2933315
2016-11-15 11:43:30#二八第792209期押大双-标识7520#-300#2933015
2016-11-15 11:44:07#二八第792209期押大双-标识7526#-300#2932715
2016-11-15 11:45:21#二八第792210期押大双-标识7534#-300#2932415
2016-11-15 11:46:51#二八第792210期押自选5,9,18,25-标识7548#-1200#2931215
2016-11-15 11:47:12#二八第792210期押大双-标识7552#-300#2930915
2016-11-15 11:50:07#二八第792211期押大双-标识7572#-300#2930615
2016-11-15 11:50:28#二八第792211期押大双-标识7576#-300#2930315
2016-11-15 11:52:57#二八第792211期押大双-标识7601#-300#2930015
2016-11-15 11:57:01#二八第792212期押大双-标识7632#-300#2929715
2016-11-15 11:57:22#二八第792212期押小单-标识7636#-300#2929415
2016-11-15 11:59:45#二八第792212期押大双-标识7654#-300#2929115
2016-11-15 12:00:06#二八第792213期押小单-标识7657#-300#2928815
2016-11-15 12:02:29#二八第792213期押大双-标识7682#-300#2928515
2016-11-15 12:03:27#二八第792213期押大双-标识7689#-300#2928215
2016-11-15 12:06:38#二八第792214期押大双-标识7717#-300#2927915
2016-11-15 12:08:29#二八第792214期押单-标识7733#-300#2927615
2016-11-15 12:09:49#二八第792214期押双-标识7741#-300#2927315
2016-11-15 12:11:19#二八第792215期押大双-标识7755#-300#2927015
2016-11-15 12:13:31#二八第792215期押大双-标识7777#-300#2926715
2016-11-15 12:16:32#二八第792216期押小单-标识7798#-300#2926415
2016-11-15 12:18:33#二八第792216期押大双-标识7814#-300#2926115
2016-11-15 12:19:16#二八第792216期押小单-标识7821#-300#2925815
2016-11-15 12:22:32#二八第792217期押大双-标识7846#-300#2925515
2016-11-15 12:25:16#二八第792218期押大双-标识7866#-300#2925215
2016-11-15 12:26:36#二八第792218期押小单-标识7878#-300#2924915
2016-11-15 12:31:11#二八第792219期押大双-标识7919#-300#2924615
2016-11-15 12:33:02#二八第792219期押小单-标识7935#-300#2924315
2016-11-15 12:36:18#二八第792220期押小单-标识7959#-300#2924015
2016-11-15 12:37:27#二八第792220期押自选11,13,15-标识7969#-900#2923115
2016-11-15 12:38:31#二八第792220期押小单-标识7980#-300#2922815
2016-11-15 12:40:12#二八第792221期押大双-标识7988#-300#2922515
2016-11-15 12:42:03#二八第792221期押大单-标识8007#-300#2922215
2016-11-15 12:44:47#二八第792221期押大双-标识8031#-300#2921915
2016-11-15 12:46:07#二八第792222期押小单-标识8043#-300#2921615
2016-11-15 12:47:10#二八第792222期押大双-标识8054#-300#2921315
2016-11-15 12:47:47#二八第792222期押大双-标识8060#-300#2921015
2016-11-15 12:51:03#二八第792223期押大双-标识8088#-300#2920715
2016-11-15 12:51:24#二八第792223期押大双-标识8091#-300#2920415
2016-11-15 12:52:38#二八第792223期押小单-标识8104#-300#2920115
2016-11-15 12:56:10#二八第792224期押大双-标识8136#-300#2919815
2016-11-15 12:57:25#二八第792224期押小单-标识8149#-300#2919515
2016-11-15 12:58:55#二八第792224期押大双-标识8163#-300#2919215
2016-11-15 13:01:07#二八第792225期押小单-标识8177#-300#2918915
2016-11-15 13:01:18#二八第792225期押大双-标识8179#-300#2918615
2016-11-15 13:03:09#二八第792225期押大双-标识8198#-300#2918315
2016-11-15 13:06:25#二八第792226期押大双-标识8227#-300#2918015
2016-11-15 13:08:48#二八第792226期押大双-标识8249#-300#2917715
2016-11-15 13:11:00#二八第792227期押押大-标识8264#-300#2917415
2016-11-15 13:11:59#二八第792227期押大双-标识8274#-300#2917115
2016-11-15 13:16:08#二八第792228期押大双-标识8310#-300#2916815
2016-11-15 13:16:45#二八第792228期押大双-标识8316#-300#2916515
2016-11-15 13:17:59#二八第792228期押小单-标识8329#-300#2916215
2016-11-15 13:21:15#二八第792229期押小单-标识8356#-300#2915915
2016-11-15 13:23:17#二八第792229期押大双-标识8377#-300#2915615
2016-11-15 13:25:29#二八第792230期押小单-标识8391#-300#2915315
2016-11-15 13:26:38#二八第792230期押大单-标识8403#-300#2915015
2016-11-15 13:27:52#二八第792230期押大双-标识8414#-300#2914715
2016-11-15 13:30:15#二八第792231期押大双-标识8431#-300#2914415
2016-11-15 13:32:43#二八第792231期押大双-标识8457#-300#2914115
2016-11-15 13:37:14#二八第792232期押大双-标识8493#-300#2913815
2016-11-15 13:38:12#二八第792232期押大双-标识8502#-300#2913515
2016-11-15 13:39:42#二八第792232期押大双-标识8513#-300#2913215
2016-11-15 13:40:46#二八第792233期押小单-标识8522#-300#2912915
2016-11-15 13:41:54#二八第792233期押大双-标识8535#-300#2912615
2016-11-15 13:43:09#二八第792233期押小单-标识8548#-300#2912315
2016-11-15 13:45:10#二八第792234期押大双-标识8562#-300#2912015
2016-11-15 13:45:48#二八第792234期押大双-标识8569#-300#2911715
2016-11-15 13:47:02#二八第792234期押大双-标识8583#-300#2911415
2016-11-15 13:50:07#二八第792235期押小单-标识8605#-300#2911115
2016-11-15 13:51:37#二八第792235期押小单-标识8622#-300#2910815
2016-11-15 13:52:46#二八第792235期押大双-标识8634#-300#2910515
2016-11-15 13:57:16#二八第792236期押大双-标识8673#-300#2910215
2016-11-15 13:59:45#二八第792236期押大双-标识8690#-300#2909915
2016-11-15 14:01:36#二八第792237期押大单-标识8709#-300#2909615
2016-11-15 14:03:11#二八第792237期押小单-标识8726#-300#2909315
2016-11-15 14:04:20#二八第792237期押大双-标识8734#-300#2909015
2016-11-15 14:05:34#二八第792238期押大双-标识8744#-300#2908715
2016-11-15 14:06:32#二八第792238期押双-标识8754#-300#2908415
2016-11-15 14:10:57#二八第792239期押小单-标识8794#-300#2908115
2016-11-15 14:11:35#二八第792239期押小单-标识8800#-300#2907815
2016-11-15 14:16:31#二八第792240期押小单-标识8843#-300#2907515
2016-11-15 14:19:21#二八第792240期押双-标识8867#-300#2907215
2016-11-15 14:21:23#二八第792241期押大双-标识8886#-300#2906915
2016-11-15 14:22:42#二八第792241期押大双-标识8900#-300#2906615
2016-11-15 14:23:56#二八第792241期押大双-标识8911#-300#2906315
2016-11-15 14:27:18#二八第792242期押三段-标识8940#-300#2906015
2016-11-15 14:28:32#二八第792242期押小单-标识8950#-300#2905715
2016-11-15 14:29:41#二八第792242期押大双-标识8959#-300#2905415
2016-11-15 14:30:55#二八第792243期押大双-标识8970#-300#2905115
2016-11-15 14:31:32#二八第792243期押大双-标识8976#-300#2904815
2016-11-15 14:33:55#二八第792243期押大双-标识8999#-300#2904515
2016-11-15 14:36:39#二八第792244期押大双-标识9021#-300#2904215
2016-11-15 14:39:50#二八第792244期押大双-标识9045#-300#2903915
2016-11-15 14:42:34#二八第792245期押大双-标识9070#-300#2903615
2016-11-15 14:43:54#二八第792245期押小单-标识9082#-300#2903315
2016-11-15 14:44:04#二八第792245期押大双-标识9084#-300#2903015
2016-11-15 14:45:55#二八第792246期押大双-标识9097#-300#2902715
2016-11-15 14:47:10#二八第792246期押小单-标识9109#-300#2902415
2016-11-15 14:49:33#二八第792246期押大双-标识9130#-300#2902115
2016-11-15 14:52:01#二八第792247期押大双-标识9155#-300#2901815
2016-11-15 14:52:54#二八第792247期押大双-标识9164#-300#2901515
2016-11-15 14:55:59#二八第792248期押三段-标识9190#-300#2901215
2016-11-15 14:58:22#二八第792248期押大双-标识9214#-300#2900915
2016-11-15 14:59:30#二八第792248期押三段-标识9218#-300#2900615
