2015-12-17 15:54:51##-500#1211216
2015-12-17 15:55:02##-600#1210616
2015-12-17 16:00:02#新快3兑奖-标识ID48#1128#546944
2015-12-17 16:05:22#进入德州房间:1桌#-2000#256044
2015-12-18 10:12:14#快乐扑克3兑奖-标识ID1589#8000#73964722
2015-12-18 10:12:35#快乐扑克3兑奖-标识ID1610#49500#74014222
2015-12-18 10:12:55#快乐扑克3兑奖-标识ID1618#3250#74017472
2015-12-18 10:13:15#快乐扑克3兑奖-标识ID1641#10500#74027972
2015-12-18 10:20:20##-27000#74000972
2015-12-18 10:21:00##-2800#73998172
2015-12-18 10:22:01##-600#73997572
2015-12-18 10:22:21##-400#73997172
2015-12-18 10:30:05##-9100#73988072
2015-12-18 10:30:26##-143500#73844572
2015-12-18 10:30:46##-54000#73790572
2015-12-18 10:31:30##-150500#73640072
2015-12-18 10:33:20#快乐扑克3兑奖-标识ID1697#44550#73684622
2015-12-21 10:30:15##-3000#71948322
2015-12-21 10:30:56##-9300#71939022
2015-12-21 10:31:16##-630000#71309022
2015-12-21 10:31:36#捕鱼达人入场费#-200#71308822
2015-12-21 10:32:18##-154000#71154822
2015-12-21 10:32:24##-111#71154711
2015-12-21 10:32:38##-9000#71145711
2015-12-21 10:32:58##-28000#71117711
2015-12-21 10:33:18##-9300#71108411
2015-12-21 10:33:39##-693000#70415411
2015-12-21 10:34:00#快乐扑克3兑奖-标识ID1750#14896#70430307
2015-12-21 10:34:00##-9700#70420607
2015-12-21 10:34:21#捕鱼达人兑奖—标识id58#1022#70421629
2015-12-21 10:34:21#捕鱼达人兑奖—标识id39#7059#70428688
2015-12-21 10:34:21#捕鱼达人兑奖—标识id38#11799#70440487
2015-12-21 10:34:21#捕鱼达人兑奖—标识id37#60059#70500546
2015-12-21 10:34:21#捕鱼达人兑奖—标识id36#44282#70544828
2015-12-21 10:34:21#捕鱼达人兑奖—标识id35#34960#70579788
2015-12-21 10:34:21#捕鱼达人兑奖—标识id34#38446#70618234
2015-12-21 10:34:21#捕鱼达人兑奖—标识id32#39869#70658103
2015-12-21 10:34:21#捕鱼达人兑奖—标识id31#106386#70764489
2015-12-21 10:34:21#捕鱼达人兑奖—标识id26#217#70764706
2015-12-21 10:34:24#捕鱼达人兑奖—标识id24#228#70764934
2015-12-21 10:34:24#捕鱼达人兑奖—标识id22#42056#70806990
2015-12-21 10:34:24#捕鱼达人兑奖—标识id21#50963#70857953
2015-12-21 10:34:24#捕鱼达人兑奖—标识id20#38169#70896122
2015-12-21 10:34:24#捕鱼达人兑奖—标识id19#44124#70940246
2015-12-21 10:40:47##-6000#70934246
2015-12-21 10:41:07##-630000#70304246
2015-12-21 10:41:57##-9500#70294746
2015-12-21 10:42:17##-8700#70286046
2015-12-21 10:42:38##-154000#70132046
2015-12-21 10:43:38##-263200#69868846
2015-12-21 10:43:59##-3000#69865846
2015-12-21 10:44:19#快乐扑克3兑奖-标识ID1773#690000#70555846
2015-12-21 10:44:19##-9400#70546446
2015-12-21 10:44:39#快乐扑克3兑奖-标识ID1781#255200#70801646
2015-12-21 10:44:39##-154000#70647646
2015-12-21 10:45:00#快乐扑克3兑奖-标识ID1788#138600#70786246
2015-12-21 10:50:25##-5700#70780546
2015-12-21 10:50:45##-2800#70777746
2015-12-21 10:51:00##-200#70777546
2015-12-21 10:51:26##-5700#70771846
2015-12-21 10:51:47##-1100#70770746
2015-12-21 10:52:07##-5100#70765646
2015-12-21 10:53:28#快乐扑克3兑奖-标识ID1803#5000#70770646
2015-12-21 10:53:48#快乐扑克3兑奖-标识ID1828#272600#71043246
2015-12-21 10:57:45#捕鱼达人返负#7344#71050590
2015-12-21 10:57:54#捕鱼达人返负#7344#71057934
2015-12-21 10:58:14#捕鱼达人返负#7344#71065278
2015-12-21 10:59:17##-1#71065277
2015-12-21 11:17:06#捕鱼排行榜奖励#1000#71066277
2015-12-21 11:18:31#每日签到#30#71066307
2015-12-21 11:24:59##-200#71066107
2015-12-21 11:25:59##-100#71066007
2015-12-21 11:26:42##-67#71065940
2015-12-22 10:34:39##-100#71065840
2015-12-22 10:35:38##-70000000#1065840
2015-12-23 15:35:20#捕鱼达人入场费#-50000#5034337440
2015-12-23 15:39:02#捕鱼达人兑奖-标识ID61#60893#5034398333
2015-12-24 10:51:09#捕鱼消费#-500000000#4534398333
2015-12-24 10:51:48#捕鱼消费#-99999999#4434398334
2015-12-24 10:52:05#捕鱼消费#-999999999#3434398335
2015-12-24 10:53:31#捕鱼消费#-999999999#2434398336
2015-12-24 10:53:35#捕鱼消费#-999999999#1434398337
2015-12-24 10:53:38#捕鱼消费#-999999999#434398338
2015-12-24 10:53:58#捕鱼消费#-400000000#34398338
2015-12-24 10:54:10#捕鱼消费#-300000#34098338
2015-12-24 10:54:23#捕鱼消费#-3000000#31098338
2015-12-24 10:54:33#捕鱼消费#-30000000#1098338
2015-12-24 10:54:43#捕鱼消费#-1000000#98338
2015-12-24 10:55:15#捕鱼消费#-90000#8338
2015-12-24 10:57:00#捕鱼达人入场费#-200#8138
2015-12-24 16:52:59##-100#999851300
2015-12-25 16:51:29#捕鱼消费#-500#999850300
2015-12-25 16:52:12##-3660#999846640
2015-12-26 12:15:45##-1000#999840840
2015-12-26 12:15:52##-100#999840740
2015-12-26 12:16:02##-1000#999839740
2015-12-26 12:16:10##-100#999839640
2015-12-26 14:16:45#新快3兑奖-标识ID12#192#52492
2015-12-26 14:16:45#新快3兑奖-标识ID9#1920#54412
2015-12-26 14:16:45#新快3兑奖-标识ID8#960#55372
2015-12-26 14:16:45#新快3兑奖-标识ID6#950#56322
2015-12-26 14:16:45#新快3兑奖-标识ID3#960#57282
2015-12-26 14:16:45#新快3兑奖-标识ID1#960#58242
2015-12-26 14:18:41#捕鱼达人入场费#-200#58042
2015-12-26 14:18:45#捕鱼达人入场费#-200#57842
2015-12-26 14:18:54#捕鱼达人入场费#-200#57642
2015-12-26 14:21:14##-5000#52642
2015-12-26 14:21:28##-1000#51642
2015-12-29 14:17:08#捕鱼达人入场费#-200#50664010
2015-12-29 14:17:24#捕鱼达人入场费#-200#50663810
2015-12-29 14:18:14#捕鱼达人入场费#-10000#50653810
2015-12-29 14:18:46#捕鱼达人入场费#-50000#50603810
2015-12-29 14:20:43#捕鱼达人入场费#-20000#50583810
2015-12-29 14:20:59#捕鱼达人入场费#-20000#50563810
2015-12-29 14:21:41#捕鱼达人兑奖—标识id20#20377#50584187
2015-12-29 14:21:44#捕鱼达人兑奖—标识id19#18657#50602844
2015-12-29 14:21:47#捕鱼达人兑奖—标识id18#37444#50640288
2015-12-29 14:21:49#捕鱼达人兑奖—标识id17#8566#50648854
2015-12-29 14:21:52#捕鱼达人兑奖—标识id16#159#50649013
2015-12-29 14:21:55#捕鱼达人兑奖—标识id15#204#50649217
2015-12-29 14:21:58#捕鱼达人兑奖—标识id13#166#50649383
2015-12-29 14:22:21#捕鱼达人入场费#-50000#50599383
2015-12-29 14:22:49#捕鱼达人兑奖—标识id21#60654#50660037
2015-12-29 14:23:13#捕鱼达人入场费#-20000#50640037
2015-12-29 14:23:39#捕鱼达人入场费#-20000#50620037
2015-12-29 14:24:38#捕鱼达人入场费#-1000#50619037
2015-12-29 14:26:47#捕鱼捐款消费#-100#50618937
2015-12-29 14:52:46#捕鱼购买体力花费#-88572#50571146
2015-12-29 14:57:36#捕鱼达人入场费#-10000#50561146
2015-12-29 15:39:50##-100000#50457032
2015-12-29 15:41:10##-1400#50455632
2015-12-29 15:44:49#捕鱼达人入场费#-10000#50443632
2015-12-29 15:46:39#捕鱼达人入场费#-10000#50423632
2015-12-29 15:48:07#捕鱼达人入场费#-10000#50413632
2015-12-29 16:14:48#捕鱼达人入场费#-200#50413432
2015-12-29 16:15:28#捕鱼达人兑奖—标识id36#209#50413641
2015-12-29 16:15:31#捕鱼达人兑奖—标识id35#10258#50423899
2015-12-29 16:15:40#捕鱼达人兑奖—标识id34#16413#50440312
2015-12-29 16:15:43#捕鱼达人兑奖-标识ID33#11890#50452202
2015-12-29 16:15:43#捕鱼达人兑奖-标识ID32#12683#50464885
2015-12-29 16:18:09#捕鱼达人入场费#-50000#50414885
2015-12-31 14:32:56#捕鱼达人兑奖—标识id202#4668#49435662
2015-12-31 14:33:10#捕鱼达人入场费#-200#49435462
2015-12-31 14:34:03#捕鱼达人兑奖—标识id203#57925#49493387
2015-12-31 14:34:56#捕鱼达人入场费#-10000#49483387
2015-12-31 14:36:52#捕鱼达人兑奖-标识ID204#11945#49495332
2015-12-31 14:36:52#捕鱼达人兑奖-标识ID199#259#49495591
2015-12-31 14:36:52#捕鱼达人兑奖-标识ID198#153#49495744
2015-12-31 14:36:52#捕鱼达人兑奖-标识ID197#227#49495971
2015-12-31 14:36:52#捕鱼达人兑奖-标识ID151#5685#49501656
2015-12-31 14:36:52#捕鱼达人兑奖-标识ID150#45346#49547002
2015-12-31 14:36:52#捕鱼达人兑奖-标识ID149#50724#49597726
2015-12-31 14:36:52#捕鱼达人兑奖-标识ID148#51599#49649325
2015-12-31 14:36:52#捕鱼达人兑奖-标识ID147#51807#49701132
2015-12-31 14:36:52#捕鱼达人兑奖-标识ID146#26401#49727533
2015-12-31 14:36:54#捕鱼达人兑奖-标识ID145#56022#49783555
2015-12-31 14:36:54#捕鱼达人兑奖-标识ID144#66240#49849795
2015-12-31 14:36:54#捕鱼达人兑奖-标识ID143#46112#49895907
2015-12-31 14:36:54#捕鱼达人兑奖-标识ID142#52334#49948241
2015-12-31 14:36:54#捕鱼达人兑奖-标识ID141#53487#50001728
2015-12-31 14:36:54#捕鱼达人兑奖-标识ID140#53159#50054887
2015-12-31 14:36:54#捕鱼达人兑奖-标识ID139#6571#50061458
2015-12-31 14:36:54#捕鱼达人兑奖-标识ID138#58596#50120054
2015-12-31 14:36:54#捕鱼达人兑奖-标识ID137#5913#50125967
2015-12-31 14:36:54#捕鱼达人兑奖-标识ID136#711#50126678
2015-12-31 14:36:56#捕鱼达人兑奖-标识ID135#208#50126886
2015-12-31 14:36:56#捕鱼达人兑奖-标识ID134#239#50127125
2015-12-31 14:36:56#捕鱼达人兑奖-标识ID133#250#50127375
2015-12-31 14:36:56#捕鱼达人兑奖-标识ID132#219#50127594
2015-12-31 14:36:56#捕鱼达人兑奖-标识ID131#171#50127765
2015-12-31 14:36:56#捕鱼达人兑奖-标识ID130#191#50127956
2015-12-31 14:36:56#捕鱼达人兑奖-标识ID129#258#50128214
2015-12-31 14:36:56#捕鱼达人兑奖-标识ID128#37414#50165628
2015-12-31 14:36:56#捕鱼达人兑奖-标识ID127#66379#50232007
2015-12-31 14:36:56#捕鱼达人兑奖-标识ID126#52662#50284669
2015-12-31 14:36:58#捕鱼达人兑奖—标识id37#60197#50344866
2015-12-31 14:37:01#捕鱼达人兑奖—标识id124#42613#50387479
2015-12-31 14:37:03#捕鱼达人兑奖—标识id123#40456#50427935
2015-12-31 14:37:04#捕鱼达人兑奖—标识id122#43845#50471780
2015-12-31 14:37:13#捕鱼达人入场费#-200#50471580
2015-12-31 14:38:06#捕鱼达人入场费#-1000#50470580
2015-12-31 14:41:53#捕鱼达人兑奖—标识id206#0#50470580
2015-12-31 14:41:55#捕鱼达人兑奖-标识ID205#0#50470580
2015-12-31 14:41:55#捕鱼达人兑奖-标识ID121#0#50470580
2015-12-31 14:41:55#捕鱼达人兑奖-标识ID120#0#50470580
2015-12-31 14:41:55#捕鱼达人兑奖-标识ID118#0#50470580
2015-12-31 14:42:06#捕鱼达人入场费#-5000#50465580
